[0.007s] Invoking command in '/workspace/ros2_ws/build/avs_perception': CMAKE_PREFIX_PATH=/opt/ros/humble /usr/bin/cmake /workspace/ros2_ws/src/avs_perception -DAMENT_CMAKE_SYMLINK_INSTALL=1 -DCMAKE_INSTALL_PREFIX=/workspace/ros2_ws/install/avs_perception
[0.050s] -- The C compiler identification is GNU 11.4.0
[0.104s] -- The CXX compiler identification is GNU 11.4.0
[0.110s] -- Detecting C compiler ABI info
[0.162s] -- Detecting C compiler ABI info - done
[0.170s] -- Check for working C compiler: /usr/bin/cc - skipped
[0.170s] -- Detecting C compile features
[0.171s] -- Detecting C compile features - done
[0.173s] -- Detecting CXX compiler ABI info
[0.229s] -- Detecting CXX compiler ABI info - done
[0.235s] -- Check for working CXX compiler: /usr/bin/c++ - skipped
[0.235s] -- Detecting CXX compile features
[0.235s] -- Detecting CXX compile features - done
[0.236s] -- Found ament_cmake: 1.3.14 (/opt/ros/humble/share/ament_cmake/cmake)
[0.319s] -- Found Python3: /usr/bin/python3 (found version "3.10.12") found components: Interpreter 
[0.363s] -- Override CMake install command with custom implementation using symlinks instead of copying resources
[0.378s] -- Found rclcpp: 16.0.19 (/opt/ros/humble/share/rclcpp/cmake)
[0.404s] -- Found rosidl_generator_c: 3.1.8 (/opt/ros/humble/share/rosidl_generator_c/cmake)
[0.407s] -- Found rosidl_adapter: 3.1.8 (/opt/ros/humble/share/rosidl_adapter/cmake)
[0.415s] -- Found rosidl_generator_cpp: 3.1.8 (/opt/ros/humble/share/rosidl_generator_cpp/cmake)
[0.423s] -- Using all available rosidl_typesupport_c: rosidl_typesupport_fastrtps_c;rosidl_typesupport_introspection_c
[0.436s] -- Using all available rosidl_typesupport_cpp: rosidl_typesupport_fastrtps_cpp;rosidl_typesupport_introspection_cpp
[0.464s] -- Found rmw_implementation_cmake: 6.1.2 (/opt/ros/humble/share/rmw_implementation_cmake/cmake)
[0.465s] -- Found rmw_fastrtps_cpp: 6.2.10 (/opt/ros/humble/share/rmw_fastrtps_cpp/cmake)
[0.518s] -- Found OpenSSL: /usr/lib/x86_64-linux-gnu/libcrypto.so (found version "3.0.2")  
[0.531s] -- Found FastRTPS: /opt/ros/humble/include  
[0.556s] -- Using RMW implementation 'rmw_fastrtps_cpp' as default
[0.563s] -- Looking for pthread.h
[0.610s] -- Looking for pthread.h - found
[0.611s] -- Performing Test CMAKE_HAVE_LIBC_PTHREAD
[0.660s] -- Performing Test CMAKE_HAVE_LIBC_PTHREAD - Success
[0.661s] -- Found Threads: TRUE  
[0.695s] -- Found sensor_msgs: 4.9.1 (/opt/ros/humble/share/sensor_msgs/cmake)
[0.715s] -- Found cv_bridge: 3.2.1 (/opt/ros/humble/share/cv_bridge/cmake)
[0.723s] -- Found image_transport: 3.1.12 (/opt/ros/humble/share/image_transport/cmake)
[0.743s] -- Found OpenCV: /usr (found version "4.5.4") 
[0.905s] -- Found OpenMP_C: -fopenmp (found version "4.5") 
[0.963s] -- Found OpenMP_CXX: -fopenmp (found version "4.5") 
[0.963s] -- Found OpenMP: TRUE (found version "4.5")  
[1.011s] -- Configuring done
[1.031s] -- Generating done
[1.038s] -- Build files have been written to: /workspace/ros2_ws/build/avs_perception
[1.046s] Invoked command in '/workspace/ros2_ws/build/avs_perception' returned '0': CMAKE_PREFIX_PATH=/opt/ros/humble /usr/bin/cmake /workspace/ros2_ws/src/avs_perception -DAMENT_CMAKE_SYMLINK_INSTALL=1 -DCMAKE_INSTALL_PREFIX=/workspace/ros2_ws/install/avs_perception
[1.047s] Invoking command in '/workspace/ros2_ws/build/avs_perception': CMAKE_PREFIX_PATH=/opt/ros/humble /usr/bin/cmake --build /workspace/ros2_ws/build/avs_perception -- -j12 -l12
[1.080s] [ 30%] Building CXX object CMakeFiles/video_publisher_node.dir/src/video_publisher_node.cpp.o
[1.080s] [ 30%] Building CXX object CMakeFiles/ipm_transform_node.dir/src/ipm_transform_node.cpp.o
[1.080s] [ 30%] Building CXX object CMakeFiles/yolo26_seg_lib.dir/src/yolo26_seg.cpp.o
[2.435s] [ 40%] Linking CXX static library libyolo26_seg_lib.a
[2.458s] [ 40%] Built target yolo26_seg_lib
[2.473s] [ 60%] Building CXX object CMakeFiles/video_test_node.dir/src/video_test_node.cpp.o
[2.473s] [ 60%] Building CXX object CMakeFiles/ncnn_inference_node.dir/src/ncnn_inference_node.cpp.o
[5.570s] [ 70%] Linking CXX executable video_test_node
[5.937s] [ 80%] Linking CXX executable video_publisher_node
[5.948s] [ 80%] Built target video_test_node
[6.340s] [ 80%] Built target video_publisher_node
[9.836s] [ 90%] Linking CXX executable ncnn_inference_node
[10.361s] [ 90%] Built target ncnn_inference_node
[10.709s] [100%] Linking CXX executable ipm_transform_node
[11.061s] [100%] Built target ipm_transform_node
[11.068s] Invoked command in '/workspace/ros2_ws/build/avs_perception' returned '0': CMAKE_PREFIX_PATH=/opt/ros/humble /usr/bin/cmake --build /workspace/ros2_ws/build/avs_perception -- -j12 -l12
[11.075s] Invoking command in '/workspace/ros2_ws/build/avs_perception': CMAKE_PREFIX_PATH=/opt/ros/humble /usr/bin/cmake --install /workspace/ros2_ws/build/avs_perception
[11.080s] -- Install configuration: ""
[11.080s] -- Execute custom install script
[11.081s] -- Symlinking: /workspace/ros2_ws/install/avs_perception/lib/avs_perception/libyolo26_seg_lib.a
[11.086s] -- Symlinking: /workspace/ros2_ws/install/avs_perception/lib/avs_perception/ncnn_inference_node
[11.091s] -- Symlinking: /workspace/ros2_ws/install/avs_perception/lib/avs_perception/video_test_node
[11.096s] -- Symlinking: /workspace/ros2_ws/install/avs_perception/lib/avs_perception/video_publisher_node
[11.101s] -- Symlinking: /workspace/ros2_ws/install/avs_perception/lib/avs_perception/ipm_transform_node
[11.107s] -- Symlinking: /workspace/ros2_ws/install/avs_perception/share/avs_perception/launch/perception.launch.py
[11.112s] -- Symlinking: /workspace/ros2_ws/install/avs_perception/share/ament_index/resource_index/package_run_dependencies/avs_perception
[11.117s] -- Symlinking: /workspace/ros2_ws/install/avs_perception/share/ament_index/resource_index/parent_prefix_path/avs_perception
[11.122s] -- Symlinking: /workspace/ros2_ws/install/avs_perception/share/avs_perception/environment/ament_prefix_path.sh
[11.128s] -- Symlinking: /workspace/ros2_ws/install/avs_perception/share/avs_perception/environment/ament_prefix_path.dsv
[11.133s] -- Symlinking: /workspace/ros2_ws/install/avs_perception/share/avs_perception/environment/path.sh
[11.138s] -- Symlinking: /workspace/ros2_ws/install/avs_perception/share/avs_perception/environment/path.dsv
[11.143s] -- Symlinking: /workspace/ros2_ws/install/avs_perception/share/avs_perception/local_setup.bash
[11.149s] -- Symlinking: /workspace/ros2_ws/install/avs_perception/share/avs_perception/local_setup.sh
[11.154s] -- Symlinking: /workspace/ros2_ws/install/avs_perception/share/avs_perception/local_setup.zsh
[11.160s] -- Symlinking: /workspace/ros2_ws/install/avs_perception/share/avs_perception/local_setup.dsv
[11.165s] -- Symlinking: /workspace/ros2_ws/install/avs_perception/share/avs_perception/package.dsv
[11.170s] -- Symlinking: /workspace/ros2_ws/install/avs_perception/share/ament_index/resource_index/packages/avs_perception
[11.176s] -- Symlinking: /workspace/ros2_ws/install/avs_perception/share/avs_perception/cmake/avs_perceptionConfig.cmake
[11.182s] -- Symlinking: /workspace/ros2_ws/install/avs_perception/share/avs_perception/cmake/avs_perceptionConfig-version.cmake
[11.187s] -- Symlinking: /workspace/ros2_ws/install/avs_perception/share/avs_perception/package.xml
[11.193s] Invoked command in '/workspace/ros2_ws/build/avs_perception' returned '0': CMAKE_PREFIX_PATH=/opt/ros/humble /usr/bin/cmake --install /workspace/ros2_ws/build/avs_perception
