[0.000000] (-) TimerEvent: {}
[0.000233] (avs_perception) JobQueued: {'identifier': 'avs_perception', 'dependencies': OrderedDict()}
[0.000402] (avs_perception) JobStarted: {'identifier': 'avs_perception'}
[0.006689] (avs_perception) JobProgress: {'identifier': 'avs_perception', 'progress': 'cmake'}
[0.007054] (avs_perception) JobProgress: {'identifier': 'avs_perception', 'progress': 'build'}
[0.007527] (avs_perception) Command: {'cmd': ['/usr/bin/cmake', '--build', '/home/goln/SimpleSysIDV/ros2_ws/build_user/avs_perception', '--', '-j12', '-l12'], 'cwd': '/home/goln/SimpleSysIDV/ros2_ws/build_user/avs_perception', 'env': OrderedDict([('GJS_DEBUG_TOPICS', 'JS ERROR;JS LOG'), ('LESSOPEN', '| /usr/bin/lesspipe %s'), ('VSCODE_CWD', '/home/goln'), ('USER', 'goln'), ('LC_TIME', 'vi_VN'), ('VSCODE_NLS_CONFIG', '{"userLocale":"en-us","osLocale":"en-us","resolvedLanguage":"en","defaultMessagesFile":"/usr/share/antigravity/resources/app/out/nls.messages.json","locale":"en-us","availableLanguages":{}}'), ('XDG_SESSION_TYPE', 'x11'), ('SHLVL', '0'), ('LD_LIBRARY_PATH', '/home/goln/microros_ws/install/micro_ros_agent/lib:/home/goln/microros_ws/install/micro_ros_msgs/lib:/home/goln/JetbotRos2_ws/install/pkg_interfaces/lib:/usr/lib/x86_64-linux-gnu/gazebo-11/plugins:/opt/ros/humble/opt/rviz_ogre_vendor/lib:/opt/ros/humble/lib/x86_64-linux-gnu:/opt/ros/humble/lib'), ('HOME', '/home/goln'), ('CHROME_DESKTOP', 'antigravity.desktop'), ('DESKTOP_SESSION', 'ubuntu-xorg'), ('VSCODE_IPC_HOOK', '/run/user/1000/vscode-fd0059ab-1.10-main.sock'), ('GIO_LAUNCHED_DESKTOP_FILE', '/usr/share/applications/antigravity.desktop'), ('ROS_PYTHON_VERSION', '3'), ('GNOME_SHELL_SESSION_MODE', 'ubuntu'), ('GTK_MODULES', 'gail:atk-bridge'), ('PAGER', 'cat'), ('LC_MONETARY', 'vi_VN'), ('MANAGERPID', '1210'), ('SYSTEMD_EXEC_PID', '1770'), ('DBUS_SESSION_BUS_ADDRESS', 'unix:path=/run/user/1000/bus'), ('ANTIGRAVITY_AGENT', '1'), ('GIO_LAUNCHED_DESKTOP_FILE_PID', '2552'), ('IM_CONFIG_PHASE', '1'), ('COLCON_PREFIX_PATH', '/home/goln/microros_ws/install:/home/goln/JetbotRos2_ws/install'), ('ROS_DISTRO', 'humble'), ('GTK_IM_MODULE', 'fcitx'), ('LOGNAME', 'goln'), ('_', '/usr/bin/colcon'), ('JOURNAL_STREAM', '8:17530'), ('ROS_VERSION', '2'), ('XDG_SESSION_CLASS', 'user'), ('USERNAME', 'goln'), ('TERM', 'dumb'), ('GNOME_DESKTOP_SESSION_ID', 'this-is-deprecated'), ('FC_FONTATIONS', '1'), ('ROS_LOCALHOST_ONLY', '0'), ('WINDOWPATH', '2'), ('ANTIGRAVITY_EDITOR_APP_ROOT', '/usr/share/antigravity/resources/app'), ('PATH', '/home/goln/.local/bin:/opt/ros/humble/bin:/home/goln/.local/bin:/usr/local/sbin:/usr/local/bin:/usr/sbin:/usr/bin:/sbin:/bin:/usr/games:/usr/local/games:/snap/bin:/snap/bin'), ('SESSION_MANAGER', 'local/goln-Nitro-AN515-57:@/tmp/.ICE-unix/1688,unix/goln-Nitro-AN515-57:/tmp/.ICE-unix/1688'), ('INVOCATION_ID', 'eda6d092f97149f5a001ec23590f37b4'), ('XDG_MENU_PREFIX', 'gnome-'), ('LC_ADDRESS', 'vi_VN'), ('XDG_RUNTIME_DIR', '/run/user/1000'), ('GDK_BACKEND', 'x11'), ('DISPLAY', ':0'), ('LANG', 'en_US.UTF-8'), ('XDG_CURRENT_DESKTOP', 'ubuntu:GNOME'), ('LC_TELEPHONE', 'vi_VN'), ('XMODIFIERS', '@im=fcitx'), ('XDG_SESSION_DESKTOP', 'ubuntu-xorg'), ('XAUTHORITY', '/run/user/1000/gdm/Xauthority'), ('LS_COLORS', ''), ('SSH_AGENT_LAUNCHER', 'gnome-keyring'), ('SSH_AUTH_SOCK', '/run/user/1000/keyring/ssh'), ('AMENT_PREFIX_PATH', '/home/goln/microros_ws/install/micro_ros_setup:/home/goln/microros_ws/install/micro_ros_agent:/home/goln/microros_ws/install/micro_ros_msgs:/home/goln/JetbotRos2_ws/install/yolo_demo:/home/goln/JetbotRos2_ws/install/pkg_param:/home/goln/JetbotRos2_ws/install/pkg_action:/home/goln/JetbotRos2_ws/install/pkg_interfaces:/home/goln/JetbotRos2_ws/install/myrobot:/home/goln/JetbotRos2_ws/install/learn_launch:/opt/ros/humble'), ('SHELL', '/bin/bash'), ('LC_NAME', 'vi_VN'), ('QT_ACCESSIBILITY', '1'), ('GDMSESSION', 'ubuntu-xorg'), ('LESSCLOSE', '/usr/bin/lesspipe %s %s'), ('LC_MEASUREMENT', 'vi_VN'), ('GPG_AGENT_INFO', '/run/user/1000/gnupg/S.gpg-agent:0:1'), ('GJS_DEBUG_OUTPUT', 'stderr'), ('LC_IDENTIFICATION', 'vi_VN'), ('QT_IM_MODULE', 'fcitx'), ('ANTIGRAVITY_TRAJECTORY_ID', '82b21ade-9a5d-420a-b27f-f447ab846653'), ('PWD', '/home/goln/SimpleSysIDV/ros2_ws/build_user/avs_perception'), ('XDG_CONFIG_DIRS', '/etc/xdg/xdg-ubuntu-xorg:/etc/xdg'), ('VSCODE_CODE_CACHE_PATH', '/home/goln/.config/Antigravity/CachedData/15487b3041e65228cae24980a3f796c905ef582c'), ('CLUTTER_IM_MODULE', 'fcitx'), ('XDG_DATA_DIRS', '/usr/share/ubuntu-xorg:/usr/share/gnome:/usr/local/share/:/usr/share/:/var/lib/snapd/desktop'), ('PYTHONPATH', '/home/goln/microros_ws/install/micro_ros_msgs/local/lib/python3.10/dist-packages:/home/goln/JetbotRos2_ws/install/yolo_demo/lib/python3.10/site-packages:/home/goln/JetbotRos2_ws/install/pkg_param/lib/python3.10/site-packages:/home/goln/JetbotRos2_ws/install/pkg_action/lib/python3.10/site-packages:/home/goln/JetbotRos2_ws/install/pkg_interfaces/local/lib/python3.10/dist-packages:/home/goln/JetbotRos2_ws/install/learn_launch/lib/python3.10/site-packages:/opt/ros/humble/lib/python3.10/site-packages:/opt/ros/humble/local/lib/python3.10/dist-packages'), ('LC_NUMERIC', 'vi_VN'), ('LC_PAPER', 'vi_VN'), ('COLCON', '1'), ('CMAKE_PREFIX_PATH', '/home/goln/microros_ws/install/micro_ros_setup:/home/goln/microros_ws/install/micro_ros_agent:/home/goln/microros_ws/install/micro_ros_msgs:/home/goln/JetbotRos2_ws/install/pkg_interfaces:/home/goln/JetbotRos2_ws/install/myrobot:/home/goln/JetbotRos2_ws/install/yolo_demo:/home/goln/JetbotRos2_ws/install/pkg_param:/home/goln/JetbotRos2_ws/install/pkg_action:/home/goln/JetbotRos2_ws/install/learn_launch:/opt/ros/humble'), ('VSCODE_PID', '2552')]), 'shell': False}
[0.041376] (avs_perception) StdoutLine: {'line': b'\x1b[35m\x1b[1mConsolidate compiler generated dependencies of target control_node\x1b[0m\n'}
[0.049763] (avs_perception) StdoutLine: {'line': b'[ 16%] Built target yolo26_seg_lib\n'}
[0.051342] (avs_perception) StdoutLine: {'line': b'[ 50%] Built target ipm_transform_node\n'}
[0.051518] (avs_perception) StdoutLine: {'line': b'[ 50%] Built target video_publisher_node\n'}
[0.053557] (avs_perception) StdoutLine: {'line': b'[ 58%] \x1b[32mBuilding CXX object CMakeFiles/control_node.dir/src/control_node.cpp.o\x1b[0m\n'}
[0.069146] (avs_perception) StdoutLine: {'line': b'[ 91%] Built target ncnn_inference_node\n'}
[0.069333] (avs_perception) StdoutLine: {'line': b'[ 91%] Built target video_test_node\n'}
[0.099896] (-) TimerEvent: {}
[0.200208] (-) TimerEvent: {}
[0.300528] (-) TimerEvent: {}
[0.400897] (-) TimerEvent: {}
[0.501243] (-) TimerEvent: {}
[0.601531] (-) TimerEvent: {}
[0.701819] (-) TimerEvent: {}
[0.802114] (-) TimerEvent: {}
[0.902455] (-) TimerEvent: {}
[1.002737] (-) TimerEvent: {}
[1.103006] (-) TimerEvent: {}
[1.203271] (-) TimerEvent: {}
[1.303586] (-) TimerEvent: {}
[1.403944] (-) TimerEvent: {}
[1.504309] (-) TimerEvent: {}
[1.604671] (-) TimerEvent: {}
[1.704993] (-) TimerEvent: {}
[1.805323] (-) TimerEvent: {}
[1.905700] (-) TimerEvent: {}
[2.006030] (-) TimerEvent: {}
[2.106358] (-) TimerEvent: {}
[2.206689] (-) TimerEvent: {}
[2.307021] (-) TimerEvent: {}
[2.407338] (-) TimerEvent: {}
[2.507616] (-) TimerEvent: {}
[2.607893] (-) TimerEvent: {}
[2.708201] (-) TimerEvent: {}
[2.808474] (-) TimerEvent: {}
[2.908756] (-) TimerEvent: {}
[3.009125] (-) TimerEvent: {}
[3.109465] (-) TimerEvent: {}
[3.209785] (-) TimerEvent: {}
[3.310124] (-) TimerEvent: {}
[3.410540] (-) TimerEvent: {}
[3.510833] (-) TimerEvent: {}
[3.611121] (-) TimerEvent: {}
[3.711383] (-) TimerEvent: {}
[3.811697] (-) TimerEvent: {}
[3.911998] (-) TimerEvent: {}
[4.012261] (-) TimerEvent: {}
[4.112565] (-) TimerEvent: {}
[4.212852] (-) TimerEvent: {}
[4.313130] (-) TimerEvent: {}
[4.413430] (-) TimerEvent: {}
[4.513767] (-) TimerEvent: {}
[4.614045] (-) TimerEvent: {}
[4.714354] (-) TimerEvent: {}
[4.814668] (-) TimerEvent: {}
[4.914995] (-) TimerEvent: {}
[5.015257] (-) TimerEvent: {}
[5.115539] (-) TimerEvent: {}
[5.215833] (-) TimerEvent: {}
[5.316169] (-) TimerEvent: {}
[5.416543] (-) TimerEvent: {}
[5.516824] (-) TimerEvent: {}
[5.617165] (-) TimerEvent: {}
[5.717458] (-) TimerEvent: {}
[5.817822] (-) TimerEvent: {}
[5.918105] (-) TimerEvent: {}
[6.018415] (-) TimerEvent: {}
[6.118737] (-) TimerEvent: {}
[6.219026] (-) TimerEvent: {}
[6.319334] (-) TimerEvent: {}
[6.419646] (-) TimerEvent: {}
[6.519962] (-) TimerEvent: {}
[6.620225] (-) TimerEvent: {}
[6.720478] (-) TimerEvent: {}
[6.820734] (-) TimerEvent: {}
[6.921034] (-) TimerEvent: {}
[7.021422] (-) TimerEvent: {}
[7.121723] (-) TimerEvent: {}
[7.222027] (-) TimerEvent: {}
[7.322330] (-) TimerEvent: {}
[7.422580] (-) TimerEvent: {}
[7.522887] (-) TimerEvent: {}
[7.623169] (-) TimerEvent: {}
[7.723580] (-) TimerEvent: {}
[7.823892] (-) TimerEvent: {}
[7.924270] (-) TimerEvent: {}
[8.024569] (-) TimerEvent: {}
[8.124871] (-) TimerEvent: {}
[8.225139] (-) TimerEvent: {}
[8.325404] (-) TimerEvent: {}
[8.425665] (-) TimerEvent: {}
[8.525930] (-) TimerEvent: {}
[8.626202] (-) TimerEvent: {}
[8.726469] (-) TimerEvent: {}
[8.826794] (-) TimerEvent: {}
[8.927067] (-) TimerEvent: {}
[9.027335] (-) TimerEvent: {}
[9.127575] (-) TimerEvent: {}
[9.227831] (-) TimerEvent: {}
[9.328094] (-) TimerEvent: {}
[9.428361] (-) TimerEvent: {}
[9.528741] (-) TimerEvent: {}
[9.629032] (-) TimerEvent: {}
[9.729289] (-) TimerEvent: {}
[9.829646] (-) TimerEvent: {}
[9.929941] (-) TimerEvent: {}
[10.030231] (-) TimerEvent: {}
[10.130511] (-) TimerEvent: {}
[10.230786] (-) TimerEvent: {}
[10.331072] (-) TimerEvent: {}
[10.431441] (-) TimerEvent: {}
[10.531798] (-) TimerEvent: {}
[10.632083] (-) TimerEvent: {}
[10.732411] (-) TimerEvent: {}
[10.832789] (-) TimerEvent: {}
[10.933053] (-) TimerEvent: {}
[11.033344] (-) TimerEvent: {}
[11.133581] (-) TimerEvent: {}
[11.233875] (-) TimerEvent: {}
[11.334197] (-) TimerEvent: {}
[11.434585] (-) TimerEvent: {}
[11.534874] (-) TimerEvent: {}
[11.635157] (-) TimerEvent: {}
[11.735451] (-) TimerEvent: {}
[11.835734] (-) TimerEvent: {}
[11.936024] (-) TimerEvent: {}
[12.036297] (-) TimerEvent: {}
[12.136576] (-) TimerEvent: {}
[12.236884] (-) TimerEvent: {}
[12.337163] (-) TimerEvent: {}
[12.437428] (-) TimerEvent: {}
[12.537734] (-) TimerEvent: {}
[12.638008] (-) TimerEvent: {}
[12.738282] (-) TimerEvent: {}
[12.838570] (-) TimerEvent: {}
[12.938826] (-) TimerEvent: {}
[13.039114] (-) TimerEvent: {}
[13.139417] (-) TimerEvent: {}
[13.239703] (-) TimerEvent: {}
[13.340014] (-) TimerEvent: {}
[13.440280] (-) TimerEvent: {}
[13.540556] (-) TimerEvent: {}
[13.640854] (-) TimerEvent: {}
[13.719844] (avs_perception) StdoutLine: {'line': b'[100%] \x1b[32m\x1b[1mLinking CXX executable control_node\x1b[0m\n'}
[13.740968] (-) TimerEvent: {}
[13.839482] (avs_perception) StdoutLine: {'line': b'[100%] Built target control_node\n'}
[13.841054] (-) TimerEvent: {}
[13.848256] (avs_perception) CommandEnded: {'returncode': 0}
[13.848800] (avs_perception) JobProgress: {'identifier': 'avs_perception', 'progress': 'install'}
[13.856556] (avs_perception) Command: {'cmd': ['/usr/bin/cmake', '--install', '/home/goln/SimpleSysIDV/ros2_ws/build_user/avs_perception'], 'cwd': '/home/goln/SimpleSysIDV/ros2_ws/build_user/avs_perception', 'env': OrderedDict([('GJS_DEBUG_TOPICS', 'JS ERROR;JS LOG'), ('LESSOPEN', '| /usr/bin/lesspipe %s'), ('VSCODE_CWD', '/home/goln'), ('USER', 'goln'), ('LC_TIME', 'vi_VN'), ('VSCODE_NLS_CONFIG', '{"userLocale":"en-us","osLocale":"en-us","resolvedLanguage":"en","defaultMessagesFile":"/usr/share/antigravity/resources/app/out/nls.messages.json","locale":"en-us","availableLanguages":{}}'), ('XDG_SESSION_TYPE', 'x11'), ('SHLVL', '0'), ('LD_LIBRARY_PATH', '/home/goln/microros_ws/install/micro_ros_agent/lib:/home/goln/microros_ws/install/micro_ros_msgs/lib:/home/goln/JetbotRos2_ws/install/pkg_interfaces/lib:/usr/lib/x86_64-linux-gnu/gazebo-11/plugins:/opt/ros/humble/opt/rviz_ogre_vendor/lib:/opt/ros/humble/lib/x86_64-linux-gnu:/opt/ros/humble/lib'), ('HOME', '/home/goln'), ('CHROME_DESKTOP', 'antigravity.desktop'), ('DESKTOP_SESSION', 'ubuntu-xorg'), ('VSCODE_IPC_HOOK', '/run/user/1000/vscode-fd0059ab-1.10-main.sock'), ('GIO_LAUNCHED_DESKTOP_FILE', '/usr/share/applications/antigravity.desktop'), ('ROS_PYTHON_VERSION', '3'), ('GNOME_SHELL_SESSION_MODE', 'ubuntu'), ('GTK_MODULES', 'gail:atk-bridge'), ('PAGER', 'cat'), ('LC_MONETARY', 'vi_VN'), ('MANAGERPID', '1210'), ('SYSTEMD_EXEC_PID', '1770'), ('DBUS_SESSION_BUS_ADDRESS', 'unix:path=/run/user/1000/bus'), ('ANTIGRAVITY_AGENT', '1'), ('GIO_LAUNCHED_DESKTOP_FILE_PID', '2552'), ('IM_CONFIG_PHASE', '1'), ('COLCON_PREFIX_PATH', '/home/goln/microros_ws/install:/home/goln/JetbotRos2_ws/install'), ('ROS_DISTRO', 'humble'), ('GTK_IM_MODULE', 'fcitx'), ('LOGNAME', 'goln'), ('_', '/usr/bin/colcon'), ('JOURNAL_STREAM', '8:17530'), ('ROS_VERSION', '2'), ('XDG_SESSION_CLASS', 'user'), ('USERNAME', 'goln'), ('TERM', 'dumb'), ('GNOME_DESKTOP_SESSION_ID', 'this-is-deprecated'), ('FC_FONTATIONS', '1'), ('ROS_LOCALHOST_ONLY', '0'), ('WINDOWPATH', '2'), ('ANTIGRAVITY_EDITOR_APP_ROOT', '/usr/share/antigravity/resources/app'), ('PATH', '/home/goln/.local/bin:/opt/ros/humble/bin:/home/goln/.local/bin:/usr/local/sbin:/usr/local/bin:/usr/sbin:/usr/bin:/sbin:/bin:/usr/games:/usr/local/games:/snap/bin:/snap/bin'), ('SESSION_MANAGER', 'local/goln-Nitro-AN515-57:@/tmp/.ICE-unix/1688,unix/goln-Nitro-AN515-57:/tmp/.ICE-unix/1688'), ('INVOCATION_ID', 'eda6d092f97149f5a001ec23590f37b4'), ('XDG_MENU_PREFIX', 'gnome-'), ('LC_ADDRESS', 'vi_VN'), ('XDG_RUNTIME_DIR', '/run/user/1000'), ('GDK_BACKEND', 'x11'), ('DISPLAY', ':0'), ('LANG', 'en_US.UTF-8'), ('XDG_CURRENT_DESKTOP', 'ubuntu:GNOME'), ('LC_TELEPHONE', 'vi_VN'), ('XMODIFIERS', '@im=fcitx'), ('XDG_SESSION_DESKTOP', 'ubuntu-xorg'), ('XAUTHORITY', '/run/user/1000/gdm/Xauthority'), ('LS_COLORS', ''), ('SSH_AGENT_LAUNCHER', 'gnome-keyring'), ('SSH_AUTH_SOCK', '/run/user/1000/keyring/ssh'), ('AMENT_PREFIX_PATH', '/home/goln/microros_ws/install/micro_ros_setup:/home/goln/microros_ws/install/micro_ros_agent:/home/goln/microros_ws/install/micro_ros_msgs:/home/goln/JetbotRos2_ws/install/yolo_demo:/home/goln/JetbotRos2_ws/install/pkg_param:/home/goln/JetbotRos2_ws/install/pkg_action:/home/goln/JetbotRos2_ws/install/pkg_interfaces:/home/goln/JetbotRos2_ws/install/myrobot:/home/goln/JetbotRos2_ws/install/learn_launch:/opt/ros/humble'), ('SHELL', '/bin/bash'), ('LC_NAME', 'vi_VN'), ('QT_ACCESSIBILITY', '1'), ('GDMSESSION', 'ubuntu-xorg'), ('LESSCLOSE', '/usr/bin/lesspipe %s %s'), ('LC_MEASUREMENT', 'vi_VN'), ('GPG_AGENT_INFO', '/run/user/1000/gnupg/S.gpg-agent:0:1'), ('GJS_DEBUG_OUTPUT', 'stderr'), ('LC_IDENTIFICATION', 'vi_VN'), ('QT_IM_MODULE', 'fcitx'), ('ANTIGRAVITY_TRAJECTORY_ID', '82b21ade-9a5d-420a-b27f-f447ab846653'), ('PWD', '/home/goln/SimpleSysIDV/ros2_ws/build_user/avs_perception'), ('XDG_CONFIG_DIRS', '/etc/xdg/xdg-ubuntu-xorg:/etc/xdg'), ('VSCODE_CODE_CACHE_PATH', '/home/goln/.config/Antigravity/CachedData/15487b3041e65228cae24980a3f796c905ef582c'), ('CLUTTER_IM_MODULE', 'fcitx'), ('XDG_DATA_DIRS', '/usr/share/ubuntu-xorg:/usr/share/gnome:/usr/local/share/:/usr/share/:/var/lib/snapd/desktop'), ('PYTHONPATH', '/home/goln/microros_ws/install/micro_ros_msgs/local/lib/python3.10/dist-packages:/home/goln/JetbotRos2_ws/install/yolo_demo/lib/python3.10/site-packages:/home/goln/JetbotRos2_ws/install/pkg_param/lib/python3.10/site-packages:/home/goln/JetbotRos2_ws/install/pkg_action/lib/python3.10/site-packages:/home/goln/JetbotRos2_ws/install/pkg_interfaces/local/lib/python3.10/dist-packages:/home/goln/JetbotRos2_ws/install/learn_launch/lib/python3.10/site-packages:/opt/ros/humble/lib/python3.10/site-packages:/opt/ros/humble/local/lib/python3.10/dist-packages'), ('LC_NUMERIC', 'vi_VN'), ('LC_PAPER', 'vi_VN'), ('COLCON', '1'), ('CMAKE_PREFIX_PATH', '/home/goln/microros_ws/install/micro_ros_setup:/home/goln/microros_ws/install/micro_ros_agent:/home/goln/microros_ws/install/micro_ros_msgs:/home/goln/JetbotRos2_ws/install/pkg_interfaces:/home/goln/JetbotRos2_ws/install/myrobot:/home/goln/JetbotRos2_ws/install/yolo_demo:/home/goln/JetbotRos2_ws/install/pkg_param:/home/goln/JetbotRos2_ws/install/pkg_action:/home/goln/JetbotRos2_ws/install/learn_launch:/opt/ros/humble'), ('VSCODE_PID', '2552')]), 'shell': False}
[13.862630] (avs_perception) StdoutLine: {'line': b'-- Install configuration: "Release"\n'}
[13.862941] (avs_perception) StdoutLine: {'line': b'-- Execute custom install script\n'}
[13.863199] (avs_perception) StdoutLine: {'line': b'-- Up-to-date symlink: /home/goln/SimpleSysIDV/ros2_ws/install_user/avs_perception/lib/avs_perception/libyolo26_seg_lib.a\n'}
[13.863324] (avs_perception) StdoutLine: {'line': b'-- Up-to-date symlink: /home/goln/SimpleSysIDV/ros2_ws/install_user/avs_perception/lib/avs_perception/ncnn_inference_node\n'}
[13.863409] (avs_perception) StdoutLine: {'line': b'-- Up-to-date symlink: /home/goln/SimpleSysIDV/ros2_ws/install_user/avs_perception/lib/avs_perception/video_test_node\n'}
[13.863486] (avs_perception) StdoutLine: {'line': b'-- Up-to-date symlink: /home/goln/SimpleSysIDV/ros2_ws/install_user/avs_perception/lib/avs_perception/video_publisher_node\n'}
[13.863582] (avs_perception) StdoutLine: {'line': b'-- Up-to-date symlink: /home/goln/SimpleSysIDV/ros2_ws/install_user/avs_perception/lib/avs_perception/ipm_transform_node\n'}
[13.863659] (avs_perception) StdoutLine: {'line': b'-- Up-to-date symlink: /home/goln/SimpleSysIDV/ros2_ws/install_user/avs_perception/lib/avs_perception/control_node\n'}
[13.863866] (avs_perception) StdoutLine: {'line': b'-- Up-to-date symlink: /home/goln/SimpleSysIDV/ros2_ws/install_user/avs_perception/share/avs_perception/launch/perception.launch.py\n'}
[13.863971] (avs_perception) StdoutLine: {'line': b'-- Up-to-date symlink: /home/goln/SimpleSysIDV/ros2_ws/install_user/avs_perception/share/ament_index/resource_index/package_run_dependencies/avs_perception\n'}
[13.864061] (avs_perception) StdoutLine: {'line': b'-- Up-to-date symlink: /home/goln/SimpleSysIDV/ros2_ws/install_user/avs_perception/share/ament_index/resource_index/parent_prefix_path/avs_perception\n'}
[13.864149] (avs_perception) StdoutLine: {'line': b'-- Up-to-date symlink: /home/goln/SimpleSysIDV/ros2_ws/install_user/avs_perception/share/avs_perception/environment/ament_prefix_path.sh\n'}
[13.864230] (avs_perception) StdoutLine: {'line': b'-- Up-to-date symlink: /home/goln/SimpleSysIDV/ros2_ws/install_user/avs_perception/share/avs_perception/environment/ament_prefix_path.dsv\n'}
[13.864310] (avs_perception) StdoutLine: {'line': b'-- Up-to-date symlink: /home/goln/SimpleSysIDV/ros2_ws/install_user/avs_perception/share/avs_perception/environment/path.sh\n'}
[13.864388] (avs_perception) StdoutLine: {'line': b'-- Up-to-date symlink: /home/goln/SimpleSysIDV/ros2_ws/install_user/avs_perception/share/avs_perception/environment/path.dsv\n'}
[13.864464] (avs_perception) StdoutLine: {'line': b'-- Up-to-date symlink: /home/goln/SimpleSysIDV/ros2_ws/install_user/avs_perception/share/avs_perception/local_setup.bash\n'}
[13.864550] (avs_perception) StdoutLine: {'line': b'-- Up-to-date symlink: /home/goln/SimpleSysIDV/ros2_ws/install_user/avs_perception/share/avs_perception/local_setup.sh\n'}
[13.864633] (avs_perception) StdoutLine: {'line': b'-- Up-to-date symlink: /home/goln/SimpleSysIDV/ros2_ws/install_user/avs_perception/share/avs_perception/local_setup.zsh\n'}
[13.864701] (avs_perception) StdoutLine: {'line': b'-- Up-to-date symlink: /home/goln/SimpleSysIDV/ros2_ws/install_user/avs_perception/share/avs_perception/local_setup.dsv\n'}
[13.864756] (avs_perception) StdoutLine: {'line': b'-- Symlinking: /home/goln/SimpleSysIDV/ros2_ws/install_user/avs_perception/share/avs_perception/package.dsv\n'}
[13.871595] (avs_perception) StdoutLine: {'line': b'-- Up-to-date symlink: /home/goln/SimpleSysIDV/ros2_ws/install_user/avs_perception/share/ament_index/resource_index/packages/avs_perception\n'}
[13.871760] (avs_perception) StdoutLine: {'line': b'-- Up-to-date symlink: /home/goln/SimpleSysIDV/ros2_ws/install_user/avs_perception/share/avs_perception/cmake/avs_perceptionConfig.cmake\n'}
[13.871817] (avs_perception) StdoutLine: {'line': b'-- Up-to-date symlink: /home/goln/SimpleSysIDV/ros2_ws/install_user/avs_perception/share/avs_perception/cmake/avs_perceptionConfig-version.cmake\n'}
[13.871867] (avs_perception) StdoutLine: {'line': b'-- Up-to-date symlink: /home/goln/SimpleSysIDV/ros2_ws/install_user/avs_perception/share/avs_perception/package.xml\n'}
[13.873264] (avs_perception) CommandEnded: {'returncode': 0}
[13.886055] (avs_perception) JobEnded: {'identifier': 'avs_perception', 'rc': 0}
[13.886697] (-) EventReactorShutdown: {}
