[0.012s] Invoking command in '/workspace/ros2_ws/build/avs_perception': CMAKE_PREFIX_PATH=/opt/ros/humble /usr/bin/cmake /workspace/ros2_ws/src/avs_perception -DAMENT_CMAKE_SYMLINK_INSTALL=1 -DCMAKE_INSTALL_PREFIX=/workspace/ros2_ws/install/avs_perception
[0.066s] -- The C compiler identification is GNU 11.4.0
[0.112s] -- The CXX compiler identification is GNU 11.4.0
[0.117s] -- Detecting C compiler ABI info
[0.174s] -- Detecting C compiler ABI info - done
[0.183s] -- Check for working C compiler: /usr/bin/cc - skipped
[0.183s] -- Detecting C compile features
[0.184s] -- Detecting C compile features - done
[0.186s] -- Detecting CXX compiler ABI info
[0.258s] -- Detecting CXX compiler ABI info - done
[0.263s] -- Check for working CXX compiler: /usr/bin/c++ - skipped
[0.263s] -- Detecting CXX compile features
[0.263s] -- Detecting CXX compile features - done
[0.266s] -- Found ament_cmake: 1.3.14 (/opt/ros/humble/share/ament_cmake/cmake)
[0.398s] -- Found Python3: /usr/bin/python3 (found version "3.10.12") found components: Interpreter 
[0.452s] -- Override CMake install command with custom implementation using symlinks instead of copying resources
[0.472s] -- Found rclcpp: 16.0.19 (/opt/ros/humble/share/rclcpp/cmake)
[0.503s] -- Found rosidl_generator_c: 3.1.8 (/opt/ros/humble/share/rosidl_generator_c/cmake)
[0.506s] -- Found rosidl_adapter: 3.1.8 (/opt/ros/humble/share/rosidl_adapter/cmake)
[0.511s] -- Found rosidl_generator_cpp: 3.1.8 (/opt/ros/humble/share/rosidl_generator_cpp/cmake)
[0.520s] -- Using all available rosidl_typesupport_c: rosidl_typesupport_fastrtps_c;rosidl_typesupport_introspection_c
[0.531s] -- Using all available rosidl_typesupport_cpp: rosidl_typesupport_fastrtps_cpp;rosidl_typesupport_introspection_cpp
[0.570s] -- Found rmw_implementation_cmake: 6.1.2 (/opt/ros/humble/share/rmw_implementation_cmake/cmake)
[0.572s] -- Found rmw_fastrtps_cpp: 6.2.10 (/opt/ros/humble/share/rmw_fastrtps_cpp/cmake)
[0.638s] -- Found OpenSSL: /usr/lib/x86_64-linux-gnu/libcrypto.so (found version "3.0.2")  
[0.658s] -- Found FastRTPS: /opt/ros/humble/include  
[0.684s] -- Using RMW implementation 'rmw_fastrtps_cpp' as default
[0.693s] -- Looking for pthread.h
[0.750s] -- Looking for pthread.h - found
[0.750s] -- Performing Test CMAKE_HAVE_LIBC_PTHREAD
[0.811s] -- Performing Test CMAKE_HAVE_LIBC_PTHREAD - Success
[0.812s] -- Found Threads: TRUE  
[0.858s] -- Found sensor_msgs: 4.9.1 (/opt/ros/humble/share/sensor_msgs/cmake)
[0.890s] -- Found cv_bridge: 3.2.1 (/opt/ros/humble/share/cv_bridge/cmake)
[0.901s] -- Found image_transport: 3.1.12 (/opt/ros/humble/share/image_transport/cmake)
[0.931s] -- Found OpenCV: /usr (found version "4.5.4") 
[1.168s] -- Found OpenMP_C: -fopenmp (found version "4.5") 
[1.241s] -- Found OpenMP_CXX: -fopenmp (found version "4.5") 
[1.241s] -- Found OpenMP: TRUE (found version "4.5")  
[1.299s] -- Configuring done
[1.325s] -- Generating done
[1.335s] -- Build files have been written to: /workspace/ros2_ws/build/avs_perception
[1.343s] Invoked command in '/workspace/ros2_ws/build/avs_perception' returned '0': CMAKE_PREFIX_PATH=/opt/ros/humble /usr/bin/cmake /workspace/ros2_ws/src/avs_perception -DAMENT_CMAKE_SYMLINK_INSTALL=1 -DCMAKE_INSTALL_PREFIX=/workspace/ros2_ws/install/avs_perception
[1.344s] Invoking command in '/workspace/ros2_ws/build/avs_perception': CMAKE_PREFIX_PATH=/opt/ros/humble /usr/bin/cmake --build /workspace/ros2_ws/build/avs_perception -- -j12 -l12
[1.384s] [ 25%] Building CXX object CMakeFiles/yolo26_seg_lib.dir/src/yolo26_seg.cpp.o
[1.384s] [ 25%] Building CXX object CMakeFiles/video_publisher_node.dir/src/video_publisher_node.cpp.o
[3.091s] [ 37%] Linking CXX static library libyolo26_seg_lib.a
[3.117s] [ 37%] Built target yolo26_seg_lib
[3.138s] [ 50%] Building CXX object CMakeFiles/ncnn_inference_node.dir/src/ncnn_inference_node.cpp.o
[3.140s] [ 62%] Building CXX object CMakeFiles/video_test_node.dir/src/video_test_node.cpp.o
[7.314s] [ 75%] Linking CXX executable video_test_node
[7.495s] [ 87%] Linking CXX executable video_publisher_node
[7.856s] [ 87%] Built target video_test_node
[8.042s] [ 87%] Built target video_publisher_node
[12.158s] [100%] Linking CXX executable ncnn_inference_node
[12.859s] [100%] Built target ncnn_inference_node
[12.872s] Invoked command in '/workspace/ros2_ws/build/avs_perception' returned '0': CMAKE_PREFIX_PATH=/opt/ros/humble /usr/bin/cmake --build /workspace/ros2_ws/build/avs_perception -- -j12 -l12
[12.883s] Invoking command in '/workspace/ros2_ws/build/avs_perception': CMAKE_PREFIX_PATH=/opt/ros/humble /usr/bin/cmake --install /workspace/ros2_ws/build/avs_perception
[12.889s] -- Install configuration: ""
[12.889s] -- Execute custom install script
[12.889s] -- Symlinking: /workspace/ros2_ws/install/avs_perception/lib/avs_perception/libyolo26_seg_lib.a
[12.897s] -- Symlinking: /workspace/ros2_ws/install/avs_perception/lib/avs_perception/ncnn_inference_node
[12.904s] -- Symlinking: /workspace/ros2_ws/install/avs_perception/lib/avs_perception/video_test_node
[12.912s] -- Symlinking: /workspace/ros2_ws/install/avs_perception/lib/avs_perception/video_publisher_node
[12.921s] -- Symlinking: /workspace/ros2_ws/install/avs_perception/share/avs_perception/launch/perception.launch.py
[12.928s] -- Symlinking: /workspace/ros2_ws/install/avs_perception/share/ament_index/resource_index/package_run_dependencies/avs_perception
[12.935s] -- Symlinking: /workspace/ros2_ws/install/avs_perception/share/ament_index/resource_index/parent_prefix_path/avs_perception
[12.940s] -- Symlinking: /workspace/ros2_ws/install/avs_perception/share/avs_perception/environment/ament_prefix_path.sh
[12.947s] -- Symlinking: /workspace/ros2_ws/install/avs_perception/share/avs_perception/environment/ament_prefix_path.dsv
[12.955s] -- Symlinking: /workspace/ros2_ws/install/avs_perception/share/avs_perception/environment/path.sh
[12.963s] -- Symlinking: /workspace/ros2_ws/install/avs_perception/share/avs_perception/environment/path.dsv
[12.969s] -- Symlinking: /workspace/ros2_ws/install/avs_perception/share/avs_perception/local_setup.bash
[12.975s] -- Symlinking: /workspace/ros2_ws/install/avs_perception/share/avs_perception/local_setup.sh
[12.980s] -- Symlinking: /workspace/ros2_ws/install/avs_perception/share/avs_perception/local_setup.zsh
[12.986s] -- Symlinking: /workspace/ros2_ws/install/avs_perception/share/avs_perception/local_setup.dsv
[12.994s] -- Symlinking: /workspace/ros2_ws/install/avs_perception/share/avs_perception/package.dsv
[13.002s] -- Symlinking: /workspace/ros2_ws/install/avs_perception/share/ament_index/resource_index/packages/avs_perception
[13.008s] -- Symlinking: /workspace/ros2_ws/install/avs_perception/share/avs_perception/cmake/avs_perceptionConfig.cmake
[13.014s] -- Symlinking: /workspace/ros2_ws/install/avs_perception/share/avs_perception/cmake/avs_perceptionConfig-version.cmake
[13.020s] -- Symlinking: /workspace/ros2_ws/install/avs_perception/share/avs_perception/package.xml
[13.027s] Invoked command in '/workspace/ros2_ws/build/avs_perception' returned '0': CMAKE_PREFIX_PATH=/opt/ros/humble /usr/bin/cmake --install /workspace/ros2_ws/build/avs_perception
