[0.082s] DEBUG:colcon:Command line arguments: ['/usr/bin/colcon', '--log-base', 'log_user', 'build', '--packages-select', 'avs_perception', '--build-base', 'build_user', '--install-base', 'install_user']
[0.082s] DEBUG:colcon:Parsed command line arguments: Namespace(log_base='log_user', log_level=None, verb_name='build', build_base='/home/goln/SimpleSysIDV/ros2_ws/build_user', install_base='/home/goln/SimpleSysIDV/ros2_ws/install_user', merge_install=False, symlink_install=False, test_result_base=None, continue_on_error=False, executor='parallel', parallel_workers=12, event_handlers=None, ignore_user_meta=False, metas=['./colcon.meta'], base_paths=['.'], packages_ignore=None, packages_ignore_regex=None, paths=None, packages_up_to=None, packages_up_to_regex=None, packages_above=None, packages_above_and_dependencies=None, packages_above_depth=None, packages_select_by_dep=None, packages_skip_by_dep=None, packages_skip_up_to=None, packages_select_build_failed=False, packages_skip_build_finished=False, packages_select_test_failures=False, packages_skip_test_passed=False, packages_select=['avs_perception'], packages_skip=None, packages_select_regex=None, packages_skip_regex=None, packages_start=None, packages_end=None, allow_overriding=[], cmake_args=None, cmake_target=None, cmake_target_skip_unavailable=False, cmake_clean_cache=False, cmake_clean_first=False, cmake_force_configure=False, ament_cmake_args=None, catkin_cmake_args=None, catkin_skip_building_tests=False, verb_parser=<colcon_defaults.argument_parser.defaults.DefaultArgumentsDecorator object at 0x7b61fbea1030>, verb_extension=<colcon_core.verb.build.BuildVerb object at 0x7b61fbea0b20>, main=<bound method BuildVerb.main of <colcon_core.verb.build.BuildVerb object at 0x7b61fbea0b20>>)
[0.110s] Level 1:colcon.colcon_core.package_discovery:discover_packages(colcon_meta) check parameters
[0.110s] Level 1:colcon.colcon_core.package_discovery:discover_packages(recursive) check parameters
[0.110s] Level 1:colcon.colcon_core.package_discovery:discover_packages(ignore) check parameters
[0.110s] Level 1:colcon.colcon_core.package_discovery:discover_packages(path) check parameters
[0.110s] Level 1:colcon.colcon_core.package_discovery:discover_packages(colcon_meta) discover
[0.110s] Level 1:colcon.colcon_core.package_discovery:discover_packages(recursive) discover
[0.110s] INFO:colcon.colcon_core.package_discovery:Crawling recursively for packages in '/home/goln/SimpleSysIDV/ros2_ws'
[0.110s] Level 1:colcon.colcon_core.package_identification:_identify(.) by extensions ['ignore', 'ignore_ament_install']
[0.110s] Level 1:colcon.colcon_core.package_identification:_identify(.) by extension 'ignore'
[0.110s] Level 1:colcon.colcon_core.package_identification:_identify(.) by extension 'ignore_ament_install'
[0.110s] Level 1:colcon.colcon_core.package_identification:_identify(.) by extensions ['colcon_pkg']
[0.110s] Level 1:colcon.colcon_core.package_identification:_identify(.) by extension 'colcon_pkg'
[0.110s] Level 1:colcon.colcon_core.package_identification:_identify(.) by extensions ['colcon_meta']
[0.110s] Level 1:colcon.colcon_core.package_identification:_identify(.) by extension 'colcon_meta'
[0.110s] Level 1:colcon.colcon_core.package_identification:_identify(.) by extensions ['ros']
[0.110s] Level 1:colcon.colcon_core.package_identification:_identify(.) by extension 'ros'
[0.120s] Level 1:colcon.colcon_core.package_identification:_identify(.) by extensions ['cmake', 'python']
[0.120s] Level 1:colcon.colcon_core.package_identification:_identify(.) by extension 'cmake'
[0.120s] Level 1:colcon.colcon_core.package_identification:_identify(.) by extension 'python'
[0.120s] Level 1:colcon.colcon_core.package_identification:_identify(.) by extensions ['python_setup_py']
[0.120s] Level 1:colcon.colcon_core.package_identification:_identify(.) by extension 'python_setup_py'
[0.120s] Level 1:colcon.colcon_core.package_identification:_identify(build) by extensions ['ignore', 'ignore_ament_install']
[0.121s] Level 1:colcon.colcon_core.package_identification:_identify(build) by extension 'ignore'
[0.121s] Level 1:colcon.colcon_core.package_identification:_identify(build) ignored
[0.121s] Level 1:colcon.colcon_core.package_identification:_identify(build_host) by extensions ['ignore', 'ignore_ament_install']
[0.121s] Level 1:colcon.colcon_core.package_identification:_identify(build_host) by extension 'ignore'
[0.121s] Level 1:colcon.colcon_core.package_identification:_identify(build_host) ignored
[0.121s] Level 1:colcon.colcon_core.package_identification:_identify(build_old) by extensions ['ignore', 'ignore_ament_install']
[0.121s] Level 1:colcon.colcon_core.package_identification:_identify(build_old) by extension 'ignore'
[0.121s] Level 1:colcon.colcon_core.package_identification:_identify(build_old) ignored
[0.121s] Level 1:colcon.colcon_core.package_identification:_identify(build_user) by extensions ['ignore', 'ignore_ament_install']
[0.121s] Level 1:colcon.colcon_core.package_identification:_identify(build_user) by extension 'ignore'
[0.121s] Level 1:colcon.colcon_core.package_identification:_identify(build_user) ignored
[0.121s] Level 1:colcon.colcon_core.package_identification:_identify(install) by extensions ['ignore', 'ignore_ament_install']
[0.121s] Level 1:colcon.colcon_core.package_identification:_identify(install) by extension 'ignore'
[0.121s] Level 1:colcon.colcon_core.package_identification:_identify(install) ignored
[0.121s] Level 1:colcon.colcon_core.package_identification:_identify(install_host) by extensions ['ignore', 'ignore_ament_install']
[0.121s] Level 1:colcon.colcon_core.package_identification:_identify(install_host) by extension 'ignore'
[0.122s] Level 1:colcon.colcon_core.package_identification:_identify(install_host) ignored
[0.122s] Level 1:colcon.colcon_core.package_identification:_identify(install_old) by extensions ['ignore', 'ignore_ament_install']
[0.122s] Level 1:colcon.colcon_core.package_identification:_identify(install_old) by extension 'ignore'
[0.122s] Level 1:colcon.colcon_core.package_identification:_identify(install_old) ignored
[0.122s] Level 1:colcon.colcon_core.package_identification:_identify(install_user) by extensions ['ignore', 'ignore_ament_install']
[0.122s] Level 1:colcon.colcon_core.package_identification:_identify(install_user) by extension 'ignore'
[0.122s] Level 1:colcon.colcon_core.package_identification:_identify(install_user) ignored
[0.122s] Level 1:colcon.colcon_core.package_identification:_identify(log) by extensions ['ignore', 'ignore_ament_install']
[0.122s] Level 1:colcon.colcon_core.package_identification:_identify(log) by extension 'ignore'
[0.122s] Level 1:colcon.colcon_core.package_identification:_identify(log) ignored
[0.122s] Level 1:colcon.colcon_core.package_identification:_identify(log_host) by extensions ['ignore', 'ignore_ament_install']
[0.122s] Level 1:colcon.colcon_core.package_identification:_identify(log_host) by extension 'ignore'
[0.122s] Level 1:colcon.colcon_core.package_identification:_identify(log_host) ignored
[0.122s] Level 1:colcon.colcon_core.package_identification:_identify(log_old) by extensions ['ignore', 'ignore_ament_install']
[0.122s] Level 1:colcon.colcon_core.package_identification:_identify(log_old) by extension 'ignore'
[0.122s] Level 1:colcon.colcon_core.package_identification:_identify(log_old) ignored
[0.122s] Level 1:colcon.colcon_core.package_identification:_identify(log_user) by extensions ['ignore', 'ignore_ament_install']
[0.123s] Level 1:colcon.colcon_core.package_identification:_identify(log_user) by extension 'ignore'
[0.123s] Level 1:colcon.colcon_core.package_identification:_identify(log_user) ignored
[0.123s] Level 1:colcon.colcon_core.package_identification:_identify(src) by extensions ['ignore', 'ignore_ament_install']
[0.123s] Level 1:colcon.colcon_core.package_identification:_identify(src) by extension 'ignore'
[0.123s] Level 1:colcon.colcon_core.package_identification:_identify(src) by extension 'ignore_ament_install'
[0.123s] Level 1:colcon.colcon_core.package_identification:_identify(src) by extensions ['colcon_pkg']
[0.123s] Level 1:colcon.colcon_core.package_identification:_identify(src) by extension 'colcon_pkg'
[0.123s] Level 1:colcon.colcon_core.package_identification:_identify(src) by extensions ['colcon_meta']
[0.123s] Level 1:colcon.colcon_core.package_identification:_identify(src) by extension 'colcon_meta'
[0.123s] Level 1:colcon.colcon_core.package_identification:_identify(src) by extensions ['ros']
[0.123s] Level 1:colcon.colcon_core.package_identification:_identify(src) by extension 'ros'
[0.123s] Level 1:colcon.colcon_core.package_identification:_identify(src) by extensions ['cmake', 'python']
[0.123s] Level 1:colcon.colcon_core.package_identification:_identify(src) by extension 'cmake'
[0.123s] Level 1:colcon.colcon_core.package_identification:_identify(src) by extension 'python'
[0.123s] Level 1:colcon.colcon_core.package_identification:_identify(src) by extensions ['python_setup_py']
[0.123s] Level 1:colcon.colcon_core.package_identification:_identify(src) by extension 'python_setup_py'
[0.123s] Level 1:colcon.colcon_core.package_identification:_identify(src/avs_perception) by extensions ['ignore', 'ignore_ament_install']
[0.123s] Level 1:colcon.colcon_core.package_identification:_identify(src/avs_perception) by extension 'ignore'
[0.123s] Level 1:colcon.colcon_core.package_identification:_identify(src/avs_perception) by extension 'ignore_ament_install'
[0.123s] Level 1:colcon.colcon_core.package_identification:_identify(src/avs_perception) by extensions ['colcon_pkg']
[0.123s] Level 1:colcon.colcon_core.package_identification:_identify(src/avs_perception) by extension 'colcon_pkg'
[0.123s] Level 1:colcon.colcon_core.package_identification:_identify(src/avs_perception) by extensions ['colcon_meta']
[0.123s] Level 1:colcon.colcon_core.package_identification:_identify(src/avs_perception) by extension 'colcon_meta'
[0.123s] Level 1:colcon.colcon_core.package_identification:_identify(src/avs_perception) by extensions ['ros']
[0.124s] Level 1:colcon.colcon_core.package_identification:_identify(src/avs_perception) by extension 'ros'
[0.126s] DEBUG:colcon.colcon_core.package_identification:Package 'src/avs_perception' with type 'ros.ament_cmake' and name 'avs_perception'
[0.126s] Level 1:colcon.colcon_core.package_identification:_identify(test) by extensions ['ignore', 'ignore_ament_install']
[0.126s] Level 1:colcon.colcon_core.package_identification:_identify(test) by extension 'ignore'
[0.126s] Level 1:colcon.colcon_core.package_identification:_identify(test) by extension 'ignore_ament_install'
[0.126s] Level 1:colcon.colcon_core.package_identification:_identify(test) by extensions ['colcon_pkg']
[0.126s] Level 1:colcon.colcon_core.package_identification:_identify(test) by extension 'colcon_pkg'
[0.126s] Level 1:colcon.colcon_core.package_identification:_identify(test) by extensions ['colcon_meta']
[0.126s] Level 1:colcon.colcon_core.package_identification:_identify(test) by extension 'colcon_meta'
[0.126s] Level 1:colcon.colcon_core.package_identification:_identify(test) by extensions ['ros']
[0.126s] Level 1:colcon.colcon_core.package_identification:_identify(test) by extension 'ros'
[0.126s] Level 1:colcon.colcon_core.package_identification:_identify(test) by extensions ['cmake', 'python']
[0.126s] Level 1:colcon.colcon_core.package_identification:_identify(test) by extension 'cmake'
[0.126s] Level 1:colcon.colcon_core.package_identification:_identify(test) by extension 'python'
[0.126s] Level 1:colcon.colcon_core.package_identification:_identify(test) by extensions ['python_setup_py']
[0.126s] Level 1:colcon.colcon_core.package_identification:_identify(test) by extension 'python_setup_py'
[0.126s] Level 1:colcon.colcon_core.package_identification:_identify(test/test_video_output) by extensions ['ignore', 'ignore_ament_install']
[0.126s] Level 1:colcon.colcon_core.package_identification:_identify(test/test_video_output) by extension 'ignore'
[0.126s] Level 1:colcon.colcon_core.package_identification:_identify(test/test_video_output) by extension 'ignore_ament_install'
[0.126s] Level 1:colcon.colcon_core.package_identification:_identify(test/test_video_output) by extensions ['colcon_pkg']
[0.126s] Level 1:colcon.colcon_core.package_identification:_identify(test/test_video_output) by extension 'colcon_pkg'
[0.126s] Level 1:colcon.colcon_core.package_identification:_identify(test/test_video_output) by extensions ['colcon_meta']
[0.126s] Level 1:colcon.colcon_core.package_identification:_identify(test/test_video_output) by extension 'colcon_meta'
[0.127s] Level 1:colcon.colcon_core.package_identification:_identify(test/test_video_output) by extensions ['ros']
[0.127s] Level 1:colcon.colcon_core.package_identification:_identify(test/test_video_output) by extension 'ros'
[0.127s] Level 1:colcon.colcon_core.package_identification:_identify(test/test_video_output) by extensions ['cmake', 'python']
[0.127s] Level 1:colcon.colcon_core.package_identification:_identify(test/test_video_output) by extension 'cmake'
[0.127s] Level 1:colcon.colcon_core.package_identification:_identify(test/test_video_output) by extension 'python'
[0.127s] Level 1:colcon.colcon_core.package_identification:_identify(test/test_video_output) by extensions ['python_setup_py']
[0.127s] Level 1:colcon.colcon_core.package_identification:_identify(test/test_video_output) by extension 'python_setup_py'
[0.127s] Level 1:colcon.colcon_core.package_discovery:discover_packages(recursive) using defaults
[0.127s] Level 1:colcon.colcon_core.package_discovery:discover_packages(ignore) discover
[0.127s] Level 1:colcon.colcon_core.package_discovery:discover_packages(ignore) using defaults
[0.127s] Level 1:colcon.colcon_core.package_discovery:discover_packages(path) discover
[0.127s] Level 1:colcon.colcon_core.package_discovery:discover_packages(path) using defaults
[0.142s] Level 1:colcon.colcon_core.package_discovery:discover_packages(prefix_path) check parameters
[0.142s] Level 1:colcon.colcon_core.package_discovery:discover_packages(prefix_path) discover
[0.144s] DEBUG:colcon.colcon_installed_package_information.package_discovery:Found 3 installed packages in /home/goln/microros_ws/install
[0.144s] DEBUG:colcon.colcon_installed_package_information.package_discovery:Found 6 installed packages in /home/goln/JetbotRos2_ws/install
[0.145s] DEBUG:colcon.colcon_installed_package_information.package_discovery:Found 479 installed packages in /opt/ros/humble
[0.147s] Level 1:colcon.colcon_core.package_discovery:discover_packages(prefix_path) using defaults
[0.192s] Level 5:colcon.colcon_core.verb:set package 'avs_perception' build argument 'cmake_args' from command line to 'None'
[0.192s] Level 5:colcon.colcon_core.verb:set package 'avs_perception' build argument 'cmake_target' from command line to 'None'
[0.192s] Level 5:colcon.colcon_core.verb:set package 'avs_perception' build argument 'cmake_target_skip_unavailable' from command line to 'False'
[0.192s] Level 5:colcon.colcon_core.verb:set package 'avs_perception' build argument 'cmake_clean_cache' from command line to 'False'
[0.192s] Level 5:colcon.colcon_core.verb:set package 'avs_perception' build argument 'cmake_clean_first' from command line to 'False'
[0.192s] Level 5:colcon.colcon_core.verb:set package 'avs_perception' build argument 'cmake_force_configure' from command line to 'False'
[0.192s] Level 5:colcon.colcon_core.verb:set package 'avs_perception' build argument 'ament_cmake_args' from command line to 'None'
[0.192s] Level 5:colcon.colcon_core.verb:set package 'avs_perception' build argument 'catkin_cmake_args' from command line to 'None'
[0.192s] Level 5:colcon.colcon_core.verb:set package 'avs_perception' build argument 'catkin_skip_building_tests' from command line to 'False'
[0.192s] DEBUG:colcon.colcon_core.verb:Building package 'avs_perception' with the following arguments: {'ament_cmake_args': None, 'build_base': '/home/goln/SimpleSysIDV/ros2_ws/build_user/avs_perception', 'catkin_cmake_args': None, 'catkin_skip_building_tests': False, 'cmake_args': None, 'cmake_clean_cache': False, 'cmake_clean_first': False, 'cmake_force_configure': False, 'cmake_target': None, 'cmake_target_skip_unavailable': False, 'install_base': '/home/goln/SimpleSysIDV/ros2_ws/install_user/avs_perception', 'merge_install': False, 'path': '/home/goln/SimpleSysIDV/ros2_ws/src/avs_perception', 'symlink_install': False, 'test_result_base': None}
[0.192s] INFO:colcon.colcon_core.executor:Executing jobs using 'parallel' executor
[0.193s] DEBUG:colcon.colcon_parallel_executor.executor.parallel:run_until_complete
[0.193s] INFO:colcon.colcon_ros.task.ament_cmake.build:Building ROS package in '/home/goln/SimpleSysIDV/ros2_ws/src/avs_perception' with build type 'ament_cmake'
[0.194s] INFO:colcon.colcon_cmake.task.cmake.build:Building CMake package in '/home/goln/SimpleSysIDV/ros2_ws/src/avs_perception'
[0.195s] INFO:colcon.colcon_core.plugin_system:Skipping extension 'colcon_core.shell.bat': Not used on non-Windows systems
[0.195s] INFO:colcon.colcon_core.shell:Skip shell extension 'powershell' for command environment: Not usable outside of PowerShell
[0.195s] DEBUG:colcon.colcon_core.shell:Skip shell extension 'dsv' for command environment
[0.202s] DEBUG:colcon.colcon_core.event_handler.log_command:Invoking command in '/home/goln/SimpleSysIDV/ros2_ws/build_user/avs_perception': CMAKE_PREFIX_PATH=${CMAKE_PREFIX_PATH}:/home/goln/JetbotRos2_ws/install/yolo_demo:/home/goln/JetbotRos2_ws/install/pkg_param:/home/goln/JetbotRos2_ws/install/pkg_action:/home/goln/JetbotRos2_ws/install/learn_launch:/opt/ros/humble /usr/bin/cmake --build /home/goln/SimpleSysIDV/ros2_ws/build_user/avs_perception -- -j12 -l12
[17.430s] DEBUG:colcon.colcon_core.event_handler.log_command:Invoked command in '/home/goln/SimpleSysIDV/ros2_ws/build_user/avs_perception' returned '0': CMAKE_PREFIX_PATH=${CMAKE_PREFIX_PATH}:/home/goln/JetbotRos2_ws/install/yolo_demo:/home/goln/JetbotRos2_ws/install/pkg_param:/home/goln/JetbotRos2_ws/install/pkg_action:/home/goln/JetbotRos2_ws/install/learn_launch:/opt/ros/humble /usr/bin/cmake --build /home/goln/SimpleSysIDV/ros2_ws/build_user/avs_perception -- -j12 -l12
[17.439s] DEBUG:colcon.colcon_core.event_handler.log_command:Invoking command in '/home/goln/SimpleSysIDV/ros2_ws/build_user/avs_perception': CMAKE_PREFIX_PATH=${CMAKE_PREFIX_PATH}:/home/goln/JetbotRos2_ws/install/yolo_demo:/home/goln/JetbotRos2_ws/install/pkg_param:/home/goln/JetbotRos2_ws/install/pkg_action:/home/goln/JetbotRos2_ws/install/learn_launch:/opt/ros/humble /usr/bin/cmake --install /home/goln/SimpleSysIDV/ros2_ws/build_user/avs_perception
[17.457s] Level 1:colcon.colcon_core.environment:create_environment_scripts_only(avs_perception)
[17.457s] DEBUG:colcon.colcon_core.event_handler.log_command:Invoked command in '/home/goln/SimpleSysIDV/ros2_ws/build_user/avs_perception' returned '0': CMAKE_PREFIX_PATH=${CMAKE_PREFIX_PATH}:/home/goln/JetbotRos2_ws/install/yolo_demo:/home/goln/JetbotRos2_ws/install/pkg_param:/home/goln/JetbotRos2_ws/install/pkg_action:/home/goln/JetbotRos2_ws/install/learn_launch:/opt/ros/humble /usr/bin/cmake --install /home/goln/SimpleSysIDV/ros2_ws/build_user/avs_perception
[17.459s] Level 1:colcon.colcon_core.environment:checking '/home/goln/SimpleSysIDV/ros2_ws/install_user/avs_perception' for CMake module files
[17.459s] Level 1:colcon.colcon_core.environment:checking '/home/goln/SimpleSysIDV/ros2_ws/install_user/avs_perception' for CMake config files
[17.459s] Level 1:colcon.colcon_core.shell:create_environment_hook('avs_perception', 'cmake_prefix_path')
[17.459s] INFO:colcon.colcon_core.shell:Creating environment hook '/home/goln/SimpleSysIDV/ros2_ws/install_user/avs_perception/share/avs_perception/hook/cmake_prefix_path.ps1'
[17.460s] INFO:colcon.colcon_core.shell:Creating environment descriptor '/home/goln/SimpleSysIDV/ros2_ws/install_user/avs_perception/share/avs_perception/hook/cmake_prefix_path.dsv'
[17.460s] INFO:colcon.colcon_core.shell:Creating environment hook '/home/goln/SimpleSysIDV/ros2_ws/install_user/avs_perception/share/avs_perception/hook/cmake_prefix_path.sh'
[17.461s] Level 1:colcon.colcon_core.environment:checking '/home/goln/SimpleSysIDV/ros2_ws/install_user/avs_perception/lib'
[17.461s] Level 1:colcon.colcon_core.environment:checking '/home/goln/SimpleSysIDV/ros2_ws/install_user/avs_perception/bin'
[17.461s] Level 1:colcon.colcon_core.environment:checking '/home/goln/SimpleSysIDV/ros2_ws/install_user/avs_perception/lib/pkgconfig/avs_perception.pc'
[17.461s] Level 1:colcon.colcon_core.environment:checking '/home/goln/SimpleSysIDV/ros2_ws/install_user/avs_perception/lib/python3.10/site-packages'
[17.461s] Level 1:colcon.colcon_core.environment:checking '/home/goln/SimpleSysIDV/ros2_ws/install_user/avs_perception/bin'
[17.461s] INFO:colcon.colcon_core.shell:Creating package script '/home/goln/SimpleSysIDV/ros2_ws/install_user/avs_perception/share/avs_perception/package.ps1'
[17.462s] INFO:colcon.colcon_core.shell:Creating package descriptor '/home/goln/SimpleSysIDV/ros2_ws/install_user/avs_perception/share/avs_perception/package.dsv'
[17.463s] INFO:colcon.colcon_core.shell:Creating package script '/home/goln/SimpleSysIDV/ros2_ws/install_user/avs_perception/share/avs_perception/package.sh'
[17.463s] INFO:colcon.colcon_core.shell:Creating package script '/home/goln/SimpleSysIDV/ros2_ws/install_user/avs_perception/share/avs_perception/package.bash'
[17.463s] INFO:colcon.colcon_core.shell:Creating package script '/home/goln/SimpleSysIDV/ros2_ws/install_user/avs_perception/share/avs_perception/package.zsh'
[17.464s] Level 1:colcon.colcon_core.environment:create_file_with_runtime_dependencies(/home/goln/SimpleSysIDV/ros2_ws/install_user/avs_perception/share/colcon-core/packages/avs_perception)
[17.464s] Level 1:colcon.colcon_core.environment:create_environment_scripts_only(avs_perception)
[17.464s] Level 1:colcon.colcon_core.environment:checking '/home/goln/SimpleSysIDV/ros2_ws/install_user/avs_perception' for CMake module files
[17.465s] Level 1:colcon.colcon_core.environment:checking '/home/goln/SimpleSysIDV/ros2_ws/install_user/avs_perception' for CMake config files
[17.465s] Level 1:colcon.colcon_core.shell:create_environment_hook('avs_perception', 'cmake_prefix_path')
[17.465s] INFO:colcon.colcon_core.shell:Creating environment hook '/home/goln/SimpleSysIDV/ros2_ws/install_user/avs_perception/share/avs_perception/hook/cmake_prefix_path.ps1'
[17.465s] INFO:colcon.colcon_core.shell:Creating environment descriptor '/home/goln/SimpleSysIDV/ros2_ws/install_user/avs_perception/share/avs_perception/hook/cmake_prefix_path.dsv'
[17.465s] INFO:colcon.colcon_core.shell:Creating environment hook '/home/goln/SimpleSysIDV/ros2_ws/install_user/avs_perception/share/avs_perception/hook/cmake_prefix_path.sh'
[17.466s] Level 1:colcon.colcon_core.environment:checking '/home/goln/SimpleSysIDV/ros2_ws/install_user/avs_perception/lib'
[17.466s] Level 1:colcon.colcon_core.environment:checking '/home/goln/SimpleSysIDV/ros2_ws/install_user/avs_perception/bin'
[17.466s] Level 1:colcon.colcon_core.environment:checking '/home/goln/SimpleSysIDV/ros2_ws/install_user/avs_perception/lib/pkgconfig/avs_perception.pc'
[17.466s] Level 1:colcon.colcon_core.environment:checking '/home/goln/SimpleSysIDV/ros2_ws/install_user/avs_perception/lib/python3.10/site-packages'
[17.466s] Level 1:colcon.colcon_core.environment:checking '/home/goln/SimpleSysIDV/ros2_ws/install_user/avs_perception/bin'
[17.466s] INFO:colcon.colcon_core.shell:Creating package script '/home/goln/SimpleSysIDV/ros2_ws/install_user/avs_perception/share/avs_perception/package.ps1'
[17.467s] INFO:colcon.colcon_core.shell:Creating package descriptor '/home/goln/SimpleSysIDV/ros2_ws/install_user/avs_perception/share/avs_perception/package.dsv'
[17.467s] INFO:colcon.colcon_core.shell:Creating package script '/home/goln/SimpleSysIDV/ros2_ws/install_user/avs_perception/share/avs_perception/package.sh'
[17.467s] INFO:colcon.colcon_core.shell:Creating package script '/home/goln/SimpleSysIDV/ros2_ws/install_user/avs_perception/share/avs_perception/package.bash'
[17.468s] INFO:colcon.colcon_core.shell:Creating package script '/home/goln/SimpleSysIDV/ros2_ws/install_user/avs_perception/share/avs_perception/package.zsh'
[17.468s] Level 1:colcon.colcon_core.environment:create_file_with_runtime_dependencies(/home/goln/SimpleSysIDV/ros2_ws/install_user/avs_perception/share/colcon-core/packages/avs_perception)
[17.468s] DEBUG:colcon.colcon_parallel_executor.executor.parallel:closing loop
[17.468s] DEBUG:colcon.colcon_parallel_executor.executor.parallel:loop closed
[17.469s] DEBUG:colcon.colcon_parallel_executor.executor.parallel:run_until_complete finished with '0'
[17.469s] DEBUG:colcon.colcon_core.event_reactor:joining thread
[17.472s] INFO:colcon.colcon_core.plugin_system:Skipping extension 'colcon_notification.desktop_notification.terminal_notifier': Not used on non-Darwin systems
[17.472s] INFO:colcon.colcon_core.plugin_system:Skipping extension 'colcon_notification.desktop_notification.win32': Not used on non-Windows systems
[17.472s] INFO:colcon.colcon_notification.desktop_notification:Sending desktop notification using 'notify2'
[17.480s] DEBUG:colcon.colcon_core.event_reactor:joined thread
[17.480s] INFO:colcon.colcon_core.shell:Creating prefix script '/home/goln/SimpleSysIDV/ros2_ws/install_user/local_setup.ps1'
[17.481s] INFO:colcon.colcon_core.shell:Creating prefix util module '/home/goln/SimpleSysIDV/ros2_ws/install_user/_local_setup_util_ps1.py'
[17.482s] INFO:colcon.colcon_core.shell:Creating prefix chain script '/home/goln/SimpleSysIDV/ros2_ws/install_user/setup.ps1'
[17.484s] INFO:colcon.colcon_core.shell:Creating prefix script '/home/goln/SimpleSysIDV/ros2_ws/install_user/local_setup.sh'
[17.484s] INFO:colcon.colcon_core.shell:Creating prefix util module '/home/goln/SimpleSysIDV/ros2_ws/install_user/_local_setup_util_sh.py'
[17.484s] INFO:colcon.colcon_core.shell:Creating prefix chain script '/home/goln/SimpleSysIDV/ros2_ws/install_user/setup.sh'
[17.485s] INFO:colcon.colcon_core.shell:Creating prefix script '/home/goln/SimpleSysIDV/ros2_ws/install_user/local_setup.bash'
[17.486s] INFO:colcon.colcon_core.shell:Creating prefix chain script '/home/goln/SimpleSysIDV/ros2_ws/install_user/setup.bash'
[17.487s] INFO:colcon.colcon_core.shell:Creating prefix script '/home/goln/SimpleSysIDV/ros2_ws/install_user/local_setup.zsh'
[17.487s] INFO:colcon.colcon_core.shell:Creating prefix chain script '/home/goln/SimpleSysIDV/ros2_ws/install_user/setup.zsh'
