[0.000000] (-) TimerEvent: {}
[0.000943] (avs_perception) JobQueued: {'identifier': 'avs_perception', 'dependencies': OrderedDict()}
[0.002354] (avs_perception) JobStarted: {'identifier': 'avs_perception'}
[0.041633] (avs_perception) JobProgress: {'identifier': 'avs_perception', 'progress': 'cmake'}
[0.045489] (avs_perception) Command: {'cmd': ['/usr/bin/cmake', '/home/goln/SimpleSysIDV/ros2_ws/src/avs_perception', '-DCMAKE_INSTALL_PREFIX=/home/goln/SimpleSysIDV/ros2_ws/install_user/avs_perception'], 'cwd': '/home/goln/SimpleSysIDV/ros2_ws/build_user/avs_perception', 'env': OrderedDict([('GJS_DEBUG_TOPICS', 'JS ERROR;JS LOG'), ('LESSOPEN', '| /usr/bin/lesspipe %s'), ('VSCODE_CWD', '/home/goln'), ('USER', 'goln'), ('LC_TIME', 'vi_VN'), ('VSCODE_NLS_CONFIG', '{"userLocale":"en-us","osLocale":"en-us","resolvedLanguage":"en","defaultMessagesFile":"/usr/share/antigravity/resources/app/out/nls.messages.json","locale":"en-us","availableLanguages":{}}'), ('XDG_SESSION_TYPE', 'x11'), ('SHLVL', '0'), ('LD_LIBRARY_PATH', '/home/goln/microros_ws/install/micro_ros_agent/lib:/home/goln/microros_ws/install/micro_ros_msgs/lib:/home/goln/JetbotRos2_ws/install/pkg_interfaces/lib:/usr/lib/x86_64-linux-gnu/gazebo-11/plugins:/opt/ros/humble/opt/rviz_ogre_vendor/lib:/opt/ros/humble/lib/x86_64-linux-gnu:/opt/ros/humble/lib'), ('HOME', '/home/goln'), ('CHROME_DESKTOP', 'antigravity.desktop'), ('DESKTOP_SESSION', 'ubuntu-xorg'), ('VSCODE_IPC_HOOK', '/run/user/1000/vscode-fd0059ab-1.10-main.sock'), ('GIO_LAUNCHED_DESKTOP_FILE', '/usr/share/applications/antigravity.desktop'), ('ROS_PYTHON_VERSION', '3'), ('GNOME_SHELL_SESSION_MODE', 'ubuntu'), ('GTK_MODULES', 'gail:atk-bridge'), ('PAGER', 'cat'), ('LC_MONETARY', 'vi_VN'), ('MANAGERPID', '1210'), ('SYSTEMD_EXEC_PID', '1770'), ('DBUS_SESSION_BUS_ADDRESS', 'unix:path=/run/user/1000/bus'), ('ANTIGRAVITY_AGENT', '1'), ('GIO_LAUNCHED_DESKTOP_FILE_PID', '2552'), ('IM_CONFIG_PHASE', '1'), ('COLCON_PREFIX_PATH', '/home/goln/microros_ws/install:/home/goln/JetbotRos2_ws/install'), ('ROS_DISTRO', 'humble'), ('GTK_IM_MODULE', 'fcitx'), ('LOGNAME', 'goln'), ('_', '/usr/bin/colcon'), ('JOURNAL_STREAM', '8:17530'), ('ROS_VERSION', '2'), ('XDG_SESSION_CLASS', 'user'), ('USERNAME', 'goln'), ('TERM', 'dumb'), ('GNOME_DESKTOP_SESSION_ID', 'this-is-deprecated'), ('FC_FONTATIONS', '1'), ('ROS_LOCALHOST_ONLY', '0'), ('WINDOWPATH', '2'), ('ANTIGRAVITY_EDITOR_APP_ROOT', '/usr/share/antigravity/resources/app'), ('PATH', '/home/goln/.local/bin:/opt/ros/humble/bin:/home/goln/.local/bin:/usr/local/sbin:/usr/local/bin:/usr/sbin:/usr/bin:/sbin:/bin:/usr/games:/usr/local/games:/snap/bin:/snap/bin'), ('SESSION_MANAGER', 'local/goln-Nitro-AN515-57:@/tmp/.ICE-unix/1688,unix/goln-Nitro-AN515-57:/tmp/.ICE-unix/1688'), ('INVOCATION_ID', 'eda6d092f97149f5a001ec23590f37b4'), ('XDG_MENU_PREFIX', 'gnome-'), ('LC_ADDRESS', 'vi_VN'), ('XDG_RUNTIME_DIR', '/run/user/1000'), ('GDK_BACKEND', 'x11'), ('DISPLAY', ':0'), ('LANG', 'en_US.UTF-8'), ('XDG_CURRENT_DESKTOP', 'ubuntu:GNOME'), ('LC_TELEPHONE', 'vi_VN'), ('XMODIFIERS', '@im=fcitx'), ('XDG_SESSION_DESKTOP', 'ubuntu-xorg'), ('XAUTHORITY', '/run/user/1000/gdm/Xauthority'), ('LS_COLORS', ''), ('SSH_AGENT_LAUNCHER', 'gnome-keyring'), ('SSH_AUTH_SOCK', '/run/user/1000/keyring/ssh'), ('AMENT_PREFIX_PATH', '/home/goln/microros_ws/install/micro_ros_setup:/home/goln/microros_ws/install/micro_ros_agent:/home/goln/microros_ws/install/micro_ros_msgs:/home/goln/JetbotRos2_ws/install/yolo_demo:/home/goln/JetbotRos2_ws/install/pkg_param:/home/goln/JetbotRos2_ws/install/pkg_action:/home/goln/JetbotRos2_ws/install/pkg_interfaces:/home/goln/JetbotRos2_ws/install/myrobot:/home/goln/JetbotRos2_ws/install/learn_launch:/opt/ros/humble'), ('SHELL', '/bin/bash'), ('LC_NAME', 'vi_VN'), ('QT_ACCESSIBILITY', '1'), ('GDMSESSION', 'ubuntu-xorg'), ('LESSCLOSE', '/usr/bin/lesspipe %s %s'), ('LC_MEASUREMENT', 'vi_VN'), ('GPG_AGENT_INFO', '/run/user/1000/gnupg/S.gpg-agent:0:1'), ('GJS_DEBUG_OUTPUT', 'stderr'), ('LC_IDENTIFICATION', 'vi_VN'), ('QT_IM_MODULE', 'fcitx'), ('ANTIGRAVITY_TRAJECTORY_ID', '82b21ade-9a5d-420a-b27f-f447ab846653'), ('PWD', '/home/goln/SimpleSysIDV/ros2_ws/build_user/avs_perception'), ('XDG_CONFIG_DIRS', '/etc/xdg/xdg-ubuntu-xorg:/etc/xdg'), ('VSCODE_CODE_CACHE_PATH', '/home/goln/.config/Antigravity/CachedData/15487b3041e65228cae24980a3f796c905ef582c'), ('CLUTTER_IM_MODULE', 'fcitx'), ('XDG_DATA_DIRS', '/usr/share/ubuntu-xorg:/usr/share/gnome:/usr/local/share/:/usr/share/:/var/lib/snapd/desktop'), ('PYTHONPATH', '/home/goln/microros_ws/install/micro_ros_msgs/local/lib/python3.10/dist-packages:/home/goln/JetbotRos2_ws/install/yolo_demo/lib/python3.10/site-packages:/home/goln/JetbotRos2_ws/install/pkg_param/lib/python3.10/site-packages:/home/goln/JetbotRos2_ws/install/pkg_action/lib/python3.10/site-packages:/home/goln/JetbotRos2_ws/install/pkg_interfaces/local/lib/python3.10/dist-packages:/home/goln/JetbotRos2_ws/install/learn_launch/lib/python3.10/site-packages:/opt/ros/humble/lib/python3.10/site-packages:/opt/ros/humble/local/lib/python3.10/dist-packages'), ('LC_NUMERIC', 'vi_VN'), ('LC_PAPER', 'vi_VN'), ('COLCON', '1'), ('CMAKE_PREFIX_PATH', '/home/goln/microros_ws/install/micro_ros_setup:/home/goln/microros_ws/install/micro_ros_agent:/home/goln/microros_ws/install/micro_ros_msgs:/home/goln/JetbotRos2_ws/install/pkg_interfaces:/home/goln/JetbotRos2_ws/install/myrobot:/home/goln/JetbotRos2_ws/install/yolo_demo:/home/goln/JetbotRos2_ws/install/pkg_param:/home/goln/JetbotRos2_ws/install/pkg_action:/home/goln/JetbotRos2_ws/install/learn_launch:/opt/ros/humble'), ('VSCODE_PID', '2552')]), 'shell': False}
[0.099125] (-) TimerEvent: {}
[0.117491] (avs_perception) StdoutLine: {'line': b'-- AVS: Release build \xe2\x80\x94 Generic/x86_64 optimizations ENABLED (-O3)\n'}
[0.119703] (avs_perception) StdoutLine: {'line': b'-- Found ament_cmake: 1.3.14 (/opt/ros/humble/share/ament_cmake/cmake)\n'}
[0.199349] (-) TimerEvent: {}
[0.300302] (-) TimerEvent: {}
[0.401125] (-) TimerEvent: {}
[0.502089] (-) TimerEvent: {}
[0.602935] (-) TimerEvent: {}
[0.668708] (avs_perception) StdoutLine: {'line': b'-- Override CMake install command with custom implementation using symlinks instead of copying resources\n'}
[0.703125] (-) TimerEvent: {}
[0.721754] (avs_perception) StdoutLine: {'line': b'-- Found rclcpp: 16.0.19 (/opt/ros/humble/share/rclcpp/cmake)\n'}
[0.803345] (-) TimerEvent: {}
[0.881723] (avs_perception) StdoutLine: {'line': b'-- Found rosidl_generator_c: 3.1.8 (/opt/ros/humble/share/rosidl_generator_c/cmake)\n'}
[0.896766] (avs_perception) StdoutLine: {'line': b'-- Found rosidl_adapter: 3.1.8 (/opt/ros/humble/share/rosidl_adapter/cmake)\n'}
[0.903529] (-) TimerEvent: {}
[0.927716] (avs_perception) StdoutLine: {'line': b'-- Found rosidl_generator_cpp: 3.1.8 (/opt/ros/humble/share/rosidl_generator_cpp/cmake)\n'}
[0.980838] (avs_perception) StdoutLine: {'line': b'-- Using all available rosidl_typesupport_c: rosidl_typesupport_fastrtps_c;rosidl_typesupport_introspection_c\n'}
[1.003789] (-) TimerEvent: {}
[1.043683] (avs_perception) StdoutLine: {'line': b'-- Using all available rosidl_typesupport_cpp: rosidl_typesupport_fastrtps_cpp;rosidl_typesupport_introspection_cpp\n'}
[1.104021] (-) TimerEvent: {}
[1.205032] (-) TimerEvent: {}
[1.213221] (avs_perception) StdoutLine: {'line': b'-- Found rmw_implementation_cmake: 6.1.2 (/opt/ros/humble/share/rmw_implementation_cmake/cmake)\n'}
[1.221189] (avs_perception) StdoutLine: {'line': b'-- Found rmw_fastrtps_cpp: 6.2.10 (/opt/ros/humble/share/rmw_fastrtps_cpp/cmake)\n'}
[1.305178] (-) TimerEvent: {}
[1.406057] (-) TimerEvent: {}
[1.506840] (-) TimerEvent: {}
[1.607650] (-) TimerEvent: {}
[1.703406] (avs_perception) StdoutLine: {'line': b"-- Using RMW implementation 'rmw_fastrtps_cpp' as default\n"}
[1.707826] (-) TimerEvent: {}
[1.808634] (-) TimerEvent: {}
[1.909367] (-) TimerEvent: {}
[1.935233] (avs_perception) StdoutLine: {'line': b'-- Found sensor_msgs: 4.9.1 (/opt/ros/humble/share/sensor_msgs/cmake)\n'}
[2.009616] (-) TimerEvent: {}
[2.080293] (avs_perception) StdoutLine: {'line': b'-- Found nav_msgs: 4.9.1 (/opt/ros/humble/share/nav_msgs/cmake)\n'}
[2.109797] (-) TimerEvent: {}
[2.152344] (avs_perception) StdoutLine: {'line': b'-- Found cv_bridge: 3.2.1 (/opt/ros/humble/share/cv_bridge/cmake)\n'}
[2.191172] (avs_perception) StdoutLine: {'line': b'-- Found image_transport: 3.1.12 (/opt/ros/humble/share/image_transport/cmake)\n'}
[2.210012] (-) TimerEvent: {}
[2.310777] (-) TimerEvent: {}
[2.329345] (avs_perception) StdoutLine: {'line': b'-- Found ncnn: 20260605\n'}
[2.410949] (-) TimerEvent: {}
[2.511508] (-) TimerEvent: {}
[2.579067] (avs_perception) StdoutLine: {'line': b'-- Configuring done\n'}
[2.611656] (-) TimerEvent: {}
[2.703837] (avs_perception) StdoutLine: {'line': b'-- Generating done\n'}
[2.711807] (-) TimerEvent: {}
[2.746667] (avs_perception) StdoutLine: {'line': b'-- Build files have been written to: /home/goln/SimpleSysIDV/ros2_ws/build_user/avs_perception\n'}
[2.774237] (avs_perception) CommandEnded: {'returncode': 0}
[2.776581] (avs_perception) JobProgress: {'identifier': 'avs_perception', 'progress': 'build'}
[2.780746] (avs_perception) Command: {'cmd': ['/usr/bin/cmake', '--build', '/home/goln/SimpleSysIDV/ros2_ws/build_user/avs_perception', '--', '-j12', '-l12'], 'cwd': '/home/goln/SimpleSysIDV/ros2_ws/build_user/avs_perception', 'env': OrderedDict([('GJS_DEBUG_TOPICS', 'JS ERROR;JS LOG'), ('LESSOPEN', '| /usr/bin/lesspipe %s'), ('VSCODE_CWD', '/home/goln'), ('USER', 'goln'), ('LC_TIME', 'vi_VN'), ('VSCODE_NLS_CONFIG', '{"userLocale":"en-us","osLocale":"en-us","resolvedLanguage":"en","defaultMessagesFile":"/usr/share/antigravity/resources/app/out/nls.messages.json","locale":"en-us","availableLanguages":{}}'), ('XDG_SESSION_TYPE', 'x11'), ('SHLVL', '0'), ('LD_LIBRARY_PATH', '/home/goln/microros_ws/install/micro_ros_agent/lib:/home/goln/microros_ws/install/micro_ros_msgs/lib:/home/goln/JetbotRos2_ws/install/pkg_interfaces/lib:/usr/lib/x86_64-linux-gnu/gazebo-11/plugins:/opt/ros/humble/opt/rviz_ogre_vendor/lib:/opt/ros/humble/lib/x86_64-linux-gnu:/opt/ros/humble/lib'), ('HOME', '/home/goln'), ('CHROME_DESKTOP', 'antigravity.desktop'), ('DESKTOP_SESSION', 'ubuntu-xorg'), ('VSCODE_IPC_HOOK', '/run/user/1000/vscode-fd0059ab-1.10-main.sock'), ('GIO_LAUNCHED_DESKTOP_FILE', '/usr/share/applications/antigravity.desktop'), ('ROS_PYTHON_VERSION', '3'), ('GNOME_SHELL_SESSION_MODE', 'ubuntu'), ('GTK_MODULES', 'gail:atk-bridge'), ('PAGER', 'cat'), ('LC_MONETARY', 'vi_VN'), ('MANAGERPID', '1210'), ('SYSTEMD_EXEC_PID', '1770'), ('DBUS_SESSION_BUS_ADDRESS', 'unix:path=/run/user/1000/bus'), ('ANTIGRAVITY_AGENT', '1'), ('GIO_LAUNCHED_DESKTOP_FILE_PID', '2552'), ('IM_CONFIG_PHASE', '1'), ('COLCON_PREFIX_PATH', '/home/goln/microros_ws/install:/home/goln/JetbotRos2_ws/install'), ('ROS_DISTRO', 'humble'), ('GTK_IM_MODULE', 'fcitx'), ('LOGNAME', 'goln'), ('_', '/usr/bin/colcon'), ('JOURNAL_STREAM', '8:17530'), ('ROS_VERSION', '2'), ('XDG_SESSION_CLASS', 'user'), ('USERNAME', 'goln'), ('TERM', 'dumb'), ('GNOME_DESKTOP_SESSION_ID', 'this-is-deprecated'), ('FC_FONTATIONS', '1'), ('ROS_LOCALHOST_ONLY', '0'), ('WINDOWPATH', '2'), ('ANTIGRAVITY_EDITOR_APP_ROOT', '/usr/share/antigravity/resources/app'), ('PATH', '/home/goln/.local/bin:/opt/ros/humble/bin:/home/goln/.local/bin:/usr/local/sbin:/usr/local/bin:/usr/sbin:/usr/bin:/sbin:/bin:/usr/games:/usr/local/games:/snap/bin:/snap/bin'), ('SESSION_MANAGER', 'local/goln-Nitro-AN515-57:@/tmp/.ICE-unix/1688,unix/goln-Nitro-AN515-57:/tmp/.ICE-unix/1688'), ('INVOCATION_ID', 'eda6d092f97149f5a001ec23590f37b4'), ('XDG_MENU_PREFIX', 'gnome-'), ('LC_ADDRESS', 'vi_VN'), ('XDG_RUNTIME_DIR', '/run/user/1000'), ('GDK_BACKEND', 'x11'), ('DISPLAY', ':0'), ('LANG', 'en_US.UTF-8'), ('XDG_CURRENT_DESKTOP', 'ubuntu:GNOME'), ('LC_TELEPHONE', 'vi_VN'), ('XMODIFIERS', '@im=fcitx'), ('XDG_SESSION_DESKTOP', 'ubuntu-xorg'), ('XAUTHORITY', '/run/user/1000/gdm/Xauthority'), ('LS_COLORS', ''), ('SSH_AGENT_LAUNCHER', 'gnome-keyring'), ('SSH_AUTH_SOCK', '/run/user/1000/keyring/ssh'), ('AMENT_PREFIX_PATH', '/home/goln/microros_ws/install/micro_ros_setup:/home/goln/microros_ws/install/micro_ros_agent:/home/goln/microros_ws/install/micro_ros_msgs:/home/goln/JetbotRos2_ws/install/yolo_demo:/home/goln/JetbotRos2_ws/install/pkg_param:/home/goln/JetbotRos2_ws/install/pkg_action:/home/goln/JetbotRos2_ws/install/pkg_interfaces:/home/goln/JetbotRos2_ws/install/myrobot:/home/goln/JetbotRos2_ws/install/learn_launch:/opt/ros/humble'), ('SHELL', '/bin/bash'), ('LC_NAME', 'vi_VN'), ('QT_ACCESSIBILITY', '1'), ('GDMSESSION', 'ubuntu-xorg'), ('LESSCLOSE', '/usr/bin/lesspipe %s %s'), ('LC_MEASUREMENT', 'vi_VN'), ('GPG_AGENT_INFO', '/run/user/1000/gnupg/S.gpg-agent:0:1'), ('GJS_DEBUG_OUTPUT', 'stderr'), ('LC_IDENTIFICATION', 'vi_VN'), ('QT_IM_MODULE', 'fcitx'), ('ANTIGRAVITY_TRAJECTORY_ID', '82b21ade-9a5d-420a-b27f-f447ab846653'), ('PWD', '/home/goln/SimpleSysIDV/ros2_ws/build_user/avs_perception'), ('XDG_CONFIG_DIRS', '/etc/xdg/xdg-ubuntu-xorg:/etc/xdg'), ('VSCODE_CODE_CACHE_PATH', '/home/goln/.config/Antigravity/CachedData/15487b3041e65228cae24980a3f796c905ef582c'), ('CLUTTER_IM_MODULE', 'fcitx'), ('XDG_DATA_DIRS', '/usr/share/ubuntu-xorg:/usr/share/gnome:/usr/local/share/:/usr/share/:/var/lib/snapd/desktop'), ('PYTHONPATH', '/home/goln/microros_ws/install/micro_ros_msgs/local/lib/python3.10/dist-packages:/home/goln/JetbotRos2_ws/install/yolo_demo/lib/python3.10/site-packages:/home/goln/JetbotRos2_ws/install/pkg_param/lib/python3.10/site-packages:/home/goln/JetbotRos2_ws/install/pkg_action/lib/python3.10/site-packages:/home/goln/JetbotRos2_ws/install/pkg_interfaces/local/lib/python3.10/dist-packages:/home/goln/JetbotRos2_ws/install/learn_launch/lib/python3.10/site-packages:/opt/ros/humble/lib/python3.10/site-packages:/opt/ros/humble/local/lib/python3.10/dist-packages'), ('LC_NUMERIC', 'vi_VN'), ('LC_PAPER', 'vi_VN'), ('COLCON', '1'), ('CMAKE_PREFIX_PATH', '/home/goln/microros_ws/install/micro_ros_setup:/home/goln/microros_ws/install/micro_ros_agent:/home/goln/microros_ws/install/micro_ros_msgs:/home/goln/JetbotRos2_ws/install/pkg_interfaces:/home/goln/JetbotRos2_ws/install/myrobot:/home/goln/JetbotRos2_ws/install/yolo_demo:/home/goln/JetbotRos2_ws/install/pkg_param:/home/goln/JetbotRos2_ws/install/pkg_action:/home/goln/JetbotRos2_ws/install/learn_launch:/opt/ros/humble'), ('VSCODE_PID', '2552')]), 'shell': False}
[2.812017] (-) TimerEvent: {}
[2.898467] (avs_perception) StdoutLine: {'line': b'\x1b[35m\x1b[1mConsolidate compiler generated dependencies of target yolo26_seg_lib\x1b[0m\n'}
[2.899244] (avs_perception) StdoutLine: {'line': b'\x1b[35m\x1b[1mConsolidate compiler generated dependencies of target control_node\x1b[0m\n'}
[2.899784] (avs_perception) StdoutLine: {'line': b'\x1b[35m\x1b[1mConsolidate compiler generated dependencies of target video_publisher_node\x1b[0m\n'}
[2.907593] (avs_perception) StdoutLine: {'line': b'\x1b[35m\x1b[1mConsolidate compiler generated dependencies of target ipm_transform_node\x1b[0m\n'}
[2.912173] (-) TimerEvent: {}
[2.957092] (avs_perception) StdoutLine: {'line': b'[  8%] \x1b[32mBuilding CXX object CMakeFiles/yolo26_seg_lib.dir/src/yolo26_seg.cpp.o\x1b[0m\n'}
[2.969886] (avs_perception) StdoutLine: {'line': b'[ 16%] \x1b[32mBuilding CXX object CMakeFiles/control_node.dir/src/control_node.cpp.o\x1b[0m\n'}
[2.989983] (avs_perception) StdoutLine: {'line': b'[ 25%] \x1b[32mBuilding CXX object CMakeFiles/ipm_transform_node.dir/src/ipm_transform_node.cpp.o\x1b[0m\n'}
[2.992042] (avs_perception) StdoutLine: {'line': b'[ 41%] Built target video_publisher_node\n'}
[3.012428] (-) TimerEvent: {}
[3.113418] (-) TimerEvent: {}
[3.214382] (-) TimerEvent: {}
[3.315114] (-) TimerEvent: {}
[3.415845] (-) TimerEvent: {}
[3.516659] (-) TimerEvent: {}
[3.617530] (-) TimerEvent: {}
[3.718333] (-) TimerEvent: {}
[3.819183] (-) TimerEvent: {}
[3.920019] (-) TimerEvent: {}
[4.021821] (-) TimerEvent: {}
[4.122752] (-) TimerEvent: {}
[4.223696] (-) TimerEvent: {}
[4.324601] (-) TimerEvent: {}
[4.425367] (-) TimerEvent: {}
[4.526116] (-) TimerEvent: {}
[4.627017] (-) TimerEvent: {}
[4.728100] (-) TimerEvent: {}
[4.829082] (-) TimerEvent: {}
[4.930513] (-) TimerEvent: {}
[5.031489] (-) TimerEvent: {}
[5.132502] (-) TimerEvent: {}
[5.233432] (-) TimerEvent: {}
[5.334349] (-) TimerEvent: {}
[5.435140] (-) TimerEvent: {}
[5.536269] (-) TimerEvent: {}
[5.637225] (-) TimerEvent: {}
[5.738136] (-) TimerEvent: {}
[5.839131] (-) TimerEvent: {}
[5.940094] (-) TimerEvent: {}
[6.040993] (-) TimerEvent: {}
[6.143375] (-) TimerEvent: {}
[6.244100] (-) TimerEvent: {}
[6.344894] (-) TimerEvent: {}
[6.445936] (-) TimerEvent: {}
[6.547064] (-) TimerEvent: {}
[6.647972] (-) TimerEvent: {}
[6.748826] (-) TimerEvent: {}
[6.849699] (-) TimerEvent: {}
[6.950566] (-) TimerEvent: {}
[7.051505] (-) TimerEvent: {}
[7.152384] (-) TimerEvent: {}
[7.253096] (-) TimerEvent: {}
[7.353853] (-) TimerEvent: {}
[7.454757] (-) TimerEvent: {}
[7.555647] (-) TimerEvent: {}
[7.656410] (-) TimerEvent: {}
[7.758646] (-) TimerEvent: {}
[7.859519] (-) TimerEvent: {}
[7.961442] (-) TimerEvent: {}
[8.062462] (-) TimerEvent: {}
[8.163453] (-) TimerEvent: {}
[8.264381] (-) TimerEvent: {}
[8.365371] (-) TimerEvent: {}
[8.466371] (-) TimerEvent: {}
[8.567410] (-) TimerEvent: {}
[8.668208] (-) TimerEvent: {}
[8.769074] (-) TimerEvent: {}
[8.869863] (-) TimerEvent: {}
[8.970764] (-) TimerEvent: {}
[9.071556] (-) TimerEvent: {}
[9.172535] (-) TimerEvent: {}
[9.274423] (-) TimerEvent: {}
[9.378131] (-) TimerEvent: {}
[9.479106] (-) TimerEvent: {}
[9.580854] (-) TimerEvent: {}
[9.681963] (-) TimerEvent: {}
[9.782905] (-) TimerEvent: {}
[9.883889] (-) TimerEvent: {}
[9.984655] (-) TimerEvent: {}
[10.085403] (-) TimerEvent: {}
[10.186254] (-) TimerEvent: {}
[10.287089] (-) TimerEvent: {}
[10.387996] (-) TimerEvent: {}
[10.488898] (-) TimerEvent: {}
[10.589704] (-) TimerEvent: {}
[10.690686] (-) TimerEvent: {}
[10.791675] (-) TimerEvent: {}
[10.892751] (-) TimerEvent: {}
[10.993774] (-) TimerEvent: {}
[11.095203] (-) TimerEvent: {}
[11.197607] (-) TimerEvent: {}
[11.300059] (-) TimerEvent: {}
[11.402667] (-) TimerEvent: {}
[11.513376] (-) TimerEvent: {}
[11.615664] (-) TimerEvent: {}
[11.718032] (-) TimerEvent: {}
[11.820464] (-) TimerEvent: {}
[11.922805] (-) TimerEvent: {}
[12.025224] (-) TimerEvent: {}
[12.127614] (-) TimerEvent: {}
[12.230033] (-) TimerEvent: {}
[12.333049] (-) TimerEvent: {}
[12.437824] (-) TimerEvent: {}
[12.544085] (-) TimerEvent: {}
[12.646224] (-) TimerEvent: {}
[12.748496] (-) TimerEvent: {}
[12.850672] (-) TimerEvent: {}
[12.953134] (-) TimerEvent: {}
[13.055176] (-) TimerEvent: {}
[13.157472] (-) TimerEvent: {}
[13.259695] (-) TimerEvent: {}
[13.361896] (-) TimerEvent: {}
[13.464177] (-) TimerEvent: {}
[13.567382] (-) TimerEvent: {}
[13.671711] (-) TimerEvent: {}
[13.777382] (-) TimerEvent: {}
[13.880360] (-) TimerEvent: {}
[13.985816] (-) TimerEvent: {}
[14.091712] (-) TimerEvent: {}
[14.194125] (-) TimerEvent: {}
[14.296290] (-) TimerEvent: {}
[14.398248] (-) TimerEvent: {}
[14.500158] (-) TimerEvent: {}
[14.604090] (-) TimerEvent: {}
[14.706507] (-) TimerEvent: {}
[14.809532] (-) TimerEvent: {}
[14.913031] (-) TimerEvent: {}
[15.023364] (-) TimerEvent: {}
[15.127232] (-) TimerEvent: {}
[15.229625] (-) TimerEvent: {}
[15.331761] (-) TimerEvent: {}
[15.433796] (-) TimerEvent: {}
[15.536207] (-) TimerEvent: {}
[15.638497] (-) TimerEvent: {}
[15.741112] (-) TimerEvent: {}
[15.843494] (-) TimerEvent: {}
[15.945846] (-) TimerEvent: {}
[16.048266] (-) TimerEvent: {}
[16.150593] (-) TimerEvent: {}
[16.253010] (-) TimerEvent: {}
[16.355322] (-) TimerEvent: {}
[16.457291] (-) TimerEvent: {}
[16.559577] (-) TimerEvent: {}
[16.661815] (-) TimerEvent: {}
[16.765361] (-) TimerEvent: {}
[16.867596] (-) TimerEvent: {}
[16.969757] (-) TimerEvent: {}
[17.077330] (-) TimerEvent: {}
[17.179428] (-) TimerEvent: {}
[17.286356] (-) TimerEvent: {}
[17.389263] (-) TimerEvent: {}
[17.492288] (-) TimerEvent: {}
[17.594485] (-) TimerEvent: {}
[17.696631] (-) TimerEvent: {}
[17.799641] (-) TimerEvent: {}
[17.902624] (-) TimerEvent: {}
[18.005005] (-) TimerEvent: {}
[18.107470] (-) TimerEvent: {}
[18.209846] (-) TimerEvent: {}
[18.312266] (-) TimerEvent: {}
[18.418353] (-) TimerEvent: {}
[18.521245] (-) TimerEvent: {}
[18.625101] (-) TimerEvent: {}
[18.730811] (-) TimerEvent: {}
[18.837853] (-) TimerEvent: {}
[18.923329] (avs_perception) StdoutLine: {'line': b'[ 50%] \x1b[32m\x1b[1mLinking CXX static library libyolo26_seg_lib.a\x1b[0m\n'}
[18.938289] (-) TimerEvent: {}
[19.042558] (-) TimerEvent: {}
[19.144883] (-) TimerEvent: {}
[19.248095] (-) TimerEvent: {}
[19.356413] (-) TimerEvent: {}
[19.461124] (-) TimerEvent: {}
[19.563309] (-) TimerEvent: {}
[19.665441] (-) TimerEvent: {}
[19.764385] (avs_perception) StdoutLine: {'line': b'[ 50%] Built target yolo26_seg_lib\n'}
[19.766289] (-) TimerEvent: {}
[19.868439] (-) TimerEvent: {}
[19.978506] (avs_perception) StdoutLine: {'line': b'\x1b[35m\x1b[1mConsolidate compiler generated dependencies of target ncnn_inference_node\x1b[0m\n'}
[19.980355] (-) TimerEvent: {}
[19.987310] (avs_perception) StdoutLine: {'line': b'\x1b[35m\x1b[1mConsolidate compiler generated dependencies of target video_test_node\x1b[0m\n'}
[20.080832] (-) TimerEvent: {}
[20.183109] (-) TimerEvent: {}
[20.290378] (-) TimerEvent: {}
[20.314346] (avs_perception) StdoutLine: {'line': b'[ 58%] \x1b[32mBuilding CXX object CMakeFiles/ncnn_inference_node.dir/src/ncnn_inference_node.cpp.o\x1b[0m\n'}
[20.328302] (avs_perception) StdoutLine: {'line': b'[ 66%] \x1b[32mBuilding CXX object CMakeFiles/video_test_node.dir/src/video_test_node.cpp.o\x1b[0m\n'}
[20.390892] (-) TimerEvent: {}
[20.497337] (-) TimerEvent: {}
[20.599626] (-) TimerEvent: {}
[20.708296] (-) TimerEvent: {}
[20.814102] (-) TimerEvent: {}
[20.916412] (-) TimerEvent: {}
[21.019397] (-) TimerEvent: {}
[21.122112] (-) TimerEvent: {}
[21.230776] (-) TimerEvent: {}
[21.333826] (-) TimerEvent: {}
[21.441377] (-) TimerEvent: {}
[21.544262] (-) TimerEvent: {}
[21.652300] (-) TimerEvent: {}
[21.755511] (-) TimerEvent: {}
[21.858270] (-) TimerEvent: {}
[21.963250] (-) TimerEvent: {}
[22.070343] (-) TimerEvent: {}
[22.176843] (-) TimerEvent: {}
[22.283746] (-) TimerEvent: {}
[22.391317] (-) TimerEvent: {}
[22.501026] (-) TimerEvent: {}
[22.616402] (-) TimerEvent: {}
[22.722896] (-) TimerEvent: {}
[22.826216] (-) TimerEvent: {}
[22.939717] (-) TimerEvent: {}
[23.056196] (-) TimerEvent: {}
[23.159734] (-) TimerEvent: {}
[23.267673] (-) TimerEvent: {}
[23.377450] (-) TimerEvent: {}
[23.481040] (-) TimerEvent: {}
[23.584418] (-) TimerEvent: {}
[23.690562] (-) TimerEvent: {}
[23.795526] (-) TimerEvent: {}
[23.905358] (-) TimerEvent: {}
[24.008506] (-) TimerEvent: {}
[24.113875] (-) TimerEvent: {}
[24.216546] (-) TimerEvent: {}
[24.324364] (-) TimerEvent: {}
[24.430899] (-) TimerEvent: {}
[24.535324] (-) TimerEvent: {}
[24.638749] (-) TimerEvent: {}
[24.744446] (-) TimerEvent: {}
[24.851136] (-) TimerEvent: {}
[24.968513] (-) TimerEvent: {}
[25.076491] (-) TimerEvent: {}
[25.183480] (-) TimerEvent: {}
[25.288556] (-) TimerEvent: {}
[25.391696] (-) TimerEvent: {}
[25.495191] (-) TimerEvent: {}
[25.602300] (-) TimerEvent: {}
[25.705016] (-) TimerEvent: {}
[25.807329] (-) TimerEvent: {}
[25.918751] (-) TimerEvent: {}
[26.023502] (-) TimerEvent: {}
[26.128352] (-) TimerEvent: {}
[26.239029] (-) TimerEvent: {}
[26.343036] (-) TimerEvent: {}
[26.445407] (-) TimerEvent: {}
[26.547527] (-) TimerEvent: {}
[26.650222] (-) TimerEvent: {}
[26.755419] (-) TimerEvent: {}
[26.864720] (-) TimerEvent: {}
[26.967284] (-) TimerEvent: {}
[27.071341] (-) TimerEvent: {}
[27.177778] (-) TimerEvent: {}
[27.281311] (-) TimerEvent: {}
[27.386836] (-) TimerEvent: {}
[27.492809] (-) TimerEvent: {}
[27.595397] (-) TimerEvent: {}
[27.697388] (-) TimerEvent: {}
[27.799277] (-) TimerEvent: {}
[27.901971] (-) TimerEvent: {}
[28.007511] (-) TimerEvent: {}
[28.113468] (-) TimerEvent: {}
[28.224242] (-) TimerEvent: {}
[28.337345] (-) TimerEvent: {}
[28.443554] (-) TimerEvent: {}
[28.544319] (-) TimerEvent: {}
[28.645092] (-) TimerEvent: {}
[28.745903] (-) TimerEvent: {}
[28.846765] (-) TimerEvent: {}
[28.947646] (-) TimerEvent: {}
[29.048467] (-) TimerEvent: {}
[29.149326] (-) TimerEvent: {}
[29.250350] (-) TimerEvent: {}
[29.352512] (-) TimerEvent: {}
[29.453476] (-) TimerEvent: {}
[29.557164] (-) TimerEvent: {}
[29.659981] (-) TimerEvent: {}
[29.760772] (-) TimerEvent: {}
[29.861797] (-) TimerEvent: {}
[29.962784] (-) TimerEvent: {}
[30.063742] (-) TimerEvent: {}
[30.164525] (-) TimerEvent: {}
[30.265396] (-) TimerEvent: {}
[30.366404] (-) TimerEvent: {}
[30.467441] (-) TimerEvent: {}
[30.568544] (-) TimerEvent: {}
[30.669575] (-) TimerEvent: {}
[30.771131] (-) TimerEvent: {}
[30.874577] (-) TimerEvent: {}
[30.975555] (-) TimerEvent: {}
[31.076540] (-) TimerEvent: {}
[31.177528] (-) TimerEvent: {}
[31.278503] (-) TimerEvent: {}
[31.379501] (-) TimerEvent: {}
[31.480505] (-) TimerEvent: {}
[31.581532] (-) TimerEvent: {}
[31.682530] (-) TimerEvent: {}
[31.783506] (-) TimerEvent: {}
[31.884483] (-) TimerEvent: {}
[31.985467] (-) TimerEvent: {}
[32.086436] (-) TimerEvent: {}
[32.188617] (-) TimerEvent: {}
[32.289595] (-) TimerEvent: {}
[32.390562] (-) TimerEvent: {}
[32.491614] (-) TimerEvent: {}
[32.594769] (-) TimerEvent: {}
[32.696310] (-) TimerEvent: {}
[32.797356] (-) TimerEvent: {}
[32.898362] (-) TimerEvent: {}
[32.999334] (-) TimerEvent: {}
[33.100333] (-) TimerEvent: {}
[33.201322] (-) TimerEvent: {}
[33.302304] (-) TimerEvent: {}
[33.403273] (-) TimerEvent: {}
[33.504207] (-) TimerEvent: {}
[33.605432] (-) TimerEvent: {}
[33.707136] (-) TimerEvent: {}
[33.808666] (-) TimerEvent: {}
[33.911642] (-) TimerEvent: {}
[34.012635] (-) TimerEvent: {}
[34.114448] (-) TimerEvent: {}
[34.215817] (-) TimerEvent: {}
[34.318379] (-) TimerEvent: {}
[34.425343] (-) TimerEvent: {}
[34.528378] (-) TimerEvent: {}
[34.633488] (-) TimerEvent: {}
[34.736264] (-) TimerEvent: {}
[34.838454] (-) TimerEvent: {}
[34.940707] (-) TimerEvent: {}
[35.045407] (-) TimerEvent: {}
[35.148453] (-) TimerEvent: {}
[35.250329] (-) TimerEvent: {}
[35.352312] (-) TimerEvent: {}
[35.459388] (-) TimerEvent: {}
[35.563080] (-) TimerEvent: {}
[35.665434] (-) TimerEvent: {}
[35.767842] (-) TimerEvent: {}
[35.878324] (-) TimerEvent: {}
[35.982361] (-) TimerEvent: {}
[36.085278] (-) TimerEvent: {}
[36.187608] (-) TimerEvent: {}
[36.290330] (-) TimerEvent: {}
[36.397333] (-) TimerEvent: {}
[36.501417] (-) TimerEvent: {}
[36.603892] (-) TimerEvent: {}
[36.706370] (-) TimerEvent: {}
[36.809075] (-) TimerEvent: {}
[36.911881] (-) TimerEvent: {}
[37.020385] (-) TimerEvent: {}
[37.126424] (-) TimerEvent: {}
[37.227274] (-) TimerEvent: {}
[37.328317] (-) TimerEvent: {}
[37.429375] (-) TimerEvent: {}
[37.530365] (-) TimerEvent: {}
[37.631420] (-) TimerEvent: {}
[37.732434] (-) TimerEvent: {}
[37.833347] (-) TimerEvent: {}
[37.934148] (-) TimerEvent: {}
[38.035703] (-) TimerEvent: {}
[38.136855] (-) TimerEvent: {}
[38.237956] (-) TimerEvent: {}
[38.338996] (-) TimerEvent: {}
[38.439976] (-) TimerEvent: {}
[38.540870] (-) TimerEvent: {}
[38.641862] (-) TimerEvent: {}
[38.742779] (-) TimerEvent: {}
[38.844004] (-) TimerEvent: {}
[38.944891] (-) TimerEvent: {}
[39.045834] (-) TimerEvent: {}
[39.147383] (-) TimerEvent: {}
[39.248576] (-) TimerEvent: {}
[39.349516] (-) TimerEvent: {}
[39.450589] (-) TimerEvent: {}
[39.551577] (-) TimerEvent: {}
[39.652817] (-) TimerEvent: {}
[39.753871] (-) TimerEvent: {}
[39.855009] (-) TimerEvent: {}
[39.957176] (-) TimerEvent: {}
[40.058189] (-) TimerEvent: {}
[40.159238] (-) TimerEvent: {}
[40.260091] (-) TimerEvent: {}
[40.361026] (-) TimerEvent: {}
[40.461950] (-) TimerEvent: {}
[40.562968] (-) TimerEvent: {}
[40.663982] (-) TimerEvent: {}
[40.764993] (-) TimerEvent: {}
[40.866020] (-) TimerEvent: {}
[40.967245] (-) TimerEvent: {}
[41.068254] (-) TimerEvent: {}
[41.169256] (-) TimerEvent: {}
[41.270539] (-) TimerEvent: {}
[41.372622] (-) TimerEvent: {}
[41.476363] (-) TimerEvent: {}
[41.579554] (-) TimerEvent: {}
[41.680536] (-) TimerEvent: {}
[41.781526] (-) TimerEvent: {}
[41.882557] (-) TimerEvent: {}
[41.983571] (-) TimerEvent: {}
[42.084554] (-) TimerEvent: {}
[42.185657] (-) TimerEvent: {}
[42.286652] (-) TimerEvent: {}
[42.387657] (-) TimerEvent: {}
[42.489661] (-) TimerEvent: {}
[42.590726] (-) TimerEvent: {}
[42.692841] (-) TimerEvent: {}
[42.793764] (-) TimerEvent: {}
[42.894724] (-) TimerEvent: {}
[42.995494] (-) TimerEvent: {}
[43.096315] (-) TimerEvent: {}
[43.197397] (-) TimerEvent: {}
[43.298570] (-) TimerEvent: {}
[43.399359] (-) TimerEvent: {}
[43.500262] (-) TimerEvent: {}
[43.601030] (-) TimerEvent: {}
[43.701977] (-) TimerEvent: {}
[43.802704] (-) TimerEvent: {}
[43.903607] (-) TimerEvent: {}
[44.004736] (-) TimerEvent: {}
[44.105728] (-) TimerEvent: {}
[44.206836] (-) TimerEvent: {}
[44.309129] (-) TimerEvent: {}
[44.410171] (-) TimerEvent: {}
[44.511150] (-) TimerEvent: {}
[44.612159] (-) TimerEvent: {}
[44.713128] (-) TimerEvent: {}
[44.814101] (-) TimerEvent: {}
[44.915071] (-) TimerEvent: {}
[45.016004] (-) TimerEvent: {}
[45.116992] (-) TimerEvent: {}
[45.217957] (-) TimerEvent: {}
[45.318881] (-) TimerEvent: {}
[45.419872] (-) TimerEvent: {}
[45.520885] (-) TimerEvent: {}
[45.621949] (-) TimerEvent: {}
[45.723004] (-) TimerEvent: {}
[45.824880] (-) TimerEvent: {}
[45.925985] (-) TimerEvent: {}
[46.027740] (-) TimerEvent: {}
[46.128649] (-) TimerEvent: {}
[46.229568] (-) TimerEvent: {}
[46.330607] (-) TimerEvent: {}
[46.431533] (-) TimerEvent: {}
[46.534136] (-) TimerEvent: {}
[46.635147] (-) TimerEvent: {}
[46.736114] (-) TimerEvent: {}
[46.837068] (-) TimerEvent: {}
[46.938318] (-) TimerEvent: {}
[47.039853] (-) TimerEvent: {}
[47.153315] (-) TimerEvent: {}
[47.254531] (-) TimerEvent: {}
[47.359512] (-) TimerEvent: {}
[47.462551] (-) TimerEvent: {}
[47.563697] (-) TimerEvent: {}
[47.665536] (-) TimerEvent: {}
[47.766574] (-) TimerEvent: {}
[47.867556] (-) TimerEvent: {}
[47.968494] (-) TimerEvent: {}
[48.069514] (-) TimerEvent: {}
[48.170527] (-) TimerEvent: {}
[48.271612] (-) TimerEvent: {}
[48.372540] (-) TimerEvent: {}
[48.473512] (-) TimerEvent: {}
[48.574468] (-) TimerEvent: {}
[48.675461] (-) TimerEvent: {}
[48.776675] (-) TimerEvent: {}
[48.879341] (-) TimerEvent: {}
[48.984092] (-) TimerEvent: {}
[49.086329] (-) TimerEvent: {}
[49.189449] (-) TimerEvent: {}
[49.291517] (-) TimerEvent: {}
[49.393729] (-) TimerEvent: {}
[49.495858] (-) TimerEvent: {}
[49.599983] (-) TimerEvent: {}
[49.704199] (-) TimerEvent: {}
[49.807843] (-) TimerEvent: {}
[49.920159] (-) TimerEvent: {}
[50.029514] (-) TimerEvent: {}
[50.138149] (-) TimerEvent: {}
[50.244323] (-) TimerEvent: {}
[50.348885] (-) TimerEvent: {}
[50.452383] (-) TimerEvent: {}
[50.555169] (-) TimerEvent: {}
[50.659610] (-) TimerEvent: {}
[50.761999] (-) TimerEvent: {}
[50.868341] (-) TimerEvent: {}
[50.970823] (-) TimerEvent: {}
[51.073700] (-) TimerEvent: {}
[51.181363] (-) TimerEvent: {}
[51.283684] (-) TimerEvent: {}
[51.387055] (-) TimerEvent: {}
[51.494416] (-) TimerEvent: {}
[51.598653] (-) TimerEvent: {}
[51.707568] (-) TimerEvent: {}
[51.809741] (-) TimerEvent: {}
[51.912313] (-) TimerEvent: {}
[52.014325] (-) TimerEvent: {}
[52.116847] (-) TimerEvent: {}
[52.223342] (-) TimerEvent: {}
[52.325633] (-) TimerEvent: {}
[52.428456] (-) TimerEvent: {}
[52.530638] (-) TimerEvent: {}
[52.636370] (-) TimerEvent: {}
[52.738892] (-) TimerEvent: {}
[52.842355] (-) TimerEvent: {}
[52.947322] (-) TimerEvent: {}
[53.049515] (-) TimerEvent: {}
[53.153741] (-) TimerEvent: {}
[53.263312] (-) TimerEvent: {}
[53.376333] (-) TimerEvent: {}
[53.479384] (-) TimerEvent: {}
[53.581525] (-) TimerEvent: {}
[53.684072] (-) TimerEvent: {}
[53.788670] (-) TimerEvent: {}
[53.894569] (-) TimerEvent: {}
[53.996885] (-) TimerEvent: {}
[54.105051] (-) TimerEvent: {}
[54.210231] (-) TimerEvent: {}
[54.312630] (-) TimerEvent: {}
[54.418709] (-) TimerEvent: {}
[54.521167] (-) TimerEvent: {}
[54.623425] (-) TimerEvent: {}
[54.726181] (-) TimerEvent: {}
[54.828793] (-) TimerEvent: {}
[54.934104] (-) TimerEvent: {}
[55.037370] (-) TimerEvent: {}
[55.144009] (-) TimerEvent: {}
[55.247459] (-) TimerEvent: {}
[55.351324] (-) TimerEvent: {}
[55.457221] (-) TimerEvent: {}
[55.564149] (-) TimerEvent: {}
[55.669421] (-) TimerEvent: {}
[55.773271] (-) TimerEvent: {}
[55.878286] (-) TimerEvent: {}
[55.980298] (-) TimerEvent: {}
[56.087788] (-) TimerEvent: {}
[56.190498] (-) TimerEvent: {}
[56.296107] (-) TimerEvent: {}
[56.414041] (-) TimerEvent: {}
[56.544438] (-) TimerEvent: {}
[56.653292] (-) TimerEvent: {}
[56.765297] (-) TimerEvent: {}
[56.874436] (-) TimerEvent: {}
[56.981674] (-) TimerEvent: {}
[57.091360] (-) TimerEvent: {}
[57.198069] (-) TimerEvent: {}
[57.302390] (-) TimerEvent: {}
[57.410144] (-) TimerEvent: {}
[57.515345] (-) TimerEvent: {}
[57.621035] (-) TimerEvent: {}
[57.723726] (-) TimerEvent: {}
[57.828003] (-) TimerEvent: {}
[57.930416] (-) TimerEvent: {}
[58.035510] (-) TimerEvent: {}
[58.138252] (-) TimerEvent: {}
[58.241392] (-) TimerEvent: {}
[58.346535] (-) TimerEvent: {}
[58.449270] (-) TimerEvent: {}
[58.553985] (-) TimerEvent: {}
[58.666455] (-) TimerEvent: {}
[58.770357] (-) TimerEvent: {}
[58.879335] (-) TimerEvent: {}
[58.984824] (-) TimerEvent: {}
[59.088427] (-) TimerEvent: {}
[59.195590] (-) TimerEvent: {}
[59.298122] (-) TimerEvent: {}
[59.411870] (-) TimerEvent: {}
[59.514257] (-) TimerEvent: {}
[59.623790] (-) TimerEvent: {}
[59.729334] (-) TimerEvent: {}
[59.834358] (-) TimerEvent: {}
[59.946617] (-) TimerEvent: {}
[60.052350] (-) TimerEvent: {}
[60.161973] (-) TimerEvent: {}
[60.264288] (-) TimerEvent: {}
[60.369814] (-) TimerEvent: {}
[60.470974] (-) TimerEvent: {}
[60.572184] (-) TimerEvent: {}
[60.673647] (-) TimerEvent: {}
[60.778548] (-) TimerEvent: {}
[60.879660] (-) TimerEvent: {}
[60.981220] (-) TimerEvent: {}
[61.082254] (-) TimerEvent: {}
[61.183282] (-) TimerEvent: {}
[61.286035] (-) TimerEvent: {}
[61.387361] (-) TimerEvent: {}
[61.488310] (-) TimerEvent: {}
[61.547883] (avs_perception) StdoutLine: {'line': b'[ 75%] \x1b[32m\x1b[1mLinking CXX executable video_test_node\x1b[0m\n'}
[61.588564] (-) TimerEvent: {}
[61.689556] (-) TimerEvent: {}
[61.790379] (-) TimerEvent: {}
[61.891275] (-) TimerEvent: {}
[61.992085] (-) TimerEvent: {}
[62.092874] (-) TimerEvent: {}
[62.193843] (-) TimerEvent: {}
[62.294722] (-) TimerEvent: {}
[62.395563] (-) TimerEvent: {}
[62.496760] (-) TimerEvent: {}
[62.597767] (-) TimerEvent: {}
[62.699784] (-) TimerEvent: {}
[62.801296] (-) TimerEvent: {}
[62.902323] (-) TimerEvent: {}
[63.003374] (-) TimerEvent: {}
[63.104468] (-) TimerEvent: {}
[63.205492] (-) TimerEvent: {}
[63.306552] (-) TimerEvent: {}
[63.394621] (avs_perception) StdoutLine: {'line': b'[ 75%] Built target video_test_node\n'}
[63.406792] (-) TimerEvent: {}
[63.507834] (-) TimerEvent: {}
[63.608947] (-) TimerEvent: {}
[63.709856] (-) TimerEvent: {}
[63.810623] (-) TimerEvent: {}
[63.911439] (-) TimerEvent: {}
[64.012450] (-) TimerEvent: {}
[64.113398] (-) TimerEvent: {}
[64.214426] (-) TimerEvent: {}
[64.315393] (-) TimerEvent: {}
[64.416382] (-) TimerEvent: {}
[64.517380] (-) TimerEvent: {}
[64.618315] (-) TimerEvent: {}
[64.720438] (-) TimerEvent: {}
[64.821378] (-) TimerEvent: {}
[64.922346] (-) TimerEvent: {}
[65.023249] (-) TimerEvent: {}
[65.124166] (-) TimerEvent: {}
[65.225139] (-) TimerEvent: {}
[65.326642] (-) TimerEvent: {}
[65.427605] (-) TimerEvent: {}
[65.528652] (-) TimerEvent: {}
[65.629627] (-) TimerEvent: {}
[65.730622] (-) TimerEvent: {}
[65.831687] (-) TimerEvent: {}
[65.932714] (-) TimerEvent: {}
[66.033674] (-) TimerEvent: {}
[66.135006] (-) TimerEvent: {}
[66.239357] (-) TimerEvent: {}
[66.342001] (-) TimerEvent: {}
[66.446253] (-) TimerEvent: {}
[66.548558] (-) TimerEvent: {}
[66.650804] (-) TimerEvent: {}
[66.753237] (-) TimerEvent: {}
[66.855800] (-) TimerEvent: {}
[66.960245] (-) TimerEvent: {}
[67.062349] (-) TimerEvent: {}
[67.164597] (-) TimerEvent: {}
[67.267206] (-) TimerEvent: {}
[67.369656] (-) TimerEvent: {}
[67.472381] (-) TimerEvent: {}
[67.575390] (-) TimerEvent: {}
[67.677861] (-) TimerEvent: {}
[67.780292] (-) TimerEvent: {}
[67.882828] (-) TimerEvent: {}
[67.985771] (-) TimerEvent: {}
[68.088383] (-) TimerEvent: {}
[68.193856] (-) TimerEvent: {}
[68.296758] (-) TimerEvent: {}
[68.402723] (-) TimerEvent: {}
[68.505630] (-) TimerEvent: {}
[68.608706] (-) TimerEvent: {}
[68.711576] (-) TimerEvent: {}
[68.818429] (-) TimerEvent: {}
[68.922877] (-) TimerEvent: {}
[69.025439] (-) TimerEvent: {}
[69.134395] (-) TimerEvent: {}
[69.242195] (-) TimerEvent: {}
[69.345285] (-) TimerEvent: {}
[69.448359] (-) TimerEvent: {}
[69.551434] (-) TimerEvent: {}
[69.658175] (-) TimerEvent: {}
[69.768052] (-) TimerEvent: {}
[69.875513] (-) TimerEvent: {}
[69.983374] (-) TimerEvent: {}
[70.091893] (-) TimerEvent: {}
[70.194411] (-) TimerEvent: {}
[70.298448] (-) TimerEvent: {}
[70.403035] (-) TimerEvent: {}
[70.505424] (-) TimerEvent: {}
[70.607710] (-) TimerEvent: {}
[70.710615] (-) TimerEvent: {}
[70.815994] (-) TimerEvent: {}
[70.918994] (-) TimerEvent: {}
[71.021522] (-) TimerEvent: {}
[71.124403] (-) TimerEvent: {}
[71.226882] (-) TimerEvent: {}
[71.329367] (-) TimerEvent: {}
[71.431631] (-) TimerEvent: {}
[71.534645] (-) TimerEvent: {}
[71.638198] (-) TimerEvent: {}
[71.742511] (-) TimerEvent: {}
[71.845143] (-) TimerEvent: {}
[71.957718] (-) TimerEvent: {}
[72.065759] (-) TimerEvent: {}
[72.168323] (-) TimerEvent: {}
[72.274438] (-) TimerEvent: {}
[72.378398] (-) TimerEvent: {}
[72.481991] (-) TimerEvent: {}
[72.589704] (-) TimerEvent: {}
[72.695333] (-) TimerEvent: {}
[72.800378] (-) TimerEvent: {}
[72.905363] (-) TimerEvent: {}
[73.008333] (-) TimerEvent: {}
[73.114361] (-) TimerEvent: {}
[73.219156] (-) TimerEvent: {}
[73.331491] (-) TimerEvent: {}
[73.435872] (-) TimerEvent: {}
[73.553515] (-) TimerEvent: {}
[73.661515] (-) TimerEvent: {}
[73.768393] (-) TimerEvent: {}
[73.876976] (-) TimerEvent: {}
[73.989550] (-) TimerEvent: {}
[74.100782] (-) TimerEvent: {}
[74.210395] (-) TimerEvent: {}
[74.322394] (-) TimerEvent: {}
[74.424987] (-) TimerEvent: {}
[74.527490] (-) TimerEvent: {}
[74.632371] (-) TimerEvent: {}
[74.734591] (-) TimerEvent: {}
[74.839131] (-) TimerEvent: {}
[74.944400] (-) TimerEvent: {}
[75.047193] (-) TimerEvent: {}
[75.159384] (-) TimerEvent: {}
[75.271200] (-) TimerEvent: {}
[75.380371] (-) TimerEvent: {}
[75.487173] (-) TimerEvent: {}
[75.597019] (-) TimerEvent: {}
[75.699430] (-) TimerEvent: {}
[75.806459] (-) TimerEvent: {}
[75.913985] (-) TimerEvent: {}
[76.016738] (-) TimerEvent: {}
[76.121029] (-) TimerEvent: {}
[76.229357] (-) TimerEvent: {}
[76.335375] (-) TimerEvent: {}
[76.441906] (-) TimerEvent: {}
[76.544598] (-) TimerEvent: {}
[76.646800] (-) TimerEvent: {}
[76.749427] (-) TimerEvent: {}
[76.854412] (-) TimerEvent: {}
[76.975330] (-) TimerEvent: {}
[77.088369] (-) TimerEvent: {}
[77.191460] (-) TimerEvent: {}
[77.294017] (-) TimerEvent: {}
[77.396178] (-) TimerEvent: {}
[77.498443] (-) TimerEvent: {}
[77.601142] (-) TimerEvent: {}
[77.703703] (-) TimerEvent: {}
[77.831270] (-) TimerEvent: {}
[77.938710] (-) TimerEvent: {}
[78.041697] (-) TimerEvent: {}
[78.145344] (-) TimerEvent: {}
[78.248010] (-) TimerEvent: {}
[78.351391] (-) TimerEvent: {}
[78.454310] (-) TimerEvent: {}
[78.556596] (-) TimerEvent: {}
[78.659388] (-) TimerEvent: {}
[78.761680] (-) TimerEvent: {}
[78.864388] (-) TimerEvent: {}
[78.966697] (-) TimerEvent: {}
[79.069222] (-) TimerEvent: {}
[79.172125] (-) TimerEvent: {}
[79.274811] (-) TimerEvent: {}
[79.380427] (-) TimerEvent: {}
[79.483019] (-) TimerEvent: {}
[79.586809] (-) TimerEvent: {}
[79.688845] (-) TimerEvent: {}
[79.791084] (-) TimerEvent: {}
[79.898388] (-) TimerEvent: {}
[80.004514] (-) TimerEvent: {}
[80.107267] (-) TimerEvent: {}
[80.209756] (-) TimerEvent: {}
[80.312357] (-) TimerEvent: {}
[80.415730] (-) TimerEvent: {}
[80.520490] (-) TimerEvent: {}
[80.623045] (-) TimerEvent: {}
[80.727425] (-) TimerEvent: {}
[80.829995] (-) TimerEvent: {}
[80.932463] (-) TimerEvent: {}
[81.035055] (-) TimerEvent: {}
[81.137814] (-) TimerEvent: {}
[81.240436] (-) TimerEvent: {}
[81.342828] (-) TimerEvent: {}
[81.445520] (-) TimerEvent: {}
[81.547730] (-) TimerEvent: {}
[81.650243] (-) TimerEvent: {}
[81.752843] (-) TimerEvent: {}
[81.855381] (-) TimerEvent: {}
[81.957850] (-) TimerEvent: {}
[82.060284] (-) TimerEvent: {}
[82.162399] (-) TimerEvent: {}
[82.264835] (-) TimerEvent: {}
[82.367243] (-) TimerEvent: {}
[82.469818] (-) TimerEvent: {}
[82.572423] (-) TimerEvent: {}
[82.675251] (-) TimerEvent: {}
[82.777716] (-) TimerEvent: {}
[82.880243] (-) TimerEvent: {}
[82.982868] (-) TimerEvent: {}
[83.087403] (-) TimerEvent: {}
[83.191512] (-) TimerEvent: {}
[83.299098] (-) TimerEvent: {}
[83.401390] (-) TimerEvent: {}
[83.504201] (-) TimerEvent: {}
[83.607977] (-) TimerEvent: {}
[83.710494] (-) TimerEvent: {}
[83.819458] (-) TimerEvent: {}
[83.922373] (-) TimerEvent: {}
[84.025090] (-) TimerEvent: {}
[84.127684] (-) TimerEvent: {}
[84.230446] (-) TimerEvent: {}
[84.333437] (-) TimerEvent: {}
[84.443153] (-) TimerEvent: {}
[84.545741] (-) TimerEvent: {}
[84.648201] (-) TimerEvent: {}
[84.750700] (-) TimerEvent: {}
[84.853464] (-) TimerEvent: {}
[84.956250] (-) TimerEvent: {}
[85.058760] (-) TimerEvent: {}
[85.161402] (-) TimerEvent: {}
[85.264060] (-) TimerEvent: {}
[85.366608] (-) TimerEvent: {}
[85.469165] (-) TimerEvent: {}
[85.572632] (-) TimerEvent: {}
[85.675287] (-) TimerEvent: {}
[85.778018] (-) TimerEvent: {}
[85.882214] (-) TimerEvent: {}
[85.992371] (-) TimerEvent: {}
[86.098644] (-) TimerEvent: {}
[86.206540] (-) TimerEvent: {}
[86.314416] (-) TimerEvent: {}
[86.417120] (-) TimerEvent: {}
[86.526269] (-) TimerEvent: {}
[86.629095] (-) TimerEvent: {}
[86.731692] (-) TimerEvent: {}
[86.838817] (-) TimerEvent: {}
[86.941299] (-) TimerEvent: {}
[87.046114] (-) TimerEvent: {}
[87.148322] (-) TimerEvent: {}
[87.250719] (-) TimerEvent: {}
[87.353086] (-) TimerEvent: {}
[87.455379] (-) TimerEvent: {}
[87.558130] (-) TimerEvent: {}
[87.661705] (-) TimerEvent: {}
[87.766018] (-) TimerEvent: {}
[87.869048] (-) TimerEvent: {}
[87.976091] (-) TimerEvent: {}
[88.085492] (-) TimerEvent: {}
[88.188162] (-) TimerEvent: {}
[88.291198] (-) TimerEvent: {}
[88.395410] (-) TimerEvent: {}
[88.498017] (-) TimerEvent: {}
[88.601053] (-) TimerEvent: {}
[88.703608] (-) TimerEvent: {}
[88.806145] (-) TimerEvent: {}
[88.911394] (-) TimerEvent: {}
[89.013843] (-) TimerEvent: {}
[89.116364] (-) TimerEvent: {}
[89.219045] (-) TimerEvent: {}
[89.321488] (-) TimerEvent: {}
[89.427373] (-) TimerEvent: {}
[89.529800] (-) TimerEvent: {}
[89.632225] (-) TimerEvent: {}
[89.734738] (-) TimerEvent: {}
[89.837424] (-) TimerEvent: {}
[89.944733] (-) TimerEvent: {}
[90.047820] (-) TimerEvent: {}
[90.153714] (-) TimerEvent: {}
[90.255873] (-) TimerEvent: {}
[90.358274] (-) TimerEvent: {}
[90.460791] (-) TimerEvent: {}
[90.563517] (-) TimerEvent: {}
[90.666614] (-) TimerEvent: {}
[90.769070] (-) TimerEvent: {}
[90.871594] (-) TimerEvent: {}
[90.974203] (-) TimerEvent: {}
[91.076886] (-) TimerEvent: {}
[91.181513] (-) TimerEvent: {}
[91.284053] (-) TimerEvent: {}
[91.386425] (-) TimerEvent: {}
[91.492655] (-) TimerEvent: {}
[91.595003] (-) TimerEvent: {}
[91.697256] (-) TimerEvent: {}
[91.799546] (-) TimerEvent: {}
[91.901872] (-) TimerEvent: {}
[92.004388] (-) TimerEvent: {}
[92.106807] (-) TimerEvent: {}
[92.209398] (-) TimerEvent: {}
[92.311714] (-) TimerEvent: {}
[92.414275] (-) TimerEvent: {}
[92.516710] (-) TimerEvent: {}
[92.619327] (-) TimerEvent: {}
[92.721695] (-) TimerEvent: {}
[92.824025] (-) TimerEvent: {}
[92.926591] (-) TimerEvent: {}
[93.029196] (-) TimerEvent: {}
[93.131307] (-) TimerEvent: {}
[93.233764] (-) TimerEvent: {}
[93.336470] (-) TimerEvent: {}
[93.439649] (-) TimerEvent: {}
[93.543240] (-) TimerEvent: {}
[93.645566] (-) TimerEvent: {}
[93.748019] (-) TimerEvent: {}
[93.850342] (-) TimerEvent: {}
[93.952549] (-) TimerEvent: {}
[94.057470] (-) TimerEvent: {}
[94.160058] (-) TimerEvent: {}
[94.262488] (-) TimerEvent: {}
[94.365041] (-) TimerEvent: {}
[94.467493] (-) TimerEvent: {}
[94.575428] (-) TimerEvent: {}
[94.680097] (-) TimerEvent: {}
[94.782515] (-) TimerEvent: {}
[94.884888] (-) TimerEvent: {}
[94.987197] (-) TimerEvent: {}
[95.089402] (-) TimerEvent: {}
[95.191327] (-) TimerEvent: {}
[95.293768] (-) TimerEvent: {}
[95.394763] (-) TimerEvent: {}
[95.495667] (-) TimerEvent: {}
[95.596534] (-) TimerEvent: {}
[95.697460] (-) TimerEvent: {}
[95.798435] (-) TimerEvent: {}
[95.900123] (-) TimerEvent: {}
[96.001133] (-) TimerEvent: {}
[96.102161] (-) TimerEvent: {}
[96.203148] (-) TimerEvent: {}
[96.304112] (-) TimerEvent: {}
[96.405087] (-) TimerEvent: {}
[96.506105] (-) TimerEvent: {}
[96.608515] (-) TimerEvent: {}
[96.712147] (-) TimerEvent: {}
[96.813365] (-) TimerEvent: {}
[96.917129] (-) TimerEvent: {}
[97.018343] (-) TimerEvent: {}
[97.126879] (-) TimerEvent: {}
[97.227894] (-) TimerEvent: {}
[97.330136] (-) TimerEvent: {}
[97.431159] (-) TimerEvent: {}
[97.532134] (-) TimerEvent: {}
[97.633135] (-) TimerEvent: {}
[97.734334] (-) TimerEvent: {}
[97.835952] (-) TimerEvent: {}
[97.937327] (-) TimerEvent: {}
[98.038309] (-) TimerEvent: {}
[98.139305] (-) TimerEvent: {}
[98.240307] (-) TimerEvent: {}
[98.341562] (-) TimerEvent: {}
[98.443365] (-) TimerEvent: {}
[98.544357] (-) TimerEvent: {}
[98.645468] (-) TimerEvent: {}
[98.746402] (-) TimerEvent: {}
[98.847190] (-) TimerEvent: {}
[98.948079] (-) TimerEvent: {}
[99.049026] (-) TimerEvent: {}
[99.150042] (-) TimerEvent: {}
[99.251066] (-) TimerEvent: {}
[99.352143] (-) TimerEvent: {}
[99.453128] (-) TimerEvent: {}
[99.554702] (-) TimerEvent: {}
[99.655722] (-) TimerEvent: {}
[99.756739] (-) TimerEvent: {}
[99.857850] (-) TimerEvent: {}
[99.958860] (-) TimerEvent: {}
[100.059903] (-) TimerEvent: {}
[100.160903] (-) TimerEvent: {}
[100.262410] (-) TimerEvent: {}
[100.363843] (-) TimerEvent: {}
[100.466307] (-) TimerEvent: {}
[100.567362] (-) TimerEvent: {}
[100.668407] (-) TimerEvent: {}
[100.769636] (-) TimerEvent: {}
[100.870705] (-) TimerEvent: {}
[100.973205] (-) TimerEvent: {}
[101.075831] (-) TimerEvent: {}
[101.181183] (-) TimerEvent: {}
[101.283689] (-) TimerEvent: {}
[101.389403] (-) TimerEvent: {}
[101.492053] (-) TimerEvent: {}
[101.594232] (-) TimerEvent: {}
[101.701772] (-) TimerEvent: {}
[101.810706] (-) TimerEvent: {}
[101.912841] (-) TimerEvent: {}
[102.015177] (-) TimerEvent: {}
[102.117368] (-) TimerEvent: {}
[102.219535] (-) TimerEvent: {}
[102.321849] (-) TimerEvent: {}
[102.424526] (-) TimerEvent: {}
[102.526771] (-) TimerEvent: {}
[102.633006] (-) TimerEvent: {}
[102.735783] (-) TimerEvent: {}
[102.841393] (-) TimerEvent: {}
[102.943782] (-) TimerEvent: {}
[103.046149] (-) TimerEvent: {}
[103.148519] (-) TimerEvent: {}
[103.250845] (-) TimerEvent: {}
[103.352815] (-) TimerEvent: {}
[103.456397] (-) TimerEvent: {}
[103.559800] (-) TimerEvent: {}
[103.661995] (-) TimerEvent: {}
[103.764254] (-) TimerEvent: {}
[103.866344] (-) TimerEvent: {}
[103.969092] (-) TimerEvent: {}
[104.071601] (-) TimerEvent: {}
[104.173830] (-) TimerEvent: {}
[104.276218] (-) TimerEvent: {}
[104.381333] (-) TimerEvent: {}
[104.486814] (-) TimerEvent: {}
[104.590284] (-) TimerEvent: {}
[104.692415] (-) TimerEvent: {}
[104.798798] (-) TimerEvent: {}
[104.901513] (-) TimerEvent: {}
[105.004068] (-) TimerEvent: {}
[105.107335] (-) TimerEvent: {}
[105.211414] (-) TimerEvent: {}
[105.313839] (-) TimerEvent: {}
[105.416371] (-) TimerEvent: {}
[105.518638] (-) TimerEvent: {}
[105.621338] (-) TimerEvent: {}
[105.723669] (-) TimerEvent: {}
[105.827235] (-) TimerEvent: {}
[105.933843] (-) TimerEvent: {}
[106.037106] (-) TimerEvent: {}
[106.142422] (-) TimerEvent: {}
[106.245102] (-) TimerEvent: {}
[106.347662] (-) TimerEvent: {}
[106.450611] (-) TimerEvent: {}
[106.555377] (-) TimerEvent: {}
[106.658345] (-) TimerEvent: {}
[106.762181] (-) TimerEvent: {}
[106.863150] (-) TimerEvent: {}
[106.964101] (-) TimerEvent: {}
[107.065064] (-) TimerEvent: {}
[107.166059] (-) TimerEvent: {}
[107.266999] (-) TimerEvent: {}
[107.370246] (-) TimerEvent: {}
[107.471139] (-) TimerEvent: {}
[107.572039] (-) TimerEvent: {}
[107.672938] (-) TimerEvent: {}
[107.774545] (-) TimerEvent: {}
[107.875328] (-) TimerEvent: {}
[107.976171] (-) TimerEvent: {}
[108.077043] (-) TimerEvent: {}
[108.177976] (-) TimerEvent: {}
[108.278934] (-) TimerEvent: {}
[108.379828] (-) TimerEvent: {}
[108.480718] (-) TimerEvent: {}
[108.581669] (-) TimerEvent: {}
[108.682603] (-) TimerEvent: {}
[108.783560] (-) TimerEvent: {}
[108.884500] (-) TimerEvent: {}
[108.985529] (-) TimerEvent: {}
[109.086534] (-) TimerEvent: {}
[109.189004] (-) TimerEvent: {}
[109.289939] (-) TimerEvent: {}
[109.390863] (-) TimerEvent: {}
[109.493087] (-) TimerEvent: {}
[109.594059] (-) TimerEvent: {}
[109.694984] (-) TimerEvent: {}
[109.795888] (-) TimerEvent: {}
[109.896767] (-) TimerEvent: {}
[109.999108] (-) TimerEvent: {}
[110.099852] (-) TimerEvent: {}
[110.200725] (-) TimerEvent: {}
[110.301605] (-) TimerEvent: {}
[110.402696] (-) TimerEvent: {}
[110.504078] (-) TimerEvent: {}
[110.606245] (-) TimerEvent: {}
[110.707669] (-) TimerEvent: {}
[110.809930] (-) TimerEvent: {}
[110.910817] (-) TimerEvent: {}
[111.011645] (-) TimerEvent: {}
[111.112540] (-) TimerEvent: {}
[111.213436] (-) TimerEvent: {}
[111.314641] (-) TimerEvent: {}
[111.415529] (-) TimerEvent: {}
[111.516504] (-) TimerEvent: {}
[111.617377] (-) TimerEvent: {}
[111.718143] (-) TimerEvent: {}
[111.819036] (-) TimerEvent: {}
[111.920140] (-) TimerEvent: {}
[112.021133] (-) TimerEvent: {}
[112.122124] (-) TimerEvent: {}
[112.224148] (-) TimerEvent: {}
[112.326417] (-) TimerEvent: {}
[112.427384] (-) TimerEvent: {}
[112.529180] (-) TimerEvent: {}
[112.634046] (-) TimerEvent: {}
[112.736553] (-) TimerEvent: {}
[112.839056] (-) TimerEvent: {}
[112.945004] (-) TimerEvent: {}
[113.047506] (-) TimerEvent: {}
[113.149704] (-) TimerEvent: {}
[113.259373] (-) TimerEvent: {}
[113.362432] (-) TimerEvent: {}
[113.473638] (-) TimerEvent: {}
[113.580550] (-) TimerEvent: {}
[113.687319] (-) TimerEvent: {}
[113.799399] (-) TimerEvent: {}
[113.906239] (-) TimerEvent: {}
[114.010188] (-) TimerEvent: {}
[114.115375] (-) TimerEvent: {}
[114.217640] (-) TimerEvent: {}
[114.324835] (-) TimerEvent: {}
[114.432245] (-) TimerEvent: {}
[114.541290] (-) TimerEvent: {}
[114.649976] (-) TimerEvent: {}
[114.764822] (-) TimerEvent: {}
[114.869098] (-) TimerEvent: {}
[114.975248] (-) TimerEvent: {}
[115.079817] (-) TimerEvent: {}
[115.182206] (-) TimerEvent: {}
[115.287317] (-) TimerEvent: {}
[115.391312] (-) TimerEvent: {}
[115.496723] (-) TimerEvent: {}
[115.599436] (-) TimerEvent: {}
[115.706165] (-) TimerEvent: {}
[115.817295] (-) TimerEvent: {}
[115.921773] (-) TimerEvent: {}
[116.027416] (-) TimerEvent: {}
[116.132522] (-) TimerEvent: {}
[116.235301] (-) TimerEvent: {}
[116.343285] (-) TimerEvent: {}
[116.448806] (-) TimerEvent: {}
[116.553628] (-) TimerEvent: {}
[116.656133] (-) TimerEvent: {}
[116.772169] (-) TimerEvent: {}
[116.880273] (-) TimerEvent: {}
[116.994295] (-) TimerEvent: {}
[117.107516] (-) TimerEvent: {}
[117.210737] (-) TimerEvent: {}
[117.314355] (-) TimerEvent: {}
[117.422390] (-) TimerEvent: {}
[117.529824] (-) TimerEvent: {}
[117.635998] (-) TimerEvent: {}
[117.739546] (-) TimerEvent: {}
[117.841986] (-) TimerEvent: {}
[117.947417] (-) TimerEvent: {}
[118.050103] (-) TimerEvent: {}
[118.157036] (-) TimerEvent: {}
[118.265585] (-) TimerEvent: {}
[118.367727] (-) TimerEvent: {}
[118.468680] (-) TimerEvent: {}
[118.569631] (-) TimerEvent: {}
[118.670584] (-) TimerEvent: {}
[118.771532] (-) TimerEvent: {}
[118.872468] (-) TimerEvent: {}
[118.973420] (-) TimerEvent: {}
[119.074368] (-) TimerEvent: {}
[119.175327] (-) TimerEvent: {}
[119.276198] (-) TimerEvent: {}
[119.377047] (-) TimerEvent: {}
[119.477871] (-) TimerEvent: {}
[119.578776] (-) TimerEvent: {}
[119.679858] (-) TimerEvent: {}
[119.780822] (-) TimerEvent: {}
[119.881830] (-) TimerEvent: {}
[119.982796] (-) TimerEvent: {}
[120.083714] (-) TimerEvent: {}
[120.184652] (-) TimerEvent: {}
[120.285577] (-) TimerEvent: {}
[120.386512] (-) TimerEvent: {}
[120.487388] (-) TimerEvent: {}
[120.588198] (-) TimerEvent: {}
[120.689011] (-) TimerEvent: {}
[120.789883] (-) TimerEvent: {}
[120.890691] (-) TimerEvent: {}
[120.991674] (-) TimerEvent: {}
[121.092672] (-) TimerEvent: {}
[121.193653] (-) TimerEvent: {}
[121.295199] (-) TimerEvent: {}
[121.396363] (-) TimerEvent: {}
[121.497258] (-) TimerEvent: {}
[121.598208] (-) TimerEvent: {}
[121.699061] (-) TimerEvent: {}
[121.799929] (-) TimerEvent: {}
[121.900839] (-) TimerEvent: {}
[122.001779] (-) TimerEvent: {}
[122.102741] (-) TimerEvent: {}
[122.203686] (-) TimerEvent: {}
[122.304572] (-) TimerEvent: {}
[122.406515] (-) TimerEvent: {}
[122.507461] (-) TimerEvent: {}
[122.608372] (-) TimerEvent: {}
[122.709124] (-) TimerEvent: {}
[122.810004] (-) TimerEvent: {}
[122.910763] (-) TimerEvent: {}
[123.011609] (-) TimerEvent: {}
[123.112482] (-) TimerEvent: {}
[123.213580] (-) TimerEvent: {}
[123.314597] (-) TimerEvent: {}
[123.415654] (-) TimerEvent: {}
[123.516715] (-) TimerEvent: {}
[123.617693] (-) TimerEvent: {}
[123.718694] (-) TimerEvent: {}
[123.821241] (-) TimerEvent: {}
[123.924183] (-) TimerEvent: {}
[124.030533] (-) TimerEvent: {}
[124.135978] (-) TimerEvent: {}
[124.255546] (-) TimerEvent: {}
[124.385832] (-) TimerEvent: {}
[124.492830] (-) TimerEvent: {}
[124.595740] (-) TimerEvent: {}
[124.701044] (-) TimerEvent: {}
[124.812361] (-) TimerEvent: {}
[124.922352] (-) TimerEvent: {}
[125.027413] (-) TimerEvent: {}
[125.137086] (-) TimerEvent: {}
[125.240014] (-) TimerEvent: {}
[125.342664] (-) TimerEvent: {}
[125.445208] (-) TimerEvent: {}
[125.548190] (-) TimerEvent: {}
[125.650614] (-) TimerEvent: {}
[125.752693] (-) TimerEvent: {}
[125.855864] (-) TimerEvent: {}
[125.958354] (-) TimerEvent: {}
[126.060643] (-) TimerEvent: {}
[126.162815] (-) TimerEvent: {}
[126.265109] (-) TimerEvent: {}
[126.367427] (-) TimerEvent: {}
[126.469800] (-) TimerEvent: {}
[126.572150] (-) TimerEvent: {}
[126.678457] (-) TimerEvent: {}
[126.780662] (-) TimerEvent: {}
[126.882897] (-) TimerEvent: {}
[126.985038] (-) TimerEvent: {}
[127.089337] (-) TimerEvent: {}
[127.196665] (-) TimerEvent: {}
[127.302979] (-) TimerEvent: {}
[127.405671] (-) TimerEvent: {}
[127.507884] (-) TimerEvent: {}
[127.610267] (-) TimerEvent: {}
[127.712352] (-) TimerEvent: {}
[127.814532] (-) TimerEvent: {}
[127.918124] (-) TimerEvent: {}
[128.022535] (-) TimerEvent: {}
[128.127402] (-) TimerEvent: {}
[128.231860] (-) TimerEvent: {}
[128.334249] (-) TimerEvent: {}
[128.436888] (-) TimerEvent: {}
[128.539394] (-) TimerEvent: {}
[128.641711] (-) TimerEvent: {}
[128.743873] (-) TimerEvent: {}
[128.845758] (-) TimerEvent: {}
[128.947516] (-) TimerEvent: {}
[129.052905] (-) TimerEvent: {}
[129.155321] (-) TimerEvent: {}
[129.257985] (-) TimerEvent: {}
[129.360282] (-) TimerEvent: {}
[129.462486] (-) TimerEvent: {}
[129.564816] (-) TimerEvent: {}
[129.667222] (-) TimerEvent: {}
[129.769439] (-) TimerEvent: {}
[129.871875] (-) TimerEvent: {}
[129.974306] (-) TimerEvent: {}
[130.075267] (-) TimerEvent: {}
[130.176297] (-) TimerEvent: {}
[130.277150] (-) TimerEvent: {}
[130.378164] (-) TimerEvent: {}
[130.479044] (-) TimerEvent: {}
[130.579841] (-) TimerEvent: {}
[130.680710] (-) TimerEvent: {}
[130.781546] (-) TimerEvent: {}
[130.882401] (-) TimerEvent: {}
[130.983337] (-) TimerEvent: {}
[131.084232] (-) TimerEvent: {}
[131.185129] (-) TimerEvent: {}
[131.286320] (-) TimerEvent: {}
[131.392142] (-) TimerEvent: {}
[131.493467] (-) TimerEvent: {}
[131.594356] (-) TimerEvent: {}
[131.695255] (-) TimerEvent: {}
[131.796132] (-) TimerEvent: {}
[131.897118] (-) TimerEvent: {}
[131.998009] (-) TimerEvent: {}
[132.098841] (-) TimerEvent: {}
[132.199727] (-) TimerEvent: {}
[132.300722] (-) TimerEvent: {}
[132.402947] (-) TimerEvent: {}
[132.503983] (-) TimerEvent: {}
[132.607140] (-) TimerEvent: {}
[132.708139] (-) TimerEvent: {}
[132.809313] (-) TimerEvent: {}
[132.910302] (-) TimerEvent: {}
[133.011211] (-) TimerEvent: {}
[133.112386] (-) TimerEvent: {}
[133.213364] (-) TimerEvent: {}
[133.314510] (-) TimerEvent: {}
[133.415781] (-) TimerEvent: {}
[133.516738] (-) TimerEvent: {}
[133.617718] (-) TimerEvent: {}
[133.718606] (-) TimerEvent: {}
[133.819665] (-) TimerEvent: {}
[133.921021] (-) TimerEvent: {}
[134.021751] (-) TimerEvent: {}
[134.122453] (-) TimerEvent: {}
[134.223211] (-) TimerEvent: {}
[134.323956] (-) TimerEvent: {}
[134.424740] (-) TimerEvent: {}
[134.525724] (-) TimerEvent: {}
[134.626700] (-) TimerEvent: {}
[134.727728] (-) TimerEvent: {}
[134.828696] (-) TimerEvent: {}
[134.929675] (-) TimerEvent: {}
[135.030633] (-) TimerEvent: {}
[135.131706] (-) TimerEvent: {}
[135.232698] (-) TimerEvent: {}
[135.333672] (-) TimerEvent: {}
[135.434646] (-) TimerEvent: {}
[135.535601] (-) TimerEvent: {}
[135.638124] (-) TimerEvent: {}
[135.739128] (-) TimerEvent: {}
[135.840491] (-) TimerEvent: {}
[135.941427] (-) TimerEvent: {}
[136.042324] (-) TimerEvent: {}
[136.143210] (-) TimerEvent: {}
[136.244101] (-) TimerEvent: {}
[136.322127] (avs_perception) StdoutLine: {'line': b'[ 83%] \x1b[32m\x1b[1mLinking CXX executable ncnn_inference_node\x1b[0m\n'}
[136.344357] (-) TimerEvent: {}
[136.445378] (-) TimerEvent: {}
[136.546421] (-) TimerEvent: {}
[136.647478] (-) TimerEvent: {}
[136.748518] (-) TimerEvent: {}
[136.849496] (-) TimerEvent: {}
[136.950495] (-) TimerEvent: {}
[137.051464] (-) TimerEvent: {}
[137.152341] (-) TimerEvent: {}
[137.253313] (-) TimerEvent: {}
[137.354268] (-) TimerEvent: {}
[137.456143] (-) TimerEvent: {}
[137.557085] (-) TimerEvent: {}
[137.658034] (-) TimerEvent: {}
[137.758825] (-) TimerEvent: {}
[137.859702] (-) TimerEvent: {}
[137.960655] (-) TimerEvent: {}
[138.061558] (-) TimerEvent: {}
[138.162504] (-) TimerEvent: {}
[138.263354] (-) TimerEvent: {}
[138.364217] (-) TimerEvent: {}
[138.465160] (-) TimerEvent: {}
[138.566244] (-) TimerEvent: {}
[138.647299] (avs_perception) StdoutLine: {'line': b'[ 83%] Built target ncnn_inference_node\n'}
[138.666380] (-) TimerEvent: {}
[138.767779] (-) TimerEvent: {}
[138.870887] (-) TimerEvent: {}
[138.975253] (-) TimerEvent: {}
[139.077794] (-) TimerEvent: {}
[139.180158] (-) TimerEvent: {}
[139.282370] (-) TimerEvent: {}
[139.384841] (-) TimerEvent: {}
[139.487131] (-) TimerEvent: {}
[139.589323] (-) TimerEvent: {}
[139.691520] (-) TimerEvent: {}
[139.793900] (-) TimerEvent: {}
[139.899164] (-) TimerEvent: {}
[140.001523] (-) TimerEvent: {}
[140.104045] (-) TimerEvent: {}
[140.206167] (-) TimerEvent: {}
[140.310820] (-) TimerEvent: {}
[140.413186] (-) TimerEvent: {}
[140.515503] (-) TimerEvent: {}
[140.618073] (-) TimerEvent: {}
[140.720278] (-) TimerEvent: {}
[140.822533] (-) TimerEvent: {}
[140.925439] (-) TimerEvent: {}
[141.027903] (-) TimerEvent: {}
[141.130481] (-) TimerEvent: {}
[141.234470] (-) TimerEvent: {}
[141.336326] (-) TimerEvent: {}
[141.439331] (-) TimerEvent: {}
[141.541816] (-) TimerEvent: {}
[141.644724] (-) TimerEvent: {}
[141.748489] (-) TimerEvent: {}
[141.851768] (-) TimerEvent: {}
[141.953893] (-) TimerEvent: {}
[142.056512] (-) TimerEvent: {}
[142.158981] (-) TimerEvent: {}
[142.261618] (-) TimerEvent: {}
[142.364223] (-) TimerEvent: {}
[142.466526] (-) TimerEvent: {}
[142.568718] (-) TimerEvent: {}
[142.672314] (-) TimerEvent: {}
[142.774647] (-) TimerEvent: {}
[142.877127] (-) TimerEvent: {}
[142.979551] (-) TimerEvent: {}
[143.081769] (-) TimerEvent: {}
[143.184006] (-) TimerEvent: {}
[143.286085] (-) TimerEvent: {}
[143.388235] (-) TimerEvent: {}
[143.490740] (-) TimerEvent: {}
[143.593272] (-) TimerEvent: {}
[143.695815] (-) TimerEvent: {}
[143.798255] (-) TimerEvent: {}
[143.900473] (-) TimerEvent: {}
[144.003749] (-) TimerEvent: {}
[144.106034] (-) TimerEvent: {}
[144.208326] (-) TimerEvent: {}
[144.310789] (-) TimerEvent: {}
[144.413570] (-) TimerEvent: {}
[144.515992] (-) TimerEvent: {}
[144.616839] (-) TimerEvent: {}
[144.717700] (-) TimerEvent: {}
[144.818659] (-) TimerEvent: {}
[144.919503] (-) TimerEvent: {}
[145.020465] (-) TimerEvent: {}
[145.121423] (-) TimerEvent: {}
[145.222311] (-) TimerEvent: {}
[145.323108] (-) TimerEvent: {}
[145.423964] (-) TimerEvent: {}
[145.524832] (-) TimerEvent: {}
[145.626175] (-) TimerEvent: {}
[145.727127] (-) TimerEvent: {}
[145.828075] (-) TimerEvent: {}
[145.929008] (-) TimerEvent: {}
[146.030006] (-) TimerEvent: {}
[146.130936] (-) TimerEvent: {}
[146.231769] (-) TimerEvent: {}
[146.332657] (-) TimerEvent: {}
[146.433764] (-) TimerEvent: {}
[146.471633] (avs_perception) StdoutLine: {'line': b'[ 91%] \x1b[32m\x1b[1mLinking CXX executable control_node\x1b[0m\n'}
[146.534019] (-) TimerEvent: {}
[146.638344] (-) TimerEvent: {}
[146.740408] (-) TimerEvent: {}
[146.844945] (-) TimerEvent: {}
[146.946002] (-) TimerEvent: {}
[147.053871] (-) TimerEvent: {}
[147.154787] (-) TimerEvent: {}
[147.255570] (-) TimerEvent: {}
[147.257032] (avs_perception) StdoutLine: {'line': b'[ 91%] Built target control_node\n'}
[147.355761] (-) TimerEvent: {}
[147.456522] (-) TimerEvent: {}
[147.557292] (-) TimerEvent: {}
[147.658052] (-) TimerEvent: {}
[147.758885] (-) TimerEvent: {}
[147.859662] (-) TimerEvent: {}
[147.960432] (-) TimerEvent: {}
[148.061360] (-) TimerEvent: {}
[148.162095] (-) TimerEvent: {}
[148.262894] (-) TimerEvent: {}
[148.363823] (-) TimerEvent: {}
[148.464812] (-) TimerEvent: {}
[148.565781] (-) TimerEvent: {}
[148.666748] (-) TimerEvent: {}
[148.767705] (-) TimerEvent: {}
[148.868485] (-) TimerEvent: {}
[148.969289] (-) TimerEvent: {}
[149.070066] (-) TimerEvent: {}
[149.170820] (-) TimerEvent: {}
[149.271638] (-) TimerEvent: {}
[149.372622] (-) TimerEvent: {}
[149.473614] (-) TimerEvent: {}
[149.574602] (-) TimerEvent: {}
[149.675588] (-) TimerEvent: {}
[149.776632] (-) TimerEvent: {}
[149.877659] (-) TimerEvent: {}
[149.978794] (-) TimerEvent: {}
[150.079743] (-) TimerEvent: {}
[150.180665] (-) TimerEvent: {}
[150.281562] (-) TimerEvent: {}
[150.382806] (-) TimerEvent: {}
[150.485449] (-) TimerEvent: {}
[150.587571] (-) TimerEvent: {}
[150.689666] (-) TimerEvent: {}
[150.791775] (-) TimerEvent: {}
[150.893853] (-) TimerEvent: {}
[150.998499] (-) TimerEvent: {}
[151.101021] (-) TimerEvent: {}
[151.203343] (-) TimerEvent: {}
[151.305633] (-) TimerEvent: {}
[151.407742] (-) TimerEvent: {}
[151.509789] (-) TimerEvent: {}
[151.613353] (-) TimerEvent: {}
[151.716352] (-) TimerEvent: {}
[151.818800] (-) TimerEvent: {}
[151.922151] (-) TimerEvent: {}
[152.024591] (-) TimerEvent: {}
[152.127063] (-) TimerEvent: {}
[152.231987] (-) TimerEvent: {}
[152.334273] (-) TimerEvent: {}
[152.436418] (-) TimerEvent: {}
[152.538462] (-) TimerEvent: {}
[152.640585] (-) TimerEvent: {}
[152.742819] (-) TimerEvent: {}
[152.844992] (-) TimerEvent: {}
[152.947332] (-) TimerEvent: {}
[153.049683] (-) TimerEvent: {}
[153.152402] (-) TimerEvent: {}
[153.256501] (-) TimerEvent: {}
[153.358679] (-) TimerEvent: {}
[153.462206] (-) TimerEvent: {}
[153.564708] (-) TimerEvent: {}
[153.668152] (-) TimerEvent: {}
[153.770897] (-) TimerEvent: {}
[153.873178] (-) TimerEvent: {}
[153.975558] (-) TimerEvent: {}
[154.077813] (-) TimerEvent: {}
[154.179906] (-) TimerEvent: {}
[154.282075] (-) TimerEvent: {}
[154.384209] (-) TimerEvent: {}
[154.488202] (-) TimerEvent: {}
[154.590507] (-) TimerEvent: {}
[154.693114] (-) TimerEvent: {}
[154.795215] (-) TimerEvent: {}
[154.897361] (-) TimerEvent: {}
[154.999799] (-) TimerEvent: {}
[155.102139] (-) TimerEvent: {}
[155.204632] (-) TimerEvent: {}
[155.306789] (-) TimerEvent: {}
[155.409109] (-) TimerEvent: {}
[155.511388] (-) TimerEvent: {}
[155.615015] (-) TimerEvent: {}
[155.717350] (-) TimerEvent: {}
[155.820738] (-) TimerEvent: {}
[155.924003] (-) TimerEvent: {}
[156.030191] (-) TimerEvent: {}
[156.132317] (-) TimerEvent: {}
[156.234313] (-) TimerEvent: {}
[156.337105] (-) TimerEvent: {}
[156.440202] (-) TimerEvent: {}
[156.544299] (-) TimerEvent: {}
[156.647210] (-) TimerEvent: {}
[156.749473] (-) TimerEvent: {}
[156.852164] (-) TimerEvent: {}
[156.954225] (-) TimerEvent: {}
[157.057522] (-) TimerEvent: {}
[157.159739] (-) TimerEvent: {}
[157.261584] (-) TimerEvent: {}
[157.363978] (-) TimerEvent: {}
[157.466579] (-) TimerEvent: {}
[157.569213] (-) TimerEvent: {}
[157.673320] (-) TimerEvent: {}
[157.775796] (-) TimerEvent: {}
[157.878264] (-) TimerEvent: {}
[157.980576] (-) TimerEvent: {}
[158.083105] (-) TimerEvent: {}
[158.185040] (-) TimerEvent: {}
[158.287386] (-) TimerEvent: {}
[158.389681] (-) TimerEvent: {}
[158.491694] (-) TimerEvent: {}
[158.594167] (-) TimerEvent: {}
[158.696343] (-) TimerEvent: {}
[158.798686] (-) TimerEvent: {}
[158.901189] (-) TimerEvent: {}
[159.004354] (-) TimerEvent: {}
[159.106525] (-) TimerEvent: {}
[159.208664] (-) TimerEvent: {}
[159.311042] (-) TimerEvent: {}
[159.414055] (-) TimerEvent: {}
[159.516845] (-) TimerEvent: {}
[159.619495] (-) TimerEvent: {}
[159.722401] (-) TimerEvent: {}
[159.824829] (-) TimerEvent: {}
[159.927378] (-) TimerEvent: {}
[160.029777] (-) TimerEvent: {}
[160.132327] (-) TimerEvent: {}
[160.234679] (-) TimerEvent: {}
[160.337124] (-) TimerEvent: {}
[160.439657] (-) TimerEvent: {}
[160.542079] (-) TimerEvent: {}
[160.644358] (-) TimerEvent: {}
[160.746691] (-) TimerEvent: {}
[160.848785] (-) TimerEvent: {}
[160.951032] (-) TimerEvent: {}
[161.052985] (-) TimerEvent: {}
[161.155225] (-) TimerEvent: {}
[161.257665] (-) TimerEvent: {}
[161.360285] (-) TimerEvent: {}
[161.464159] (-) TimerEvent: {}
[161.566445] (-) TimerEvent: {}
[161.668528] (-) TimerEvent: {}
[161.770779] (-) TimerEvent: {}
[161.873149] (-) TimerEvent: {}
[161.975359] (-) TimerEvent: {}
[162.077851] (-) TimerEvent: {}
[162.180259] (-) TimerEvent: {}
[162.282378] (-) TimerEvent: {}
[162.387842] (-) TimerEvent: {}
[162.490124] (-) TimerEvent: {}
[162.592448] (-) TimerEvent: {}
[162.694642] (-) TimerEvent: {}
[162.796843] (-) TimerEvent: {}
[162.899230] (-) TimerEvent: {}
[163.001524] (-) TimerEvent: {}
[163.104389] (-) TimerEvent: {}
[163.206673] (-) TimerEvent: {}
[163.308867] (-) TimerEvent: {}
[163.411080] (-) TimerEvent: {}
[163.512055] (-) TimerEvent: {}
[163.612994] (-) TimerEvent: {}
[163.713903] (-) TimerEvent: {}
[163.814858] (-) TimerEvent: {}
[163.915798] (-) TimerEvent: {}
[164.016740] (-) TimerEvent: {}
[164.117561] (-) TimerEvent: {}
[164.218176] (-) TimerEvent: {}
[164.318656] (-) TimerEvent: {}
[164.418984] (-) TimerEvent: {}
[164.519315] (-) TimerEvent: {}
[164.619654] (-) TimerEvent: {}
[164.719989] (-) TimerEvent: {}
[164.820328] (-) TimerEvent: {}
[164.920658] (-) TimerEvent: {}
[165.020989] (-) TimerEvent: {}
[165.121334] (-) TimerEvent: {}
[165.222495] (-) TimerEvent: {}
[165.322829] (-) TimerEvent: {}
[165.423198] (-) TimerEvent: {}
[165.523564] (-) TimerEvent: {}
[165.623948] (-) TimerEvent: {}
[165.724283] (-) TimerEvent: {}
[165.824627] (-) TimerEvent: {}
[165.924993] (-) TimerEvent: {}
[166.025312] (-) TimerEvent: {}
[166.125697] (-) TimerEvent: {}
[166.225998] (-) TimerEvent: {}
[166.326330] (-) TimerEvent: {}
[166.426691] (-) TimerEvent: {}
[166.527046] (-) TimerEvent: {}
[166.627359] (-) TimerEvent: {}
[166.727653] (-) TimerEvent: {}
[166.827974] (-) TimerEvent: {}
[166.928331] (-) TimerEvent: {}
[167.028640] (-) TimerEvent: {}
[167.128978] (-) TimerEvent: {}
[167.229368] (-) TimerEvent: {}
[167.329704] (-) TimerEvent: {}
[167.430002] (-) TimerEvent: {}
[167.530333] (-) TimerEvent: {}
[167.630675] (-) TimerEvent: {}
[167.690332] (avs_perception) StdoutLine: {'line': b'[100%] \x1b[32m\x1b[1mLinking CXX executable ipm_transform_node\x1b[0m\n'}
[167.730803] (-) TimerEvent: {}
[167.831166] (-) TimerEvent: {}
[167.929125] (avs_perception) StdoutLine: {'line': b'[100%] Built target ipm_transform_node\n'}
[167.931251] (-) TimerEvent: {}
[167.940538] (avs_perception) CommandEnded: {'returncode': 0}
[167.941520] (avs_perception) JobProgress: {'identifier': 'avs_perception', 'progress': 'install'}
[167.949948] (avs_perception) Command: {'cmd': ['/usr/bin/cmake', '--install', '/home/goln/SimpleSysIDV/ros2_ws/build_user/avs_perception'], 'cwd': '/home/goln/SimpleSysIDV/ros2_ws/build_user/avs_perception', 'env': OrderedDict([('GJS_DEBUG_TOPICS', 'JS ERROR;JS LOG'), ('LESSOPEN', '| /usr/bin/lesspipe %s'), ('VSCODE_CWD', '/home/goln'), ('USER', 'goln'), ('LC_TIME', 'vi_VN'), ('VSCODE_NLS_CONFIG', '{"userLocale":"en-us","osLocale":"en-us","resolvedLanguage":"en","defaultMessagesFile":"/usr/share/antigravity/resources/app/out/nls.messages.json","locale":"en-us","availableLanguages":{}}'), ('XDG_SESSION_TYPE', 'x11'), ('SHLVL', '0'), ('LD_LIBRARY_PATH', '/home/goln/microros_ws/install/micro_ros_agent/lib:/home/goln/microros_ws/install/micro_ros_msgs/lib:/home/goln/JetbotRos2_ws/install/pkg_interfaces/lib:/usr/lib/x86_64-linux-gnu/gazebo-11/plugins:/opt/ros/humble/opt/rviz_ogre_vendor/lib:/opt/ros/humble/lib/x86_64-linux-gnu:/opt/ros/humble/lib'), ('HOME', '/home/goln'), ('CHROME_DESKTOP', 'antigravity.desktop'), ('DESKTOP_SESSION', 'ubuntu-xorg'), ('VSCODE_IPC_HOOK', '/run/user/1000/vscode-fd0059ab-1.10-main.sock'), ('GIO_LAUNCHED_DESKTOP_FILE', '/usr/share/applications/antigravity.desktop'), ('ROS_PYTHON_VERSION', '3'), ('GNOME_SHELL_SESSION_MODE', 'ubuntu'), ('GTK_MODULES', 'gail:atk-bridge'), ('PAGER', 'cat'), ('LC_MONETARY', 'vi_VN'), ('MANAGERPID', '1210'), ('SYSTEMD_EXEC_PID', '1770'), ('DBUS_SESSION_BUS_ADDRESS', 'unix:path=/run/user/1000/bus'), ('ANTIGRAVITY_AGENT', '1'), ('GIO_LAUNCHED_DESKTOP_FILE_PID', '2552'), ('IM_CONFIG_PHASE', '1'), ('COLCON_PREFIX_PATH', '/home/goln/microros_ws/install:/home/goln/JetbotRos2_ws/install'), ('ROS_DISTRO', 'humble'), ('GTK_IM_MODULE', 'fcitx'), ('LOGNAME', 'goln'), ('_', '/usr/bin/colcon'), ('JOURNAL_STREAM', '8:17530'), ('ROS_VERSION', '2'), ('XDG_SESSION_CLASS', 'user'), ('USERNAME', 'goln'), ('TERM', 'dumb'), ('GNOME_DESKTOP_SESSION_ID', 'this-is-deprecated'), ('FC_FONTATIONS', '1'), ('ROS_LOCALHOST_ONLY', '0'), ('WINDOWPATH', '2'), ('ANTIGRAVITY_EDITOR_APP_ROOT', '/usr/share/antigravity/resources/app'), ('PATH', '/home/goln/.local/bin:/opt/ros/humble/bin:/home/goln/.local/bin:/usr/local/sbin:/usr/local/bin:/usr/sbin:/usr/bin:/sbin:/bin:/usr/games:/usr/local/games:/snap/bin:/snap/bin'), ('SESSION_MANAGER', 'local/goln-Nitro-AN515-57:@/tmp/.ICE-unix/1688,unix/goln-Nitro-AN515-57:/tmp/.ICE-unix/1688'), ('INVOCATION_ID', 'eda6d092f97149f5a001ec23590f37b4'), ('XDG_MENU_PREFIX', 'gnome-'), ('LC_ADDRESS', 'vi_VN'), ('XDG_RUNTIME_DIR', '/run/user/1000'), ('GDK_BACKEND', 'x11'), ('DISPLAY', ':0'), ('LANG', 'en_US.UTF-8'), ('XDG_CURRENT_DESKTOP', 'ubuntu:GNOME'), ('LC_TELEPHONE', 'vi_VN'), ('XMODIFIERS', '@im=fcitx'), ('XDG_SESSION_DESKTOP', 'ubuntu-xorg'), ('XAUTHORITY', '/run/user/1000/gdm/Xauthority'), ('LS_COLORS', ''), ('SSH_AGENT_LAUNCHER', 'gnome-keyring'), ('SSH_AUTH_SOCK', '/run/user/1000/keyring/ssh'), ('AMENT_PREFIX_PATH', '/home/goln/microros_ws/install/micro_ros_setup:/home/goln/microros_ws/install/micro_ros_agent:/home/goln/microros_ws/install/micro_ros_msgs:/home/goln/JetbotRos2_ws/install/yolo_demo:/home/goln/JetbotRos2_ws/install/pkg_param:/home/goln/JetbotRos2_ws/install/pkg_action:/home/goln/JetbotRos2_ws/install/pkg_interfaces:/home/goln/JetbotRos2_ws/install/myrobot:/home/goln/JetbotRos2_ws/install/learn_launch:/opt/ros/humble'), ('SHELL', '/bin/bash'), ('LC_NAME', 'vi_VN'), ('QT_ACCESSIBILITY', '1'), ('GDMSESSION', 'ubuntu-xorg'), ('LESSCLOSE', '/usr/bin/lesspipe %s %s'), ('LC_MEASUREMENT', 'vi_VN'), ('GPG_AGENT_INFO', '/run/user/1000/gnupg/S.gpg-agent:0:1'), ('GJS_DEBUG_OUTPUT', 'stderr'), ('LC_IDENTIFICATION', 'vi_VN'), ('QT_IM_MODULE', 'fcitx'), ('ANTIGRAVITY_TRAJECTORY_ID', '82b21ade-9a5d-420a-b27f-f447ab846653'), ('PWD', '/home/goln/SimpleSysIDV/ros2_ws/build_user/avs_perception'), ('XDG_CONFIG_DIRS', '/etc/xdg/xdg-ubuntu-xorg:/etc/xdg'), ('VSCODE_CODE_CACHE_PATH', '/home/goln/.config/Antigravity/CachedData/15487b3041e65228cae24980a3f796c905ef582c'), ('CLUTTER_IM_MODULE', 'fcitx'), ('XDG_DATA_DIRS', '/usr/share/ubuntu-xorg:/usr/share/gnome:/usr/local/share/:/usr/share/:/var/lib/snapd/desktop'), ('PYTHONPATH', '/home/goln/microros_ws/install/micro_ros_msgs/local/lib/python3.10/dist-packages:/home/goln/JetbotRos2_ws/install/yolo_demo/lib/python3.10/site-packages:/home/goln/JetbotRos2_ws/install/pkg_param/lib/python3.10/site-packages:/home/goln/JetbotRos2_ws/install/pkg_action/lib/python3.10/site-packages:/home/goln/JetbotRos2_ws/install/pkg_interfaces/local/lib/python3.10/dist-packages:/home/goln/JetbotRos2_ws/install/learn_launch/lib/python3.10/site-packages:/opt/ros/humble/lib/python3.10/site-packages:/opt/ros/humble/local/lib/python3.10/dist-packages'), ('LC_NUMERIC', 'vi_VN'), ('LC_PAPER', 'vi_VN'), ('COLCON', '1'), ('CMAKE_PREFIX_PATH', '/home/goln/microros_ws/install/micro_ros_setup:/home/goln/microros_ws/install/micro_ros_agent:/home/goln/microros_ws/install/micro_ros_msgs:/home/goln/JetbotRos2_ws/install/pkg_interfaces:/home/goln/JetbotRos2_ws/install/myrobot:/home/goln/JetbotRos2_ws/install/yolo_demo:/home/goln/JetbotRos2_ws/install/pkg_param:/home/goln/JetbotRos2_ws/install/pkg_action:/home/goln/JetbotRos2_ws/install/learn_launch:/opt/ros/humble'), ('VSCODE_PID', '2552')]), 'shell': False}
[167.957272] (avs_perception) StdoutLine: {'line': b'-- Install configuration: "Release"\n'}
[167.957649] (avs_perception) StdoutLine: {'line': b'-- Execute custom install script\n'}
[167.958242] (avs_perception) StdoutLine: {'line': b'-- Up-to-date symlink: /home/goln/SimpleSysIDV/ros2_ws/install_user/avs_perception/lib/avs_perception/libyolo26_seg_lib.a\n'}
[167.958469] (avs_perception) StdoutLine: {'line': b'-- Up-to-date symlink: /home/goln/SimpleSysIDV/ros2_ws/install_user/avs_perception/lib/avs_perception/ncnn_inference_node\n'}
[167.958702] (avs_perception) StdoutLine: {'line': b'-- Up-to-date symlink: /home/goln/SimpleSysIDV/ros2_ws/install_user/avs_perception/lib/avs_perception/video_test_node\n'}
[167.958935] (avs_perception) StdoutLine: {'line': b'-- Up-to-date symlink: /home/goln/SimpleSysIDV/ros2_ws/install_user/avs_perception/lib/avs_perception/video_publisher_node\n'}
[167.959186] (avs_perception) StdoutLine: {'line': b'-- Up-to-date symlink: /home/goln/SimpleSysIDV/ros2_ws/install_user/avs_perception/lib/avs_perception/ipm_transform_node\n'}
[167.959402] (avs_perception) StdoutLine: {'line': b'-- Up-to-date symlink: /home/goln/SimpleSysIDV/ros2_ws/install_user/avs_perception/lib/avs_perception/control_node\n'}
[167.959824] (avs_perception) StdoutLine: {'line': b'-- Up-to-date symlink: /home/goln/SimpleSysIDV/ros2_ws/install_user/avs_perception/share/avs_perception/launch/perception.launch.py\n'}
[167.960045] (avs_perception) StdoutLine: {'line': b'-- Up-to-date symlink: /home/goln/SimpleSysIDV/ros2_ws/install_user/avs_perception/share/ament_index/resource_index/package_run_dependencies/avs_perception\n'}
[167.960353] (avs_perception) StdoutLine: {'line': b'-- Up-to-date symlink: /home/goln/SimpleSysIDV/ros2_ws/install_user/avs_perception/share/ament_index/resource_index/parent_prefix_path/avs_perception\n'}
[167.960717] (avs_perception) StdoutLine: {'line': b'-- Up-to-date symlink: /home/goln/SimpleSysIDV/ros2_ws/install_user/avs_perception/share/avs_perception/environment/ament_prefix_path.sh\n'}
[167.960987] (avs_perception) StdoutLine: {'line': b'-- Up-to-date symlink: /home/goln/SimpleSysIDV/ros2_ws/install_user/avs_perception/share/avs_perception/environment/ament_prefix_path.dsv\n'}
[167.961217] (avs_perception) StdoutLine: {'line': b'-- Up-to-date symlink: /home/goln/SimpleSysIDV/ros2_ws/install_user/avs_perception/share/avs_perception/environment/path.sh\n'}
[167.961453] (avs_perception) StdoutLine: {'line': b'-- Up-to-date symlink: /home/goln/SimpleSysIDV/ros2_ws/install_user/avs_perception/share/avs_perception/environment/path.dsv\n'}
[167.961679] (avs_perception) StdoutLine: {'line': b'-- Up-to-date symlink: /home/goln/SimpleSysIDV/ros2_ws/install_user/avs_perception/share/avs_perception/local_setup.bash\n'}
[167.961940] (avs_perception) StdoutLine: {'line': b'-- Up-to-date symlink: /home/goln/SimpleSysIDV/ros2_ws/install_user/avs_perception/share/avs_perception/local_setup.sh\n'}
[167.962158] (avs_perception) StdoutLine: {'line': b'-- Up-to-date symlink: /home/goln/SimpleSysIDV/ros2_ws/install_user/avs_perception/share/avs_perception/local_setup.zsh\n'}
[167.962382] (avs_perception) StdoutLine: {'line': b'-- Up-to-date symlink: /home/goln/SimpleSysIDV/ros2_ws/install_user/avs_perception/share/avs_perception/local_setup.dsv\n'}
[167.962463] (avs_perception) StdoutLine: {'line': b'-- Symlinking: /home/goln/SimpleSysIDV/ros2_ws/install_user/avs_perception/share/avs_perception/package.dsv\n'}
[167.970699] (avs_perception) StdoutLine: {'line': b'-- Up-to-date symlink: /home/goln/SimpleSysIDV/ros2_ws/install_user/avs_perception/share/ament_index/resource_index/packages/avs_perception\n'}
[167.970875] (avs_perception) StdoutLine: {'line': b'-- Up-to-date symlink: /home/goln/SimpleSysIDV/ros2_ws/install_user/avs_perception/share/avs_perception/cmake/avs_perceptionConfig.cmake\n'}
[167.971120] (avs_perception) StdoutLine: {'line': b'-- Up-to-date symlink: /home/goln/SimpleSysIDV/ros2_ws/install_user/avs_perception/share/avs_perception/cmake/avs_perceptionConfig-version.cmake\n'}
[167.971357] (avs_perception) StdoutLine: {'line': b'-- Up-to-date symlink: /home/goln/SimpleSysIDV/ros2_ws/install_user/avs_perception/share/avs_perception/package.xml\n'}
[167.973451] (avs_perception) CommandEnded: {'returncode': 0}
[167.994453] (avs_perception) JobEnded: {'identifier': 'avs_perception', 'rc': 0}
[167.995040] (-) EventReactorShutdown: {}
