[2.029s] DEBUG:colcon:Command line arguments: ['/usr/bin/colcon', '--log-base', 'log_user', 'build', '--packages-select', 'avs_perception', '--build-base', 'build_user', '--install-base', 'install_user']
[2.031s] DEBUG:colcon:Parsed command line arguments: Namespace(log_base='log_user', log_level=None, verb_name='build', build_base='/home/goln/SimpleSysIDV/ros2_ws/build_user', install_base='/home/goln/SimpleSysIDV/ros2_ws/install_user', merge_install=False, symlink_install=False, test_result_base=None, continue_on_error=False, executor='parallel', parallel_workers=12, event_handlers=None, ignore_user_meta=False, metas=['./colcon.meta'], base_paths=['.'], packages_ignore=None, packages_ignore_regex=None, paths=None, packages_up_to=None, packages_up_to_regex=None, packages_above=None, packages_above_and_dependencies=None, packages_above_depth=None, packages_select_by_dep=None, packages_skip_by_dep=None, packages_skip_up_to=None, packages_select_build_failed=False, packages_skip_build_finished=False, packages_select_test_failures=False, packages_skip_test_passed=False, packages_select=['avs_perception'], packages_skip=None, packages_select_regex=None, packages_skip_regex=None, packages_start=None, packages_end=None, allow_overriding=[], cmake_args=None, cmake_target=None, cmake_target_skip_unavailable=False, cmake_clean_cache=False, cmake_clean_first=False, cmake_force_configure=False, ament_cmake_args=None, catkin_cmake_args=None, catkin_skip_building_tests=False, verb_parser=<colcon_defaults.argument_parser.defaults.DefaultArgumentsDecorator object at 0x766c238a1030>, verb_extension=<colcon_core.verb.build.BuildVerb object at 0x766c238a0b20>, main=<bound method BuildVerb.main of <colcon_core.verb.build.BuildVerb object at 0x766c238a0b20>>)
[2.412s] Level 1:colcon.colcon_core.package_discovery:discover_packages(colcon_meta) check parameters
[2.412s] Level 1:colcon.colcon_core.package_discovery:discover_packages(recursive) check parameters
[2.413s] Level 1:colcon.colcon_core.package_discovery:discover_packages(ignore) check parameters
[2.413s] Level 1:colcon.colcon_core.package_discovery:discover_packages(path) check parameters
[2.413s] Level 1:colcon.colcon_core.package_discovery:discover_packages(colcon_meta) discover
[2.413s] Level 1:colcon.colcon_core.package_discovery:discover_packages(recursive) discover
[2.413s] INFO:colcon.colcon_core.package_discovery:Crawling recursively for packages in '/home/goln/SimpleSysIDV/ros2_ws'
[2.414s] Level 1:colcon.colcon_core.package_identification:_identify(.) by extensions ['ignore', 'ignore_ament_install']
[2.414s] Level 1:colcon.colcon_core.package_identification:_identify(.) by extension 'ignore'
[2.415s] Level 1:colcon.colcon_core.package_identification:_identify(.) by extension 'ignore_ament_install'
[2.415s] Level 1:colcon.colcon_core.package_identification:_identify(.) by extensions ['colcon_pkg']
[2.415s] Level 1:colcon.colcon_core.package_identification:_identify(.) by extension 'colcon_pkg'
[2.415s] Level 1:colcon.colcon_core.package_identification:_identify(.) by extensions ['colcon_meta']
[2.415s] Level 1:colcon.colcon_core.package_identification:_identify(.) by extension 'colcon_meta'
[2.416s] Level 1:colcon.colcon_core.package_identification:_identify(.) by extensions ['ros']
[2.416s] Level 1:colcon.colcon_core.package_identification:_identify(.) by extension 'ros'
[2.482s] Level 1:colcon.colcon_core.package_identification:_identify(.) by extensions ['cmake', 'python']
[2.482s] Level 1:colcon.colcon_core.package_identification:_identify(.) by extension 'cmake'
[2.483s] Level 1:colcon.colcon_core.package_identification:_identify(.) by extension 'python'
[2.483s] Level 1:colcon.colcon_core.package_identification:_identify(.) by extensions ['python_setup_py']
[2.483s] Level 1:colcon.colcon_core.package_identification:_identify(.) by extension 'python_setup_py'
[2.484s] Level 1:colcon.colcon_core.package_identification:_identify(build) by extensions ['ignore', 'ignore_ament_install']
[2.484s] Level 1:colcon.colcon_core.package_identification:_identify(build) by extension 'ignore'
[2.484s] Level 1:colcon.colcon_core.package_identification:_identify(build) ignored
[2.485s] Level 1:colcon.colcon_core.package_identification:_identify(build_host) by extensions ['ignore', 'ignore_ament_install']
[2.485s] Level 1:colcon.colcon_core.package_identification:_identify(build_host) by extension 'ignore'
[2.485s] Level 1:colcon.colcon_core.package_identification:_identify(build_host) ignored
[2.486s] Level 1:colcon.colcon_core.package_identification:_identify(build_old) by extensions ['ignore', 'ignore_ament_install']
[2.486s] Level 1:colcon.colcon_core.package_identification:_identify(build_old) by extension 'ignore'
[2.486s] Level 1:colcon.colcon_core.package_identification:_identify(build_old) ignored
[2.487s] Level 1:colcon.colcon_core.package_identification:_identify(build_user) by extensions ['ignore', 'ignore_ament_install']
[2.487s] Level 1:colcon.colcon_core.package_identification:_identify(build_user) by extension 'ignore'
[2.487s] Level 1:colcon.colcon_core.package_identification:_identify(build_user) ignored
[2.488s] Level 1:colcon.colcon_core.package_identification:_identify(install) by extensions ['ignore', 'ignore_ament_install']
[2.488s] Level 1:colcon.colcon_core.package_identification:_identify(install) by extension 'ignore'
[2.488s] Level 1:colcon.colcon_core.package_identification:_identify(install) ignored
[2.489s] Level 1:colcon.colcon_core.package_identification:_identify(install_host) by extensions ['ignore', 'ignore_ament_install']
[2.489s] Level 1:colcon.colcon_core.package_identification:_identify(install_host) by extension 'ignore'
[2.489s] Level 1:colcon.colcon_core.package_identification:_identify(install_host) ignored
[2.490s] Level 1:colcon.colcon_core.package_identification:_identify(install_old) by extensions ['ignore', 'ignore_ament_install']
[2.490s] Level 1:colcon.colcon_core.package_identification:_identify(install_old) by extension 'ignore'
[2.490s] Level 1:colcon.colcon_core.package_identification:_identify(install_old) ignored
[2.490s] Level 1:colcon.colcon_core.package_identification:_identify(install_user) by extensions ['ignore', 'ignore_ament_install']
[2.491s] Level 1:colcon.colcon_core.package_identification:_identify(install_user) by extension 'ignore'
[2.491s] Level 1:colcon.colcon_core.package_identification:_identify(install_user) ignored
[2.491s] Level 1:colcon.colcon_core.package_identification:_identify(log) by extensions ['ignore', 'ignore_ament_install']
[2.492s] Level 1:colcon.colcon_core.package_identification:_identify(log) by extension 'ignore'
[2.492s] Level 1:colcon.colcon_core.package_identification:_identify(log) ignored
[2.492s] Level 1:colcon.colcon_core.package_identification:_identify(log_host) by extensions ['ignore', 'ignore_ament_install']
[2.493s] Level 1:colcon.colcon_core.package_identification:_identify(log_host) by extension 'ignore'
[2.493s] Level 1:colcon.colcon_core.package_identification:_identify(log_host) ignored
[2.493s] Level 1:colcon.colcon_core.package_identification:_identify(log_old) by extensions ['ignore', 'ignore_ament_install']
[2.494s] Level 1:colcon.colcon_core.package_identification:_identify(log_old) by extension 'ignore'
[2.494s] Level 1:colcon.colcon_core.package_identification:_identify(log_old) ignored
[2.494s] Level 1:colcon.colcon_core.package_identification:_identify(log_user) by extensions ['ignore', 'ignore_ament_install']
[2.495s] Level 1:colcon.colcon_core.package_identification:_identify(log_user) by extension 'ignore'
[2.495s] Level 1:colcon.colcon_core.package_identification:_identify(log_user) ignored
[2.495s] Level 1:colcon.colcon_core.package_identification:_identify(src) by extensions ['ignore', 'ignore_ament_install']
[2.495s] Level 1:colcon.colcon_core.package_identification:_identify(src) by extension 'ignore'
[2.496s] Level 1:colcon.colcon_core.package_identification:_identify(src) by extension 'ignore_ament_install'
[2.496s] Level 1:colcon.colcon_core.package_identification:_identify(src) by extensions ['colcon_pkg']
[2.496s] Level 1:colcon.colcon_core.package_identification:_identify(src) by extension 'colcon_pkg'
[2.496s] Level 1:colcon.colcon_core.package_identification:_identify(src) by extensions ['colcon_meta']
[2.496s] Level 1:colcon.colcon_core.package_identification:_identify(src) by extension 'colcon_meta'
[2.497s] Level 1:colcon.colcon_core.package_identification:_identify(src) by extensions ['ros']
[2.497s] Level 1:colcon.colcon_core.package_identification:_identify(src) by extension 'ros'
[2.497s] Level 1:colcon.colcon_core.package_identification:_identify(src) by extensions ['cmake', 'python']
[2.497s] Level 1:colcon.colcon_core.package_identification:_identify(src) by extension 'cmake'
[2.497s] Level 1:colcon.colcon_core.package_identification:_identify(src) by extension 'python'
[2.498s] Level 1:colcon.colcon_core.package_identification:_identify(src) by extensions ['python_setup_py']
[2.498s] Level 1:colcon.colcon_core.package_identification:_identify(src) by extension 'python_setup_py'
[2.498s] Level 1:colcon.colcon_core.package_identification:_identify(src/avs_perception) by extensions ['ignore', 'ignore_ament_install']
[2.499s] Level 1:colcon.colcon_core.package_identification:_identify(src/avs_perception) by extension 'ignore'
[2.499s] Level 1:colcon.colcon_core.package_identification:_identify(src/avs_perception) by extension 'ignore_ament_install'
[2.499s] Level 1:colcon.colcon_core.package_identification:_identify(src/avs_perception) by extensions ['colcon_pkg']
[2.499s] Level 1:colcon.colcon_core.package_identification:_identify(src/avs_perception) by extension 'colcon_pkg'
[2.499s] Level 1:colcon.colcon_core.package_identification:_identify(src/avs_perception) by extensions ['colcon_meta']
[2.500s] Level 1:colcon.colcon_core.package_identification:_identify(src/avs_perception) by extension 'colcon_meta'
[2.500s] Level 1:colcon.colcon_core.package_identification:_identify(src/avs_perception) by extensions ['ros']
[2.500s] Level 1:colcon.colcon_core.package_identification:_identify(src/avs_perception) by extension 'ros'
[2.511s] DEBUG:colcon.colcon_core.package_identification:Package 'src/avs_perception' with type 'ros.ament_cmake' and name 'avs_perception'
[2.511s] Level 1:colcon.colcon_core.package_identification:_identify(test) by extensions ['ignore', 'ignore_ament_install']
[2.512s] Level 1:colcon.colcon_core.package_identification:_identify(test) by extension 'ignore'
[2.512s] Level 1:colcon.colcon_core.package_identification:_identify(test) by extension 'ignore_ament_install'
[2.512s] Level 1:colcon.colcon_core.package_identification:_identify(test) by extensions ['colcon_pkg']
[2.513s] Level 1:colcon.colcon_core.package_identification:_identify(test) by extension 'colcon_pkg'
[2.513s] Level 1:colcon.colcon_core.package_identification:_identify(test) by extensions ['colcon_meta']
[2.513s] Level 1:colcon.colcon_core.package_identification:_identify(test) by extension 'colcon_meta'
[2.513s] Level 1:colcon.colcon_core.package_identification:_identify(test) by extensions ['ros']
[2.513s] Level 1:colcon.colcon_core.package_identification:_identify(test) by extension 'ros'
[2.514s] Level 1:colcon.colcon_core.package_identification:_identify(test) by extensions ['cmake', 'python']
[2.514s] Level 1:colcon.colcon_core.package_identification:_identify(test) by extension 'cmake'
[2.514s] Level 1:colcon.colcon_core.package_identification:_identify(test) by extension 'python'
[2.514s] Level 1:colcon.colcon_core.package_identification:_identify(test) by extensions ['python_setup_py']
[2.514s] Level 1:colcon.colcon_core.package_identification:_identify(test) by extension 'python_setup_py'
[2.515s] Level 1:colcon.colcon_core.package_identification:_identify(test/test_video_output) by extensions ['ignore', 'ignore_ament_install']
[2.515s] Level 1:colcon.colcon_core.package_identification:_identify(test/test_video_output) by extension 'ignore'
[2.515s] Level 1:colcon.colcon_core.package_identification:_identify(test/test_video_output) by extension 'ignore_ament_install'
[2.516s] Level 1:colcon.colcon_core.package_identification:_identify(test/test_video_output) by extensions ['colcon_pkg']
[2.516s] Level 1:colcon.colcon_core.package_identification:_identify(test/test_video_output) by extension 'colcon_pkg'
[2.516s] Level 1:colcon.colcon_core.package_identification:_identify(test/test_video_output) by extensions ['colcon_meta']
[2.516s] Level 1:colcon.colcon_core.package_identification:_identify(test/test_video_output) by extension 'colcon_meta'
[2.517s] Level 1:colcon.colcon_core.package_identification:_identify(test/test_video_output) by extensions ['ros']
[2.517s] Level 1:colcon.colcon_core.package_identification:_identify(test/test_video_output) by extension 'ros'
[2.517s] Level 1:colcon.colcon_core.package_identification:_identify(test/test_video_output) by extensions ['cmake', 'python']
[2.517s] Level 1:colcon.colcon_core.package_identification:_identify(test/test_video_output) by extension 'cmake'
[2.517s] Level 1:colcon.colcon_core.package_identification:_identify(test/test_video_output) by extension 'python'
[2.518s] Level 1:colcon.colcon_core.package_identification:_identify(test/test_video_output) by extensions ['python_setup_py']
[2.518s] Level 1:colcon.colcon_core.package_identification:_identify(test/test_video_output) by extension 'python_setup_py'
[2.518s] Level 1:colcon.colcon_core.package_discovery:discover_packages(recursive) using defaults
[2.518s] Level 1:colcon.colcon_core.package_discovery:discover_packages(ignore) discover
[2.518s] Level 1:colcon.colcon_core.package_discovery:discover_packages(ignore) using defaults
[2.518s] Level 1:colcon.colcon_core.package_discovery:discover_packages(path) discover
[2.519s] Level 1:colcon.colcon_core.package_discovery:discover_packages(path) using defaults
[2.609s] Level 1:colcon.colcon_core.package_discovery:discover_packages(prefix_path) check parameters
[2.610s] Level 1:colcon.colcon_core.package_discovery:discover_packages(prefix_path) discover
[2.619s] DEBUG:colcon.colcon_installed_package_information.package_discovery:Found 3 installed packages in /home/goln/microros_ws/install
[2.622s] DEBUG:colcon.colcon_installed_package_information.package_discovery:Found 6 installed packages in /home/goln/JetbotRos2_ws/install
[2.632s] DEBUG:colcon.colcon_installed_package_information.package_discovery:Found 479 installed packages in /opt/ros/humble
[2.643s] Level 1:colcon.colcon_core.package_discovery:discover_packages(prefix_path) using defaults
[2.893s] Level 5:colcon.colcon_core.verb:set package 'avs_perception' build argument 'cmake_args' from command line to 'None'
[2.894s] Level 5:colcon.colcon_core.verb:set package 'avs_perception' build argument 'cmake_target' from command line to 'None'
[2.894s] Level 5:colcon.colcon_core.verb:set package 'avs_perception' build argument 'cmake_target_skip_unavailable' from command line to 'False'
[2.894s] Level 5:colcon.colcon_core.verb:set package 'avs_perception' build argument 'cmake_clean_cache' from command line to 'False'
[2.894s] Level 5:colcon.colcon_core.verb:set package 'avs_perception' build argument 'cmake_clean_first' from command line to 'False'
[2.894s] Level 5:colcon.colcon_core.verb:set package 'avs_perception' build argument 'cmake_force_configure' from command line to 'False'
[2.894s] Level 5:colcon.colcon_core.verb:set package 'avs_perception' build argument 'ament_cmake_args' from command line to 'None'
[2.894s] Level 5:colcon.colcon_core.verb:set package 'avs_perception' build argument 'catkin_cmake_args' from command line to 'None'
[2.894s] Level 5:colcon.colcon_core.verb:set package 'avs_perception' build argument 'catkin_skip_building_tests' from command line to 'False'
[2.895s] DEBUG:colcon.colcon_core.verb:Building package 'avs_perception' with the following arguments: {'ament_cmake_args': None, 'build_base': '/home/goln/SimpleSysIDV/ros2_ws/build_user/avs_perception', 'catkin_cmake_args': None, 'catkin_skip_building_tests': False, 'cmake_args': None, 'cmake_clean_cache': False, 'cmake_clean_first': False, 'cmake_force_configure': False, 'cmake_target': None, 'cmake_target_skip_unavailable': False, 'install_base': '/home/goln/SimpleSysIDV/ros2_ws/install_user/avs_perception', 'merge_install': False, 'path': '/home/goln/SimpleSysIDV/ros2_ws/src/avs_perception', 'symlink_install': False, 'test_result_base': None}
[2.895s] INFO:colcon.colcon_core.executor:Executing jobs using 'parallel' executor
[2.899s] DEBUG:colcon.colcon_parallel_executor.executor.parallel:run_until_complete
[2.900s] INFO:colcon.colcon_ros.task.ament_cmake.build:Building ROS package in '/home/goln/SimpleSysIDV/ros2_ws/src/avs_perception' with build type 'ament_cmake'
[2.901s] INFO:colcon.colcon_cmake.task.cmake.build:Building CMake package in '/home/goln/SimpleSysIDV/ros2_ws/src/avs_perception'
[2.909s] INFO:colcon.colcon_core.plugin_system:Skipping extension 'colcon_core.shell.bat': Not used on non-Windows systems
[2.910s] INFO:colcon.colcon_core.shell:Skip shell extension 'powershell' for command environment: Not usable outside of PowerShell
[2.910s] DEBUG:colcon.colcon_core.shell:Skip shell extension 'dsv' for command environment
[2.952s] DEBUG:colcon.colcon_core.event_handler.log_command:Invoking command in '/home/goln/SimpleSysIDV/ros2_ws/build_user/avs_perception': CMAKE_PREFIX_PATH=${CMAKE_PREFIX_PATH}:/home/goln/JetbotRos2_ws/install/yolo_demo:/home/goln/JetbotRos2_ws/install/pkg_param:/home/goln/JetbotRos2_ws/install/pkg_action:/home/goln/JetbotRos2_ws/install/learn_launch:/opt/ros/humble /usr/bin/cmake /home/goln/SimpleSysIDV/ros2_ws/src/avs_perception -DCMAKE_INSTALL_PREFIX=/home/goln/SimpleSysIDV/ros2_ws/install_user/avs_perception
[5.674s] DEBUG:colcon.colcon_core.event_handler.log_command:Invoked command in '/home/goln/SimpleSysIDV/ros2_ws/build_user/avs_perception' returned '0': CMAKE_PREFIX_PATH=${CMAKE_PREFIX_PATH}:/home/goln/JetbotRos2_ws/install/yolo_demo:/home/goln/JetbotRos2_ws/install/pkg_param:/home/goln/JetbotRos2_ws/install/pkg_action:/home/goln/JetbotRos2_ws/install/learn_launch:/opt/ros/humble /usr/bin/cmake /home/goln/SimpleSysIDV/ros2_ws/src/avs_perception -DCMAKE_INSTALL_PREFIX=/home/goln/SimpleSysIDV/ros2_ws/install_user/avs_perception
[5.682s] DEBUG:colcon.colcon_core.event_handler.log_command:Invoking command in '/home/goln/SimpleSysIDV/ros2_ws/build_user/avs_perception': CMAKE_PREFIX_PATH=${CMAKE_PREFIX_PATH}:/home/goln/JetbotRos2_ws/install/yolo_demo:/home/goln/JetbotRos2_ws/install/pkg_param:/home/goln/JetbotRos2_ws/install/pkg_action:/home/goln/JetbotRos2_ws/install/learn_launch:/opt/ros/humble /usr/bin/cmake --build /home/goln/SimpleSysIDV/ros2_ws/build_user/avs_perception -- -j12 -l12
[170.839s] DEBUG:colcon.colcon_core.event_handler.log_command:Invoked command in '/home/goln/SimpleSysIDV/ros2_ws/build_user/avs_perception' returned '0': CMAKE_PREFIX_PATH=${CMAKE_PREFIX_PATH}:/home/goln/JetbotRos2_ws/install/yolo_demo:/home/goln/JetbotRos2_ws/install/pkg_param:/home/goln/JetbotRos2_ws/install/pkg_action:/home/goln/JetbotRos2_ws/install/learn_launch:/opt/ros/humble /usr/bin/cmake --build /home/goln/SimpleSysIDV/ros2_ws/build_user/avs_perception -- -j12 -l12
[170.849s] DEBUG:colcon.colcon_core.event_handler.log_command:Invoking command in '/home/goln/SimpleSysIDV/ros2_ws/build_user/avs_perception': CMAKE_PREFIX_PATH=${CMAKE_PREFIX_PATH}:/home/goln/JetbotRos2_ws/install/yolo_demo:/home/goln/JetbotRos2_ws/install/pkg_param:/home/goln/JetbotRos2_ws/install/pkg_action:/home/goln/JetbotRos2_ws/install/learn_launch:/opt/ros/humble /usr/bin/cmake --install /home/goln/SimpleSysIDV/ros2_ws/build_user/avs_perception
[170.871s] Level 1:colcon.colcon_core.environment:create_environment_scripts_only(avs_perception)
[170.872s] DEBUG:colcon.colcon_core.event_handler.log_command:Invoked command in '/home/goln/SimpleSysIDV/ros2_ws/build_user/avs_perception' returned '0': CMAKE_PREFIX_PATH=${CMAKE_PREFIX_PATH}:/home/goln/JetbotRos2_ws/install/yolo_demo:/home/goln/JetbotRos2_ws/install/pkg_param:/home/goln/JetbotRos2_ws/install/pkg_action:/home/goln/JetbotRos2_ws/install/learn_launch:/opt/ros/humble /usr/bin/cmake --install /home/goln/SimpleSysIDV/ros2_ws/build_user/avs_perception
[170.877s] Level 1:colcon.colcon_core.environment:checking '/home/goln/SimpleSysIDV/ros2_ws/install_user/avs_perception' for CMake module files
[170.877s] Level 1:colcon.colcon_core.environment:checking '/home/goln/SimpleSysIDV/ros2_ws/install_user/avs_perception' for CMake config files
[170.878s] Level 1:colcon.colcon_core.shell:create_environment_hook('avs_perception', 'cmake_prefix_path')
[170.878s] INFO:colcon.colcon_core.shell:Creating environment hook '/home/goln/SimpleSysIDV/ros2_ws/install_user/avs_perception/share/avs_perception/hook/cmake_prefix_path.ps1'
[170.880s] INFO:colcon.colcon_core.shell:Creating environment descriptor '/home/goln/SimpleSysIDV/ros2_ws/install_user/avs_perception/share/avs_perception/hook/cmake_prefix_path.dsv'
[170.880s] INFO:colcon.colcon_core.shell:Creating environment hook '/home/goln/SimpleSysIDV/ros2_ws/install_user/avs_perception/share/avs_perception/hook/cmake_prefix_path.sh'
[170.882s] Level 1:colcon.colcon_core.environment:checking '/home/goln/SimpleSysIDV/ros2_ws/install_user/avs_perception/lib'
[170.882s] Level 1:colcon.colcon_core.environment:checking '/home/goln/SimpleSysIDV/ros2_ws/install_user/avs_perception/bin'
[170.882s] Level 1:colcon.colcon_core.environment:checking '/home/goln/SimpleSysIDV/ros2_ws/install_user/avs_perception/lib/pkgconfig/avs_perception.pc'
[170.882s] Level 1:colcon.colcon_core.environment:checking '/home/goln/SimpleSysIDV/ros2_ws/install_user/avs_perception/lib/python3.10/site-packages'
[170.882s] Level 1:colcon.colcon_core.environment:checking '/home/goln/SimpleSysIDV/ros2_ws/install_user/avs_perception/bin'
[170.883s] INFO:colcon.colcon_core.shell:Creating package script '/home/goln/SimpleSysIDV/ros2_ws/install_user/avs_perception/share/avs_perception/package.ps1'
[170.884s] INFO:colcon.colcon_core.shell:Creating package descriptor '/home/goln/SimpleSysIDV/ros2_ws/install_user/avs_perception/share/avs_perception/package.dsv'
[170.884s] INFO:colcon.colcon_core.shell:Creating package script '/home/goln/SimpleSysIDV/ros2_ws/install_user/avs_perception/share/avs_perception/package.sh'
[170.885s] INFO:colcon.colcon_core.shell:Creating package script '/home/goln/SimpleSysIDV/ros2_ws/install_user/avs_perception/share/avs_perception/package.bash'
[170.886s] INFO:colcon.colcon_core.shell:Creating package script '/home/goln/SimpleSysIDV/ros2_ws/install_user/avs_perception/share/avs_perception/package.zsh'
[170.887s] Level 1:colcon.colcon_core.environment:create_file_with_runtime_dependencies(/home/goln/SimpleSysIDV/ros2_ws/install_user/avs_perception/share/colcon-core/packages/avs_perception)
[170.887s] Level 1:colcon.colcon_core.environment:create_environment_scripts_only(avs_perception)
[170.888s] Level 1:colcon.colcon_core.environment:checking '/home/goln/SimpleSysIDV/ros2_ws/install_user/avs_perception' for CMake module files
[170.888s] Level 1:colcon.colcon_core.environment:checking '/home/goln/SimpleSysIDV/ros2_ws/install_user/avs_perception' for CMake config files
[170.888s] Level 1:colcon.colcon_core.shell:create_environment_hook('avs_perception', 'cmake_prefix_path')
[170.888s] INFO:colcon.colcon_core.shell:Creating environment hook '/home/goln/SimpleSysIDV/ros2_ws/install_user/avs_perception/share/avs_perception/hook/cmake_prefix_path.ps1'
[170.889s] INFO:colcon.colcon_core.shell:Creating environment descriptor '/home/goln/SimpleSysIDV/ros2_ws/install_user/avs_perception/share/avs_perception/hook/cmake_prefix_path.dsv'
[170.889s] INFO:colcon.colcon_core.shell:Creating environment hook '/home/goln/SimpleSysIDV/ros2_ws/install_user/avs_perception/share/avs_perception/hook/cmake_prefix_path.sh'
[170.890s] Level 1:colcon.colcon_core.environment:checking '/home/goln/SimpleSysIDV/ros2_ws/install_user/avs_perception/lib'
[170.890s] Level 1:colcon.colcon_core.environment:checking '/home/goln/SimpleSysIDV/ros2_ws/install_user/avs_perception/bin'
[170.890s] Level 1:colcon.colcon_core.environment:checking '/home/goln/SimpleSysIDV/ros2_ws/install_user/avs_perception/lib/pkgconfig/avs_perception.pc'
[170.890s] Level 1:colcon.colcon_core.environment:checking '/home/goln/SimpleSysIDV/ros2_ws/install_user/avs_perception/lib/python3.10/site-packages'
[170.890s] Level 1:colcon.colcon_core.environment:checking '/home/goln/SimpleSysIDV/ros2_ws/install_user/avs_perception/bin'
[170.890s] INFO:colcon.colcon_core.shell:Creating package script '/home/goln/SimpleSysIDV/ros2_ws/install_user/avs_perception/share/avs_perception/package.ps1'
[170.891s] INFO:colcon.colcon_core.shell:Creating package descriptor '/home/goln/SimpleSysIDV/ros2_ws/install_user/avs_perception/share/avs_perception/package.dsv'
[170.891s] INFO:colcon.colcon_core.shell:Creating package script '/home/goln/SimpleSysIDV/ros2_ws/install_user/avs_perception/share/avs_perception/package.sh'
[170.892s] INFO:colcon.colcon_core.shell:Creating package script '/home/goln/SimpleSysIDV/ros2_ws/install_user/avs_perception/share/avs_perception/package.bash'
[170.892s] INFO:colcon.colcon_core.shell:Creating package script '/home/goln/SimpleSysIDV/ros2_ws/install_user/avs_perception/share/avs_perception/package.zsh'
[170.892s] Level 1:colcon.colcon_core.environment:create_file_with_runtime_dependencies(/home/goln/SimpleSysIDV/ros2_ws/install_user/avs_perception/share/colcon-core/packages/avs_perception)
[170.893s] DEBUG:colcon.colcon_parallel_executor.executor.parallel:closing loop
[170.893s] DEBUG:colcon.colcon_parallel_executor.executor.parallel:loop closed
[170.893s] DEBUG:colcon.colcon_parallel_executor.executor.parallel:run_until_complete finished with '0'
[170.893s] DEBUG:colcon.colcon_core.event_reactor:joining thread
[170.902s] INFO:colcon.colcon_core.plugin_system:Skipping extension 'colcon_notification.desktop_notification.terminal_notifier': Not used on non-Darwin systems
[170.902s] INFO:colcon.colcon_core.plugin_system:Skipping extension 'colcon_notification.desktop_notification.win32': Not used on non-Windows systems
[170.902s] INFO:colcon.colcon_notification.desktop_notification:Sending desktop notification using 'notify2'
[170.913s] DEBUG:colcon.colcon_core.event_reactor:joined thread
[170.913s] INFO:colcon.colcon_core.shell:Creating prefix script '/home/goln/SimpleSysIDV/ros2_ws/install_user/local_setup.ps1'
[170.914s] INFO:colcon.colcon_core.shell:Creating prefix util module '/home/goln/SimpleSysIDV/ros2_ws/install_user/_local_setup_util_ps1.py'
[170.916s] INFO:colcon.colcon_core.shell:Creating prefix chain script '/home/goln/SimpleSysIDV/ros2_ws/install_user/setup.ps1'
[170.919s] INFO:colcon.colcon_core.shell:Creating prefix script '/home/goln/SimpleSysIDV/ros2_ws/install_user/local_setup.sh'
[170.920s] INFO:colcon.colcon_core.shell:Creating prefix util module '/home/goln/SimpleSysIDV/ros2_ws/install_user/_local_setup_util_sh.py'
[170.920s] INFO:colcon.colcon_core.shell:Creating prefix chain script '/home/goln/SimpleSysIDV/ros2_ws/install_user/setup.sh'
[170.922s] INFO:colcon.colcon_core.shell:Creating prefix script '/home/goln/SimpleSysIDV/ros2_ws/install_user/local_setup.bash'
[170.922s] INFO:colcon.colcon_core.shell:Creating prefix chain script '/home/goln/SimpleSysIDV/ros2_ws/install_user/setup.bash'
[170.924s] INFO:colcon.colcon_core.shell:Creating prefix script '/home/goln/SimpleSysIDV/ros2_ws/install_user/local_setup.zsh'
[170.925s] INFO:colcon.colcon_core.shell:Creating prefix chain script '/home/goln/SimpleSysIDV/ros2_ws/install_user/setup.zsh'
