[0.000000] (-) TimerEvent: {}
[0.000230] (avs_perception) JobQueued: {'identifier': 'avs_perception', 'dependencies': OrderedDict()}
[0.000423] (avs_perception) JobStarted: {'identifier': 'avs_perception'}
[0.008705] (avs_perception) JobProgress: {'identifier': 'avs_perception', 'progress': 'cmake'}
[0.009580] (avs_perception) JobProgress: {'identifier': 'avs_perception', 'progress': 'build'}
[0.010451] (avs_perception) Command: {'cmd': ['/usr/bin/cmake', '--build', '/home/goln/SimpleSysIDV/ros2_ws/build_user/avs_perception', '--', '-j12', '-l12'], 'cwd': '/home/goln/SimpleSysIDV/ros2_ws/build_user/avs_perception', 'env': OrderedDict([('GJS_DEBUG_TOPICS', 'JS ERROR;JS LOG'), ('LESSOPEN', '| /usr/bin/lesspipe %s'), ('VSCODE_CWD', '/home/goln'), ('USER', 'goln'), ('LC_TIME', 'vi_VN'), ('VSCODE_NLS_CONFIG', '{"userLocale":"en-us","osLocale":"en-us","resolvedLanguage":"en","defaultMessagesFile":"/usr/share/antigravity/resources/app/out/nls.messages.json","locale":"en-us","availableLanguages":{}}'), ('XDG_SESSION_TYPE', 'x11'), ('SHLVL', '0'), ('LD_LIBRARY_PATH', '/home/goln/microros_ws/install/micro_ros_agent/lib:/home/goln/microros_ws/install/micro_ros_msgs/lib:/home/goln/JetbotRos2_ws/install/pkg_interfaces/lib:/usr/lib/x86_64-linux-gnu/gazebo-11/plugins:/opt/ros/humble/opt/rviz_ogre_vendor/lib:/opt/ros/humble/lib/x86_64-linux-gnu:/opt/ros/humble/lib'), ('HOME', '/home/goln'), ('CHROME_DESKTOP', 'antigravity.desktop'), ('DESKTOP_SESSION', 'ubuntu-xorg'), ('VSCODE_IPC_HOOK', '/run/user/1000/vscode-fd0059ab-1.10-main.sock'), ('GIO_LAUNCHED_DESKTOP_FILE', '/usr/share/applications/antigravity.desktop'), ('ROS_PYTHON_VERSION', '3'), ('GNOME_SHELL_SESSION_MODE', 'ubuntu'), ('GTK_MODULES', 'gail:atk-bridge'), ('PAGER', 'cat'), ('LC_MONETARY', 'vi_VN'), ('MANAGERPID', '1186'), ('SYSTEMD_EXEC_PID', '1614'), ('DBUS_SESSION_BUS_ADDRESS', 'unix:path=/run/user/1000/bus'), ('ANTIGRAVITY_AGENT', '1'), ('GIO_LAUNCHED_DESKTOP_FILE_PID', '3280'), ('IM_CONFIG_PHASE', '1'), ('COLCON_PREFIX_PATH', '/home/goln/microros_ws/install:/home/goln/JetbotRos2_ws/install'), ('ROS_DISTRO', 'humble'), ('GTK_IM_MODULE', 'fcitx'), ('LOGNAME', 'goln'), ('_', '/usr/bin/colcon'), ('JOURNAL_STREAM', '8:6129'), ('ROS_VERSION', '2'), ('XDG_SESSION_CLASS', 'user'), ('USERNAME', 'goln'), ('TERM', 'dumb'), ('GNOME_DESKTOP_SESSION_ID', 'this-is-deprecated'), ('FC_FONTATIONS', '1'), ('ROS_LOCALHOST_ONLY', '0'), ('WINDOWPATH', '2'), ('ANTIGRAVITY_EDITOR_APP_ROOT', '/usr/share/antigravity/resources/app'), ('PATH', '/home/goln/.local/bin:/opt/ros/humble/bin:/home/goln/.local/bin:/usr/local/sbin:/usr/local/bin:/usr/sbin:/usr/bin:/sbin:/bin:/usr/games:/usr/local/games:/snap/bin:/snap/bin'), ('SESSION_MANAGER', 'local/goln-Nitro-AN515-57:@/tmp/.ICE-unix/1579,unix/goln-Nitro-AN515-57:/tmp/.ICE-unix/1579'), ('INVOCATION_ID', '6392b5cff2f144cb8eceb29f01c334aa'), ('XDG_MENU_PREFIX', 'gnome-'), ('LC_ADDRESS', 'vi_VN'), ('XDG_RUNTIME_DIR', '/run/user/1000'), ('GDK_BACKEND', 'x11'), ('DISPLAY', ':0'), ('LANG', 'en_US.UTF-8'), ('XDG_CURRENT_DESKTOP', 'ubuntu:GNOME'), ('LC_TELEPHONE', 'vi_VN'), ('XMODIFIERS', '@im=fcitx'), ('XDG_SESSION_DESKTOP', 'ubuntu-xorg'), ('XAUTHORITY', '/run/user/1000/gdm/Xauthority'), ('LS_COLORS', ''), ('SSH_AGENT_LAUNCHER', 'gnome-keyring'), ('SSH_AUTH_SOCK', '/run/user/1000/keyring/ssh'), ('AMENT_PREFIX_PATH', '/home/goln/microros_ws/install/micro_ros_setup:/home/goln/microros_ws/install/micro_ros_agent:/home/goln/microros_ws/install/micro_ros_msgs:/home/goln/JetbotRos2_ws/install/yolo_demo:/home/goln/JetbotRos2_ws/install/pkg_param:/home/goln/JetbotRos2_ws/install/pkg_action:/home/goln/JetbotRos2_ws/install/pkg_interfaces:/home/goln/JetbotRos2_ws/install/myrobot:/home/goln/JetbotRos2_ws/install/learn_launch:/opt/ros/humble'), ('SHELL', '/bin/bash'), ('LC_NAME', 'vi_VN'), ('QT_ACCESSIBILITY', '1'), ('GDMSESSION', 'ubuntu-xorg'), ('LESSCLOSE', '/usr/bin/lesspipe %s %s'), ('LC_MEASUREMENT', 'vi_VN'), ('GPG_AGENT_INFO', '/run/user/1000/gnupg/S.gpg-agent:0:1'), ('GJS_DEBUG_OUTPUT', 'stderr'), ('LC_IDENTIFICATION', 'vi_VN'), ('QT_IM_MODULE', 'fcitx'), ('ANTIGRAVITY_TRAJECTORY_ID', '22b3ce62-c61e-457e-9ffc-a0bf14bce327'), ('PWD', '/home/goln/SimpleSysIDV/ros2_ws/build_user/avs_perception'), ('XDG_CONFIG_DIRS', '/etc/xdg/xdg-ubuntu-xorg:/etc/xdg'), ('VSCODE_CODE_CACHE_PATH', '/home/goln/.config/Antigravity/CachedData/15487b3041e65228cae24980a3f796c905ef582c'), ('CLUTTER_IM_MODULE', 'fcitx'), ('XDG_DATA_DIRS', '/usr/share/ubuntu-xorg:/usr/share/gnome:/usr/local/share/:/usr/share/:/var/lib/snapd/desktop'), ('PYTHONPATH', '/home/goln/microros_ws/install/micro_ros_msgs/local/lib/python3.10/dist-packages:/home/goln/JetbotRos2_ws/install/yolo_demo/lib/python3.10/site-packages:/home/goln/JetbotRos2_ws/install/pkg_param/lib/python3.10/site-packages:/home/goln/JetbotRos2_ws/install/pkg_action/lib/python3.10/site-packages:/home/goln/JetbotRos2_ws/install/pkg_interfaces/local/lib/python3.10/dist-packages:/home/goln/JetbotRos2_ws/install/learn_launch/lib/python3.10/site-packages:/opt/ros/humble/lib/python3.10/site-packages:/opt/ros/humble/local/lib/python3.10/dist-packages'), ('LC_NUMERIC', 'vi_VN'), ('LC_PAPER', 'vi_VN'), ('COLCON', '1'), ('CMAKE_PREFIX_PATH', '/home/goln/microros_ws/install/micro_ros_setup:/home/goln/microros_ws/install/micro_ros_agent:/home/goln/microros_ws/install/micro_ros_msgs:/home/goln/JetbotRos2_ws/install/pkg_interfaces:/home/goln/JetbotRos2_ws/install/myrobot:/home/goln/JetbotRos2_ws/install/yolo_demo:/home/goln/JetbotRos2_ws/install/pkg_param:/home/goln/JetbotRos2_ws/install/pkg_action:/home/goln/JetbotRos2_ws/install/learn_launch:/opt/ros/humble'), ('VSCODE_PID', '3280')]), 'shell': False}
[0.059550] (avs_perception) StdoutLine: {'line': b'[ 16%] \x1b[32mBuilding CXX object CMakeFiles/control_node.dir/src/control_node.cpp.o\x1b[0m\n'}
[0.059864] (avs_perception) StdoutLine: {'line': b'[ 25%] Built target yolo26_seg_lib\n'}
[0.059933] (avs_perception) StdoutLine: {'line': b'[ 41%] Built target ipm_transform_node\n'}
[0.059989] (avs_perception) StdoutLine: {'line': b'[ 58%] Built target video_publisher_node\n'}
[0.082283] (avs_perception) StdoutLine: {'line': b'[ 91%] Built target ncnn_inference_node\n'}
[0.082511] (avs_perception) StdoutLine: {'line': b'[ 91%] Built target video_test_node\n'}
[0.099904] (-) TimerEvent: {}
[0.200298] (-) TimerEvent: {}
[0.300687] (-) TimerEvent: {}
[0.401152] (-) TimerEvent: {}
[0.501477] (-) TimerEvent: {}
[0.601888] (-) TimerEvent: {}
[0.702242] (-) TimerEvent: {}
[0.802738] (-) TimerEvent: {}
[0.903385] (-) TimerEvent: {}
[1.005391] (-) TimerEvent: {}
[1.105890] (-) TimerEvent: {}
[1.206643] (-) TimerEvent: {}
[1.307014] (-) TimerEvent: {}
[1.407580] (-) TimerEvent: {}
[1.508369] (-) TimerEvent: {}
[1.608777] (-) TimerEvent: {}
[1.709054] (-) TimerEvent: {}
[1.809403] (-) TimerEvent: {}
[1.909768] (-) TimerEvent: {}
[2.010154] (-) TimerEvent: {}
[2.110502] (-) TimerEvent: {}
[2.210819] (-) TimerEvent: {}
[2.311122] (-) TimerEvent: {}
[2.411454] (-) TimerEvent: {}
[2.511874] (-) TimerEvent: {}
[2.612186] (-) TimerEvent: {}
[2.712551] (-) TimerEvent: {}
[2.812866] (-) TimerEvent: {}
[2.913186] (-) TimerEvent: {}
[3.013512] (-) TimerEvent: {}
[3.113869] (-) TimerEvent: {}
[3.214151] (-) TimerEvent: {}
[3.314478] (-) TimerEvent: {}
[3.414905] (-) TimerEvent: {}
[3.515627] (-) TimerEvent: {}
[3.616416] (-) TimerEvent: {}
[3.716733] (-) TimerEvent: {}
[3.817161] (-) TimerEvent: {}
[3.917520] (-) TimerEvent: {}
[4.018303] (-) TimerEvent: {}
[4.118682] (-) TimerEvent: {}
[4.219027] (-) TimerEvent: {}
[4.319335] (-) TimerEvent: {}
[4.419710] (-) TimerEvent: {}
[4.519995] (-) TimerEvent: {}
[4.620270] (-) TimerEvent: {}
[4.720564] (-) TimerEvent: {}
[4.820883] (-) TimerEvent: {}
[4.921277] (-) TimerEvent: {}
[5.021695] (-) TimerEvent: {}
[5.122165] (-) TimerEvent: {}
[5.222488] (-) TimerEvent: {}
[5.322836] (-) TimerEvent: {}
[5.423140] (-) TimerEvent: {}
[5.523411] (-) TimerEvent: {}
[5.623786] (-) TimerEvent: {}
[5.724219] (-) TimerEvent: {}
[5.824756] (-) TimerEvent: {}
[5.925215] (-) TimerEvent: {}
[6.025737] (-) TimerEvent: {}
[6.126229] (-) TimerEvent: {}
[6.226826] (-) TimerEvent: {}
[6.327123] (-) TimerEvent: {}
[6.427402] (-) TimerEvent: {}
[6.527780] (-) TimerEvent: {}
[6.628222] (-) TimerEvent: {}
[6.728550] (-) TimerEvent: {}
[6.828842] (-) TimerEvent: {}
[6.929248] (-) TimerEvent: {}
[7.029599] (-) TimerEvent: {}
[7.129999] (-) TimerEvent: {}
[7.230336] (-) TimerEvent: {}
[7.330756] (-) TimerEvent: {}
[7.431094] (-) TimerEvent: {}
[7.531669] (-) TimerEvent: {}
[7.631971] (-) TimerEvent: {}
[7.732313] (-) TimerEvent: {}
[7.832610] (-) TimerEvent: {}
[7.932937] (-) TimerEvent: {}
[8.033248] (-) TimerEvent: {}
[8.133553] (-) TimerEvent: {}
[8.233881] (-) TimerEvent: {}
[8.334175] (-) TimerEvent: {}
[8.434519] (-) TimerEvent: {}
[8.534816] (-) TimerEvent: {}
[8.635147] (-) TimerEvent: {}
[8.735510] (-) TimerEvent: {}
[8.835834] (-) TimerEvent: {}
[8.936130] (-) TimerEvent: {}
[9.036440] (-) TimerEvent: {}
[9.136746] (-) TimerEvent: {}
[9.237045] (-) TimerEvent: {}
[9.337394] (-) TimerEvent: {}
[9.437746] (-) TimerEvent: {}
[9.538404] (-) TimerEvent: {}
[9.638719] (-) TimerEvent: {}
[9.739015] (-) TimerEvent: {}
[9.839350] (-) TimerEvent: {}
[9.939691] (-) TimerEvent: {}
[10.039977] (-) TimerEvent: {}
[10.140317] (-) TimerEvent: {}
[10.240681] (-) TimerEvent: {}
[10.341019] (-) TimerEvent: {}
[10.441485] (-) TimerEvent: {}
[10.541802] (-) TimerEvent: {}
[10.642165] (-) TimerEvent: {}
[10.742512] (-) TimerEvent: {}
[10.842850] (-) TimerEvent: {}
[10.943152] (-) TimerEvent: {}
[11.043545] (-) TimerEvent: {}
[11.145406] (-) TimerEvent: {}
[11.245837] (-) TimerEvent: {}
[11.346164] (-) TimerEvent: {}
[11.446507] (-) TimerEvent: {}
[11.546851] (-) TimerEvent: {}
[11.647276] (-) TimerEvent: {}
[11.747727] (-) TimerEvent: {}
[11.848044] (-) TimerEvent: {}
[11.948400] (-) TimerEvent: {}
[12.049505] (-) TimerEvent: {}
[12.150087] (-) TimerEvent: {}
[12.250385] (-) TimerEvent: {}
[12.350669] (-) TimerEvent: {}
[12.451012] (-) TimerEvent: {}
[12.551570] (-) TimerEvent: {}
[12.652344] (-) TimerEvent: {}
[12.752976] (-) TimerEvent: {}
[12.853326] (-) TimerEvent: {}
[12.953683] (-) TimerEvent: {}
[13.054098] (-) TimerEvent: {}
[13.154385] (-) TimerEvent: {}
[13.254907] (-) TimerEvent: {}
[13.355497] (-) TimerEvent: {}
[13.456040] (-) TimerEvent: {}
[13.556377] (-) TimerEvent: {}
[13.656652] (-) TimerEvent: {}
[13.756935] (-) TimerEvent: {}
[13.857215] (-) TimerEvent: {}
[13.957558] (-) TimerEvent: {}
[14.057959] (-) TimerEvent: {}
[14.158241] (-) TimerEvent: {}
[14.258574] (-) TimerEvent: {}
[14.358899] (-) TimerEvent: {}
[14.459186] (-) TimerEvent: {}
[14.559462] (-) TimerEvent: {}
[14.659762] (-) TimerEvent: {}
[14.760096] (-) TimerEvent: {}
[14.860384] (-) TimerEvent: {}
[14.960722] (-) TimerEvent: {}
[15.061056] (-) TimerEvent: {}
[15.161353] (-) TimerEvent: {}
[15.261695] (-) TimerEvent: {}
[15.361969] (-) TimerEvent: {}
[15.462253] (-) TimerEvent: {}
[15.562603] (-) TimerEvent: {}
[15.662932] (-) TimerEvent: {}
[15.677835] (avs_perception) StdoutLine: {'line': b'[100%] \x1b[32m\x1b[1mLinking CXX executable control_node\x1b[0m\n'}
[15.763062] (-) TimerEvent: {}
[15.829785] (avs_perception) StdoutLine: {'line': b'[100%] Built target control_node\n'}
[15.838903] (avs_perception) CommandEnded: {'returncode': 0}
[15.839679] (avs_perception) JobProgress: {'identifier': 'avs_perception', 'progress': 'install'}
[15.847828] (avs_perception) Command: {'cmd': ['/usr/bin/cmake', '--install', '/home/goln/SimpleSysIDV/ros2_ws/build_user/avs_perception'], 'cwd': '/home/goln/SimpleSysIDV/ros2_ws/build_user/avs_perception', 'env': OrderedDict([('GJS_DEBUG_TOPICS', 'JS ERROR;JS LOG'), ('LESSOPEN', '| /usr/bin/lesspipe %s'), ('VSCODE_CWD', '/home/goln'), ('USER', 'goln'), ('LC_TIME', 'vi_VN'), ('VSCODE_NLS_CONFIG', '{"userLocale":"en-us","osLocale":"en-us","resolvedLanguage":"en","defaultMessagesFile":"/usr/share/antigravity/resources/app/out/nls.messages.json","locale":"en-us","availableLanguages":{}}'), ('XDG_SESSION_TYPE', 'x11'), ('SHLVL', '0'), ('LD_LIBRARY_PATH', '/home/goln/microros_ws/install/micro_ros_agent/lib:/home/goln/microros_ws/install/micro_ros_msgs/lib:/home/goln/JetbotRos2_ws/install/pkg_interfaces/lib:/usr/lib/x86_64-linux-gnu/gazebo-11/plugins:/opt/ros/humble/opt/rviz_ogre_vendor/lib:/opt/ros/humble/lib/x86_64-linux-gnu:/opt/ros/humble/lib'), ('HOME', '/home/goln'), ('CHROME_DESKTOP', 'antigravity.desktop'), ('DESKTOP_SESSION', 'ubuntu-xorg'), ('VSCODE_IPC_HOOK', '/run/user/1000/vscode-fd0059ab-1.10-main.sock'), ('GIO_LAUNCHED_DESKTOP_FILE', '/usr/share/applications/antigravity.desktop'), ('ROS_PYTHON_VERSION', '3'), ('GNOME_SHELL_SESSION_MODE', 'ubuntu'), ('GTK_MODULES', 'gail:atk-bridge'), ('PAGER', 'cat'), ('LC_MONETARY', 'vi_VN'), ('MANAGERPID', '1186'), ('SYSTEMD_EXEC_PID', '1614'), ('DBUS_SESSION_BUS_ADDRESS', 'unix:path=/run/user/1000/bus'), ('ANTIGRAVITY_AGENT', '1'), ('GIO_LAUNCHED_DESKTOP_FILE_PID', '3280'), ('IM_CONFIG_PHASE', '1'), ('COLCON_PREFIX_PATH', '/home/goln/microros_ws/install:/home/goln/JetbotRos2_ws/install'), ('ROS_DISTRO', 'humble'), ('GTK_IM_MODULE', 'fcitx'), ('LOGNAME', 'goln'), ('_', '/usr/bin/colcon'), ('JOURNAL_STREAM', '8:6129'), ('ROS_VERSION', '2'), ('XDG_SESSION_CLASS', 'user'), ('USERNAME', 'goln'), ('TERM', 'dumb'), ('GNOME_DESKTOP_SESSION_ID', 'this-is-deprecated'), ('FC_FONTATIONS', '1'), ('ROS_LOCALHOST_ONLY', '0'), ('WINDOWPATH', '2'), ('ANTIGRAVITY_EDITOR_APP_ROOT', '/usr/share/antigravity/resources/app'), ('PATH', '/home/goln/.local/bin:/opt/ros/humble/bin:/home/goln/.local/bin:/usr/local/sbin:/usr/local/bin:/usr/sbin:/usr/bin:/sbin:/bin:/usr/games:/usr/local/games:/snap/bin:/snap/bin'), ('SESSION_MANAGER', 'local/goln-Nitro-AN515-57:@/tmp/.ICE-unix/1579,unix/goln-Nitro-AN515-57:/tmp/.ICE-unix/1579'), ('INVOCATION_ID', '6392b5cff2f144cb8eceb29f01c334aa'), ('XDG_MENU_PREFIX', 'gnome-'), ('LC_ADDRESS', 'vi_VN'), ('XDG_RUNTIME_DIR', '/run/user/1000'), ('GDK_BACKEND', 'x11'), ('DISPLAY', ':0'), ('LANG', 'en_US.UTF-8'), ('XDG_CURRENT_DESKTOP', 'ubuntu:GNOME'), ('LC_TELEPHONE', 'vi_VN'), ('XMODIFIERS', '@im=fcitx'), ('XDG_SESSION_DESKTOP', 'ubuntu-xorg'), ('XAUTHORITY', '/run/user/1000/gdm/Xauthority'), ('LS_COLORS', ''), ('SSH_AGENT_LAUNCHER', 'gnome-keyring'), ('SSH_AUTH_SOCK', '/run/user/1000/keyring/ssh'), ('AMENT_PREFIX_PATH', '/home/goln/microros_ws/install/micro_ros_setup:/home/goln/microros_ws/install/micro_ros_agent:/home/goln/microros_ws/install/micro_ros_msgs:/home/goln/JetbotRos2_ws/install/yolo_demo:/home/goln/JetbotRos2_ws/install/pkg_param:/home/goln/JetbotRos2_ws/install/pkg_action:/home/goln/JetbotRos2_ws/install/pkg_interfaces:/home/goln/JetbotRos2_ws/install/myrobot:/home/goln/JetbotRos2_ws/install/learn_launch:/opt/ros/humble'), ('SHELL', '/bin/bash'), ('LC_NAME', 'vi_VN'), ('QT_ACCESSIBILITY', '1'), ('GDMSESSION', 'ubuntu-xorg'), ('LESSCLOSE', '/usr/bin/lesspipe %s %s'), ('LC_MEASUREMENT', 'vi_VN'), ('GPG_AGENT_INFO', '/run/user/1000/gnupg/S.gpg-agent:0:1'), ('GJS_DEBUG_OUTPUT', 'stderr'), ('LC_IDENTIFICATION', 'vi_VN'), ('QT_IM_MODULE', 'fcitx'), ('ANTIGRAVITY_TRAJECTORY_ID', '22b3ce62-c61e-457e-9ffc-a0bf14bce327'), ('PWD', '/home/goln/SimpleSysIDV/ros2_ws/build_user/avs_perception'), ('XDG_CONFIG_DIRS', '/etc/xdg/xdg-ubuntu-xorg:/etc/xdg'), ('VSCODE_CODE_CACHE_PATH', '/home/goln/.config/Antigravity/CachedData/15487b3041e65228cae24980a3f796c905ef582c'), ('CLUTTER_IM_MODULE', 'fcitx'), ('XDG_DATA_DIRS', '/usr/share/ubuntu-xorg:/usr/share/gnome:/usr/local/share/:/usr/share/:/var/lib/snapd/desktop'), ('PYTHONPATH', '/home/goln/microros_ws/install/micro_ros_msgs/local/lib/python3.10/dist-packages:/home/goln/JetbotRos2_ws/install/yolo_demo/lib/python3.10/site-packages:/home/goln/JetbotRos2_ws/install/pkg_param/lib/python3.10/site-packages:/home/goln/JetbotRos2_ws/install/pkg_action/lib/python3.10/site-packages:/home/goln/JetbotRos2_ws/install/pkg_interfaces/local/lib/python3.10/dist-packages:/home/goln/JetbotRos2_ws/install/learn_launch/lib/python3.10/site-packages:/opt/ros/humble/lib/python3.10/site-packages:/opt/ros/humble/local/lib/python3.10/dist-packages'), ('LC_NUMERIC', 'vi_VN'), ('LC_PAPER', 'vi_VN'), ('COLCON', '1'), ('CMAKE_PREFIX_PATH', '/home/goln/microros_ws/install/micro_ros_setup:/home/goln/microros_ws/install/micro_ros_agent:/home/goln/microros_ws/install/micro_ros_msgs:/home/goln/JetbotRos2_ws/install/pkg_interfaces:/home/goln/JetbotRos2_ws/install/myrobot:/home/goln/JetbotRos2_ws/install/yolo_demo:/home/goln/JetbotRos2_ws/install/pkg_param:/home/goln/JetbotRos2_ws/install/pkg_action:/home/goln/JetbotRos2_ws/install/learn_launch:/opt/ros/humble'), ('VSCODE_PID', '3280')]), 'shell': False}
[15.855118] (avs_perception) StdoutLine: {'line': b'-- Install configuration: "Release"\n'}
[15.855457] (avs_perception) StdoutLine: {'line': b'-- Execute custom install script\n'}
[15.855797] (avs_perception) StdoutLine: {'line': b'-- Up-to-date symlink: /home/goln/SimpleSysIDV/ros2_ws/install_user/avs_perception/lib/avs_perception/libyolo26_seg_lib.a\n'}
[15.855916] (avs_perception) StdoutLine: {'line': b'-- Up-to-date symlink: /home/goln/SimpleSysIDV/ros2_ws/install_user/avs_perception/lib/avs_perception/ncnn_inference_node\n'}
[15.856074] (avs_perception) StdoutLine: {'line': b'-- Up-to-date symlink: /home/goln/SimpleSysIDV/ros2_ws/install_user/avs_perception/lib/avs_perception/video_test_node\n'}
[15.856216] (avs_perception) StdoutLine: {'line': b'-- Up-to-date symlink: /home/goln/SimpleSysIDV/ros2_ws/install_user/avs_perception/lib/avs_perception/video_publisher_node\n'}
[15.856332] (avs_perception) StdoutLine: {'line': b'-- Up-to-date symlink: /home/goln/SimpleSysIDV/ros2_ws/install_user/avs_perception/lib/avs_perception/ipm_transform_node\n'}
[15.856468] (avs_perception) StdoutLine: {'line': b'-- Up-to-date symlink: /home/goln/SimpleSysIDV/ros2_ws/install_user/avs_perception/lib/avs_perception/control_node\n'}
[15.856809] (avs_perception) StdoutLine: {'line': b'-- Up-to-date symlink: /home/goln/SimpleSysIDV/ros2_ws/install_user/avs_perception/share/avs_perception/launch/perception.launch.py\n'}
[15.856960] (avs_perception) StdoutLine: {'line': b'-- Up-to-date symlink: /home/goln/SimpleSysIDV/ros2_ws/install_user/avs_perception/share/ament_index/resource_index/package_run_dependencies/avs_perception\n'}
[15.857117] (avs_perception) StdoutLine: {'line': b'-- Up-to-date symlink: /home/goln/SimpleSysIDV/ros2_ws/install_user/avs_perception/share/ament_index/resource_index/parent_prefix_path/avs_perception\n'}
[15.857270] (avs_perception) StdoutLine: {'line': b'-- Up-to-date symlink: /home/goln/SimpleSysIDV/ros2_ws/install_user/avs_perception/share/avs_perception/environment/ament_prefix_path.sh\n'}
[15.857419] (avs_perception) StdoutLine: {'line': b'-- Up-to-date symlink: /home/goln/SimpleSysIDV/ros2_ws/install_user/avs_perception/share/avs_perception/environment/ament_prefix_path.dsv\n'}
[15.857559] (avs_perception) StdoutLine: {'line': b'-- Up-to-date symlink: /home/goln/SimpleSysIDV/ros2_ws/install_user/avs_perception/share/avs_perception/environment/path.sh\n'}
[15.857719] (avs_perception) StdoutLine: {'line': b'-- Up-to-date symlink: /home/goln/SimpleSysIDV/ros2_ws/install_user/avs_perception/share/avs_perception/environment/path.dsv\n'}
[15.857829] (avs_perception) StdoutLine: {'line': b'-- Up-to-date symlink: /home/goln/SimpleSysIDV/ros2_ws/install_user/avs_perception/share/avs_perception/local_setup.bash\n'}
[15.857964] (avs_perception) StdoutLine: {'line': b'-- Up-to-date symlink: /home/goln/SimpleSysIDV/ros2_ws/install_user/avs_perception/share/avs_perception/local_setup.sh\n'}
[15.858141] (avs_perception) StdoutLine: {'line': b'-- Up-to-date symlink: /home/goln/SimpleSysIDV/ros2_ws/install_user/avs_perception/share/avs_perception/local_setup.zsh\n'}
[15.858264] (avs_perception) StdoutLine: {'line': b'-- Up-to-date symlink: /home/goln/SimpleSysIDV/ros2_ws/install_user/avs_perception/share/avs_perception/local_setup.dsv\n'}
[15.858347] (avs_perception) StdoutLine: {'line': b'-- Symlinking: /home/goln/SimpleSysIDV/ros2_ws/install_user/avs_perception/share/avs_perception/package.dsv\n'}
[15.863159] (-) TimerEvent: {}
[15.867509] (avs_perception) StdoutLine: {'line': b'-- Up-to-date symlink: /home/goln/SimpleSysIDV/ros2_ws/install_user/avs_perception/share/ament_index/resource_index/packages/avs_perception\n'}
[15.867683] (avs_perception) StdoutLine: {'line': b'-- Up-to-date symlink: /home/goln/SimpleSysIDV/ros2_ws/install_user/avs_perception/share/avs_perception/cmake/avs_perceptionConfig.cmake\n'}
[15.867787] (avs_perception) StdoutLine: {'line': b'-- Up-to-date symlink: /home/goln/SimpleSysIDV/ros2_ws/install_user/avs_perception/share/avs_perception/cmake/avs_perceptionConfig-version.cmake\n'}
[15.867882] (avs_perception) StdoutLine: {'line': b'-- Up-to-date symlink: /home/goln/SimpleSysIDV/ros2_ws/install_user/avs_perception/share/avs_perception/package.xml\n'}
[15.869590] (avs_perception) CommandEnded: {'returncode': 0}
[15.883041] (avs_perception) JobEnded: {'identifier': 'avs_perception', 'rc': 0}
[15.883700] (-) EventReactorShutdown: {}
