[0.010s] Invoking command in '/home/goln/SimpleSysIDV/ros2_ws/build_host/avs_perception': CMAKE_PREFIX_PATH=${CMAKE_PREFIX_PATH}:/home/goln/JetbotRos2_ws/install/yolo_demo:/home/goln/JetbotRos2_ws/install/pkg_param:/home/goln/JetbotRos2_ws/install/pkg_action:/home/goln/JetbotRos2_ws/install/learn_launch:/opt/ros/humble /usr/bin/cmake /home/goln/SimpleSysIDV/ros2_ws/src/avs_perception -DAMENT_CMAKE_SYMLINK_INSTALL=1 -DCMAKE_INSTALL_PREFIX=/home/goln/SimpleSysIDV/ros2_ws/install_host/avs_perception
[0.055s] -- The C compiler identification is GNU 11.4.0
[0.099s] -- The CXX compiler identification is GNU 11.4.0
[0.105s] -- Detecting C compiler ABI info
[0.157s] -- Detecting C compiler ABI info - done
[0.163s] -- Check for working C compiler: /usr/bin/cc - skipped
[0.163s] -- Detecting C compile features
[0.163s] -- Detecting C compile features - done
[0.166s] -- Detecting CXX compiler ABI info
[0.229s] -- Detecting CXX compiler ABI info - done
[0.235s] -- Check for working CXX compiler: /usr/bin/c++ - skipped
[0.235s] -- Detecting CXX compile features
[0.235s] -- Detecting CXX compile features - done
[0.236s] -- AVS: Release build — Generic/x86_64 optimizations ENABLED (-O3)
[0.238s] -- Found ament_cmake: 1.3.14 (/opt/ros/humble/share/ament_cmake/cmake)
[0.560s] -- Found Python3: /usr/bin/python3 (found version "3.10.12") found components: Interpreter 
[0.616s] -- Override CMake install command with custom implementation using symlinks instead of copying resources
[0.662s] -- Found rclcpp: 16.0.19 (/opt/ros/humble/share/rclcpp/cmake)
[0.708s] -- Found rosidl_generator_c: 3.1.8 (/opt/ros/humble/share/rosidl_generator_c/cmake)
[0.713s] -- Found rosidl_adapter: 3.1.8 (/opt/ros/humble/share/rosidl_adapter/cmake)
[0.725s] -- Found rosidl_generator_cpp: 3.1.8 (/opt/ros/humble/share/rosidl_generator_cpp/cmake)
[0.746s] -- Using all available rosidl_typesupport_c: rosidl_typesupport_fastrtps_c;rosidl_typesupport_introspection_c
[0.775s] -- Using all available rosidl_typesupport_cpp: rosidl_typesupport_fastrtps_cpp;rosidl_typesupport_introspection_cpp
[0.849s] -- Found rmw_implementation_cmake: 6.1.2 (/opt/ros/humble/share/rmw_implementation_cmake/cmake)
[0.853s] -- Found rmw_fastrtps_cpp: 6.2.10 (/opt/ros/humble/share/rmw_fastrtps_cpp/cmake)
[0.952s] -- Found OpenSSL: /usr/lib/x86_64-linux-gnu/libcrypto.so (found version "3.0.2")  
[0.979s] -- Found FastRTPS: /opt/ros/humble/include  
[1.015s] -- Using RMW implementation 'rmw_fastrtps_cpp' as default
[1.025s] -- Looking for pthread.h
[1.085s] -- Looking for pthread.h - found
[1.085s] -- Performing Test CMAKE_HAVE_LIBC_PTHREAD
[1.144s] -- Performing Test CMAKE_HAVE_LIBC_PTHREAD - Success
[1.145s] -- Found Threads: TRUE  
[1.200s] -- Found sensor_msgs: 4.9.1 (/opt/ros/humble/share/sensor_msgs/cmake)
[1.231s] -- Found nav_msgs: 4.9.1 (/opt/ros/humble/share/nav_msgs/cmake)
[1.247s] -- Found cv_bridge: 3.2.1 (/opt/ros/humble/share/cv_bridge/cmake)
[1.260s] -- Found image_transport: 3.1.12 (/opt/ros/humble/share/image_transport/cmake)
[1.301s] -- Found OpenCV: /usr (found version "4.5.4") 
[1.501s] -- Found OpenMP_C: -fopenmp (found version "4.5") 
[1.570s] -- Found OpenMP_CXX: -fopenmp (found version "4.5") 
[1.571s] -- Found OpenMP: TRUE (found version "4.5")  
[1.573s] -- Found ncnn: 20260605
[1.638s] -- Configuring done
[1.665s] -- Generating done
[1.674s] -- Build files have been written to: /home/goln/SimpleSysIDV/ros2_ws/build_host/avs_perception
[1.685s] Invoked command in '/home/goln/SimpleSysIDV/ros2_ws/build_host/avs_perception' returned '0': CMAKE_PREFIX_PATH=${CMAKE_PREFIX_PATH}:/home/goln/JetbotRos2_ws/install/yolo_demo:/home/goln/JetbotRos2_ws/install/pkg_param:/home/goln/JetbotRos2_ws/install/pkg_action:/home/goln/JetbotRos2_ws/install/learn_launch:/opt/ros/humble /usr/bin/cmake /home/goln/SimpleSysIDV/ros2_ws/src/avs_perception -DAMENT_CMAKE_SYMLINK_INSTALL=1 -DCMAKE_INSTALL_PREFIX=/home/goln/SimpleSysIDV/ros2_ws/install_host/avs_perception
[1.686s] Invoking command in '/home/goln/SimpleSysIDV/ros2_ws/build_host/avs_perception': CMAKE_PREFIX_PATH=${CMAKE_PREFIX_PATH}:/home/goln/JetbotRos2_ws/install/yolo_demo:/home/goln/JetbotRos2_ws/install/pkg_param:/home/goln/JetbotRos2_ws/install/pkg_action:/home/goln/JetbotRos2_ws/install/learn_launch:/opt/ros/humble /usr/bin/cmake --build /home/goln/SimpleSysIDV/ros2_ws/build_host/avs_perception -- -j12 -l12
[1.729s] [ 25%] [32mBuilding CXX object CMakeFiles/video_publisher_node.dir/src/video_publisher_node.cpp.o[0m
[1.729s] [ 25%] [32mBuilding CXX object CMakeFiles/yolo26_seg_lib.dir/src/yolo26_seg.cpp.o[0m
[1.729s] [ 25%] [32mBuilding CXX object CMakeFiles/control_node.dir/src/control_node.cpp.o[0m
[1.729s] [ 33%] [32mBuilding CXX object CMakeFiles/ipm_transform_node.dir/src/ipm_transform_node.cpp.o[0m
[3.802s] [ 41%] [32m[1mLinking CXX static library libyolo26_seg_lib.a[0m
[3.860s] [ 41%] Built target yolo26_seg_lib
[3.880s] [ 58%] [32mBuilding CXX object CMakeFiles/ncnn_inference_node.dir/src/ncnn_inference_node.cpp.o[0m
[3.880s] [ 58%] [32mBuilding CXX object CMakeFiles/video_test_node.dir/src/video_test_node.cpp.o[0m
[10.205s] [ 66%] [32m[1mLinking CXX executable video_test_node[0m
[10.851s] [ 75%] [32m[1mLinking CXX executable video_publisher_node[0m
[10.852s] [ 75%] Built target video_test_node
[11.415s] [ 75%] Built target video_publisher_node
[18.459s] [ 83%] [32m[1mLinking CXX executable ncnn_inference_node[0m
[18.936s] [ 83%] Built target ncnn_inference_node
[20.044s] [ 91%] [32m[1mLinking CXX executable control_node[0m
[20.202s] [ 91%] Built target control_node
[25.069s] [100%] [32m[1mLinking CXX executable ipm_transform_node[0m
[25.279s] [100%] Built target ipm_transform_node
[25.289s] Invoked command in '/home/goln/SimpleSysIDV/ros2_ws/build_host/avs_perception' returned '0': CMAKE_PREFIX_PATH=${CMAKE_PREFIX_PATH}:/home/goln/JetbotRos2_ws/install/yolo_demo:/home/goln/JetbotRos2_ws/install/pkg_param:/home/goln/JetbotRos2_ws/install/pkg_action:/home/goln/JetbotRos2_ws/install/learn_launch:/opt/ros/humble /usr/bin/cmake --build /home/goln/SimpleSysIDV/ros2_ws/build_host/avs_perception -- -j12 -l12
[25.298s] Invoking command in '/home/goln/SimpleSysIDV/ros2_ws/build_host/avs_perception': CMAKE_PREFIX_PATH=${CMAKE_PREFIX_PATH}:/home/goln/JetbotRos2_ws/install/yolo_demo:/home/goln/JetbotRos2_ws/install/pkg_param:/home/goln/JetbotRos2_ws/install/pkg_action:/home/goln/JetbotRos2_ws/install/learn_launch:/opt/ros/humble /usr/bin/cmake --install /home/goln/SimpleSysIDV/ros2_ws/build_host/avs_perception
[25.305s] -- Install configuration: "Release"
[25.305s] -- Execute custom install script
[25.305s] -- Symlinking: /home/goln/SimpleSysIDV/ros2_ws/install_host/avs_perception/lib/avs_perception/libyolo26_seg_lib.a
[25.313s] -- Symlinking: /home/goln/SimpleSysIDV/ros2_ws/install_host/avs_perception/lib/avs_perception/ncnn_inference_node
[25.320s] -- Symlinking: /home/goln/SimpleSysIDV/ros2_ws/install_host/avs_perception/lib/avs_perception/video_test_node
[25.328s] -- Symlinking: /home/goln/SimpleSysIDV/ros2_ws/install_host/avs_perception/lib/avs_perception/video_publisher_node
[25.336s] -- Symlinking: /home/goln/SimpleSysIDV/ros2_ws/install_host/avs_perception/lib/avs_perception/ipm_transform_node
[25.343s] -- Symlinking: /home/goln/SimpleSysIDV/ros2_ws/install_host/avs_perception/lib/avs_perception/control_node
[25.351s] -- Symlinking: /home/goln/SimpleSysIDV/ros2_ws/install_host/avs_perception/share/avs_perception/launch/perception.launch.py
[25.358s] -- Symlinking: /home/goln/SimpleSysIDV/ros2_ws/install_host/avs_perception/share/ament_index/resource_index/package_run_dependencies/avs_perception
[25.370s] -- Symlinking: /home/goln/SimpleSysIDV/ros2_ws/install_host/avs_perception/share/ament_index/resource_index/parent_prefix_path/avs_perception
[25.377s] -- Symlinking: /home/goln/SimpleSysIDV/ros2_ws/install_host/avs_perception/share/avs_perception/environment/ament_prefix_path.sh
[25.384s] -- Symlinking: /home/goln/SimpleSysIDV/ros2_ws/install_host/avs_perception/share/avs_perception/environment/ament_prefix_path.dsv
[25.391s] -- Symlinking: /home/goln/SimpleSysIDV/ros2_ws/install_host/avs_perception/share/avs_perception/environment/path.sh
[25.399s] -- Symlinking: /home/goln/SimpleSysIDV/ros2_ws/install_host/avs_perception/share/avs_perception/environment/path.dsv
[25.406s] -- Symlinking: /home/goln/SimpleSysIDV/ros2_ws/install_host/avs_perception/share/avs_perception/local_setup.bash
[25.414s] -- Symlinking: /home/goln/SimpleSysIDV/ros2_ws/install_host/avs_perception/share/avs_perception/local_setup.sh
[25.422s] -- Symlinking: /home/goln/SimpleSysIDV/ros2_ws/install_host/avs_perception/share/avs_perception/local_setup.zsh
[25.430s] -- Symlinking: /home/goln/SimpleSysIDV/ros2_ws/install_host/avs_perception/share/avs_perception/local_setup.dsv
[25.438s] -- Symlinking: /home/goln/SimpleSysIDV/ros2_ws/install_host/avs_perception/share/avs_perception/package.dsv
[25.446s] -- Symlinking: /home/goln/SimpleSysIDV/ros2_ws/install_host/avs_perception/share/ament_index/resource_index/packages/avs_perception
[25.454s] -- Symlinking: /home/goln/SimpleSysIDV/ros2_ws/install_host/avs_perception/share/avs_perception/cmake/avs_perceptionConfig.cmake
[25.462s] -- Symlinking: /home/goln/SimpleSysIDV/ros2_ws/install_host/avs_perception/share/avs_perception/cmake/avs_perceptionConfig-version.cmake
[25.469s] -- Symlinking: /home/goln/SimpleSysIDV/ros2_ws/install_host/avs_perception/share/avs_perception/package.xml
[25.479s] Invoked command in '/home/goln/SimpleSysIDV/ros2_ws/build_host/avs_perception' returned '0': CMAKE_PREFIX_PATH=${CMAKE_PREFIX_PATH}:/home/goln/JetbotRos2_ws/install/yolo_demo:/home/goln/JetbotRos2_ws/install/pkg_param:/home/goln/JetbotRos2_ws/install/pkg_action:/home/goln/JetbotRos2_ws/install/learn_launch:/opt/ros/humble /usr/bin/cmake --install /home/goln/SimpleSysIDV/ros2_ws/build_host/avs_perception
