[0.008s] Invoking command in '/home/goln/SimpleSysIDV/ros2_ws/build/avs_perception': CMAKE_PREFIX_PATH=${CMAKE_PREFIX_PATH}:/home/goln/JetbotRos2_ws/install/yolo_demo:/home/goln/JetbotRos2_ws/install/pkg_param:/home/goln/JetbotRos2_ws/install/pkg_action:/home/goln/JetbotRos2_ws/install/learn_launch:/opt/ros/humble /usr/bin/cmake /home/goln/SimpleSysIDV/ros2_ws/src/avs_perception -DAMENT_CMAKE_SYMLINK_INSTALL=1 -DCMAKE_INSTALL_PREFIX=/home/goln/SimpleSysIDV/ros2_ws/install/avs_perception
[0.017s] -- Found ament_cmake: 1.3.14 (/opt/ros/humble/share/ament_cmake/cmake)
[0.106s] -- Override CMake install command with custom implementation using symlinks instead of copying resources
[0.111s] -- Found rclcpp: 16.0.19 (/opt/ros/humble/share/rclcpp/cmake)
[0.130s] -- Found rosidl_generator_c: 3.1.8 (/opt/ros/humble/share/rosidl_generator_c/cmake)
[0.131s] -- Found rosidl_adapter: 3.1.8 (/opt/ros/humble/share/rosidl_adapter/cmake)
[0.135s] -- Found rosidl_generator_cpp: 3.1.8 (/opt/ros/humble/share/rosidl_generator_cpp/cmake)
[0.141s] -- Using all available rosidl_typesupport_c: rosidl_typesupport_fastrtps_c;rosidl_typesupport_introspection_c
[0.149s] -- Using all available rosidl_typesupport_cpp: rosidl_typesupport_fastrtps_cpp;rosidl_typesupport_introspection_cpp
[0.170s] -- Found rmw_implementation_cmake: 6.1.2 (/opt/ros/humble/share/rmw_implementation_cmake/cmake)
[0.171s] -- Found rmw_fastrtps_cpp: 6.2.10 (/opt/ros/humble/share/rmw_fastrtps_cpp/cmake)
[0.245s] -- Using RMW implementation 'rmw_fastrtps_cpp' as default
[0.278s] -- Found sensor_msgs: 4.9.1 (/opt/ros/humble/share/sensor_msgs/cmake)
[0.296s] -- Found cv_bridge: 3.2.1 (/opt/ros/humble/share/cv_bridge/cmake)
[0.302s] -- Found image_transport: 3.1.12 (/opt/ros/humble/share/image_transport/cmake)
[0.322s] -- Found ncnn: 20260605
[0.374s] -- Configuring done
[0.388s] -- Generating done
[0.393s] -- Build files have been written to: /home/goln/SimpleSysIDV/ros2_ws/build/avs_perception
[0.399s] Invoked command in '/home/goln/SimpleSysIDV/ros2_ws/build/avs_perception' returned '0': CMAKE_PREFIX_PATH=${CMAKE_PREFIX_PATH}:/home/goln/JetbotRos2_ws/install/yolo_demo:/home/goln/JetbotRos2_ws/install/pkg_param:/home/goln/JetbotRos2_ws/install/pkg_action:/home/goln/JetbotRos2_ws/install/learn_launch:/opt/ros/humble /usr/bin/cmake /home/goln/SimpleSysIDV/ros2_ws/src/avs_perception -DAMENT_CMAKE_SYMLINK_INSTALL=1 -DCMAKE_INSTALL_PREFIX=/home/goln/SimpleSysIDV/ros2_ws/install/avs_perception
[0.401s] Invoking command in '/home/goln/SimpleSysIDV/ros2_ws/build/avs_perception': CMAKE_PREFIX_PATH=${CMAKE_PREFIX_PATH}:/home/goln/JetbotRos2_ws/install/yolo_demo:/home/goln/JetbotRos2_ws/install/pkg_param:/home/goln/JetbotRos2_ws/install/pkg_action:/home/goln/JetbotRos2_ws/install/learn_launch:/opt/ros/humble /usr/bin/cmake --build /home/goln/SimpleSysIDV/ros2_ws/build/avs_perception -- -j12 -l12
[0.436s] [ 16%] [32mBuilding CXX object CMakeFiles/yolo26_seg_lib.dir/src/yolo26_seg.cpp.o[0m
[0.586s] In file included from /home/goln/SimpleSysIDV/ros2_ws/src/avs_perception/src/yolo26_seg.cpp:1:
[0.586s] /home/goln/SimpleSysIDV/ros2_ws/src/avs_perception/include/avs_perception/yolo26_seg.hpp:7:10: fatal error: ncnn/net.h: No such file or directory
[0.586s]     7 | #include <ncnn/net.h>
[0.586s]       |          ^~~~~~~~~~~~
[0.586s] compilation terminated.
[0.588s] gmake[2]: *** [CMakeFiles/yolo26_seg_lib.dir/build.make:76: CMakeFiles/yolo26_seg_lib.dir/src/yolo26_seg.cpp.o] Error 1
[0.588s] gmake[1]: *** [CMakeFiles/Makefile2:141: CMakeFiles/yolo26_seg_lib.dir/all] Error 2
[0.588s] gmake: *** [Makefile:146: all] Error 2
[0.590s] Invoked command in '/home/goln/SimpleSysIDV/ros2_ws/build/avs_perception' returned '2': CMAKE_PREFIX_PATH=${CMAKE_PREFIX_PATH}:/home/goln/JetbotRos2_ws/install/yolo_demo:/home/goln/JetbotRos2_ws/install/pkg_param:/home/goln/JetbotRos2_ws/install/pkg_action:/home/goln/JetbotRos2_ws/install/learn_launch:/opt/ros/humble /usr/bin/cmake --build /home/goln/SimpleSysIDV/ros2_ws/build/avs_perception -- -j12 -l12
