[0.008s] Invoking command in '/home/goln/SimpleSysIDV/ros2_ws/build_user/avs_perception': CMAKE_PREFIX_PATH=${CMAKE_PREFIX_PATH}:/home/goln/JetbotRos2_ws/install/yolo_demo:/home/goln/JetbotRos2_ws/install/pkg_param:/home/goln/JetbotRos2_ws/install/pkg_action:/home/goln/JetbotRos2_ws/install/learn_launch:/opt/ros/humble /usr/bin/cmake /home/goln/SimpleSysIDV/ros2_ws/src/avs_perception -DAMENT_CMAKE_SYMLINK_INSTALL=1 -DCMAKE_INSTALL_PREFIX=/home/goln/SimpleSysIDV/ros2_ws/install_user/avs_perception
[0.140s] -- The C compiler identification is GNU 11.4.0
[0.181s] -- The CXX compiler identification is GNU 11.4.0
[0.189s] -- Detecting C compiler ABI info
[0.246s] -- Detecting C compiler ABI info - done
[0.251s] -- Check for working C compiler: /usr/bin/cc - skipped
[0.252s] -- Detecting C compile features
[0.252s] -- Detecting C compile features - done
[0.255s] -- Detecting CXX compiler ABI info
[0.310s] -- Detecting CXX compiler ABI info - done
[0.315s] -- Check for working CXX compiler: /usr/bin/c++ - skipped
[0.315s] -- Detecting CXX compile features
[0.316s] -- Detecting CXX compile features - done
[0.316s] -- AVS: Release build — Generic/x86_64 optimizations ENABLED (-O3)
[0.319s] -- Found ament_cmake: 1.3.14 (/opt/ros/humble/share/ament_cmake/cmake)
[0.614s] -- Found Python3: /usr/bin/python3 (found version "3.10.12") found components: Interpreter 
[0.667s] -- Override CMake install command with custom implementation using symlinks instead of copying resources
[0.705s] -- Found rclcpp: 16.0.19 (/opt/ros/humble/share/rclcpp/cmake)
[0.763s] -- Found rosidl_generator_c: 3.1.8 (/opt/ros/humble/share/rosidl_generator_c/cmake)
[0.769s] -- Found rosidl_adapter: 3.1.8 (/opt/ros/humble/share/rosidl_adapter/cmake)
[0.779s] -- Found rosidl_generator_cpp: 3.1.8 (/opt/ros/humble/share/rosidl_generator_cpp/cmake)
[0.793s] -- Using all available rosidl_typesupport_c: rosidl_typesupport_fastrtps_c;rosidl_typesupport_introspection_c
[0.810s] -- Using all available rosidl_typesupport_cpp: rosidl_typesupport_fastrtps_cpp;rosidl_typesupport_introspection_cpp
[0.860s] -- Found rmw_implementation_cmake: 6.1.2 (/opt/ros/humble/share/rmw_implementation_cmake/cmake)
[0.864s] -- Found rmw_fastrtps_cpp: 6.2.10 (/opt/ros/humble/share/rmw_fastrtps_cpp/cmake)
[0.940s] -- Found OpenSSL: /usr/lib/x86_64-linux-gnu/libcrypto.so (found version "3.0.2")  
[0.963s] -- Found FastRTPS: /opt/ros/humble/include  
[0.995s] -- Using RMW implementation 'rmw_fastrtps_cpp' as default
[1.005s] -- Looking for pthread.h
[1.063s] -- Looking for pthread.h - found
[1.063s] -- Performing Test CMAKE_HAVE_LIBC_PTHREAD
[1.116s] -- Performing Test CMAKE_HAVE_LIBC_PTHREAD - Success
[1.117s] -- Found Threads: TRUE  
[1.171s] -- Found sensor_msgs: 4.9.1 (/opt/ros/humble/share/sensor_msgs/cmake)
[1.202s] -- Found nav_msgs: 4.9.1 (/opt/ros/humble/share/nav_msgs/cmake)
[1.219s] -- Found cv_bridge: 3.2.1 (/opt/ros/humble/share/cv_bridge/cmake)
[1.231s] -- Found image_transport: 3.1.12 (/opt/ros/humble/share/image_transport/cmake)
[1.265s] -- Found OpenCV: /usr (found version "4.5.4") 
[1.450s] -- Found OpenMP_C: -fopenmp (found version "4.5") 
[1.513s] -- Found OpenMP_CXX: -fopenmp (found version "4.5") 
[1.513s] -- Found OpenMP: TRUE (found version "4.5")  
[1.516s] -- Found ncnn: 20260605
[1.574s] -- Configuring done
[1.603s] -- Generating done
[1.616s] -- Build files have been written to: /home/goln/SimpleSysIDV/ros2_ws/build_user/avs_perception
[1.625s] Invoked command in '/home/goln/SimpleSysIDV/ros2_ws/build_user/avs_perception' returned '0': CMAKE_PREFIX_PATH=${CMAKE_PREFIX_PATH}:/home/goln/JetbotRos2_ws/install/yolo_demo:/home/goln/JetbotRos2_ws/install/pkg_param:/home/goln/JetbotRos2_ws/install/pkg_action:/home/goln/JetbotRos2_ws/install/learn_launch:/opt/ros/humble /usr/bin/cmake /home/goln/SimpleSysIDV/ros2_ws/src/avs_perception -DAMENT_CMAKE_SYMLINK_INSTALL=1 -DCMAKE_INSTALL_PREFIX=/home/goln/SimpleSysIDV/ros2_ws/install_user/avs_perception
[1.626s] Invoking command in '/home/goln/SimpleSysIDV/ros2_ws/build_user/avs_perception': CMAKE_PREFIX_PATH=${CMAKE_PREFIX_PATH}:/home/goln/JetbotRos2_ws/install/yolo_demo:/home/goln/JetbotRos2_ws/install/pkg_param:/home/goln/JetbotRos2_ws/install/pkg_action:/home/goln/JetbotRos2_ws/install/learn_launch:/opt/ros/humble /usr/bin/cmake --build /home/goln/SimpleSysIDV/ros2_ws/build_user/avs_perception -- -j12 -l12
[1.667s] [ 33%] [32mBuilding CXX object CMakeFiles/video_publisher_node.dir/src/video_publisher_node.cpp.o[0m
[1.667s] [ 33%] [32mBuilding CXX object CMakeFiles/yolo26_seg_lib.dir/src/yolo26_seg.cpp.o[0m
[1.667s] [ 33%] [32mBuilding CXX object CMakeFiles/ipm_transform_node.dir/src/ipm_transform_node.cpp.o[0m
[1.667s] [ 33%] [32mBuilding CXX object CMakeFiles/control_node.dir/src/control_node.cpp.o[0m
[3.519s] [ 41%] [32m[1mLinking CXX static library libyolo26_seg_lib.a[0m
[3.909s] [ 41%] Built target yolo26_seg_lib
[3.926s] [ 58%] [32mBuilding CXX object CMakeFiles/ncnn_inference_node.dir/src/ncnn_inference_node.cpp.o[0m
[3.926s] [ 58%] [32mBuilding CXX object CMakeFiles/video_test_node.dir/src/video_test_node.cpp.o[0m
[4.115s] /home/goln/SimpleSysIDV/ros2_ws/src/avs_perception/src/control_node.cpp: In member function ‘ActiveTrajectory LaneErrorNode::connect_two_lanes_smooth(const LaneCandidate&, const LaneCandidate&)’:
[4.115s] /home/goln/SimpleSysIDV/ros2_ws/src/avs_perception/src/control_node.cpp:1278:17: error: redeclaration of ‘Point2D P0’
[4.115s]  1278 |         Point2D P0 = traj.points.back();
[4.115s]       |                 ^~
[4.115s] /home/goln/SimpleSysIDV/ros2_ws/src/avs_perception/src/control_node.cpp:1267:17: note: ‘Point2D P0’ previously declared here
[4.115s]  1267 |         Point2D P0 = traj.points.back();
[4.115s]       |                 ^~
[4.115s] /home/goln/SimpleSysIDV/ros2_ws/src/avs_perception/src/control_node.cpp:1279:17: error: redeclaration of ‘Point2D P3’
[4.115s]  1279 |         Point2D P3 = traj_ahead.points.front();
[4.115s]       |                 ^~
[4.115s] /home/goln/SimpleSysIDV/ros2_ws/src/avs_perception/src/control_node.cpp:1268:17: note: ‘Point2D P3’ previously declared here
[4.115s]  1268 |         Point2D P3 = traj_ahead.points.front();
[4.115s]       |                 ^~
[7.042s] gmake[2]: *** [CMakeFiles/control_node.dir/build.make:76: CMakeFiles/control_node.dir/src/control_node.cpp.o] Error 1
[7.042s] gmake[1]: *** [CMakeFiles/Makefile2:277: CMakeFiles/control_node.dir/all] Error 2
[7.042s] gmake[1]: *** Waiting for unfinished jobs....
[8.893s] [ 66%] [32m[1mLinking CXX executable video_test_node[0m
[9.259s] [ 75%] [32m[1mLinking CXX executable video_publisher_node[0m
[9.369s] [ 75%] Built target video_test_node
[9.676s] [ 75%] Built target video_publisher_node
[16.160s] [ 83%] [32m[1mLinking CXX executable ncnn_inference_node[0m
[16.518s] [ 83%] Built target ncnn_inference_node
[20.480s] [ 91%] [32m[1mLinking CXX executable ipm_transform_node[0m
[20.665s] [ 91%] Built target ipm_transform_node
[20.665s] gmake: *** [Makefile:146: all] Error 2
[20.667s] Invoked command in '/home/goln/SimpleSysIDV/ros2_ws/build_user/avs_perception' returned '2': CMAKE_PREFIX_PATH=${CMAKE_PREFIX_PATH}:/home/goln/JetbotRos2_ws/install/yolo_demo:/home/goln/JetbotRos2_ws/install/pkg_param:/home/goln/JetbotRos2_ws/install/pkg_action:/home/goln/JetbotRos2_ws/install/learn_launch:/opt/ros/humble /usr/bin/cmake --build /home/goln/SimpleSysIDV/ros2_ws/build_user/avs_perception -- -j12 -l12
