[0.000000] (-) TimerEvent: {}
[0.000182] (avs_perception) JobQueued: {'identifier': 'avs_perception', 'dependencies': OrderedDict()}
[0.000452] (avs_perception) JobStarted: {'identifier': 'avs_perception'}
[0.008884] (avs_perception) JobProgress: {'identifier': 'avs_perception', 'progress': 'cmake'}
[0.009271] (avs_perception) JobProgress: {'identifier': 'avs_perception', 'progress': 'build'}
[0.009731] (avs_perception) Command: {'cmd': ['/usr/bin/cmake', '--build', '/home/goln/SimpleSysIDV/ros2_ws/build_user/avs_perception', '--', '-j12', '-l12'], 'cwd': '/home/goln/SimpleSysIDV/ros2_ws/build_user/avs_perception', 'env': OrderedDict([('GJS_DEBUG_TOPICS', 'JS ERROR;JS LOG'), ('LESSOPEN', '| /usr/bin/lesspipe %s'), ('VSCODE_CWD', '/home/goln'), ('USER', 'goln'), ('LC_TIME', 'vi_VN'), ('VSCODE_NLS_CONFIG', '{"userLocale":"en-us","osLocale":"en-us","resolvedLanguage":"en","defaultMessagesFile":"/usr/share/antigravity/resources/app/out/nls.messages.json","locale":"en-us","availableLanguages":{}}'), ('XDG_SESSION_TYPE', 'x11'), ('SHLVL', '0'), ('LD_LIBRARY_PATH', '/home/goln/microros_ws/install/micro_ros_agent/lib:/home/goln/microros_ws/install/micro_ros_msgs/lib:/home/goln/JetbotRos2_ws/install/pkg_interfaces/lib:/usr/lib/x86_64-linux-gnu/gazebo-11/plugins:/opt/ros/humble/opt/rviz_ogre_vendor/lib:/opt/ros/humble/lib/x86_64-linux-gnu:/opt/ros/humble/lib'), ('HOME', '/home/goln'), ('CHROME_DESKTOP', 'antigravity.desktop'), ('DESKTOP_SESSION', 'ubuntu-xorg'), ('VSCODE_IPC_HOOK', '/run/user/1000/vscode-fd0059ab-1.10-main.sock'), ('GIO_LAUNCHED_DESKTOP_FILE', '/usr/share/applications/antigravity.desktop'), ('ROS_PYTHON_VERSION', '3'), ('GNOME_SHELL_SESSION_MODE', 'ubuntu'), ('GTK_MODULES', 'gail:atk-bridge'), ('PAGER', 'cat'), ('LC_MONETARY', 'vi_VN'), ('MANAGERPID', '1210'), ('SYSTEMD_EXEC_PID', '1770'), ('DBUS_SESSION_BUS_ADDRESS', 'unix:path=/run/user/1000/bus'), ('ANTIGRAVITY_AGENT', '1'), ('GIO_LAUNCHED_DESKTOP_FILE_PID', '2552'), ('IM_CONFIG_PHASE', '1'), ('COLCON_PREFIX_PATH', '/home/goln/microros_ws/install:/home/goln/JetbotRos2_ws/install'), ('ROS_DISTRO', 'humble'), ('GTK_IM_MODULE', 'fcitx'), ('LOGNAME', 'goln'), ('_', '/usr/bin/colcon'), ('JOURNAL_STREAM', '8:17530'), ('ROS_VERSION', '2'), ('XDG_SESSION_CLASS', 'user'), ('USERNAME', 'goln'), ('TERM', 'dumb'), ('GNOME_DESKTOP_SESSION_ID', 'this-is-deprecated'), ('FC_FONTATIONS', '1'), ('ROS_LOCALHOST_ONLY', '0'), ('WINDOWPATH', '2'), ('ANTIGRAVITY_EDITOR_APP_ROOT', '/usr/share/antigravity/resources/app'), ('PATH', '/home/goln/.local/bin:/opt/ros/humble/bin:/home/goln/.local/bin:/usr/local/sbin:/usr/local/bin:/usr/sbin:/usr/bin:/sbin:/bin:/usr/games:/usr/local/games:/snap/bin:/snap/bin'), ('SESSION_MANAGER', 'local/goln-Nitro-AN515-57:@/tmp/.ICE-unix/1688,unix/goln-Nitro-AN515-57:/tmp/.ICE-unix/1688'), ('INVOCATION_ID', 'eda6d092f97149f5a001ec23590f37b4'), ('XDG_MENU_PREFIX', 'gnome-'), ('LC_ADDRESS', 'vi_VN'), ('XDG_RUNTIME_DIR', '/run/user/1000'), ('GDK_BACKEND', 'x11'), ('DISPLAY', ':0'), ('LANG', 'en_US.UTF-8'), ('XDG_CURRENT_DESKTOP', 'ubuntu:GNOME'), ('LC_TELEPHONE', 'vi_VN'), ('XMODIFIERS', '@im=fcitx'), ('XDG_SESSION_DESKTOP', 'ubuntu-xorg'), ('XAUTHORITY', '/run/user/1000/gdm/Xauthority'), ('LS_COLORS', ''), ('SSH_AGENT_LAUNCHER', 'gnome-keyring'), ('SSH_AUTH_SOCK', '/run/user/1000/keyring/ssh'), ('AMENT_PREFIX_PATH', '/home/goln/microros_ws/install/micro_ros_setup:/home/goln/microros_ws/install/micro_ros_agent:/home/goln/microros_ws/install/micro_ros_msgs:/home/goln/JetbotRos2_ws/install/yolo_demo:/home/goln/JetbotRos2_ws/install/pkg_param:/home/goln/JetbotRos2_ws/install/pkg_action:/home/goln/JetbotRos2_ws/install/pkg_interfaces:/home/goln/JetbotRos2_ws/install/myrobot:/home/goln/JetbotRos2_ws/install/learn_launch:/opt/ros/humble'), ('SHELL', '/bin/bash'), ('LC_NAME', 'vi_VN'), ('QT_ACCESSIBILITY', '1'), ('GDMSESSION', 'ubuntu-xorg'), ('LESSCLOSE', '/usr/bin/lesspipe %s %s'), ('LC_MEASUREMENT', 'vi_VN'), ('GPG_AGENT_INFO', '/run/user/1000/gnupg/S.gpg-agent:0:1'), ('GJS_DEBUG_OUTPUT', 'stderr'), ('LC_IDENTIFICATION', 'vi_VN'), ('QT_IM_MODULE', 'fcitx'), ('ANTIGRAVITY_TRAJECTORY_ID', '82b21ade-9a5d-420a-b27f-f447ab846653'), ('PWD', '/home/goln/SimpleSysIDV/ros2_ws/build_user/avs_perception'), ('XDG_CONFIG_DIRS', '/etc/xdg/xdg-ubuntu-xorg:/etc/xdg'), ('VSCODE_CODE_CACHE_PATH', '/home/goln/.config/Antigravity/CachedData/15487b3041e65228cae24980a3f796c905ef582c'), ('CLUTTER_IM_MODULE', 'fcitx'), ('XDG_DATA_DIRS', '/usr/share/ubuntu-xorg:/usr/share/gnome:/usr/local/share/:/usr/share/:/var/lib/snapd/desktop'), ('PYTHONPATH', '/home/goln/microros_ws/install/micro_ros_msgs/local/lib/python3.10/dist-packages:/home/goln/JetbotRos2_ws/install/yolo_demo/lib/python3.10/site-packages:/home/goln/JetbotRos2_ws/install/pkg_param/lib/python3.10/site-packages:/home/goln/JetbotRos2_ws/install/pkg_action/lib/python3.10/site-packages:/home/goln/JetbotRos2_ws/install/pkg_interfaces/local/lib/python3.10/dist-packages:/home/goln/JetbotRos2_ws/install/learn_launch/lib/python3.10/site-packages:/opt/ros/humble/lib/python3.10/site-packages:/opt/ros/humble/local/lib/python3.10/dist-packages'), ('LC_NUMERIC', 'vi_VN'), ('LC_PAPER', 'vi_VN'), ('COLCON', '1'), ('CMAKE_PREFIX_PATH', '/home/goln/microros_ws/install/micro_ros_setup:/home/goln/microros_ws/install/micro_ros_agent:/home/goln/microros_ws/install/micro_ros_msgs:/home/goln/JetbotRos2_ws/install/pkg_interfaces:/home/goln/JetbotRos2_ws/install/myrobot:/home/goln/JetbotRos2_ws/install/yolo_demo:/home/goln/JetbotRos2_ws/install/pkg_param:/home/goln/JetbotRos2_ws/install/pkg_action:/home/goln/JetbotRos2_ws/install/learn_launch:/opt/ros/humble'), ('VSCODE_PID', '2552')]), 'shell': False}
[0.042360] (avs_perception) StdoutLine: {'line': b'\x1b[35m\x1b[1mConsolidate compiler generated dependencies of target control_node\x1b[0m\n'}
[0.051757] (avs_perception) StdoutLine: {'line': b'[ 16%] Built target yolo26_seg_lib\n'}
[0.053237] (avs_perception) StdoutLine: {'line': b'[ 50%] Built target ipm_transform_node\n'}
[0.053439] (avs_perception) StdoutLine: {'line': b'[ 50%] Built target video_publisher_node\n'}
[0.055624] (avs_perception) StdoutLine: {'line': b'[ 58%] \x1b[32mBuilding CXX object CMakeFiles/control_node.dir/src/control_node.cpp.o\x1b[0m\n'}
[0.071661] (avs_perception) StdoutLine: {'line': b'[ 91%] Built target video_test_node\n'}
[0.071848] (avs_perception) StdoutLine: {'line': b'[ 91%] Built target ncnn_inference_node\n'}
[0.099910] (-) TimerEvent: {}
[0.200237] (-) TimerEvent: {}
[0.300529] (-) TimerEvent: {}
[0.400955] (-) TimerEvent: {}
[0.501295] (-) TimerEvent: {}
[0.601684] (-) TimerEvent: {}
[0.701967] (-) TimerEvent: {}
[0.802232] (-) TimerEvent: {}
[0.902528] (-) TimerEvent: {}
[1.002809] (-) TimerEvent: {}
[1.103099] (-) TimerEvent: {}
[1.203372] (-) TimerEvent: {}
[1.303657] (-) TimerEvent: {}
[1.403920] (-) TimerEvent: {}
[1.504193] (-) TimerEvent: {}
[1.604485] (-) TimerEvent: {}
[1.704765] (-) TimerEvent: {}
[1.805038] (-) TimerEvent: {}
[1.905293] (-) TimerEvent: {}
[2.005575] (-) TimerEvent: {}
[2.105849] (-) TimerEvent: {}
[2.159607] (avs_perception) StderrLine: {'line': b'/home/goln/SimpleSysIDV/ros2_ws/src/avs_perception/src/control_node.cpp: In member function \xe2\x80\x98void LaneErrorNode::telemetry_callback(std_msgs::msg::String_<std::allocator<void> >::SharedPtr)\xe2\x80\x99:\n'}
[2.159782] (avs_perception) StderrLine: {'line': b'/home/goln/SimpleSysIDV/ros2_ws/src/avs_perception/src/control_node.cpp:1537:29: error: \xe2\x80\x98geometry_msgs\xe2\x80\x99 has not been declared\n'}
[2.159823] (avs_perception) StderrLine: {'line': b' 1537 |                             geometry_msgs::msg::Point32 ros_pt;\n'}
[2.159856] (avs_perception) StderrLine: {'line': b'      |                             ^~~~~~~~~~~~~\n'}
[2.164625] (avs_perception) StderrLine: {'line': b'/home/goln/SimpleSysIDV/ros2_ws/src/avs_perception/src/control_node.cpp:1538:29: error: \xe2\x80\x98ros_pt\xe2\x80\x99 was not declared in this scope\n'}
[2.164744] (avs_perception) StderrLine: {'line': b' 1538 |                             ros_pt.x = pt.x;\n'}
[2.164793] (avs_perception) StderrLine: {'line': b'      |                             ^~~~~~\n'}
[2.205960] (-) TimerEvent: {}
[2.306232] (-) TimerEvent: {}
[2.406502] (-) TimerEvent: {}
[2.506776] (-) TimerEvent: {}
[2.607048] (-) TimerEvent: {}
[2.707318] (-) TimerEvent: {}
[2.807601] (-) TimerEvent: {}
[2.908005] (-) TimerEvent: {}
[3.008298] (-) TimerEvent: {}
[3.108591] (-) TimerEvent: {}
[3.208856] (-) TimerEvent: {}
[3.309234] (-) TimerEvent: {}
[3.409512] (-) TimerEvent: {}
[3.509788] (-) TimerEvent: {}
[3.610081] (-) TimerEvent: {}
[3.710379] (-) TimerEvent: {}
[3.810641] (-) TimerEvent: {}
[3.910924] (-) TimerEvent: {}
[4.011199] (-) TimerEvent: {}
[4.111483] (-) TimerEvent: {}
[4.211742] (-) TimerEvent: {}
[4.312085] (-) TimerEvent: {}
[4.412364] (-) TimerEvent: {}
[4.512652] (-) TimerEvent: {}
[4.543727] (avs_perception) StderrLine: {'line': b'gmake[2]: *** [CMakeFiles/control_node.dir/build.make:76: CMakeFiles/control_node.dir/src/control_node.cpp.o] Error 1\n'}
[4.543936] (avs_perception) StderrLine: {'line': b'gmake[1]: *** [CMakeFiles/Makefile2:277: CMakeFiles/control_node.dir/all] Error 2\n'}
[4.544180] (avs_perception) StderrLine: {'line': b'gmake: *** [Makefile:146: all] Error 2\n'}
[4.545890] (avs_perception) CommandEnded: {'returncode': 2}
[4.556462] (avs_perception) JobEnded: {'identifier': 'avs_perception', 'rc': 2}
[4.566877] (-) EventReactorShutdown: {}
