[0.009s] Invoking command in '/home/goln/SimpleSysIDV/ros2_ws/build_user/avs_perception': CMAKE_PREFIX_PATH=${CMAKE_PREFIX_PATH}:/home/goln/JetbotRos2_ws/install/yolo_demo:/home/goln/JetbotRos2_ws/install/pkg_param:/home/goln/JetbotRos2_ws/install/pkg_action:/home/goln/JetbotRos2_ws/install/learn_launch:/opt/ros/humble /usr/bin/cmake --build /home/goln/SimpleSysIDV/ros2_ws/build_user/avs_perception -- -j12 -l12
[0.043s] [35m[1mConsolidate compiler generated dependencies of target control_node[0m
[0.057s] [ 16%] Built target yolo26_seg_lib
[0.058s] [ 50%] Built target video_publisher_node
[0.058s] [ 50%] Built target ipm_transform_node
[0.062s] [ 66%] Built target control_node
[0.081s] [ 83%] Built target ncnn_inference_node
[0.082s] [100%] Built target video_test_node
[0.092s] Invoked command in '/home/goln/SimpleSysIDV/ros2_ws/build_user/avs_perception' returned '0': CMAKE_PREFIX_PATH=${CMAKE_PREFIX_PATH}:/home/goln/JetbotRos2_ws/install/yolo_demo:/home/goln/JetbotRos2_ws/install/pkg_param:/home/goln/JetbotRos2_ws/install/pkg_action:/home/goln/JetbotRos2_ws/install/learn_launch:/opt/ros/humble /usr/bin/cmake --build /home/goln/SimpleSysIDV/ros2_ws/build_user/avs_perception -- -j12 -l12
[0.102s] Invoking command in '/home/goln/SimpleSysIDV/ros2_ws/build_user/avs_perception': CMAKE_PREFIX_PATH=${CMAKE_PREFIX_PATH}:/home/goln/JetbotRos2_ws/install/yolo_demo:/home/goln/JetbotRos2_ws/install/pkg_param:/home/goln/JetbotRos2_ws/install/pkg_action:/home/goln/JetbotRos2_ws/install/learn_launch:/opt/ros/humble /usr/bin/cmake --install /home/goln/SimpleSysIDV/ros2_ws/build_user/avs_perception
[0.107s] -- Install configuration: "Release"
[0.108s] -- Execute custom install script
[0.108s] -- Up-to-date symlink: /home/goln/SimpleSysIDV/ros2_ws/install_user/avs_perception/lib/avs_perception/libyolo26_seg_lib.a
[0.108s] -- Up-to-date symlink: /home/goln/SimpleSysIDV/ros2_ws/install_user/avs_perception/lib/avs_perception/ncnn_inference_node
[0.108s] -- Up-to-date symlink: /home/goln/SimpleSysIDV/ros2_ws/install_user/avs_perception/lib/avs_perception/video_test_node
[0.108s] -- Up-to-date symlink: /home/goln/SimpleSysIDV/ros2_ws/install_user/avs_perception/lib/avs_perception/video_publisher_node
[0.108s] -- Up-to-date symlink: /home/goln/SimpleSysIDV/ros2_ws/install_user/avs_perception/lib/avs_perception/ipm_transform_node
[0.108s] -- Up-to-date symlink: /home/goln/SimpleSysIDV/ros2_ws/install_user/avs_perception/lib/avs_perception/control_node
[0.108s] -- Up-to-date symlink: /home/goln/SimpleSysIDV/ros2_ws/install_user/avs_perception/share/avs_perception/launch/perception.launch.py
[0.108s] -- Up-to-date symlink: /home/goln/SimpleSysIDV/ros2_ws/install_user/avs_perception/share/ament_index/resource_index/package_run_dependencies/avs_perception
[0.109s] -- Up-to-date symlink: /home/goln/SimpleSysIDV/ros2_ws/install_user/avs_perception/share/ament_index/resource_index/parent_prefix_path/avs_perception
[0.109s] -- Up-to-date symlink: /home/goln/SimpleSysIDV/ros2_ws/install_user/avs_perception/share/avs_perception/environment/ament_prefix_path.sh
[0.109s] -- Up-to-date symlink: /home/goln/SimpleSysIDV/ros2_ws/install_user/avs_perception/share/avs_perception/environment/ament_prefix_path.dsv
[0.109s] -- Up-to-date symlink: /home/goln/SimpleSysIDV/ros2_ws/install_user/avs_perception/share/avs_perception/environment/path.sh
[0.109s] -- Up-to-date symlink: /home/goln/SimpleSysIDV/ros2_ws/install_user/avs_perception/share/avs_perception/environment/path.dsv
[0.109s] -- Up-to-date symlink: /home/goln/SimpleSysIDV/ros2_ws/install_user/avs_perception/share/avs_perception/local_setup.bash
[0.109s] -- Up-to-date symlink: /home/goln/SimpleSysIDV/ros2_ws/install_user/avs_perception/share/avs_perception/local_setup.sh
[0.109s] -- Up-to-date symlink: /home/goln/SimpleSysIDV/ros2_ws/install_user/avs_perception/share/avs_perception/local_setup.zsh
[0.109s] -- Up-to-date symlink: /home/goln/SimpleSysIDV/ros2_ws/install_user/avs_perception/share/avs_perception/local_setup.dsv
[0.109s] -- Symlinking: /home/goln/SimpleSysIDV/ros2_ws/install_user/avs_perception/share/avs_perception/package.dsv
[0.117s] -- Up-to-date symlink: /home/goln/SimpleSysIDV/ros2_ws/install_user/avs_perception/share/ament_index/resource_index/packages/avs_perception
[0.117s] -- Up-to-date symlink: /home/goln/SimpleSysIDV/ros2_ws/install_user/avs_perception/share/avs_perception/cmake/avs_perceptionConfig.cmake
[0.117s] -- Up-to-date symlink: /home/goln/SimpleSysIDV/ros2_ws/install_user/avs_perception/share/avs_perception/cmake/avs_perceptionConfig-version.cmake
[0.117s] -- Up-to-date symlink: /home/goln/SimpleSysIDV/ros2_ws/install_user/avs_perception/share/avs_perception/package.xml
[0.119s] Invoked command in '/home/goln/SimpleSysIDV/ros2_ws/build_user/avs_perception' returned '0': CMAKE_PREFIX_PATH=${CMAKE_PREFIX_PATH}:/home/goln/JetbotRos2_ws/install/yolo_demo:/home/goln/JetbotRos2_ws/install/pkg_param:/home/goln/JetbotRos2_ws/install/pkg_action:/home/goln/JetbotRos2_ws/install/learn_launch:/opt/ros/humble /usr/bin/cmake --install /home/goln/SimpleSysIDV/ros2_ws/build_user/avs_perception
