[0.000000] (-) TimerEvent: {}
[0.000125] (avs_perception) JobQueued: {'identifier': 'avs_perception', 'dependencies': OrderedDict()}
[0.000391] (avs_perception) JobStarted: {'identifier': 'avs_perception'}
[0.006980] (avs_perception) JobProgress: {'identifier': 'avs_perception', 'progress': 'cmake'}
[0.007720] (avs_perception) JobProgress: {'identifier': 'avs_perception', 'progress': 'build'}
[0.007771] (avs_perception) Command: {'cmd': ['/usr/bin/cmake', '--build', '/home/goln/SimpleSysIDV/ros2_ws/build_user/avs_perception', '--', '-j12', '-l12'], 'cwd': '/home/goln/SimpleSysIDV/ros2_ws/build_user/avs_perception', 'env': OrderedDict([('GJS_DEBUG_TOPICS', 'JS ERROR;JS LOG'), ('LESSOPEN', '| /usr/bin/lesspipe %s'), ('VSCODE_CWD', '/home/goln'), ('USER', 'goln'), ('LC_TIME', 'vi_VN'), ('VSCODE_NLS_CONFIG', '{"userLocale":"en-us","osLocale":"en-us","resolvedLanguage":"en","defaultMessagesFile":"/usr/share/antigravity/resources/app/out/nls.messages.json","locale":"en-us","availableLanguages":{}}'), ('XDG_SESSION_TYPE', 'x11'), ('SHLVL', '0'), ('LD_LIBRARY_PATH', '/home/goln/microros_ws/install/micro_ros_agent/lib:/home/goln/microros_ws/install/micro_ros_msgs/lib:/home/goln/JetbotRos2_ws/install/pkg_interfaces/lib:/usr/lib/x86_64-linux-gnu/gazebo-11/plugins:/opt/ros/humble/opt/rviz_ogre_vendor/lib:/opt/ros/humble/lib/x86_64-linux-gnu:/opt/ros/humble/lib'), ('HOME', '/home/goln'), ('CHROME_DESKTOP', 'antigravity.desktop'), ('DESKTOP_SESSION', 'ubuntu-xorg'), ('VSCODE_IPC_HOOK', '/run/user/1000/vscode-fd0059ab-1.10-main.sock'), ('GIO_LAUNCHED_DESKTOP_FILE', '/usr/share/applications/antigravity.desktop'), ('ROS_PYTHON_VERSION', '3'), ('GNOME_SHELL_SESSION_MODE', 'ubuntu'), ('GTK_MODULES', 'gail:atk-bridge'), ('PAGER', 'cat'), ('LC_MONETARY', 'vi_VN'), ('MANAGERPID', '1210'), ('SYSTEMD_EXEC_PID', '1770'), ('DBUS_SESSION_BUS_ADDRESS', 'unix:path=/run/user/1000/bus'), ('ANTIGRAVITY_AGENT', '1'), ('GIO_LAUNCHED_DESKTOP_FILE_PID', '2552'), ('IM_CONFIG_PHASE', '1'), ('COLCON_PREFIX_PATH', '/home/goln/microros_ws/install:/home/goln/JetbotRos2_ws/install'), ('ROS_DISTRO', 'humble'), ('GTK_IM_MODULE', 'fcitx'), ('LOGNAME', 'goln'), ('_', '/usr/bin/colcon'), ('JOURNAL_STREAM', '8:17530'), ('ROS_VERSION', '2'), ('XDG_SESSION_CLASS', 'user'), ('USERNAME', 'goln'), ('TERM', 'dumb'), ('GNOME_DESKTOP_SESSION_ID', 'this-is-deprecated'), ('FC_FONTATIONS', '1'), ('ROS_LOCALHOST_ONLY', '0'), ('WINDOWPATH', '2'), ('ANTIGRAVITY_EDITOR_APP_ROOT', '/usr/share/antigravity/resources/app'), ('PATH', '/home/goln/.local/bin:/opt/ros/humble/bin:/home/goln/.local/bin:/usr/local/sbin:/usr/local/bin:/usr/sbin:/usr/bin:/sbin:/bin:/usr/games:/usr/local/games:/snap/bin:/snap/bin'), ('SESSION_MANAGER', 'local/goln-Nitro-AN515-57:@/tmp/.ICE-unix/1688,unix/goln-Nitro-AN515-57:/tmp/.ICE-unix/1688'), ('INVOCATION_ID', 'eda6d092f97149f5a001ec23590f37b4'), ('XDG_MENU_PREFIX', 'gnome-'), ('LC_ADDRESS', 'vi_VN'), ('XDG_RUNTIME_DIR', '/run/user/1000'), ('GDK_BACKEND', 'x11'), ('DISPLAY', ':0'), ('LANG', 'en_US.UTF-8'), ('XDG_CURRENT_DESKTOP', 'ubuntu:GNOME'), ('LC_TELEPHONE', 'vi_VN'), ('XMODIFIERS', '@im=fcitx'), ('XDG_SESSION_DESKTOP', 'ubuntu-xorg'), ('XAUTHORITY', '/run/user/1000/gdm/Xauthority'), ('LS_COLORS', ''), ('SSH_AGENT_LAUNCHER', 'gnome-keyring'), ('SSH_AUTH_SOCK', '/run/user/1000/keyring/ssh'), ('AMENT_PREFIX_PATH', '/home/goln/microros_ws/install/micro_ros_setup:/home/goln/microros_ws/install/micro_ros_agent:/home/goln/microros_ws/install/micro_ros_msgs:/home/goln/JetbotRos2_ws/install/yolo_demo:/home/goln/JetbotRos2_ws/install/pkg_param:/home/goln/JetbotRos2_ws/install/pkg_action:/home/goln/JetbotRos2_ws/install/pkg_interfaces:/home/goln/JetbotRos2_ws/install/myrobot:/home/goln/JetbotRos2_ws/install/learn_launch:/opt/ros/humble'), ('SHELL', '/bin/bash'), ('LC_NAME', 'vi_VN'), ('QT_ACCESSIBILITY', '1'), ('GDMSESSION', 'ubuntu-xorg'), ('LESSCLOSE', '/usr/bin/lesspipe %s %s'), ('LC_MEASUREMENT', 'vi_VN'), ('GPG_AGENT_INFO', '/run/user/1000/gnupg/S.gpg-agent:0:1'), ('GJS_DEBUG_OUTPUT', 'stderr'), ('LC_IDENTIFICATION', 'vi_VN'), ('QT_IM_MODULE', 'fcitx'), ('ANTIGRAVITY_TRAJECTORY_ID', '82b21ade-9a5d-420a-b27f-f447ab846653'), ('PWD', '/home/goln/SimpleSysIDV/ros2_ws/build_user/avs_perception'), ('XDG_CONFIG_DIRS', '/etc/xdg/xdg-ubuntu-xorg:/etc/xdg'), ('VSCODE_CODE_CACHE_PATH', '/home/goln/.config/Antigravity/CachedData/15487b3041e65228cae24980a3f796c905ef582c'), ('CLUTTER_IM_MODULE', 'fcitx'), ('XDG_DATA_DIRS', '/usr/share/ubuntu-xorg:/usr/share/gnome:/usr/local/share/:/usr/share/:/var/lib/snapd/desktop'), ('PYTHONPATH', '/home/goln/microros_ws/install/micro_ros_msgs/local/lib/python3.10/dist-packages:/home/goln/JetbotRos2_ws/install/yolo_demo/lib/python3.10/site-packages:/home/goln/JetbotRos2_ws/install/pkg_param/lib/python3.10/site-packages:/home/goln/JetbotRos2_ws/install/pkg_action/lib/python3.10/site-packages:/home/goln/JetbotRos2_ws/install/pkg_interfaces/local/lib/python3.10/dist-packages:/home/goln/JetbotRos2_ws/install/learn_launch/lib/python3.10/site-packages:/opt/ros/humble/lib/python3.10/site-packages:/opt/ros/humble/local/lib/python3.10/dist-packages'), ('LC_NUMERIC', 'vi_VN'), ('LC_PAPER', 'vi_VN'), ('COLCON', '1'), ('CMAKE_PREFIX_PATH', '/home/goln/microros_ws/install/micro_ros_setup:/home/goln/microros_ws/install/micro_ros_agent:/home/goln/microros_ws/install/micro_ros_msgs:/home/goln/JetbotRos2_ws/install/pkg_interfaces:/home/goln/JetbotRos2_ws/install/myrobot:/home/goln/JetbotRos2_ws/install/yolo_demo:/home/goln/JetbotRos2_ws/install/pkg_param:/home/goln/JetbotRos2_ws/install/pkg_action:/home/goln/JetbotRos2_ws/install/learn_launch:/opt/ros/humble'), ('VSCODE_PID', '2552')]), 'shell': False}
[0.040182] (avs_perception) StdoutLine: {'line': b'\x1b[35m\x1b[1mConsolidate compiler generated dependencies of target control_node\x1b[0m\n'}
[0.049119] (avs_perception) StdoutLine: {'line': b'[ 16%] Built target yolo26_seg_lib\n'}
[0.050987] (avs_perception) StdoutLine: {'line': b'[ 33%] Built target ipm_transform_node\n'}
[0.051168] (avs_perception) StdoutLine: {'line': b'[ 50%] Built target video_publisher_node\n'}
[0.054164] (avs_perception) StdoutLine: {'line': b'[ 58%] \x1b[32mBuilding CXX object CMakeFiles/control_node.dir/src/control_node.cpp.o\x1b[0m\n'}
[0.069850] (avs_perception) StdoutLine: {'line': b'[ 91%] Built target ncnn_inference_node\n'}
[0.069989] (avs_perception) StdoutLine: {'line': b'[ 91%] Built target video_test_node\n'}
[0.099899] (-) TimerEvent: {}
[0.200177] (-) TimerEvent: {}
[0.300469] (-) TimerEvent: {}
[0.400754] (-) TimerEvent: {}
[0.501040] (-) TimerEvent: {}
[0.601387] (-) TimerEvent: {}
[0.701672] (-) TimerEvent: {}
[0.802005] (-) TimerEvent: {}
[0.902323] (-) TimerEvent: {}
[1.002608] (-) TimerEvent: {}
[1.102876] (-) TimerEvent: {}
[1.203146] (-) TimerEvent: {}
[1.303391] (-) TimerEvent: {}
[1.403681] (-) TimerEvent: {}
[1.503947] (-) TimerEvent: {}
[1.604207] (-) TimerEvent: {}
[1.704493] (-) TimerEvent: {}
[1.804903] (-) TimerEvent: {}
[1.905689] (-) TimerEvent: {}
[2.005973] (-) TimerEvent: {}
[2.106313] (-) TimerEvent: {}
[2.206592] (-) TimerEvent: {}
[2.307015] (-) TimerEvent: {}
[2.407756] (-) TimerEvent: {}
[2.508039] (-) TimerEvent: {}
[2.608324] (-) TimerEvent: {}
[2.708592] (-) TimerEvent: {}
[2.809003] (-) TimerEvent: {}
[2.909769] (-) TimerEvent: {}
[3.010431] (-) TimerEvent: {}
[3.110765] (-) TimerEvent: {}
[3.211056] (-) TimerEvent: {}
[3.311369] (-) TimerEvent: {}
[3.411650] (-) TimerEvent: {}
[3.511939] (-) TimerEvent: {}
[3.612230] (-) TimerEvent: {}
[3.712492] (-) TimerEvent: {}
[3.812763] (-) TimerEvent: {}
[3.913024] (-) TimerEvent: {}
[4.013387] (-) TimerEvent: {}
[4.113697] (-) TimerEvent: {}
[4.213978] (-) TimerEvent: {}
[4.314320] (-) TimerEvent: {}
[4.414596] (-) TimerEvent: {}
[4.514886] (-) TimerEvent: {}
[4.615205] (-) TimerEvent: {}
[4.715536] (-) TimerEvent: {}
[4.815912] (-) TimerEvent: {}
[4.916178] (-) TimerEvent: {}
[5.016473] (-) TimerEvent: {}
[5.116748] (-) TimerEvent: {}
[5.217020] (-) TimerEvent: {}
[5.317351] (-) TimerEvent: {}
[5.417696] (-) TimerEvent: {}
[5.518047] (-) TimerEvent: {}
[5.618378] (-) TimerEvent: {}
[5.718722] (-) TimerEvent: {}
[5.819071] (-) TimerEvent: {}
[5.919380] (-) TimerEvent: {}
[6.019742] (-) TimerEvent: {}
[6.120070] (-) TimerEvent: {}
[6.220371] (-) TimerEvent: {}
[6.320689] (-) TimerEvent: {}
[6.420939] (-) TimerEvent: {}
[6.521275] (-) TimerEvent: {}
[6.621565] (-) TimerEvent: {}
[6.721848] (-) TimerEvent: {}
[6.822175] (-) TimerEvent: {}
[6.922514] (-) TimerEvent: {}
[7.022825] (-) TimerEvent: {}
[7.123089] (-) TimerEvent: {}
[7.223367] (-) TimerEvent: {}
[7.323653] (-) TimerEvent: {}
[7.423926] (-) TimerEvent: {}
[7.524201] (-) TimerEvent: {}
[7.624497] (-) TimerEvent: {}
[7.724964] (-) TimerEvent: {}
[7.825595] (-) TimerEvent: {}
[7.925925] (-) TimerEvent: {}
[8.026251] (-) TimerEvent: {}
[8.126569] (-) TimerEvent: {}
[8.226884] (-) TimerEvent: {}
[8.327197] (-) TimerEvent: {}
[8.427527] (-) TimerEvent: {}
[8.527854] (-) TimerEvent: {}
[8.628259] (-) TimerEvent: {}
[8.728530] (-) TimerEvent: {}
[8.828868] (-) TimerEvent: {}
[8.929151] (-) TimerEvent: {}
[9.029434] (-) TimerEvent: {}
[9.129781] (-) TimerEvent: {}
[9.230115] (-) TimerEvent: {}
[9.330456] (-) TimerEvent: {}
[9.430742] (-) TimerEvent: {}
[9.531076] (-) TimerEvent: {}
[9.631364] (-) TimerEvent: {}
[9.731740] (-) TimerEvent: {}
[9.832031] (-) TimerEvent: {}
[9.932406] (-) TimerEvent: {}
[10.032702] (-) TimerEvent: {}
[10.133043] (-) TimerEvent: {}
[10.233310] (-) TimerEvent: {}
[10.333582] (-) TimerEvent: {}
[10.433926] (-) TimerEvent: {}
[10.534206] (-) TimerEvent: {}
[10.634522] (-) TimerEvent: {}
[10.734898] (-) TimerEvent: {}
[10.835316] (-) TimerEvent: {}
[10.935985] (-) TimerEvent: {}
[11.036262] (-) TimerEvent: {}
[11.136554] (-) TimerEvent: {}
[11.236958] (-) TimerEvent: {}
[11.337236] (-) TimerEvent: {}
[11.437514] (-) TimerEvent: {}
[11.537799] (-) TimerEvent: {}
[11.638086] (-) TimerEvent: {}
[11.738395] (-) TimerEvent: {}
[11.838680] (-) TimerEvent: {}
[11.939006] (-) TimerEvent: {}
[12.039301] (-) TimerEvent: {}
[12.139567] (-) TimerEvent: {}
[12.239839] (-) TimerEvent: {}
[12.340107] (-) TimerEvent: {}
[12.412364] (avs_perception) StdoutLine: {'line': b'[100%] \x1b[32m\x1b[1mLinking CXX executable control_node\x1b[0m\n'}
[12.440220] (-) TimerEvent: {}
[12.524000] (avs_perception) StdoutLine: {'line': b'[100%] Built target control_node\n'}
[12.532355] (avs_perception) CommandEnded: {'returncode': 0}
[12.532914] (avs_perception) JobProgress: {'identifier': 'avs_perception', 'progress': 'install'}
[12.539607] (avs_perception) Command: {'cmd': ['/usr/bin/cmake', '--install', '/home/goln/SimpleSysIDV/ros2_ws/build_user/avs_perception'], 'cwd': '/home/goln/SimpleSysIDV/ros2_ws/build_user/avs_perception', 'env': OrderedDict([('GJS_DEBUG_TOPICS', 'JS ERROR;JS LOG'), ('LESSOPEN', '| /usr/bin/lesspipe %s'), ('VSCODE_CWD', '/home/goln'), ('USER', 'goln'), ('LC_TIME', 'vi_VN'), ('VSCODE_NLS_CONFIG', '{"userLocale":"en-us","osLocale":"en-us","resolvedLanguage":"en","defaultMessagesFile":"/usr/share/antigravity/resources/app/out/nls.messages.json","locale":"en-us","availableLanguages":{}}'), ('XDG_SESSION_TYPE', 'x11'), ('SHLVL', '0'), ('LD_LIBRARY_PATH', '/home/goln/microros_ws/install/micro_ros_agent/lib:/home/goln/microros_ws/install/micro_ros_msgs/lib:/home/goln/JetbotRos2_ws/install/pkg_interfaces/lib:/usr/lib/x86_64-linux-gnu/gazebo-11/plugins:/opt/ros/humble/opt/rviz_ogre_vendor/lib:/opt/ros/humble/lib/x86_64-linux-gnu:/opt/ros/humble/lib'), ('HOME', '/home/goln'), ('CHROME_DESKTOP', 'antigravity.desktop'), ('DESKTOP_SESSION', 'ubuntu-xorg'), ('VSCODE_IPC_HOOK', '/run/user/1000/vscode-fd0059ab-1.10-main.sock'), ('GIO_LAUNCHED_DESKTOP_FILE', '/usr/share/applications/antigravity.desktop'), ('ROS_PYTHON_VERSION', '3'), ('GNOME_SHELL_SESSION_MODE', 'ubuntu'), ('GTK_MODULES', 'gail:atk-bridge'), ('PAGER', 'cat'), ('LC_MONETARY', 'vi_VN'), ('MANAGERPID', '1210'), ('SYSTEMD_EXEC_PID', '1770'), ('DBUS_SESSION_BUS_ADDRESS', 'unix:path=/run/user/1000/bus'), ('ANTIGRAVITY_AGENT', '1'), ('GIO_LAUNCHED_DESKTOP_FILE_PID', '2552'), ('IM_CONFIG_PHASE', '1'), ('COLCON_PREFIX_PATH', '/home/goln/microros_ws/install:/home/goln/JetbotRos2_ws/install'), ('ROS_DISTRO', 'humble'), ('GTK_IM_MODULE', 'fcitx'), ('LOGNAME', 'goln'), ('_', '/usr/bin/colcon'), ('JOURNAL_STREAM', '8:17530'), ('ROS_VERSION', '2'), ('XDG_SESSION_CLASS', 'user'), ('USERNAME', 'goln'), ('TERM', 'dumb'), ('GNOME_DESKTOP_SESSION_ID', 'this-is-deprecated'), ('FC_FONTATIONS', '1'), ('ROS_LOCALHOST_ONLY', '0'), ('WINDOWPATH', '2'), ('ANTIGRAVITY_EDITOR_APP_ROOT', '/usr/share/antigravity/resources/app'), ('PATH', '/home/goln/.local/bin:/opt/ros/humble/bin:/home/goln/.local/bin:/usr/local/sbin:/usr/local/bin:/usr/sbin:/usr/bin:/sbin:/bin:/usr/games:/usr/local/games:/snap/bin:/snap/bin'), ('SESSION_MANAGER', 'local/goln-Nitro-AN515-57:@/tmp/.ICE-unix/1688,unix/goln-Nitro-AN515-57:/tmp/.ICE-unix/1688'), ('INVOCATION_ID', 'eda6d092f97149f5a001ec23590f37b4'), ('XDG_MENU_PREFIX', 'gnome-'), ('LC_ADDRESS', 'vi_VN'), ('XDG_RUNTIME_DIR', '/run/user/1000'), ('GDK_BACKEND', 'x11'), ('DISPLAY', ':0'), ('LANG', 'en_US.UTF-8'), ('XDG_CURRENT_DESKTOP', 'ubuntu:GNOME'), ('LC_TELEPHONE', 'vi_VN'), ('XMODIFIERS', '@im=fcitx'), ('XDG_SESSION_DESKTOP', 'ubuntu-xorg'), ('XAUTHORITY', '/run/user/1000/gdm/Xauthority'), ('LS_COLORS', ''), ('SSH_AGENT_LAUNCHER', 'gnome-keyring'), ('SSH_AUTH_SOCK', '/run/user/1000/keyring/ssh'), ('AMENT_PREFIX_PATH', '/home/goln/microros_ws/install/micro_ros_setup:/home/goln/microros_ws/install/micro_ros_agent:/home/goln/microros_ws/install/micro_ros_msgs:/home/goln/JetbotRos2_ws/install/yolo_demo:/home/goln/JetbotRos2_ws/install/pkg_param:/home/goln/JetbotRos2_ws/install/pkg_action:/home/goln/JetbotRos2_ws/install/pkg_interfaces:/home/goln/JetbotRos2_ws/install/myrobot:/home/goln/JetbotRos2_ws/install/learn_launch:/opt/ros/humble'), ('SHELL', '/bin/bash'), ('LC_NAME', 'vi_VN'), ('QT_ACCESSIBILITY', '1'), ('GDMSESSION', 'ubuntu-xorg'), ('LESSCLOSE', '/usr/bin/lesspipe %s %s'), ('LC_MEASUREMENT', 'vi_VN'), ('GPG_AGENT_INFO', '/run/user/1000/gnupg/S.gpg-agent:0:1'), ('GJS_DEBUG_OUTPUT', 'stderr'), ('LC_IDENTIFICATION', 'vi_VN'), ('QT_IM_MODULE', 'fcitx'), ('ANTIGRAVITY_TRAJECTORY_ID', '82b21ade-9a5d-420a-b27f-f447ab846653'), ('PWD', '/home/goln/SimpleSysIDV/ros2_ws/build_user/avs_perception'), ('XDG_CONFIG_DIRS', '/etc/xdg/xdg-ubuntu-xorg:/etc/xdg'), ('VSCODE_CODE_CACHE_PATH', '/home/goln/.config/Antigravity/CachedData/15487b3041e65228cae24980a3f796c905ef582c'), ('CLUTTER_IM_MODULE', 'fcitx'), ('XDG_DATA_DIRS', '/usr/share/ubuntu-xorg:/usr/share/gnome:/usr/local/share/:/usr/share/:/var/lib/snapd/desktop'), ('PYTHONPATH', '/home/goln/microros_ws/install/micro_ros_msgs/local/lib/python3.10/dist-packages:/home/goln/JetbotRos2_ws/install/yolo_demo/lib/python3.10/site-packages:/home/goln/JetbotRos2_ws/install/pkg_param/lib/python3.10/site-packages:/home/goln/JetbotRos2_ws/install/pkg_action/lib/python3.10/site-packages:/home/goln/JetbotRos2_ws/install/pkg_interfaces/local/lib/python3.10/dist-packages:/home/goln/JetbotRos2_ws/install/learn_launch/lib/python3.10/site-packages:/opt/ros/humble/lib/python3.10/site-packages:/opt/ros/humble/local/lib/python3.10/dist-packages'), ('LC_NUMERIC', 'vi_VN'), ('LC_PAPER', 'vi_VN'), ('COLCON', '1'), ('CMAKE_PREFIX_PATH', '/home/goln/microros_ws/install/micro_ros_setup:/home/goln/microros_ws/install/micro_ros_agent:/home/goln/microros_ws/install/micro_ros_msgs:/home/goln/JetbotRos2_ws/install/pkg_interfaces:/home/goln/JetbotRos2_ws/install/myrobot:/home/goln/JetbotRos2_ws/install/yolo_demo:/home/goln/JetbotRos2_ws/install/pkg_param:/home/goln/JetbotRos2_ws/install/pkg_action:/home/goln/JetbotRos2_ws/install/learn_launch:/opt/ros/humble'), ('VSCODE_PID', '2552')]), 'shell': False}
[12.540683] (-) TimerEvent: {}
[12.545793] (avs_perception) StdoutLine: {'line': b'-- Install configuration: "Release"\n'}
[12.546045] (avs_perception) StdoutLine: {'line': b'-- Execute custom install script\n'}
[12.546244] (avs_perception) StdoutLine: {'line': b'-- Up-to-date symlink: /home/goln/SimpleSysIDV/ros2_ws/install_user/avs_perception/lib/avs_perception/libyolo26_seg_lib.a\n'}
[12.546405] (avs_perception) StdoutLine: {'line': b'-- Up-to-date symlink: /home/goln/SimpleSysIDV/ros2_ws/install_user/avs_perception/lib/avs_perception/ncnn_inference_node\n'}
[12.546493] (avs_perception) StdoutLine: {'line': b'-- Up-to-date symlink: /home/goln/SimpleSysIDV/ros2_ws/install_user/avs_perception/lib/avs_perception/video_test_node\n'}
[12.546573] (avs_perception) StdoutLine: {'line': b'-- Up-to-date symlink: /home/goln/SimpleSysIDV/ros2_ws/install_user/avs_perception/lib/avs_perception/video_publisher_node\n'}
[12.546650] (avs_perception) StdoutLine: {'line': b'-- Up-to-date symlink: /home/goln/SimpleSysIDV/ros2_ws/install_user/avs_perception/lib/avs_perception/ipm_transform_node\n'}
[12.546721] (avs_perception) StdoutLine: {'line': b'-- Up-to-date symlink: /home/goln/SimpleSysIDV/ros2_ws/install_user/avs_perception/lib/avs_perception/control_node\n'}
[12.546928] (avs_perception) StdoutLine: {'line': b'-- Up-to-date symlink: /home/goln/SimpleSysIDV/ros2_ws/install_user/avs_perception/share/avs_perception/launch/perception.launch.py\n'}
[12.547031] (avs_perception) StdoutLine: {'line': b'-- Up-to-date symlink: /home/goln/SimpleSysIDV/ros2_ws/install_user/avs_perception/share/ament_index/resource_index/package_run_dependencies/avs_perception\n'}
[12.547122] (avs_perception) StdoutLine: {'line': b'-- Up-to-date symlink: /home/goln/SimpleSysIDV/ros2_ws/install_user/avs_perception/share/ament_index/resource_index/parent_prefix_path/avs_perception\n'}
[12.547210] (avs_perception) StdoutLine: {'line': b'-- Up-to-date symlink: /home/goln/SimpleSysIDV/ros2_ws/install_user/avs_perception/share/avs_perception/environment/ament_prefix_path.sh\n'}
[12.547304] (avs_perception) StdoutLine: {'line': b'-- Up-to-date symlink: /home/goln/SimpleSysIDV/ros2_ws/install_user/avs_perception/share/avs_perception/environment/ament_prefix_path.dsv\n'}
[12.547387] (avs_perception) StdoutLine: {'line': b'-- Up-to-date symlink: /home/goln/SimpleSysIDV/ros2_ws/install_user/avs_perception/share/avs_perception/environment/path.sh\n'}
[12.547464] (avs_perception) StdoutLine: {'line': b'-- Up-to-date symlink: /home/goln/SimpleSysIDV/ros2_ws/install_user/avs_perception/share/avs_perception/environment/path.dsv\n'}
[12.547541] (avs_perception) StdoutLine: {'line': b'-- Up-to-date symlink: /home/goln/SimpleSysIDV/ros2_ws/install_user/avs_perception/share/avs_perception/local_setup.bash\n'}
[12.547619] (avs_perception) StdoutLine: {'line': b'-- Up-to-date symlink: /home/goln/SimpleSysIDV/ros2_ws/install_user/avs_perception/share/avs_perception/local_setup.sh\n'}
[12.547694] (avs_perception) StdoutLine: {'line': b'-- Up-to-date symlink: /home/goln/SimpleSysIDV/ros2_ws/install_user/avs_perception/share/avs_perception/local_setup.zsh\n'}
[12.547769] (avs_perception) StdoutLine: {'line': b'-- Up-to-date symlink: /home/goln/SimpleSysIDV/ros2_ws/install_user/avs_perception/share/avs_perception/local_setup.dsv\n'}
[12.547824] (avs_perception) StdoutLine: {'line': b'-- Symlinking: /home/goln/SimpleSysIDV/ros2_ws/install_user/avs_perception/share/avs_perception/package.dsv\n'}
[12.554566] (avs_perception) StdoutLine: {'line': b'-- Up-to-date symlink: /home/goln/SimpleSysIDV/ros2_ws/install_user/avs_perception/share/ament_index/resource_index/packages/avs_perception\n'}
[12.554694] (avs_perception) StdoutLine: {'line': b'-- Up-to-date symlink: /home/goln/SimpleSysIDV/ros2_ws/install_user/avs_perception/share/avs_perception/cmake/avs_perceptionConfig.cmake\n'}
[12.554758] (avs_perception) StdoutLine: {'line': b'-- Up-to-date symlink: /home/goln/SimpleSysIDV/ros2_ws/install_user/avs_perception/share/avs_perception/cmake/avs_perceptionConfig-version.cmake\n'}
[12.554848] (avs_perception) StdoutLine: {'line': b'-- Up-to-date symlink: /home/goln/SimpleSysIDV/ros2_ws/install_user/avs_perception/share/avs_perception/package.xml\n'}
[12.556091] (avs_perception) CommandEnded: {'returncode': 0}
[12.567353] (avs_perception) JobEnded: {'identifier': 'avs_perception', 'rc': 0}
[12.567855] (-) EventReactorShutdown: {}
