[0.033s] Invoking command in '/workspace/ros2_ws/build/avs_perception': CMAKE_PREFIX_PATH=/opt/ros/humble /usr/bin/cmake /workspace/ros2_ws/src/avs_perception -DAMENT_CMAKE_SYMLINK_INSTALL=1 -DCMAKE_INSTALL_PREFIX=/workspace/ros2_ws/install/avs_perception
[0.400s] -- The C compiler identification is GNU 11.4.0
[0.549s] -- The CXX compiler identification is GNU 11.4.0
[0.558s] -- Detecting C compiler ABI info
[0.622s] -- Detecting C compiler ABI info - done
[0.627s] -- Check for working C compiler: /usr/bin/cc - skipped
[0.628s] -- Detecting C compile features
[0.628s] -- Detecting C compile features - done
[0.632s] -- Detecting CXX compiler ABI info
[0.687s] -- Detecting CXX compiler ABI info - done
[0.691s] -- Check for working CXX compiler: /usr/bin/c++ - skipped
[0.691s] -- Detecting CXX compile features
[0.692s] -- Detecting CXX compile features - done
[0.694s] -- Found ament_cmake: 1.3.14 (/opt/ros/humble/share/ament_cmake/cmake)
[0.788s] -- Found Python3: /usr/bin/python3 (found version "3.10.12") found components: Interpreter 
[0.862s] -- Override CMake install command with custom implementation using symlinks instead of copying resources
[0.897s] -- Found rclcpp: 16.0.19 (/opt/ros/humble/share/rclcpp/cmake)
[0.952s] -- Found rosidl_generator_c: 3.1.8 (/opt/ros/humble/share/rosidl_generator_c/cmake)
[0.956s] -- Found rosidl_adapter: 3.1.8 (/opt/ros/humble/share/rosidl_adapter/cmake)
[0.966s] -- Found rosidl_generator_cpp: 3.1.8 (/opt/ros/humble/share/rosidl_generator_cpp/cmake)
[0.981s] -- Using all available rosidl_typesupport_c: rosidl_typesupport_fastrtps_c;rosidl_typesupport_introspection_c
[0.998s] -- Using all available rosidl_typesupport_cpp: rosidl_typesupport_fastrtps_cpp;rosidl_typesupport_introspection_cpp
[1.041s] -- Found rmw_implementation_cmake: 6.1.2 (/opt/ros/humble/share/rmw_implementation_cmake/cmake)
[1.043s] -- Found rmw_fastrtps_cpp: 6.2.10 (/opt/ros/humble/share/rmw_fastrtps_cpp/cmake)
[1.118s] -- Found OpenSSL: /usr/lib/x86_64-linux-gnu/libcrypto.so (found version "3.0.2")  
[1.133s] -- Found FastRTPS: /opt/ros/humble/include  
[1.158s] -- Using RMW implementation 'rmw_fastrtps_cpp' as default
[1.176s] -- Looking for pthread.h
[1.243s] -- Looking for pthread.h - found
[1.244s] -- Performing Test CMAKE_HAVE_LIBC_PTHREAD
[1.294s] -- Performing Test CMAKE_HAVE_LIBC_PTHREAD - Success
[1.295s] -- Found Threads: TRUE  
[1.344s] -- Found sensor_msgs: 4.9.1 (/opt/ros/humble/share/sensor_msgs/cmake)
[1.373s] -- Found cv_bridge: 3.2.1 (/opt/ros/humble/share/cv_bridge/cmake)
[1.384s] -- Found image_transport: 3.1.12 (/opt/ros/humble/share/image_transport/cmake)
[1.408s] -- Found OpenCV: /usr (found version "4.5.4") 
[1.580s] -- Found OpenMP_C: -fopenmp (found version "4.5") 
[1.635s] -- Found OpenMP_CXX: -fopenmp (found version "4.5") 
[1.635s] -- Found OpenMP: TRUE (found version "4.5")  
[1.682s] -- Configuring done
[1.700s] -- Generating done
[1.706s] -- Build files have been written to: /workspace/ros2_ws/build/avs_perception
[1.713s] Invoked command in '/workspace/ros2_ws/build/avs_perception' returned '0': CMAKE_PREFIX_PATH=/opt/ros/humble /usr/bin/cmake /workspace/ros2_ws/src/avs_perception -DAMENT_CMAKE_SYMLINK_INSTALL=1 -DCMAKE_INSTALL_PREFIX=/workspace/ros2_ws/install/avs_perception
[1.713s] Invoking command in '/workspace/ros2_ws/build/avs_perception': CMAKE_PREFIX_PATH=/opt/ros/humble /usr/bin/cmake --build /workspace/ros2_ws/build/avs_perception -- -j12 -l12
[1.743s] [ 25%] Building CXX object CMakeFiles/yolo26_seg_lib.dir/src/yolo26_seg.cpp.o
[1.743s] [ 25%] Building CXX object CMakeFiles/video_publisher_node.dir/src/video_publisher_node.cpp.o
[3.072s] [ 37%] Linking CXX static library libyolo26_seg_lib.a
[3.096s] [ 37%] Built target yolo26_seg_lib
[3.109s] [ 62%] Building CXX object CMakeFiles/ncnn_inference_node.dir/src/ncnn_inference_node.cpp.o
[3.109s] [ 62%] Building CXX object CMakeFiles/video_test_node.dir/src/video_test_node.cpp.o
[6.080s] [ 75%] Linking CXX executable video_test_node
[6.385s] [ 87%] Linking CXX executable video_publisher_node
[6.494s] [ 87%] Built target video_test_node
[6.765s] [ 87%] Built target video_publisher_node
[9.865s] [100%] Linking CXX executable ncnn_inference_node
[10.361s] [100%] Built target ncnn_inference_node
[10.368s] Invoked command in '/workspace/ros2_ws/build/avs_perception' returned '0': CMAKE_PREFIX_PATH=/opt/ros/humble /usr/bin/cmake --build /workspace/ros2_ws/build/avs_perception -- -j12 -l12
[10.374s] Invoking command in '/workspace/ros2_ws/build/avs_perception': CMAKE_PREFIX_PATH=/opt/ros/humble /usr/bin/cmake --install /workspace/ros2_ws/build/avs_perception
[10.379s] -- Install configuration: ""
[10.379s] -- Execute custom install script
[10.379s] -- Symlinking: /workspace/ros2_ws/install/avs_perception/lib/avs_perception/libyolo26_seg_lib.a
[10.385s] -- Symlinking: /workspace/ros2_ws/install/avs_perception/lib/avs_perception/ncnn_inference_node
[10.390s] -- Symlinking: /workspace/ros2_ws/install/avs_perception/lib/avs_perception/video_test_node
[10.395s] -- Symlinking: /workspace/ros2_ws/install/avs_perception/lib/avs_perception/video_publisher_node
[10.400s] -- Symlinking: /workspace/ros2_ws/install/avs_perception/share/avs_perception/launch/perception.launch.py
[10.405s] -- Symlinking: /workspace/ros2_ws/install/avs_perception/share/ament_index/resource_index/package_run_dependencies/avs_perception
[10.410s] -- Symlinking: /workspace/ros2_ws/install/avs_perception/share/ament_index/resource_index/parent_prefix_path/avs_perception
[10.415s] -- Symlinking: /workspace/ros2_ws/install/avs_perception/share/avs_perception/environment/ament_prefix_path.sh
[10.420s] -- Symlinking: /workspace/ros2_ws/install/avs_perception/share/avs_perception/environment/ament_prefix_path.dsv
[10.425s] -- Symlinking: /workspace/ros2_ws/install/avs_perception/share/avs_perception/environment/path.sh
[10.430s] -- Symlinking: /workspace/ros2_ws/install/avs_perception/share/avs_perception/environment/path.dsv
[10.435s] -- Symlinking: /workspace/ros2_ws/install/avs_perception/share/avs_perception/local_setup.bash
[10.440s] -- Symlinking: /workspace/ros2_ws/install/avs_perception/share/avs_perception/local_setup.sh
[10.446s] -- Symlinking: /workspace/ros2_ws/install/avs_perception/share/avs_perception/local_setup.zsh
[10.452s] -- Symlinking: /workspace/ros2_ws/install/avs_perception/share/avs_perception/local_setup.dsv
[10.457s] -- Symlinking: /workspace/ros2_ws/install/avs_perception/share/avs_perception/package.dsv
[10.463s] -- Symlinking: /workspace/ros2_ws/install/avs_perception/share/ament_index/resource_index/packages/avs_perception
[10.469s] -- Symlinking: /workspace/ros2_ws/install/avs_perception/share/avs_perception/cmake/avs_perceptionConfig.cmake
[10.474s] -- Symlinking: /workspace/ros2_ws/install/avs_perception/share/avs_perception/cmake/avs_perceptionConfig-version.cmake
[10.479s] -- Symlinking: /workspace/ros2_ws/install/avs_perception/share/avs_perception/package.xml
[10.486s] Invoked command in '/workspace/ros2_ws/build/avs_perception' returned '0': CMAKE_PREFIX_PATH=/opt/ros/humble /usr/bin/cmake --install /workspace/ros2_ws/build/avs_perception
