[0.000000] (-) TimerEvent: {}
[0.000141] (avs_perception) JobQueued: {'identifier': 'avs_perception', 'dependencies': OrderedDict()}
[0.000467] (avs_perception) JobStarted: {'identifier': 'avs_perception'}
[0.010178] (avs_perception) JobProgress: {'identifier': 'avs_perception', 'progress': 'cmake'}
[0.011092] (avs_perception) Command: {'cmd': ['/usr/bin/cmake', '/workspace/ros2_ws/src/avs_perception', '-DAMENT_CMAKE_SYMLINK_INSTALL=1', '-DCMAKE_INSTALL_PREFIX=/workspace/ros2_ws/install/avs_perception'], 'cwd': '/workspace/ros2_ws/build/avs_perception', 'env': OrderedDict([('HOSTNAME', 'goln-Nitro-AN515-57'), ('SHLVL', '1'), ('LD_LIBRARY_PATH', '/opt/ros/humble/lib/x86_64-linux-gnu:/opt/ros/humble/lib'), ('HOME', '/root'), ('OLDPWD', '/workspace'), ('ROS_PYTHON_VERSION', '3'), ('ROS_DISTRO', 'humble'), ('_', '/usr/bin/colcon'), ('ROS_VERSION', '2'), ('ROS_LOCALHOST_ONLY', '0'), ('QT_X11_NO_MITSHM', '1'), ('PATH', '/opt/ros/humble/bin:/usr/local/sbin:/usr/local/bin:/usr/sbin:/usr/bin:/sbin:/bin'), ('DISPLAY', ':0'), ('LANG', 'C.UTF-8'), ('ROS_DOMAIN_ID', '0'), ('AMENT_PREFIX_PATH', '/opt/ros/humble'), ('DEBIAN_FRONTEND', 'noninteractive'), ('PWD', '/workspace/ros2_ws/build/avs_perception'), ('LC_ALL', 'C.UTF-8'), ('PYTHONPATH', '/opt/ros/humble/lib/python3.10/site-packages:/opt/ros/humble/local/lib/python3.10/dist-packages'), ('COLCON', '1'), ('CMAKE_PREFIX_PATH', '/opt/ros/humble')]), 'shell': False}
[0.066758] (avs_perception) StdoutLine: {'line': b'-- The C compiler identification is GNU 11.4.0\n'}
[0.099786] (-) TimerEvent: {}
[0.112375] (avs_perception) StdoutLine: {'line': b'-- The CXX compiler identification is GNU 11.4.0\n'}
[0.117104] (avs_perception) StdoutLine: {'line': b'-- Detecting C compiler ABI info\n'}
[0.174385] (avs_perception) StdoutLine: {'line': b'-- Detecting C compiler ABI info - done\n'}
[0.183667] (avs_perception) StdoutLine: {'line': b'-- Check for working C compiler: /usr/bin/cc - skipped\n'}
[0.183898] (avs_perception) StdoutLine: {'line': b'-- Detecting C compile features\n'}
[0.184281] (avs_perception) StdoutLine: {'line': b'-- Detecting C compile features - done\n'}
[0.186683] (avs_perception) StdoutLine: {'line': b'-- Detecting CXX compiler ABI info\n'}
[0.199920] (-) TimerEvent: {}
[0.257897] (avs_perception) StdoutLine: {'line': b'-- Detecting CXX compiler ABI info - done\n'}
[0.263246] (avs_perception) StdoutLine: {'line': b'-- Check for working CXX compiler: /usr/bin/c++ - skipped\n'}
[0.263461] (avs_perception) StdoutLine: {'line': b'-- Detecting CXX compile features\n'}
[0.263885] (avs_perception) StdoutLine: {'line': b'-- Detecting CXX compile features - done\n'}
[0.266200] (avs_perception) StdoutLine: {'line': b'-- Found ament_cmake: 1.3.14 (/opt/ros/humble/share/ament_cmake/cmake)\n'}
[0.300017] (-) TimerEvent: {}
[0.397982] (avs_perception) StdoutLine: {'line': b'-- Found Python3: /usr/bin/python3 (found version "3.10.12") found components: Interpreter \n'}
[0.400173] (-) TimerEvent: {}
[0.452635] (avs_perception) StdoutLine: {'line': b'-- Override CMake install command with custom implementation using symlinks instead of copying resources\n'}
[0.472666] (avs_perception) StdoutLine: {'line': b'-- Found rclcpp: 16.0.19 (/opt/ros/humble/share/rclcpp/cmake)\n'}
[0.500275] (-) TimerEvent: {}
[0.503473] (avs_perception) StdoutLine: {'line': b'-- Found rosidl_generator_c: 3.1.8 (/opt/ros/humble/share/rosidl_generator_c/cmake)\n'}
[0.506611] (avs_perception) StdoutLine: {'line': b'-- Found rosidl_adapter: 3.1.8 (/opt/ros/humble/share/rosidl_adapter/cmake)\n'}
[0.511839] (avs_perception) StdoutLine: {'line': b'-- Found rosidl_generator_cpp: 3.1.8 (/opt/ros/humble/share/rosidl_generator_cpp/cmake)\n'}
[0.520035] (avs_perception) StdoutLine: {'line': b'-- Using all available rosidl_typesupport_c: rosidl_typesupport_fastrtps_c;rosidl_typesupport_introspection_c\n'}
[0.530983] (avs_perception) StdoutLine: {'line': b'-- Using all available rosidl_typesupport_cpp: rosidl_typesupport_fastrtps_cpp;rosidl_typesupport_introspection_cpp\n'}
[0.569714] (avs_perception) StdoutLine: {'line': b'-- Found rmw_implementation_cmake: 6.1.2 (/opt/ros/humble/share/rmw_implementation_cmake/cmake)\n'}
[0.572494] (avs_perception) StdoutLine: {'line': b'-- Found rmw_fastrtps_cpp: 6.2.10 (/opt/ros/humble/share/rmw_fastrtps_cpp/cmake)\n'}
[0.600397] (-) TimerEvent: {}
[0.638688] (avs_perception) StdoutLine: {'line': b'-- Found OpenSSL: /usr/lib/x86_64-linux-gnu/libcrypto.so (found version "3.0.2")  \n'}
[0.658591] (avs_perception) StdoutLine: {'line': b'-- Found FastRTPS: /opt/ros/humble/include  \n'}
[0.684697] (avs_perception) StdoutLine: {'line': b"-- Using RMW implementation 'rmw_fastrtps_cpp' as default\n"}
[0.692813] (avs_perception) StdoutLine: {'line': b'-- Looking for pthread.h\n'}
[0.700569] (-) TimerEvent: {}
[0.750249] (avs_perception) StdoutLine: {'line': b'-- Looking for pthread.h - found\n'}
[0.750514] (avs_perception) StdoutLine: {'line': b'-- Performing Test CMAKE_HAVE_LIBC_PTHREAD\n'}
[0.800698] (-) TimerEvent: {}
[0.811104] (avs_perception) StdoutLine: {'line': b'-- Performing Test CMAKE_HAVE_LIBC_PTHREAD - Success\n'}
[0.812377] (avs_perception) StdoutLine: {'line': b'-- Found Threads: TRUE  \n'}
[0.857848] (avs_perception) StdoutLine: {'line': b'-- Found sensor_msgs: 4.9.1 (/opt/ros/humble/share/sensor_msgs/cmake)\n'}
[0.890259] (avs_perception) StdoutLine: {'line': b'-- Found cv_bridge: 3.2.1 (/opt/ros/humble/share/cv_bridge/cmake)\n'}
[0.900771] (-) TimerEvent: {}
[0.901530] (avs_perception) StdoutLine: {'line': b'-- Found image_transport: 3.1.12 (/opt/ros/humble/share/image_transport/cmake)\n'}
[0.931386] (avs_perception) StdoutLine: {'line': b'-- Found OpenCV: /usr (found version "4.5.4") \n'}
[1.000885] (-) TimerEvent: {}
[1.101112] (-) TimerEvent: {}
[1.168725] (avs_perception) StdoutLine: {'line': b'-- Found OpenMP_C: -fopenmp (found version "4.5") \n'}
[1.201245] (-) TimerEvent: {}
[1.241436] (avs_perception) StdoutLine: {'line': b'-- Found OpenMP_CXX: -fopenmp (found version "4.5") \n'}
[1.241632] (avs_perception) StdoutLine: {'line': b'-- Found OpenMP: TRUE (found version "4.5")  \n'}
[1.299049] (avs_perception) StdoutLine: {'line': b'-- Configuring done\n'}
[1.301334] (-) TimerEvent: {}
[1.324934] (avs_perception) StdoutLine: {'line': b'-- Generating done\n'}
[1.335424] (avs_perception) StdoutLine: {'line': b'-- Build files have been written to: /workspace/ros2_ws/build/avs_perception\n'}
[1.343523] (avs_perception) CommandEnded: {'returncode': 0}
[1.343956] (avs_perception) JobProgress: {'identifier': 'avs_perception', 'progress': 'build'}
[1.344562] (avs_perception) Command: {'cmd': ['/usr/bin/cmake', '--build', '/workspace/ros2_ws/build/avs_perception', '--', '-j12', '-l12'], 'cwd': '/workspace/ros2_ws/build/avs_perception', 'env': OrderedDict([('HOSTNAME', 'goln-Nitro-AN515-57'), ('SHLVL', '1'), ('LD_LIBRARY_PATH', '/opt/ros/humble/lib/x86_64-linux-gnu:/opt/ros/humble/lib'), ('HOME', '/root'), ('OLDPWD', '/workspace'), ('ROS_PYTHON_VERSION', '3'), ('ROS_DISTRO', 'humble'), ('_', '/usr/bin/colcon'), ('ROS_VERSION', '2'), ('ROS_LOCALHOST_ONLY', '0'), ('QT_X11_NO_MITSHM', '1'), ('PATH', '/opt/ros/humble/bin:/usr/local/sbin:/usr/local/bin:/usr/sbin:/usr/bin:/sbin:/bin'), ('DISPLAY', ':0'), ('LANG', 'C.UTF-8'), ('ROS_DOMAIN_ID', '0'), ('AMENT_PREFIX_PATH', '/opt/ros/humble'), ('DEBIAN_FRONTEND', 'noninteractive'), ('PWD', '/workspace/ros2_ws/build/avs_perception'), ('LC_ALL', 'C.UTF-8'), ('PYTHONPATH', '/opt/ros/humble/lib/python3.10/site-packages:/opt/ros/humble/local/lib/python3.10/dist-packages'), ('COLCON', '1'), ('CMAKE_PREFIX_PATH', '/opt/ros/humble')]), 'shell': False}
[1.383909] (avs_perception) StdoutLine: {'line': b'[ 25%] Building CXX object CMakeFiles/yolo26_seg_lib.dir/src/yolo26_seg.cpp.o\n'}
[1.384064] (avs_perception) StdoutLine: {'line': b'[ 25%] Building CXX object CMakeFiles/video_publisher_node.dir/src/video_publisher_node.cpp.o\n'}
[1.401448] (-) TimerEvent: {}
[1.501649] (-) TimerEvent: {}
[1.601994] (-) TimerEvent: {}
[1.702353] (-) TimerEvent: {}
[1.802641] (-) TimerEvent: {}
[1.902948] (-) TimerEvent: {}
[2.003372] (-) TimerEvent: {}
[2.103706] (-) TimerEvent: {}
[2.203922] (-) TimerEvent: {}
[2.304141] (-) TimerEvent: {}
[2.404387] (-) TimerEvent: {}
[2.504584] (-) TimerEvent: {}
[2.604844] (-) TimerEvent: {}
[2.705114] (-) TimerEvent: {}
[2.805313] (-) TimerEvent: {}
[2.905590] (-) TimerEvent: {}
[3.005819] (-) TimerEvent: {}
[3.091402] (avs_perception) StdoutLine: {'line': b'[ 37%] Linking CXX static library libyolo26_seg_lib.a\n'}
[3.105924] (-) TimerEvent: {}
[3.117212] (avs_perception) StdoutLine: {'line': b'[ 37%] Built target yolo26_seg_lib\n'}
[3.138738] (avs_perception) StdoutLine: {'line': b'[ 50%] Building CXX object CMakeFiles/ncnn_inference_node.dir/src/ncnn_inference_node.cpp.o\n'}
[3.140327] (avs_perception) StdoutLine: {'line': b'[ 62%] Building CXX object CMakeFiles/video_test_node.dir/src/video_test_node.cpp.o\n'}
[3.206062] (-) TimerEvent: {}
[3.306350] (-) TimerEvent: {}
[3.406565] (-) TimerEvent: {}
[3.506779] (-) TimerEvent: {}
[3.606968] (-) TimerEvent: {}
[3.707167] (-) TimerEvent: {}
[3.807383] (-) TimerEvent: {}
[3.907574] (-) TimerEvent: {}
[4.007765] (-) TimerEvent: {}
[4.107979] (-) TimerEvent: {}
[4.208226] (-) TimerEvent: {}
[4.308444] (-) TimerEvent: {}
[4.408694] (-) TimerEvent: {}
[4.508949] (-) TimerEvent: {}
[4.609219] (-) TimerEvent: {}
[4.709452] (-) TimerEvent: {}
[4.809694] (-) TimerEvent: {}
[4.909913] (-) TimerEvent: {}
[5.010136] (-) TimerEvent: {}
[5.110360] (-) TimerEvent: {}
[5.210600] (-) TimerEvent: {}
[5.310862] (-) TimerEvent: {}
[5.411118] (-) TimerEvent: {}
[5.511329] (-) TimerEvent: {}
[5.611539] (-) TimerEvent: {}
[5.711880] (-) TimerEvent: {}
[5.812255] (-) TimerEvent: {}
[5.912478] (-) TimerEvent: {}
[6.012700] (-) TimerEvent: {}
[6.112965] (-) TimerEvent: {}
[6.213202] (-) TimerEvent: {}
[6.313402] (-) TimerEvent: {}
[6.413631] (-) TimerEvent: {}
[6.514045] (-) TimerEvent: {}
[6.614427] (-) TimerEvent: {}
[6.714778] (-) TimerEvent: {}
[6.815190] (-) TimerEvent: {}
[6.915386] (-) TimerEvent: {}
[7.015608] (-) TimerEvent: {}
[7.115835] (-) TimerEvent: {}
[7.216024] (-) TimerEvent: {}
[7.314058] (avs_perception) StdoutLine: {'line': b'[ 75%] Linking CXX executable video_test_node\n'}
[7.316923] (-) TimerEvent: {}
[7.417273] (-) TimerEvent: {}
[7.495061] (avs_perception) StdoutLine: {'line': b'[ 87%] Linking CXX executable video_publisher_node\n'}
[7.517461] (-) TimerEvent: {}
[7.617902] (-) TimerEvent: {}
[7.718337] (-) TimerEvent: {}
[7.818695] (-) TimerEvent: {}
[7.856280] (avs_perception) StdoutLine: {'line': b'[ 87%] Built target video_test_node\n'}
[7.918818] (-) TimerEvent: {}
[8.019082] (-) TimerEvent: {}
[8.042066] (avs_perception) StdoutLine: {'line': b'[ 87%] Built target video_publisher_node\n'}
[8.119201] (-) TimerEvent: {}
[8.219391] (-) TimerEvent: {}
[8.319593] (-) TimerEvent: {}
[8.419758] (-) TimerEvent: {}
[8.519989] (-) TimerEvent: {}
[8.620528] (-) TimerEvent: {}
[8.720989] (-) TimerEvent: {}
[8.821206] (-) TimerEvent: {}
[8.921434] (-) TimerEvent: {}
[9.021639] (-) TimerEvent: {}
[9.121844] (-) TimerEvent: {}
[9.222049] (-) TimerEvent: {}
[9.322244] (-) TimerEvent: {}
[9.422479] (-) TimerEvent: {}
[9.522689] (-) TimerEvent: {}
[9.622999] (-) TimerEvent: {}
[9.723370] (-) TimerEvent: {}
[9.823622] (-) TimerEvent: {}
[9.923788] (-) TimerEvent: {}
[10.024007] (-) TimerEvent: {}
[10.124235] (-) TimerEvent: {}
[10.224404] (-) TimerEvent: {}
[10.324743] (-) TimerEvent: {}
[10.425031] (-) TimerEvent: {}
[10.525237] (-) TimerEvent: {}
[10.625456] (-) TimerEvent: {}
[10.725701] (-) TimerEvent: {}
[10.825883] (-) TimerEvent: {}
[10.926076] (-) TimerEvent: {}
[11.026265] (-) TimerEvent: {}
[11.126470] (-) TimerEvent: {}
[11.226650] (-) TimerEvent: {}
[11.326836] (-) TimerEvent: {}
[11.427117] (-) TimerEvent: {}
[11.527348] (-) TimerEvent: {}
[11.627545] (-) TimerEvent: {}
[11.727823] (-) TimerEvent: {}
[11.828045] (-) TimerEvent: {}
[11.928231] (-) TimerEvent: {}
[12.028416] (-) TimerEvent: {}
[12.128609] (-) TimerEvent: {}
[12.158494] (avs_perception) StdoutLine: {'line': b'[100%] Linking CXX executable ncnn_inference_node\n'}
[12.228727] (-) TimerEvent: {}
[12.329187] (-) TimerEvent: {}
[12.429537] (-) TimerEvent: {}
[12.529738] (-) TimerEvent: {}
[12.629930] (-) TimerEvent: {}
[12.730208] (-) TimerEvent: {}
[12.830529] (-) TimerEvent: {}
[12.859530] (avs_perception) StdoutLine: {'line': b'[100%] Built target ncnn_inference_node\n'}
[12.872019] (avs_perception) CommandEnded: {'returncode': 0}
[12.873013] (avs_perception) JobProgress: {'identifier': 'avs_perception', 'progress': 'install'}
[12.882840] (avs_perception) Command: {'cmd': ['/usr/bin/cmake', '--install', '/workspace/ros2_ws/build/avs_perception'], 'cwd': '/workspace/ros2_ws/build/avs_perception', 'env': OrderedDict([('HOSTNAME', 'goln-Nitro-AN515-57'), ('SHLVL', '1'), ('LD_LIBRARY_PATH', '/opt/ros/humble/lib/x86_64-linux-gnu:/opt/ros/humble/lib'), ('HOME', '/root'), ('OLDPWD', '/workspace'), ('ROS_PYTHON_VERSION', '3'), ('ROS_DISTRO', 'humble'), ('_', '/usr/bin/colcon'), ('ROS_VERSION', '2'), ('ROS_LOCALHOST_ONLY', '0'), ('QT_X11_NO_MITSHM', '1'), ('PATH', '/opt/ros/humble/bin:/usr/local/sbin:/usr/local/bin:/usr/sbin:/usr/bin:/sbin:/bin'), ('DISPLAY', ':0'), ('LANG', 'C.UTF-8'), ('ROS_DOMAIN_ID', '0'), ('AMENT_PREFIX_PATH', '/opt/ros/humble'), ('DEBIAN_FRONTEND', 'noninteractive'), ('PWD', '/workspace/ros2_ws/build/avs_perception'), ('LC_ALL', 'C.UTF-8'), ('PYTHONPATH', '/opt/ros/humble/lib/python3.10/site-packages:/opt/ros/humble/local/lib/python3.10/dist-packages'), ('COLCON', '1'), ('CMAKE_PREFIX_PATH', '/opt/ros/humble')]), 'shell': False}
[12.889211] (avs_perception) StdoutLine: {'line': b'-- Install configuration: ""\n'}
[12.889578] (avs_perception) StdoutLine: {'line': b'-- Execute custom install script\n'}
[12.889899] (avs_perception) StdoutLine: {'line': b'-- Symlinking: /workspace/ros2_ws/install/avs_perception/lib/avs_perception/libyolo26_seg_lib.a\n'}
[12.897054] (avs_perception) StdoutLine: {'line': b'-- Symlinking: /workspace/ros2_ws/install/avs_perception/lib/avs_perception/ncnn_inference_node\n'}
[12.903989] (avs_perception) StdoutLine: {'line': b'-- Symlinking: /workspace/ros2_ws/install/avs_perception/lib/avs_perception/video_test_node\n'}
[12.912498] (avs_perception) StdoutLine: {'line': b'-- Symlinking: /workspace/ros2_ws/install/avs_perception/lib/avs_perception/video_publisher_node\n'}
[12.921415] (avs_perception) StdoutLine: {'line': b'-- Symlinking: /workspace/ros2_ws/install/avs_perception/share/avs_perception/launch/perception.launch.py\n'}
[12.928192] (avs_perception) StdoutLine: {'line': b'-- Symlinking: /workspace/ros2_ws/install/avs_perception/share/ament_index/resource_index/package_run_dependencies/avs_perception\n'}
[12.930579] (-) TimerEvent: {}
[12.935041] (avs_perception) StdoutLine: {'line': b'-- Symlinking: /workspace/ros2_ws/install/avs_perception/share/ament_index/resource_index/parent_prefix_path/avs_perception\n'}
[12.940586] (avs_perception) StdoutLine: {'line': b'-- Symlinking: /workspace/ros2_ws/install/avs_perception/share/avs_perception/environment/ament_prefix_path.sh\n'}
[12.947502] (avs_perception) StdoutLine: {'line': b'-- Symlinking: /workspace/ros2_ws/install/avs_perception/share/avs_perception/environment/ament_prefix_path.dsv\n'}
[12.955307] (avs_perception) StdoutLine: {'line': b'-- Symlinking: /workspace/ros2_ws/install/avs_perception/share/avs_perception/environment/path.sh\n'}
[12.963013] (avs_perception) StdoutLine: {'line': b'-- Symlinking: /workspace/ros2_ws/install/avs_perception/share/avs_perception/environment/path.dsv\n'}
[12.969314] (avs_perception) StdoutLine: {'line': b'-- Symlinking: /workspace/ros2_ws/install/avs_perception/share/avs_perception/local_setup.bash\n'}
[12.975037] (avs_perception) StdoutLine: {'line': b'-- Symlinking: /workspace/ros2_ws/install/avs_perception/share/avs_perception/local_setup.sh\n'}
[12.980234] (avs_perception) StdoutLine: {'line': b'-- Symlinking: /workspace/ros2_ws/install/avs_perception/share/avs_perception/local_setup.zsh\n'}
[12.986714] (avs_perception) StdoutLine: {'line': b'-- Symlinking: /workspace/ros2_ws/install/avs_perception/share/avs_perception/local_setup.dsv\n'}
[12.994469] (avs_perception) StdoutLine: {'line': b'-- Symlinking: /workspace/ros2_ws/install/avs_perception/share/avs_perception/package.dsv\n'}
[13.002256] (avs_perception) StdoutLine: {'line': b'-- Symlinking: /workspace/ros2_ws/install/avs_perception/share/ament_index/resource_index/packages/avs_perception\n'}
[13.008692] (avs_perception) StdoutLine: {'line': b'-- Symlinking: /workspace/ros2_ws/install/avs_perception/share/avs_perception/cmake/avs_perceptionConfig.cmake\n'}
[13.014591] (avs_perception) StdoutLine: {'line': b'-- Symlinking: /workspace/ros2_ws/install/avs_perception/share/avs_perception/cmake/avs_perceptionConfig-version.cmake\n'}
[13.019938] (avs_perception) StdoutLine: {'line': b'-- Symlinking: /workspace/ros2_ws/install/avs_perception/share/avs_perception/package.xml\n'}
[13.027097] (avs_perception) CommandEnded: {'returncode': 0}
[13.030856] (-) TimerEvent: {}
[13.039185] (avs_perception) JobEnded: {'identifier': 'avs_perception', 'rc': 0}
[13.039769] (-) EventReactorShutdown: {}
