[0.104s] DEBUG:colcon:Command line arguments: ['/usr/bin/colcon', 'build', '--symlink-install']
[0.104s] DEBUG:colcon:Parsed command line arguments: Namespace(log_base=None, log_level=None, verb_name='build', build_base='build', install_base='install', merge_install=False, symlink_install=True, test_result_base=None, continue_on_error=False, executor='parallel', parallel_workers=12, event_handlers=None, ignore_user_meta=False, metas=['./colcon.meta'], base_paths=['.'], packages_ignore=None, packages_ignore_regex=None, paths=None, packages_up_to=None, packages_up_to_regex=None, packages_above=None, packages_above_and_dependencies=None, packages_above_depth=None, packages_select_by_dep=None, packages_skip_by_dep=None, packages_skip_up_to=None, packages_select_build_failed=False, packages_skip_build_finished=False, packages_select_test_failures=False, packages_skip_test_passed=False, packages_select=None, packages_skip=None, packages_select_regex=None, packages_skip_regex=None, packages_start=None, packages_end=None, cmake_args=None, cmake_target=None, cmake_target_skip_unavailable=False, cmake_clean_cache=False, cmake_clean_first=False, cmake_force_configure=False, ament_cmake_args=None, catkin_cmake_args=None, catkin_skip_building_tests=False, mixin_files=None, mixin=None, verb_parser=<colcon_mixin.mixin.mixin_argument.MixinArgumentDecorator object at 0x722f6012a020>, verb_extension=<colcon_core.verb.build.BuildVerb object at 0x722f60129ab0>, main=<bound method BuildVerb.main of <colcon_core.verb.build.BuildVerb object at 0x722f60129ab0>>, mixin_verb=('build',))
[0.191s] Level 1:colcon.colcon_core.package_discovery:discover_packages(colcon_meta) check parameters
[0.192s] INFO:colcon.colcon_metadata.package_discovery.colcon_meta:Using configuration from '/root/.colcon/metadata/default/Gazebo.meta'
[0.192s] INFO:colcon.colcon_metadata.package_discovery.colcon_meta:Using configuration from '/root/.colcon/metadata/default/fastdds.meta'
[0.193s] INFO:colcon.colcon_metadata.package_discovery.colcon_meta:Using configuration from '/root/.colcon/metadata/default/fastrtps.meta'
[0.193s] Level 1:colcon.colcon_core.package_discovery:discover_packages(recursive) check parameters
[0.193s] Level 1:colcon.colcon_core.package_discovery:discover_packages(ignore) check parameters
[0.193s] Level 1:colcon.colcon_core.package_discovery:discover_packages(path) check parameters
[0.193s] Level 1:colcon.colcon_core.package_discovery:discover_packages(colcon_meta) discover
[0.193s] Level 1:colcon.colcon_core.package_discovery:discover_packages(recursive) discover
[0.193s] INFO:colcon.colcon_core.package_discovery:Crawling recursively for packages in '/workspace/ros2_ws'
[0.193s] Level 1:colcon.colcon_core.package_identification:_identify(.) by extensions ['ignore', 'ignore_ament_install']
[0.193s] Level 1:colcon.colcon_core.package_identification:_identify(.) by extension 'ignore'
[0.193s] Level 1:colcon.colcon_core.package_identification:_identify(.) by extension 'ignore_ament_install'
[0.193s] Level 1:colcon.colcon_core.package_identification:_identify(.) by extensions ['colcon_pkg']
[0.193s] Level 1:colcon.colcon_core.package_identification:_identify(.) by extension 'colcon_pkg'
[0.193s] Level 1:colcon.colcon_core.package_identification:_identify(.) by extensions ['colcon_meta']
[0.193s] Level 1:colcon.colcon_core.package_identification:_identify(.) by extension 'colcon_meta'
[0.193s] Level 1:colcon.colcon_core.package_identification:_identify(.) by extensions ['ros']
[0.193s] Level 1:colcon.colcon_core.package_identification:_identify(.) by extension 'ros'
[0.201s] Level 1:colcon.colcon_core.package_identification:_identify(.) by extensions ['cmake', 'python']
[0.201s] Level 1:colcon.colcon_core.package_identification:_identify(.) by extension 'cmake'
[0.201s] Level 1:colcon.colcon_core.package_identification:_identify(.) by extension 'python'
[0.201s] Level 1:colcon.colcon_core.package_identification:_identify(.) by extensions ['python_setup_py']
[0.201s] Level 1:colcon.colcon_core.package_identification:_identify(.) by extension 'python_setup_py'
[0.201s] Level 1:colcon.colcon_core.package_identification:_identify(build) by extensions ['ignore', 'ignore_ament_install']
[0.202s] Level 1:colcon.colcon_core.package_identification:_identify(build) by extension 'ignore'
[0.202s] Level 1:colcon.colcon_core.package_identification:_identify(build) ignored
[0.202s] Level 1:colcon.colcon_core.package_identification:_identify(install) by extensions ['ignore', 'ignore_ament_install']
[0.202s] Level 1:colcon.colcon_core.package_identification:_identify(install) by extension 'ignore'
[0.202s] Level 1:colcon.colcon_core.package_identification:_identify(install) ignored
[0.202s] Level 1:colcon.colcon_core.package_identification:_identify(log) by extensions ['ignore', 'ignore_ament_install']
[0.202s] Level 1:colcon.colcon_core.package_identification:_identify(log) by extension 'ignore'
[0.202s] Level 1:colcon.colcon_core.package_identification:_identify(log) ignored
[0.202s] Level 1:colcon.colcon_core.package_identification:_identify(src) by extensions ['ignore', 'ignore_ament_install']
[0.202s] Level 1:colcon.colcon_core.package_identification:_identify(src) by extension 'ignore'
[0.202s] Level 1:colcon.colcon_core.package_identification:_identify(src) by extension 'ignore_ament_install'
[0.202s] Level 1:colcon.colcon_core.package_identification:_identify(src) by extensions ['colcon_pkg']
[0.202s] Level 1:colcon.colcon_core.package_identification:_identify(src) by extension 'colcon_pkg'
[0.202s] Level 1:colcon.colcon_core.package_identification:_identify(src) by extensions ['colcon_meta']
[0.202s] Level 1:colcon.colcon_core.package_identification:_identify(src) by extension 'colcon_meta'
[0.202s] Level 1:colcon.colcon_core.package_identification:_identify(src) by extensions ['ros']
[0.202s] Level 1:colcon.colcon_core.package_identification:_identify(src) by extension 'ros'
[0.202s] Level 1:colcon.colcon_core.package_identification:_identify(src) by extensions ['cmake', 'python']
[0.202s] Level 1:colcon.colcon_core.package_identification:_identify(src) by extension 'cmake'
[0.202s] Level 1:colcon.colcon_core.package_identification:_identify(src) by extension 'python'
[0.202s] Level 1:colcon.colcon_core.package_identification:_identify(src) by extensions ['python_setup_py']
[0.202s] Level 1:colcon.colcon_core.package_identification:_identify(src) by extension 'python_setup_py'
[0.202s] Level 1:colcon.colcon_core.package_identification:_identify(src/avs_perception) by extensions ['ignore', 'ignore_ament_install']
[0.202s] Level 1:colcon.colcon_core.package_identification:_identify(src/avs_perception) by extension 'ignore'
[0.202s] Level 1:colcon.colcon_core.package_identification:_identify(src/avs_perception) by extension 'ignore_ament_install'
[0.202s] Level 1:colcon.colcon_core.package_identification:_identify(src/avs_perception) by extensions ['colcon_pkg']
[0.202s] Level 1:colcon.colcon_core.package_identification:_identify(src/avs_perception) by extension 'colcon_pkg'
[0.202s] Level 1:colcon.colcon_core.package_identification:_identify(src/avs_perception) by extensions ['colcon_meta']
[0.203s] Level 1:colcon.colcon_core.package_identification:_identify(src/avs_perception) by extension 'colcon_meta'
[0.203s] Level 1:colcon.colcon_core.package_identification:_identify(src/avs_perception) by extensions ['ros']
[0.203s] Level 1:colcon.colcon_core.package_identification:_identify(src/avs_perception) by extension 'ros'
[0.204s] DEBUG:colcon.colcon_core.package_identification:Package 'src/avs_perception' with type 'ros.ament_cmake' and name 'avs_perception'
[0.204s] Level 1:colcon.colcon_core.package_discovery:discover_packages(recursive) using defaults
[0.204s] Level 1:colcon.colcon_core.package_discovery:discover_packages(ignore) discover
[0.204s] Level 1:colcon.colcon_core.package_discovery:discover_packages(ignore) using defaults
[0.204s] Level 1:colcon.colcon_core.package_discovery:discover_packages(path) discover
[0.205s] Level 1:colcon.colcon_core.package_discovery:discover_packages(path) using defaults
[0.220s] Level 5:colcon.colcon_core.verb:set package 'avs_perception' build argument 'cmake_args' from command line to 'None'
[0.220s] Level 5:colcon.colcon_core.verb:set package 'avs_perception' build argument 'cmake_target' from command line to 'None'
[0.220s] Level 5:colcon.colcon_core.verb:set package 'avs_perception' build argument 'cmake_target_skip_unavailable' from command line to 'False'
[0.220s] Level 5:colcon.colcon_core.verb:set package 'avs_perception' build argument 'cmake_clean_cache' from command line to 'False'
[0.220s] Level 5:colcon.colcon_core.verb:set package 'avs_perception' build argument 'cmake_clean_first' from command line to 'False'
[0.220s] Level 5:colcon.colcon_core.verb:set package 'avs_perception' build argument 'cmake_force_configure' from command line to 'False'
[0.220s] Level 5:colcon.colcon_core.verb:set package 'avs_perception' build argument 'ament_cmake_args' from command line to 'None'
[0.220s] Level 5:colcon.colcon_core.verb:set package 'avs_perception' build argument 'catkin_cmake_args' from command line to 'None'
[0.220s] Level 5:colcon.colcon_core.verb:set package 'avs_perception' build argument 'catkin_skip_building_tests' from command line to 'False'
[0.220s] DEBUG:colcon.colcon_core.verb:Building package 'avs_perception' with the following arguments: {'ament_cmake_args': None, 'build_base': '/workspace/ros2_ws/build/avs_perception', 'catkin_cmake_args': None, 'catkin_skip_building_tests': False, 'cmake_args': None, 'cmake_clean_cache': False, 'cmake_clean_first': False, 'cmake_force_configure': False, 'cmake_target': None, 'cmake_target_skip_unavailable': False, 'install_base': '/workspace/ros2_ws/install/avs_perception', 'merge_install': False, 'path': '/workspace/ros2_ws/src/avs_perception', 'symlink_install': True, 'test_result_base': None}
[0.220s] INFO:colcon.colcon_core.executor:Executing jobs using 'parallel' executor
[0.221s] DEBUG:colcon.colcon_parallel_executor.executor.parallel:run_until_complete
[0.222s] INFO:colcon.colcon_ros.task.ament_cmake.build:Building ROS package in '/workspace/ros2_ws/src/avs_perception' with build type 'ament_cmake'
[0.222s] INFO:colcon.colcon_cmake.task.cmake.build:Building CMake package in '/workspace/ros2_ws/src/avs_perception'
[0.224s] INFO:colcon.colcon_core.plugin_system:Skipping extension 'colcon_core.shell.bat': Not used on non-Windows systems
[0.224s] INFO:colcon.colcon_core.shell:Skip shell extension 'powershell' for command environment: Not usable outside of PowerShell
[0.224s] DEBUG:colcon.colcon_core.shell:Skip shell extension 'dsv' for command environment
[0.234s] DEBUG:colcon.colcon_core.event_handler.log_command:Invoking command in '/workspace/ros2_ws/build/avs_perception': CMAKE_PREFIX_PATH=/opt/ros/humble /usr/bin/cmake /workspace/ros2_ws/src/avs_perception -DAMENT_CMAKE_SYMLINK_INSTALL=1 -DCMAKE_INSTALL_PREFIX=/workspace/ros2_ws/install/avs_perception
[1.565s] DEBUG:colcon.colcon_core.event_handler.log_command:Invoked command in '/workspace/ros2_ws/build/avs_perception' returned '0': CMAKE_PREFIX_PATH=/opt/ros/humble /usr/bin/cmake /workspace/ros2_ws/src/avs_perception -DAMENT_CMAKE_SYMLINK_INSTALL=1 -DCMAKE_INSTALL_PREFIX=/workspace/ros2_ws/install/avs_perception
[1.566s] DEBUG:colcon.colcon_core.event_handler.log_command:Invoking command in '/workspace/ros2_ws/build/avs_perception': CMAKE_PREFIX_PATH=/opt/ros/humble /usr/bin/cmake --build /workspace/ros2_ws/build/avs_perception -- -j12 -l12
[13.094s] DEBUG:colcon.colcon_core.event_handler.log_command:Invoked command in '/workspace/ros2_ws/build/avs_perception' returned '0': CMAKE_PREFIX_PATH=/opt/ros/humble /usr/bin/cmake --build /workspace/ros2_ws/build/avs_perception -- -j12 -l12
[13.105s] DEBUG:colcon.colcon_core.event_handler.log_command:Invoking command in '/workspace/ros2_ws/build/avs_perception': CMAKE_PREFIX_PATH=/opt/ros/humble /usr/bin/cmake --install /workspace/ros2_ws/build/avs_perception
[13.248s] Level 1:colcon.colcon_core.environment:create_environment_scripts_only(avs_perception)
[13.249s] DEBUG:colcon.colcon_core.event_handler.log_command:Invoked command in '/workspace/ros2_ws/build/avs_perception' returned '0': CMAKE_PREFIX_PATH=/opt/ros/humble /usr/bin/cmake --install /workspace/ros2_ws/build/avs_perception
[13.250s] Level 1:colcon.colcon_core.environment:checking '/workspace/ros2_ws/install/avs_perception' for CMake module files
[13.250s] Level 1:colcon.colcon_core.environment:checking '/workspace/ros2_ws/install/avs_perception' for CMake config files
[13.251s] Level 1:colcon.colcon_core.shell:create_environment_hook('avs_perception', 'cmake_prefix_path')
[13.251s] INFO:colcon.colcon_core.shell:Creating environment hook '/workspace/ros2_ws/install/avs_perception/share/avs_perception/hook/cmake_prefix_path.ps1'
[13.251s] INFO:colcon.colcon_core.shell:Creating environment descriptor '/workspace/ros2_ws/install/avs_perception/share/avs_perception/hook/cmake_prefix_path.dsv'
[13.252s] INFO:colcon.colcon_core.shell:Creating environment hook '/workspace/ros2_ws/install/avs_perception/share/avs_perception/hook/cmake_prefix_path.sh'
[13.252s] Level 1:colcon.colcon_core.environment:checking '/workspace/ros2_ws/install/avs_perception/lib'
[13.252s] Level 1:colcon.colcon_core.environment:checking '/workspace/ros2_ws/install/avs_perception/bin'
[13.252s] Level 1:colcon.colcon_core.environment:checking '/workspace/ros2_ws/install/avs_perception/lib/pkgconfig/avs_perception.pc'
[13.254s] Level 1:colcon.colcon_core.environment:checking '/workspace/ros2_ws/install/avs_perception/lib/python3.10/site-packages'
[13.254s] Level 1:colcon.colcon_core.environment:checking '/workspace/ros2_ws/install/avs_perception/bin'
[13.254s] INFO:colcon.colcon_core.shell:Creating package script '/workspace/ros2_ws/install/avs_perception/share/avs_perception/package.ps1'
[13.255s] INFO:colcon.colcon_core.shell:Creating package descriptor '/workspace/ros2_ws/install/avs_perception/share/avs_perception/package.dsv'
[13.255s] INFO:colcon.colcon_core.shell:Creating package script '/workspace/ros2_ws/install/avs_perception/share/avs_perception/package.sh'
[13.255s] INFO:colcon.colcon_core.shell:Creating package script '/workspace/ros2_ws/install/avs_perception/share/avs_perception/package.bash'
[13.256s] INFO:colcon.colcon_core.shell:Creating package script '/workspace/ros2_ws/install/avs_perception/share/avs_perception/package.zsh'
[13.256s] Level 1:colcon.colcon_core.environment:create_file_with_runtime_dependencies(/workspace/ros2_ws/install/avs_perception/share/colcon-core/packages/avs_perception)
[13.257s] Level 1:colcon.colcon_core.environment:create_environment_scripts_only(avs_perception)
[13.257s] Level 1:colcon.colcon_core.environment:checking '/workspace/ros2_ws/install/avs_perception' for CMake module files
[13.257s] Level 1:colcon.colcon_core.environment:checking '/workspace/ros2_ws/install/avs_perception' for CMake config files
[13.257s] Level 1:colcon.colcon_core.shell:create_environment_hook('avs_perception', 'cmake_prefix_path')
[13.257s] INFO:colcon.colcon_core.shell:Creating environment hook '/workspace/ros2_ws/install/avs_perception/share/avs_perception/hook/cmake_prefix_path.ps1'
[13.257s] INFO:colcon.colcon_core.shell:Creating environment descriptor '/workspace/ros2_ws/install/avs_perception/share/avs_perception/hook/cmake_prefix_path.dsv'
[13.258s] INFO:colcon.colcon_core.shell:Creating environment hook '/workspace/ros2_ws/install/avs_perception/share/avs_perception/hook/cmake_prefix_path.sh'
[13.258s] Level 1:colcon.colcon_core.environment:checking '/workspace/ros2_ws/install/avs_perception/lib'
[13.258s] Level 1:colcon.colcon_core.environment:checking '/workspace/ros2_ws/install/avs_perception/bin'
[13.258s] Level 1:colcon.colcon_core.environment:checking '/workspace/ros2_ws/install/avs_perception/lib/pkgconfig/avs_perception.pc'
[13.258s] Level 1:colcon.colcon_core.environment:checking '/workspace/ros2_ws/install/avs_perception/lib/python3.10/site-packages'
[13.258s] Level 1:colcon.colcon_core.environment:checking '/workspace/ros2_ws/install/avs_perception/bin'
[13.259s] INFO:colcon.colcon_core.shell:Creating package script '/workspace/ros2_ws/install/avs_perception/share/avs_perception/package.ps1'
[13.259s] INFO:colcon.colcon_core.shell:Creating package descriptor '/workspace/ros2_ws/install/avs_perception/share/avs_perception/package.dsv'
[13.259s] INFO:colcon.colcon_core.shell:Creating package script '/workspace/ros2_ws/install/avs_perception/share/avs_perception/package.sh'
[13.259s] INFO:colcon.colcon_core.shell:Creating package script '/workspace/ros2_ws/install/avs_perception/share/avs_perception/package.bash'
[13.260s] INFO:colcon.colcon_core.shell:Creating package script '/workspace/ros2_ws/install/avs_perception/share/avs_perception/package.zsh'
[13.260s] Level 1:colcon.colcon_core.environment:create_file_with_runtime_dependencies(/workspace/ros2_ws/install/avs_perception/share/colcon-core/packages/avs_perception)
[13.260s] DEBUG:colcon.colcon_parallel_executor.executor.parallel:closing loop
[13.261s] DEBUG:colcon.colcon_parallel_executor.executor.parallel:loop closed
[13.261s] DEBUG:colcon.colcon_parallel_executor.executor.parallel:run_until_complete finished with '0'
[13.261s] DEBUG:colcon.colcon_core.event_reactor:joining thread
[13.268s] INFO:colcon.colcon_core.plugin_system:Skipping extension 'colcon_notification.desktop_notification.notify_send': Could not find 'notify-send'
[13.268s] INFO:colcon.colcon_core.plugin_system:Skipping extension 'colcon_notification.desktop_notification.terminal_notifier': Not used on non-Darwin systems
[13.268s] INFO:colcon.colcon_core.plugin_system:Skipping extension 'colcon_notification.desktop_notification.win32': Not used on non-Windows systems
[13.268s] INFO:colcon.colcon_notification.desktop_notification:Sending desktop notification using 'notify2'
[13.273s] DEBUG:colcon.colcon_notification.desktop_notification.notify2:Failed to initialize notify2: org.freedesktop.DBus.Error.Spawn.ExecFailed: /usr/bin/dbus-launch terminated abnormally without any error message
[13.273s] DEBUG:colcon.colcon_core.event_reactor:joined thread
[13.274s] INFO:colcon.colcon_core.shell:Creating prefix script '/workspace/ros2_ws/install/local_setup.ps1'
[13.275s] INFO:colcon.colcon_core.shell:Creating prefix util module '/workspace/ros2_ws/install/_local_setup_util_ps1.py'
[13.277s] INFO:colcon.colcon_core.shell:Creating prefix chain script '/workspace/ros2_ws/install/setup.ps1'
[13.277s] INFO:colcon.colcon_core.shell:Creating prefix script '/workspace/ros2_ws/install/local_setup.sh'
[13.278s] INFO:colcon.colcon_core.shell:Creating prefix util module '/workspace/ros2_ws/install/_local_setup_util_sh.py'
[13.278s] INFO:colcon.colcon_core.shell:Creating prefix chain script '/workspace/ros2_ws/install/setup.sh'
[13.279s] INFO:colcon.colcon_core.shell:Creating prefix script '/workspace/ros2_ws/install/local_setup.bash'
[13.279s] INFO:colcon.colcon_core.shell:Creating prefix chain script '/workspace/ros2_ws/install/setup.bash'
[13.280s] INFO:colcon.colcon_core.shell:Creating prefix script '/workspace/ros2_ws/install/local_setup.zsh'
[13.281s] INFO:colcon.colcon_core.shell:Creating prefix chain script '/workspace/ros2_ws/install/setup.zsh'
