[0.000000] (-) TimerEvent: {}
[0.000401] (avs_perception) JobQueued: {'identifier': 'avs_perception', 'dependencies': OrderedDict()}
[0.000439] (avs_perception) JobStarted: {'identifier': 'avs_perception'}
[0.008153] (avs_perception) JobProgress: {'identifier': 'avs_perception', 'progress': 'cmake'}
[0.008493] (avs_perception) Command: {'cmd': ['/usr/bin/cmake', '/home/goln/SimpleSysIDV/ros2_ws/src/avs_perception', '-DAMENT_CMAKE_SYMLINK_INSTALL=1', '-DCMAKE_INSTALL_PREFIX=/home/goln/SimpleSysIDV/ros2_ws/install/avs_perception'], 'cwd': '/home/goln/SimpleSysIDV/ros2_ws/build/avs_perception', 'env': OrderedDict([('GJS_DEBUG_TOPICS', 'JS ERROR;JS LOG'), ('LESSOPEN', '| /usr/bin/lesspipe %s'), ('VSCODE_CWD', '/home/goln'), ('USER', 'goln'), ('LC_TIME', 'vi_VN'), ('VSCODE_NLS_CONFIG', '{"userLocale":"en-us","osLocale":"en-us","resolvedLanguage":"en","defaultMessagesFile":"/usr/share/antigravity/resources/app/out/nls.messages.json","locale":"en-us","availableLanguages":{}}'), ('XDG_SESSION_TYPE', 'x11'), ('SHLVL', '0'), ('LD_LIBRARY_PATH', '/home/goln/microros_ws/install/micro_ros_agent/lib:/home/goln/microros_ws/install/micro_ros_msgs/lib:/home/goln/JetbotRos2_ws/install/pkg_interfaces/lib:/usr/lib/x86_64-linux-gnu/gazebo-11/plugins:/opt/ros/humble/opt/rviz_ogre_vendor/lib:/opt/ros/humble/lib/x86_64-linux-gnu:/opt/ros/humble/lib'), ('HOME', '/home/goln'), ('CHROME_DESKTOP', 'antigravity.desktop'), ('DESKTOP_SESSION', 'ubuntu-xorg'), ('VSCODE_IPC_HOOK', '/run/user/1000/vscode-fd0059ab-1.10-main.sock'), ('GIO_LAUNCHED_DESKTOP_FILE', '/usr/share/applications/antigravity.desktop'), ('ROS_PYTHON_VERSION', '3'), ('GNOME_SHELL_SESSION_MODE', 'ubuntu'), ('GTK_MODULES', 'gail:atk-bridge'), ('PAGER', 'cat'), ('LC_MONETARY', 'vi_VN'), ('MANAGERPID', '1181'), ('SYSTEMD_EXEC_PID', '1939'), ('DBUS_SESSION_BUS_ADDRESS', 'unix:path=/run/user/1000/bus'), ('ANTIGRAVITY_AGENT', '1'), ('GIO_LAUNCHED_DESKTOP_FILE_PID', '4433'), ('IM_CONFIG_PHASE', '1'), ('COLCON_PREFIX_PATH', '/home/goln/microros_ws/install:/home/goln/JetbotRos2_ws/install'), ('ROS_DISTRO', 'humble'), ('GTK_IM_MODULE', 'fcitx'), ('LOGNAME', 'goln'), ('JOURNAL_STREAM', '8:18446'), ('_', '/usr/bin/colcon'), ('ROS_VERSION', '2'), ('XDG_SESSION_CLASS', 'user'), ('USERNAME', 'goln'), ('TERM', 'dumb'), ('GNOME_DESKTOP_SESSION_ID', 'this-is-deprecated'), ('FC_FONTATIONS', '1'), ('ROS_LOCALHOST_ONLY', '0'), ('WINDOWPATH', '2'), ('ANTIGRAVITY_EDITOR_APP_ROOT', '/usr/share/antigravity/resources/app'), ('PATH', '/home/goln/.local/bin:/opt/ros/humble/bin:/home/goln/.local/bin:/usr/local/sbin:/usr/local/bin:/usr/sbin:/usr/bin:/sbin:/bin:/usr/games:/usr/local/games:/snap/bin:/snap/bin'), ('SESSION_MANAGER', 'local/goln-Nitro-AN515-57:@/tmp/.ICE-unix/1895,unix/goln-Nitro-AN515-57:/tmp/.ICE-unix/1895'), ('INVOCATION_ID', 'a5136c5302384e67a08074d930cc6ae4'), ('XDG_MENU_PREFIX', 'gnome-'), ('LC_ADDRESS', 'vi_VN'), ('XDG_RUNTIME_DIR', '/run/user/1000'), ('GDK_BACKEND', 'x11'), ('DISPLAY', ':0'), ('LANG', 'en_US.UTF-8'), ('XDG_CURRENT_DESKTOP', 'ubuntu:GNOME'), ('LC_TELEPHONE', 'vi_VN'), ('XMODIFIERS', '@im=fcitx'), ('XDG_SESSION_DESKTOP', 'ubuntu-xorg'), ('XAUTHORITY', '/run/user/1000/gdm/Xauthority'), ('LS_COLORS', ''), ('SSH_AGENT_LAUNCHER', 'gnome-keyring'), ('SSH_AUTH_SOCK', '/run/user/1000/keyring/ssh'), ('AMENT_PREFIX_PATH', '/home/goln/microros_ws/install/micro_ros_setup:/home/goln/microros_ws/install/micro_ros_agent:/home/goln/microros_ws/install/micro_ros_msgs:/home/goln/JetbotRos2_ws/install/yolo_demo:/home/goln/JetbotRos2_ws/install/pkg_param:/home/goln/JetbotRos2_ws/install/pkg_action:/home/goln/JetbotRos2_ws/install/pkg_interfaces:/home/goln/JetbotRos2_ws/install/myrobot:/home/goln/JetbotRos2_ws/install/learn_launch:/opt/ros/humble'), ('SHELL', '/bin/bash'), ('LC_NAME', 'vi_VN'), ('QT_ACCESSIBILITY', '1'), ('GDMSESSION', 'ubuntu-xorg'), ('LESSCLOSE', '/usr/bin/lesspipe %s %s'), ('LC_MEASUREMENT', 'vi_VN'), ('GPG_AGENT_INFO', '/run/user/1000/gnupg/S.gpg-agent:0:1'), ('GJS_DEBUG_OUTPUT', 'stderr'), ('LC_IDENTIFICATION', 'vi_VN'), ('QT_IM_MODULE', 'fcitx'), ('ANTIGRAVITY_TRAJECTORY_ID', '8371ec0d-1a18-4229-8dca-ab2b839151e9'), ('PWD', '/home/goln/SimpleSysIDV/ros2_ws/build/avs_perception'), ('XDG_CONFIG_DIRS', '/etc/xdg/xdg-ubuntu-xorg:/etc/xdg'), ('VSCODE_CODE_CACHE_PATH', '/home/goln/.config/Antigravity/CachedData/15487b3041e65228cae24980a3f796c905ef582c'), ('CLUTTER_IM_MODULE', 'fcitx'), ('XDG_DATA_DIRS', '/usr/share/ubuntu-xorg:/usr/share/gnome:/usr/local/share/:/usr/share/:/var/lib/snapd/desktop'), ('PYTHONPATH', '/home/goln/microros_ws/install/micro_ros_msgs/local/lib/python3.10/dist-packages:/home/goln/JetbotRos2_ws/install/yolo_demo/lib/python3.10/site-packages:/home/goln/JetbotRos2_ws/install/pkg_param/lib/python3.10/site-packages:/home/goln/JetbotRos2_ws/install/pkg_action/lib/python3.10/site-packages:/home/goln/JetbotRos2_ws/install/pkg_interfaces/local/lib/python3.10/dist-packages:/home/goln/JetbotRos2_ws/install/learn_launch/lib/python3.10/site-packages:/opt/ros/humble/lib/python3.10/site-packages:/opt/ros/humble/local/lib/python3.10/dist-packages'), ('LC_NUMERIC', 'vi_VN'), ('LC_PAPER', 'vi_VN'), ('COLCON', '1'), ('CMAKE_PREFIX_PATH', '/home/goln/microros_ws/install/micro_ros_setup:/home/goln/microros_ws/install/micro_ros_agent:/home/goln/microros_ws/install/micro_ros_msgs:/home/goln/JetbotRos2_ws/install/pkg_interfaces:/home/goln/JetbotRos2_ws/install/myrobot:/home/goln/JetbotRos2_ws/install/yolo_demo:/home/goln/JetbotRos2_ws/install/pkg_param:/home/goln/JetbotRos2_ws/install/pkg_action:/home/goln/JetbotRos2_ws/install/learn_launch:/opt/ros/humble'), ('VSCODE_PID', '4433')]), 'shell': False}
[0.047722] (avs_perception) StdoutLine: {'line': b'-- The C compiler identification is GNU 11.4.0\n'}
[0.084772] (avs_perception) StdoutLine: {'line': b'-- The CXX compiler identification is GNU 11.4.0\n'}
[0.089670] (avs_perception) StdoutLine: {'line': b'-- Detecting C compiler ABI info\n'}
[0.099857] (-) TimerEvent: {}
[0.139624] (avs_perception) StdoutLine: {'line': b'-- Detecting C compiler ABI info - done\n'}
[0.144583] (avs_perception) StdoutLine: {'line': b'-- Check for working C compiler: /usr/bin/cc - skipped\n'}
[0.144717] (avs_perception) StdoutLine: {'line': b'-- Detecting C compile features\n'}
[0.144974] (avs_perception) StdoutLine: {'line': b'-- Detecting C compile features - done\n'}
[0.147000] (avs_perception) StdoutLine: {'line': b'-- Detecting CXX compiler ABI info\n'}
[0.199976] (-) TimerEvent: {}
[0.202951] (avs_perception) StdoutLine: {'line': b'-- Detecting CXX compiler ABI info - done\n'}
[0.208060] (avs_perception) StdoutLine: {'line': b'-- Check for working CXX compiler: /usr/bin/c++ - skipped\n'}
[0.208189] (avs_perception) StdoutLine: {'line': b'-- Detecting CXX compile features\n'}
[0.208447] (avs_perception) StdoutLine: {'line': b'-- Detecting CXX compile features - done\n'}
[0.217980] (avs_perception) StdoutLine: {'line': b'-- Found ament_cmake: 1.3.14 (/opt/ros/humble/share/ament_cmake/cmake)\n'}
[0.300074] (-) TimerEvent: {}
[0.400326] (-) TimerEvent: {}
[0.494536] (avs_perception) StdoutLine: {'line': b'-- Found Python3: /usr/bin/python3 (found version "3.10.12") found components: Interpreter \n'}
[0.500419] (-) TimerEvent: {}
[0.557754] (avs_perception) StdoutLine: {'line': b'-- Override CMake install command with custom implementation using symlinks instead of copying resources\n'}
[0.598403] (avs_perception) StdoutLine: {'line': b'-- Found rclcpp: 16.0.19 (/opt/ros/humble/share/rclcpp/cmake)\n'}
[0.600482] (-) TimerEvent: {}
[0.651278] (avs_perception) StdoutLine: {'line': b'-- Found rosidl_generator_c: 3.1.8 (/opt/ros/humble/share/rosidl_generator_c/cmake)\n'}
[0.657455] (avs_perception) StdoutLine: {'line': b'-- Found rosidl_adapter: 3.1.8 (/opt/ros/humble/share/rosidl_adapter/cmake)\n'}
[0.668144] (avs_perception) StdoutLine: {'line': b'-- Found rosidl_generator_cpp: 3.1.8 (/opt/ros/humble/share/rosidl_generator_cpp/cmake)\n'}
[0.684525] (avs_perception) StdoutLine: {'line': b'-- Using all available rosidl_typesupport_c: rosidl_typesupport_fastrtps_c;rosidl_typesupport_introspection_c\n'}
[0.700553] (-) TimerEvent: {}
[0.702017] (avs_perception) StdoutLine: {'line': b'-- Using all available rosidl_typesupport_cpp: rosidl_typesupport_fastrtps_cpp;rosidl_typesupport_introspection_cpp\n'}
[0.756756] (avs_perception) StdoutLine: {'line': b'-- Found rmw_implementation_cmake: 6.1.2 (/opt/ros/humble/share/rmw_implementation_cmake/cmake)\n'}
[0.760514] (avs_perception) StdoutLine: {'line': b'-- Found rmw_fastrtps_cpp: 6.2.10 (/opt/ros/humble/share/rmw_fastrtps_cpp/cmake)\n'}
[0.800652] (-) TimerEvent: {}
[0.836913] (avs_perception) StdoutLine: {'line': b'-- Found OpenSSL: /usr/lib/x86_64-linux-gnu/libcrypto.so (found version "3.0.2")  \n'}
[0.859354] (avs_perception) StdoutLine: {'line': b'-- Found FastRTPS: /opt/ros/humble/include  \n'}
[0.890989] (avs_perception) StdoutLine: {'line': b"-- Using RMW implementation 'rmw_fastrtps_cpp' as default\n"}
[0.900734] (-) TimerEvent: {}
[0.900996] (avs_perception) StdoutLine: {'line': b'-- Looking for pthread.h\n'}
[0.953186] (avs_perception) StdoutLine: {'line': b'-- Looking for pthread.h - found\n'}
[0.953586] (avs_perception) StdoutLine: {'line': b'-- Performing Test CMAKE_HAVE_LIBC_PTHREAD\n'}
[1.000860] (-) TimerEvent: {}
[1.005263] (avs_perception) StdoutLine: {'line': b'-- Performing Test CMAKE_HAVE_LIBC_PTHREAD - Success\n'}
[1.006245] (avs_perception) StdoutLine: {'line': b'-- Found Threads: TRUE  \n'}
[1.061087] (avs_perception) StdoutLine: {'line': b'-- Found sensor_msgs: 4.9.1 (/opt/ros/humble/share/sensor_msgs/cmake)\n'}
[1.091727] (avs_perception) StdoutLine: {'line': b'-- Found cv_bridge: 3.2.1 (/opt/ros/humble/share/cv_bridge/cmake)\n'}
[1.100953] (-) TimerEvent: {}
[1.103492] (avs_perception) StdoutLine: {'line': b'-- Found image_transport: 3.1.12 (/opt/ros/humble/share/image_transport/cmake)\n'}
[1.141359] (avs_perception) StdoutLine: {'line': b'-- Found OpenCV: /usr (found version "4.5.4") \n'}
[1.201074] (-) TimerEvent: {}
[1.301358] (-) TimerEvent: {}
[1.311275] (avs_perception) StdoutLine: {'line': b'-- Found OpenMP_C: -fopenmp (found version "4.5") \n'}
[1.375939] (avs_perception) StdoutLine: {'line': b'-- Found OpenMP_CXX: -fopenmp (found version "4.5") \n'}
[1.376102] (avs_perception) StdoutLine: {'line': b'-- Found OpenMP: TRUE (found version "4.5")  \n'}
[1.377563] (avs_perception) StdoutLine: {'line': b'-- Found ncnn: 20260605\n'}
[1.401453] (-) TimerEvent: {}
[1.428733] (avs_perception) StdoutLine: {'line': b'-- Configuring done\n'}
[1.433456] (avs_perception) StderrLine: {'line': b'CMake Error at CMakeLists.txt:36 (add_executable):\n'}
[1.433663] (avs_perception) StderrLine: {'line': b'  Target "ncnn_inference_node" links to target "sensor_msgs::sensor_msgs" but\n'}
[1.433727] (avs_perception) StderrLine: {'line': b'  the target was not found.  Perhaps a find_package() call is missing for an\n'}
[1.433783] (avs_perception) StderrLine: {'line': b'  IMPORTED target, or an ALIAS target is missing?\n'}
[1.433835] (avs_perception) StderrLine: {'line': b'\n'}
[1.433884] (avs_perception) StderrLine: {'line': b'\n'}
[1.433937] (avs_perception) StderrLine: {'line': b'CMake Error at CMakeLists.txt:46 (add_executable):\n'}
[1.433988] (avs_perception) StderrLine: {'line': b'  Target "video_test_node" links to target "sensor_msgs::sensor_msgs" but the\n'}
[1.434041] (avs_perception) StderrLine: {'line': b'  target was not found.  Perhaps a find_package() call is missing for an\n'}
[1.434095] (avs_perception) StderrLine: {'line': b'  IMPORTED target, or an ALIAS target is missing?\n'}
[1.434147] (avs_perception) StderrLine: {'line': b'\n'}
[1.434200] (avs_perception) StderrLine: {'line': b'\n'}
[1.445098] (avs_perception) StdoutLine: {'line': b'-- Generating done\n'}
[1.446083] (avs_perception) StderrLine: {'line': b'CMake Generate step failed.  Build files cannot be regenerated correctly.\n'}
[1.454648] (avs_perception) CommandEnded: {'returncode': 1}
[1.481185] (avs_perception) JobEnded: {'identifier': 'avs_perception', 'rc': 1}
[1.491624] (-) EventReactorShutdown: {}
