[0.010s] Invoking command in '/home/goln/SimpleSysIDV/ros2_ws/build_user/avs_perception': CMAKE_PREFIX_PATH=${CMAKE_PREFIX_PATH}:/home/goln/JetbotRos2_ws/install/yolo_demo:/home/goln/JetbotRos2_ws/install/pkg_param:/home/goln/JetbotRos2_ws/install/pkg_action:/home/goln/JetbotRos2_ws/install/learn_launch:/opt/ros/humble /usr/bin/cmake --build /home/goln/SimpleSysIDV/ros2_ws/build_user/avs_perception -- -j12 -l12
[0.053s] [35m[1mConsolidate compiler generated dependencies of target control_node[0m
[0.060s] [ 16%] Built target yolo26_seg_lib
[0.062s] [ 33%] Built target video_publisher_node
[0.062s] [ 50%] Built target ipm_transform_node
[0.071s] [ 58%] [32mBuilding CXX object CMakeFiles/control_node.dir/src/control_node.cpp.o[0m
[0.089s] [ 91%] Built target ncnn_inference_node
[0.089s] [ 91%] Built target video_test_node
[16.708s] [100%] [32m[1mLinking CXX executable control_node[0m
[16.874s] [100%] Built target control_node
[16.886s] Invoked command in '/home/goln/SimpleSysIDV/ros2_ws/build_user/avs_perception' returned '0': CMAKE_PREFIX_PATH=${CMAKE_PREFIX_PATH}:/home/goln/JetbotRos2_ws/install/yolo_demo:/home/goln/JetbotRos2_ws/install/pkg_param:/home/goln/JetbotRos2_ws/install/pkg_action:/home/goln/JetbotRos2_ws/install/learn_launch:/opt/ros/humble /usr/bin/cmake --build /home/goln/SimpleSysIDV/ros2_ws/build_user/avs_perception -- -j12 -l12
[16.899s] Invoking command in '/home/goln/SimpleSysIDV/ros2_ws/build_user/avs_perception': CMAKE_PREFIX_PATH=${CMAKE_PREFIX_PATH}:/home/goln/JetbotRos2_ws/install/yolo_demo:/home/goln/JetbotRos2_ws/install/pkg_param:/home/goln/JetbotRos2_ws/install/pkg_action:/home/goln/JetbotRos2_ws/install/learn_launch:/opt/ros/humble /usr/bin/cmake --install /home/goln/SimpleSysIDV/ros2_ws/build_user/avs_perception
[16.909s] -- Install configuration: "Release"
[16.909s] -- Execute custom install script
[16.909s] -- Up-to-date symlink: /home/goln/SimpleSysIDV/ros2_ws/install_user/avs_perception/lib/avs_perception/libyolo26_seg_lib.a
[16.909s] -- Up-to-date symlink: /home/goln/SimpleSysIDV/ros2_ws/install_user/avs_perception/lib/avs_perception/ncnn_inference_node
[16.909s] -- Up-to-date symlink: /home/goln/SimpleSysIDV/ros2_ws/install_user/avs_perception/lib/avs_perception/video_test_node
[16.910s] -- Up-to-date symlink: /home/goln/SimpleSysIDV/ros2_ws/install_user/avs_perception/lib/avs_perception/video_publisher_node
[16.910s] -- Up-to-date symlink: /home/goln/SimpleSysIDV/ros2_ws/install_user/avs_perception/lib/avs_perception/ipm_transform_node
[16.910s] -- Up-to-date symlink: /home/goln/SimpleSysIDV/ros2_ws/install_user/avs_perception/lib/avs_perception/control_node
[16.910s] -- Up-to-date symlink: /home/goln/SimpleSysIDV/ros2_ws/install_user/avs_perception/share/avs_perception/launch/perception.launch.py
[16.910s] -- Up-to-date symlink: /home/goln/SimpleSysIDV/ros2_ws/install_user/avs_perception/share/ament_index/resource_index/package_run_dependencies/avs_perception
[16.910s] -- Up-to-date symlink: /home/goln/SimpleSysIDV/ros2_ws/install_user/avs_perception/share/ament_index/resource_index/parent_prefix_path/avs_perception
[16.910s] -- Up-to-date symlink: /home/goln/SimpleSysIDV/ros2_ws/install_user/avs_perception/share/avs_perception/environment/ament_prefix_path.sh
[16.910s] -- Up-to-date symlink: /home/goln/SimpleSysIDV/ros2_ws/install_user/avs_perception/share/avs_perception/environment/ament_prefix_path.dsv
[16.910s] -- Up-to-date symlink: /home/goln/SimpleSysIDV/ros2_ws/install_user/avs_perception/share/avs_perception/environment/path.sh
[16.911s] -- Up-to-date symlink: /home/goln/SimpleSysIDV/ros2_ws/install_user/avs_perception/share/avs_perception/environment/path.dsv
[16.911s] -- Up-to-date symlink: /home/goln/SimpleSysIDV/ros2_ws/install_user/avs_perception/share/avs_perception/local_setup.bash
[16.911s] -- Up-to-date symlink: /home/goln/SimpleSysIDV/ros2_ws/install_user/avs_perception/share/avs_perception/local_setup.sh
[16.911s] -- Up-to-date symlink: /home/goln/SimpleSysIDV/ros2_ws/install_user/avs_perception/share/avs_perception/local_setup.zsh
[16.911s] -- Up-to-date symlink: /home/goln/SimpleSysIDV/ros2_ws/install_user/avs_perception/share/avs_perception/local_setup.dsv
[16.911s] -- Symlinking: /home/goln/SimpleSysIDV/ros2_ws/install_user/avs_perception/share/avs_perception/package.dsv
[16.920s] -- Up-to-date symlink: /home/goln/SimpleSysIDV/ros2_ws/install_user/avs_perception/share/ament_index/resource_index/packages/avs_perception
[16.920s] -- Up-to-date symlink: /home/goln/SimpleSysIDV/ros2_ws/install_user/avs_perception/share/avs_perception/cmake/avs_perceptionConfig.cmake
[16.920s] -- Up-to-date symlink: /home/goln/SimpleSysIDV/ros2_ws/install_user/avs_perception/share/avs_perception/cmake/avs_perceptionConfig-version.cmake
[16.920s] -- Up-to-date symlink: /home/goln/SimpleSysIDV/ros2_ws/install_user/avs_perception/share/avs_perception/package.xml
[16.922s] Invoked command in '/home/goln/SimpleSysIDV/ros2_ws/build_user/avs_perception' returned '0': CMAKE_PREFIX_PATH=${CMAKE_PREFIX_PATH}:/home/goln/JetbotRos2_ws/install/yolo_demo:/home/goln/JetbotRos2_ws/install/pkg_param:/home/goln/JetbotRos2_ws/install/pkg_action:/home/goln/JetbotRos2_ws/install/learn_launch:/opt/ros/humble /usr/bin/cmake --install /home/goln/SimpleSysIDV/ros2_ws/build_user/avs_perception
