[0.078s] DEBUG:colcon:Command line arguments: ['/usr/bin/colcon', '--log-base', 'log_host', 'build', '--build-base', 'build_host', '--install-base', 'install_host', '--symlink-install']
[0.079s] DEBUG:colcon:Parsed command line arguments: Namespace(log_base='log_host', log_level=None, verb_name='build', build_base='/home/goln/SimpleSysIDV/ros2_ws/build_host', install_base='/home/goln/SimpleSysIDV/ros2_ws/install_host', merge_install=False, symlink_install=True, test_result_base=None, continue_on_error=False, executor='parallel', parallel_workers=12, event_handlers=None, ignore_user_meta=False, metas=['./colcon.meta'], base_paths=['.'], packages_ignore=None, packages_ignore_regex=None, paths=None, packages_up_to=None, packages_up_to_regex=None, packages_above=None, packages_above_and_dependencies=None, packages_above_depth=None, packages_select_by_dep=None, packages_skip_by_dep=None, packages_skip_up_to=None, packages_select_build_failed=False, packages_skip_build_finished=False, packages_select_test_failures=False, packages_skip_test_passed=False, packages_select=None, packages_skip=None, packages_select_regex=None, packages_skip_regex=None, packages_start=None, packages_end=None, allow_overriding=[], cmake_args=None, cmake_target=None, cmake_target_skip_unavailable=False, cmake_clean_cache=False, cmake_clean_first=False, cmake_force_configure=False, ament_cmake_args=None, catkin_cmake_args=None, catkin_skip_building_tests=False, verb_parser=<colcon_defaults.argument_parser.defaults.DefaultArgumentsDecorator object at 0x743caaca5030>, verb_extension=<colcon_core.verb.build.BuildVerb object at 0x743caaca4b20>, main=<bound method BuildVerb.main of <colcon_core.verb.build.BuildVerb object at 0x743caaca4b20>>)
[0.128s] Level 1:colcon.colcon_core.package_discovery:discover_packages(colcon_meta) check parameters
[0.128s] Level 1:colcon.colcon_core.package_discovery:discover_packages(recursive) check parameters
[0.128s] Level 1:colcon.colcon_core.package_discovery:discover_packages(ignore) check parameters
[0.128s] Level 1:colcon.colcon_core.package_discovery:discover_packages(path) check parameters
[0.128s] Level 1:colcon.colcon_core.package_discovery:discover_packages(colcon_meta) discover
[0.128s] Level 1:colcon.colcon_core.package_discovery:discover_packages(recursive) discover
[0.128s] INFO:colcon.colcon_core.package_discovery:Crawling recursively for packages in '/home/goln/SimpleSysIDV/ros2_ws'
[0.129s] Level 1:colcon.colcon_core.package_identification:_identify(.) by extensions ['ignore', 'ignore_ament_install']
[0.129s] Level 1:colcon.colcon_core.package_identification:_identify(.) by extension 'ignore'
[0.129s] Level 1:colcon.colcon_core.package_identification:_identify(.) by extension 'ignore_ament_install'
[0.129s] Level 1:colcon.colcon_core.package_identification:_identify(.) by extensions ['colcon_pkg']
[0.129s] Level 1:colcon.colcon_core.package_identification:_identify(.) by extension 'colcon_pkg'
[0.129s] Level 1:colcon.colcon_core.package_identification:_identify(.) by extensions ['colcon_meta']
[0.129s] Level 1:colcon.colcon_core.package_identification:_identify(.) by extension 'colcon_meta'
[0.129s] Level 1:colcon.colcon_core.package_identification:_identify(.) by extensions ['ros']
[0.129s] Level 1:colcon.colcon_core.package_identification:_identify(.) by extension 'ros'
[0.143s] Level 1:colcon.colcon_core.package_identification:_identify(.) by extensions ['cmake', 'python']
[0.143s] Level 1:colcon.colcon_core.package_identification:_identify(.) by extension 'cmake'
[0.143s] Level 1:colcon.colcon_core.package_identification:_identify(.) by extension 'python'
[0.143s] Level 1:colcon.colcon_core.package_identification:_identify(.) by extensions ['python_setup_py']
[0.143s] Level 1:colcon.colcon_core.package_identification:_identify(.) by extension 'python_setup_py'
[0.143s] Level 1:colcon.colcon_core.package_identification:_identify(build) by extensions ['ignore', 'ignore_ament_install']
[0.143s] Level 1:colcon.colcon_core.package_identification:_identify(build) by extension 'ignore'
[0.143s] Level 1:colcon.colcon_core.package_identification:_identify(build) ignored
[0.143s] Level 1:colcon.colcon_core.package_identification:_identify(build_host) by extensions ['ignore', 'ignore_ament_install']
[0.143s] Level 1:colcon.colcon_core.package_identification:_identify(build_host) by extension 'ignore'
[0.143s] Level 1:colcon.colcon_core.package_identification:_identify(build_host) ignored
[0.143s] Level 1:colcon.colcon_core.package_identification:_identify(build_old) by extensions ['ignore', 'ignore_ament_install']
[0.143s] Level 1:colcon.colcon_core.package_identification:_identify(build_old) by extension 'ignore'
[0.143s] Level 1:colcon.colcon_core.package_identification:_identify(build_old) ignored
[0.143s] Level 1:colcon.colcon_core.package_identification:_identify(build_user) by extensions ['ignore', 'ignore_ament_install']
[0.143s] Level 1:colcon.colcon_core.package_identification:_identify(build_user) by extension 'ignore'
[0.144s] Level 1:colcon.colcon_core.package_identification:_identify(build_user) ignored
[0.144s] Level 1:colcon.colcon_core.package_identification:_identify(install) by extensions ['ignore', 'ignore_ament_install']
[0.144s] Level 1:colcon.colcon_core.package_identification:_identify(install) by extension 'ignore'
[0.144s] Level 1:colcon.colcon_core.package_identification:_identify(install) ignored
[0.144s] Level 1:colcon.colcon_core.package_identification:_identify(install_host) by extensions ['ignore', 'ignore_ament_install']
[0.144s] Level 1:colcon.colcon_core.package_identification:_identify(install_host) by extension 'ignore'
[0.144s] Level 1:colcon.colcon_core.package_identification:_identify(install_host) ignored
[0.144s] Level 1:colcon.colcon_core.package_identification:_identify(install_old) by extensions ['ignore', 'ignore_ament_install']
[0.144s] Level 1:colcon.colcon_core.package_identification:_identify(install_old) by extension 'ignore'
[0.144s] Level 1:colcon.colcon_core.package_identification:_identify(install_old) ignored
[0.144s] Level 1:colcon.colcon_core.package_identification:_identify(install_user) by extensions ['ignore', 'ignore_ament_install']
[0.144s] Level 1:colcon.colcon_core.package_identification:_identify(install_user) by extension 'ignore'
[0.144s] Level 1:colcon.colcon_core.package_identification:_identify(install_user) ignored
[0.144s] Level 1:colcon.colcon_core.package_identification:_identify(log) by extensions ['ignore', 'ignore_ament_install']
[0.144s] Level 1:colcon.colcon_core.package_identification:_identify(log) by extension 'ignore'
[0.144s] Level 1:colcon.colcon_core.package_identification:_identify(log) ignored
[0.144s] Level 1:colcon.colcon_core.package_identification:_identify(log_host) by extensions ['ignore', 'ignore_ament_install']
[0.144s] Level 1:colcon.colcon_core.package_identification:_identify(log_host) by extension 'ignore'
[0.144s] Level 1:colcon.colcon_core.package_identification:_identify(log_host) ignored
[0.144s] Level 1:colcon.colcon_core.package_identification:_identify(log_old) by extensions ['ignore', 'ignore_ament_install']
[0.144s] Level 1:colcon.colcon_core.package_identification:_identify(log_old) by extension 'ignore'
[0.144s] Level 1:colcon.colcon_core.package_identification:_identify(log_old) ignored
[0.144s] Level 1:colcon.colcon_core.package_identification:_identify(log_user) by extensions ['ignore', 'ignore_ament_install']
[0.144s] Level 1:colcon.colcon_core.package_identification:_identify(log_user) by extension 'ignore'
[0.144s] Level 1:colcon.colcon_core.package_identification:_identify(log_user) ignored
[0.144s] Level 1:colcon.colcon_core.package_identification:_identify(src) by extensions ['ignore', 'ignore_ament_install']
[0.145s] Level 1:colcon.colcon_core.package_identification:_identify(src) by extension 'ignore'
[0.145s] Level 1:colcon.colcon_core.package_identification:_identify(src) by extension 'ignore_ament_install'
[0.145s] Level 1:colcon.colcon_core.package_identification:_identify(src) by extensions ['colcon_pkg']
[0.145s] Level 1:colcon.colcon_core.package_identification:_identify(src) by extension 'colcon_pkg'
[0.145s] Level 1:colcon.colcon_core.package_identification:_identify(src) by extensions ['colcon_meta']
[0.145s] Level 1:colcon.colcon_core.package_identification:_identify(src) by extension 'colcon_meta'
[0.145s] Level 1:colcon.colcon_core.package_identification:_identify(src) by extensions ['ros']
[0.145s] Level 1:colcon.colcon_core.package_identification:_identify(src) by extension 'ros'
[0.145s] Level 1:colcon.colcon_core.package_identification:_identify(src) by extensions ['cmake', 'python']
[0.145s] Level 1:colcon.colcon_core.package_identification:_identify(src) by extension 'cmake'
[0.145s] Level 1:colcon.colcon_core.package_identification:_identify(src) by extension 'python'
[0.145s] Level 1:colcon.colcon_core.package_identification:_identify(src) by extensions ['python_setup_py']
[0.145s] Level 1:colcon.colcon_core.package_identification:_identify(src) by extension 'python_setup_py'
[0.145s] Level 1:colcon.colcon_core.package_identification:_identify(src/avs_perception) by extensions ['ignore', 'ignore_ament_install']
[0.145s] Level 1:colcon.colcon_core.package_identification:_identify(src/avs_perception) by extension 'ignore'
[0.145s] Level 1:colcon.colcon_core.package_identification:_identify(src/avs_perception) by extension 'ignore_ament_install'
[0.145s] Level 1:colcon.colcon_core.package_identification:_identify(src/avs_perception) by extensions ['colcon_pkg']
[0.145s] Level 1:colcon.colcon_core.package_identification:_identify(src/avs_perception) by extension 'colcon_pkg'
[0.145s] Level 1:colcon.colcon_core.package_identification:_identify(src/avs_perception) by extensions ['colcon_meta']
[0.145s] Level 1:colcon.colcon_core.package_identification:_identify(src/avs_perception) by extension 'colcon_meta'
[0.145s] Level 1:colcon.colcon_core.package_identification:_identify(src/avs_perception) by extensions ['ros']
[0.145s] Level 1:colcon.colcon_core.package_identification:_identify(src/avs_perception) by extension 'ros'
[0.148s] DEBUG:colcon.colcon_core.package_identification:Package 'src/avs_perception' with type 'ros.ament_cmake' and name 'avs_perception'
[0.148s] Level 1:colcon.colcon_core.package_discovery:discover_packages(recursive) using defaults
[0.148s] Level 1:colcon.colcon_core.package_discovery:discover_packages(ignore) discover
[0.148s] Level 1:colcon.colcon_core.package_discovery:discover_packages(ignore) using defaults
[0.148s] Level 1:colcon.colcon_core.package_discovery:discover_packages(path) discover
[0.148s] Level 1:colcon.colcon_core.package_discovery:discover_packages(path) using defaults
[0.167s] Level 1:colcon.colcon_core.package_discovery:discover_packages(prefix_path) check parameters
[0.167s] Level 1:colcon.colcon_core.package_discovery:discover_packages(prefix_path) discover
[0.169s] DEBUG:colcon.colcon_installed_package_information.package_discovery:Found 3 installed packages in /home/goln/microros_ws/install
[0.170s] DEBUG:colcon.colcon_installed_package_information.package_discovery:Found 6 installed packages in /home/goln/JetbotRos2_ws/install
[0.171s] DEBUG:colcon.colcon_installed_package_information.package_discovery:Found 479 installed packages in /opt/ros/humble
[0.172s] Level 1:colcon.colcon_core.package_discovery:discover_packages(prefix_path) using defaults
[0.225s] Level 5:colcon.colcon_core.verb:set package 'avs_perception' build argument 'cmake_args' from command line to 'None'
[0.225s] Level 5:colcon.colcon_core.verb:set package 'avs_perception' build argument 'cmake_target' from command line to 'None'
[0.225s] Level 5:colcon.colcon_core.verb:set package 'avs_perception' build argument 'cmake_target_skip_unavailable' from command line to 'False'
[0.225s] Level 5:colcon.colcon_core.verb:set package 'avs_perception' build argument 'cmake_clean_cache' from command line to 'False'
[0.225s] Level 5:colcon.colcon_core.verb:set package 'avs_perception' build argument 'cmake_clean_first' from command line to 'False'
[0.225s] Level 5:colcon.colcon_core.verb:set package 'avs_perception' build argument 'cmake_force_configure' from command line to 'False'
[0.225s] Level 5:colcon.colcon_core.verb:set package 'avs_perception' build argument 'ament_cmake_args' from command line to 'None'
[0.225s] Level 5:colcon.colcon_core.verb:set package 'avs_perception' build argument 'catkin_cmake_args' from command line to 'None'
[0.225s] Level 5:colcon.colcon_core.verb:set package 'avs_perception' build argument 'catkin_skip_building_tests' from command line to 'False'
[0.225s] DEBUG:colcon.colcon_core.verb:Building package 'avs_perception' with the following arguments: {'ament_cmake_args': None, 'build_base': '/home/goln/SimpleSysIDV/ros2_ws/build_host/avs_perception', 'catkin_cmake_args': None, 'catkin_skip_building_tests': False, 'cmake_args': None, 'cmake_clean_cache': False, 'cmake_clean_first': False, 'cmake_force_configure': False, 'cmake_target': None, 'cmake_target_skip_unavailable': False, 'install_base': '/home/goln/SimpleSysIDV/ros2_ws/install_host/avs_perception', 'merge_install': False, 'path': '/home/goln/SimpleSysIDV/ros2_ws/src/avs_perception', 'symlink_install': True, 'test_result_base': None}
[0.225s] INFO:colcon.colcon_core.executor:Executing jobs using 'parallel' executor
[0.226s] DEBUG:colcon.colcon_parallel_executor.executor.parallel:run_until_complete
[0.226s] INFO:colcon.colcon_ros.task.ament_cmake.build:Building ROS package in '/home/goln/SimpleSysIDV/ros2_ws/src/avs_perception' with build type 'ament_cmake'
[0.226s] INFO:colcon.colcon_cmake.task.cmake.build:Building CMake package in '/home/goln/SimpleSysIDV/ros2_ws/src/avs_perception'
[0.229s] INFO:colcon.colcon_core.plugin_system:Skipping extension 'colcon_core.shell.bat': Not used on non-Windows systems
[0.229s] INFO:colcon.colcon_core.shell:Skip shell extension 'powershell' for command environment: Not usable outside of PowerShell
[0.229s] DEBUG:colcon.colcon_core.shell:Skip shell extension 'dsv' for command environment
[0.235s] DEBUG:colcon.colcon_core.event_handler.log_command:Invoking command in '/home/goln/SimpleSysIDV/ros2_ws/build_host/avs_perception': CMAKE_PREFIX_PATH=${CMAKE_PREFIX_PATH}:/home/goln/JetbotRos2_ws/install/yolo_demo:/home/goln/JetbotRos2_ws/install/pkg_param:/home/goln/JetbotRos2_ws/install/pkg_action:/home/goln/JetbotRos2_ws/install/learn_launch:/opt/ros/humble /usr/bin/cmake --build /home/goln/SimpleSysIDV/ros2_ws/build_host/avs_perception -- -j12 -l12
[20.927s] DEBUG:colcon.colcon_core.event_handler.log_command:Invoked command in '/home/goln/SimpleSysIDV/ros2_ws/build_host/avs_perception' returned '0': CMAKE_PREFIX_PATH=${CMAKE_PREFIX_PATH}:/home/goln/JetbotRos2_ws/install/yolo_demo:/home/goln/JetbotRos2_ws/install/pkg_param:/home/goln/JetbotRos2_ws/install/pkg_action:/home/goln/JetbotRos2_ws/install/learn_launch:/opt/ros/humble /usr/bin/cmake --build /home/goln/SimpleSysIDV/ros2_ws/build_host/avs_perception -- -j12 -l12
[20.936s] DEBUG:colcon.colcon_core.event_handler.log_command:Invoking command in '/home/goln/SimpleSysIDV/ros2_ws/build_host/avs_perception': CMAKE_PREFIX_PATH=${CMAKE_PREFIX_PATH}:/home/goln/JetbotRos2_ws/install/yolo_demo:/home/goln/JetbotRos2_ws/install/pkg_param:/home/goln/JetbotRos2_ws/install/pkg_action:/home/goln/JetbotRos2_ws/install/learn_launch:/opt/ros/humble /usr/bin/cmake --install /home/goln/SimpleSysIDV/ros2_ws/build_host/avs_perception
[20.955s] Level 1:colcon.colcon_core.environment:create_environment_scripts_only(avs_perception)
[20.955s] DEBUG:colcon.colcon_core.event_handler.log_command:Invoked command in '/home/goln/SimpleSysIDV/ros2_ws/build_host/avs_perception' returned '0': CMAKE_PREFIX_PATH=${CMAKE_PREFIX_PATH}:/home/goln/JetbotRos2_ws/install/yolo_demo:/home/goln/JetbotRos2_ws/install/pkg_param:/home/goln/JetbotRos2_ws/install/pkg_action:/home/goln/JetbotRos2_ws/install/learn_launch:/opt/ros/humble /usr/bin/cmake --install /home/goln/SimpleSysIDV/ros2_ws/build_host/avs_perception
[20.959s] Level 1:colcon.colcon_core.environment:checking '/home/goln/SimpleSysIDV/ros2_ws/install_host/avs_perception' for CMake module files
[20.959s] Level 1:colcon.colcon_core.environment:checking '/home/goln/SimpleSysIDV/ros2_ws/install_host/avs_perception' for CMake config files
[20.960s] Level 1:colcon.colcon_core.shell:create_environment_hook('avs_perception', 'cmake_prefix_path')
[20.960s] INFO:colcon.colcon_core.shell:Creating environment hook '/home/goln/SimpleSysIDV/ros2_ws/install_host/avs_perception/share/avs_perception/hook/cmake_prefix_path.ps1'
[20.961s] INFO:colcon.colcon_core.shell:Creating environment descriptor '/home/goln/SimpleSysIDV/ros2_ws/install_host/avs_perception/share/avs_perception/hook/cmake_prefix_path.dsv'
[20.961s] INFO:colcon.colcon_core.shell:Creating environment hook '/home/goln/SimpleSysIDV/ros2_ws/install_host/avs_perception/share/avs_perception/hook/cmake_prefix_path.sh'
[20.962s] Level 1:colcon.colcon_core.environment:checking '/home/goln/SimpleSysIDV/ros2_ws/install_host/avs_perception/lib'
[20.962s] Level 1:colcon.colcon_core.environment:checking '/home/goln/SimpleSysIDV/ros2_ws/install_host/avs_perception/bin'
[20.962s] Level 1:colcon.colcon_core.environment:checking '/home/goln/SimpleSysIDV/ros2_ws/install_host/avs_perception/lib/pkgconfig/avs_perception.pc'
[20.962s] Level 1:colcon.colcon_core.environment:checking '/home/goln/SimpleSysIDV/ros2_ws/install_host/avs_perception/lib/python3.10/site-packages'
[20.962s] Level 1:colcon.colcon_core.environment:checking '/home/goln/SimpleSysIDV/ros2_ws/install_host/avs_perception/bin'
[20.963s] INFO:colcon.colcon_core.shell:Creating package script '/home/goln/SimpleSysIDV/ros2_ws/install_host/avs_perception/share/avs_perception/package.ps1'
[20.964s] INFO:colcon.colcon_core.shell:Creating package descriptor '/home/goln/SimpleSysIDV/ros2_ws/install_host/avs_perception/share/avs_perception/package.dsv'
[20.964s] INFO:colcon.colcon_core.shell:Creating package script '/home/goln/SimpleSysIDV/ros2_ws/install_host/avs_perception/share/avs_perception/package.sh'
[20.965s] INFO:colcon.colcon_core.shell:Creating package script '/home/goln/SimpleSysIDV/ros2_ws/install_host/avs_perception/share/avs_perception/package.bash'
[20.966s] INFO:colcon.colcon_core.shell:Creating package script '/home/goln/SimpleSysIDV/ros2_ws/install_host/avs_perception/share/avs_perception/package.zsh'
[20.966s] Level 1:colcon.colcon_core.environment:create_file_with_runtime_dependencies(/home/goln/SimpleSysIDV/ros2_ws/install_host/avs_perception/share/colcon-core/packages/avs_perception)
[20.967s] Level 1:colcon.colcon_core.environment:create_environment_scripts_only(avs_perception)
[20.967s] Level 1:colcon.colcon_core.environment:checking '/home/goln/SimpleSysIDV/ros2_ws/install_host/avs_perception' for CMake module files
[20.967s] Level 1:colcon.colcon_core.environment:checking '/home/goln/SimpleSysIDV/ros2_ws/install_host/avs_perception' for CMake config files
[20.967s] Level 1:colcon.colcon_core.shell:create_environment_hook('avs_perception', 'cmake_prefix_path')
[20.968s] INFO:colcon.colcon_core.shell:Creating environment hook '/home/goln/SimpleSysIDV/ros2_ws/install_host/avs_perception/share/avs_perception/hook/cmake_prefix_path.ps1'
[20.968s] INFO:colcon.colcon_core.shell:Creating environment descriptor '/home/goln/SimpleSysIDV/ros2_ws/install_host/avs_perception/share/avs_perception/hook/cmake_prefix_path.dsv'
[20.968s] INFO:colcon.colcon_core.shell:Creating environment hook '/home/goln/SimpleSysIDV/ros2_ws/install_host/avs_perception/share/avs_perception/hook/cmake_prefix_path.sh'
[20.969s] Level 1:colcon.colcon_core.environment:checking '/home/goln/SimpleSysIDV/ros2_ws/install_host/avs_perception/lib'
[20.969s] Level 1:colcon.colcon_core.environment:checking '/home/goln/SimpleSysIDV/ros2_ws/install_host/avs_perception/bin'
[20.969s] Level 1:colcon.colcon_core.environment:checking '/home/goln/SimpleSysIDV/ros2_ws/install_host/avs_perception/lib/pkgconfig/avs_perception.pc'
[20.969s] Level 1:colcon.colcon_core.environment:checking '/home/goln/SimpleSysIDV/ros2_ws/install_host/avs_perception/lib/python3.10/site-packages'
[20.969s] Level 1:colcon.colcon_core.environment:checking '/home/goln/SimpleSysIDV/ros2_ws/install_host/avs_perception/bin'
[20.969s] INFO:colcon.colcon_core.shell:Creating package script '/home/goln/SimpleSysIDV/ros2_ws/install_host/avs_perception/share/avs_perception/package.ps1'
[20.970s] INFO:colcon.colcon_core.shell:Creating package descriptor '/home/goln/SimpleSysIDV/ros2_ws/install_host/avs_perception/share/avs_perception/package.dsv'
[20.970s] INFO:colcon.colcon_core.shell:Creating package script '/home/goln/SimpleSysIDV/ros2_ws/install_host/avs_perception/share/avs_perception/package.sh'
[20.970s] INFO:colcon.colcon_core.shell:Creating package script '/home/goln/SimpleSysIDV/ros2_ws/install_host/avs_perception/share/avs_perception/package.bash'
[20.971s] INFO:colcon.colcon_core.shell:Creating package script '/home/goln/SimpleSysIDV/ros2_ws/install_host/avs_perception/share/avs_perception/package.zsh'
[20.971s] Level 1:colcon.colcon_core.environment:create_file_with_runtime_dependencies(/home/goln/SimpleSysIDV/ros2_ws/install_host/avs_perception/share/colcon-core/packages/avs_perception)
[20.971s] DEBUG:colcon.colcon_parallel_executor.executor.parallel:closing loop
[20.971s] DEBUG:colcon.colcon_parallel_executor.executor.parallel:loop closed
[20.971s] DEBUG:colcon.colcon_parallel_executor.executor.parallel:run_until_complete finished with '0'
[20.971s] DEBUG:colcon.colcon_core.event_reactor:joining thread
[20.978s] INFO:colcon.colcon_core.plugin_system:Skipping extension 'colcon_notification.desktop_notification.terminal_notifier': Not used on non-Darwin systems
[20.978s] INFO:colcon.colcon_core.plugin_system:Skipping extension 'colcon_notification.desktop_notification.win32': Not used on non-Windows systems
[20.978s] INFO:colcon.colcon_notification.desktop_notification:Sending desktop notification using 'notify2'
[20.994s] DEBUG:colcon.colcon_core.event_reactor:joined thread
[20.994s] INFO:colcon.colcon_core.shell:Creating prefix script '/home/goln/SimpleSysIDV/ros2_ws/install_host/local_setup.ps1'
[20.995s] INFO:colcon.colcon_core.shell:Creating prefix util module '/home/goln/SimpleSysIDV/ros2_ws/install_host/_local_setup_util_ps1.py'
[20.996s] INFO:colcon.colcon_core.shell:Creating prefix chain script '/home/goln/SimpleSysIDV/ros2_ws/install_host/setup.ps1'
[20.998s] INFO:colcon.colcon_core.shell:Creating prefix script '/home/goln/SimpleSysIDV/ros2_ws/install_host/local_setup.sh'
[20.998s] INFO:colcon.colcon_core.shell:Creating prefix util module '/home/goln/SimpleSysIDV/ros2_ws/install_host/_local_setup_util_sh.py'
[20.999s] INFO:colcon.colcon_core.shell:Creating prefix chain script '/home/goln/SimpleSysIDV/ros2_ws/install_host/setup.sh'
[21.000s] INFO:colcon.colcon_core.shell:Creating prefix script '/home/goln/SimpleSysIDV/ros2_ws/install_host/local_setup.bash'
[21.001s] INFO:colcon.colcon_core.shell:Creating prefix chain script '/home/goln/SimpleSysIDV/ros2_ws/install_host/setup.bash'
[21.002s] INFO:colcon.colcon_core.shell:Creating prefix script '/home/goln/SimpleSysIDV/ros2_ws/install_host/local_setup.zsh'
[21.002s] INFO:colcon.colcon_core.shell:Creating prefix chain script '/home/goln/SimpleSysIDV/ros2_ws/install_host/setup.zsh'
