[0.071s] DEBUG:colcon:Command line arguments: ['/usr/bin/colcon', 'build', '--symlink-install']
[0.071s] DEBUG:colcon:Parsed command line arguments: Namespace(log_base=None, log_level=None, verb_name='build', build_base='build', install_base='install', merge_install=False, symlink_install=True, test_result_base=None, continue_on_error=False, executor='parallel', parallel_workers=12, event_handlers=None, ignore_user_meta=False, metas=['./colcon.meta'], base_paths=['.'], packages_ignore=None, packages_ignore_regex=None, paths=None, packages_up_to=None, packages_up_to_regex=None, packages_above=None, packages_above_and_dependencies=None, packages_above_depth=None, packages_select_by_dep=None, packages_skip_by_dep=None, packages_skip_up_to=None, packages_select_build_failed=False, packages_skip_build_finished=False, packages_select_test_failures=False, packages_skip_test_passed=False, packages_select=None, packages_skip=None, packages_select_regex=None, packages_skip_regex=None, packages_start=None, packages_end=None, allow_overriding=[], cmake_args=None, cmake_target=None, cmake_target_skip_unavailable=False, cmake_clean_cache=False, cmake_clean_first=False, cmake_force_configure=False, ament_cmake_args=None, catkin_cmake_args=None, catkin_skip_building_tests=False, verb_parser=<colcon_defaults.argument_parser.defaults.DefaultArgumentsDecorator object at 0x78f1189a0d60>, verb_extension=<colcon_core.verb.build.BuildVerb object at 0x78f1189a0850>, main=<bound method BuildVerb.main of <colcon_core.verb.build.BuildVerb object at 0x78f1189a0850>>)
[0.098s] Level 1:colcon.colcon_core.package_discovery:discover_packages(colcon_meta) check parameters
[0.098s] Level 1:colcon.colcon_core.package_discovery:discover_packages(recursive) check parameters
[0.098s] Level 1:colcon.colcon_core.package_discovery:discover_packages(ignore) check parameters
[0.098s] Level 1:colcon.colcon_core.package_discovery:discover_packages(path) check parameters
[0.098s] Level 1:colcon.colcon_core.package_discovery:discover_packages(colcon_meta) discover
[0.098s] Level 1:colcon.colcon_core.package_discovery:discover_packages(recursive) discover
[0.098s] INFO:colcon.colcon_core.package_discovery:Crawling recursively for packages in '/home/goln/SimpleSysIDV/ros2_ws'
[0.098s] Level 1:colcon.colcon_core.package_identification:_identify(.) by extensions ['ignore', 'ignore_ament_install']
[0.098s] Level 1:colcon.colcon_core.package_identification:_identify(.) by extension 'ignore'
[0.098s] Level 1:colcon.colcon_core.package_identification:_identify(.) by extension 'ignore_ament_install'
[0.098s] Level 1:colcon.colcon_core.package_identification:_identify(.) by extensions ['colcon_pkg']
[0.099s] Level 1:colcon.colcon_core.package_identification:_identify(.) by extension 'colcon_pkg'
[0.099s] Level 1:colcon.colcon_core.package_identification:_identify(.) by extensions ['colcon_meta']
[0.099s] Level 1:colcon.colcon_core.package_identification:_identify(.) by extension 'colcon_meta'
[0.099s] Level 1:colcon.colcon_core.package_identification:_identify(.) by extensions ['ros']
[0.099s] Level 1:colcon.colcon_core.package_identification:_identify(.) by extension 'ros'
[0.108s] Level 1:colcon.colcon_core.package_identification:_identify(.) by extensions ['cmake', 'python']
[0.108s] Level 1:colcon.colcon_core.package_identification:_identify(.) by extension 'cmake'
[0.108s] Level 1:colcon.colcon_core.package_identification:_identify(.) by extension 'python'
[0.108s] Level 1:colcon.colcon_core.package_identification:_identify(.) by extensions ['python_setup_py']
[0.108s] Level 1:colcon.colcon_core.package_identification:_identify(.) by extension 'python_setup_py'
[0.109s] Level 1:colcon.colcon_core.package_identification:_identify(build) by extensions ['ignore', 'ignore_ament_install']
[0.109s] Level 1:colcon.colcon_core.package_identification:_identify(build) by extension 'ignore'
[0.109s] Level 1:colcon.colcon_core.package_identification:_identify(build) ignored
[0.109s] Level 1:colcon.colcon_core.package_identification:_identify(install) by extensions ['ignore', 'ignore_ament_install']
[0.109s] Level 1:colcon.colcon_core.package_identification:_identify(install) by extension 'ignore'
[0.109s] Level 1:colcon.colcon_core.package_identification:_identify(install) ignored
[0.109s] Level 1:colcon.colcon_core.package_identification:_identify(log) by extensions ['ignore', 'ignore_ament_install']
[0.109s] Level 1:colcon.colcon_core.package_identification:_identify(log) by extension 'ignore'
[0.109s] Level 1:colcon.colcon_core.package_identification:_identify(log) ignored
[0.109s] Level 1:colcon.colcon_core.package_identification:_identify(src) by extensions ['ignore', 'ignore_ament_install']
[0.109s] Level 1:colcon.colcon_core.package_identification:_identify(src) by extension 'ignore'
[0.109s] Level 1:colcon.colcon_core.package_identification:_identify(src) by extension 'ignore_ament_install'
[0.109s] Level 1:colcon.colcon_core.package_identification:_identify(src) by extensions ['colcon_pkg']
[0.109s] Level 1:colcon.colcon_core.package_identification:_identify(src) by extension 'colcon_pkg'
[0.109s] Level 1:colcon.colcon_core.package_identification:_identify(src) by extensions ['colcon_meta']
[0.109s] Level 1:colcon.colcon_core.package_identification:_identify(src) by extension 'colcon_meta'
[0.109s] Level 1:colcon.colcon_core.package_identification:_identify(src) by extensions ['ros']
[0.109s] Level 1:colcon.colcon_core.package_identification:_identify(src) by extension 'ros'
[0.109s] Level 1:colcon.colcon_core.package_identification:_identify(src) by extensions ['cmake', 'python']
[0.109s] Level 1:colcon.colcon_core.package_identification:_identify(src) by extension 'cmake'
[0.109s] Level 1:colcon.colcon_core.package_identification:_identify(src) by extension 'python'
[0.109s] Level 1:colcon.colcon_core.package_identification:_identify(src) by extensions ['python_setup_py']
[0.109s] Level 1:colcon.colcon_core.package_identification:_identify(src) by extension 'python_setup_py'
[0.109s] Level 1:colcon.colcon_core.package_identification:_identify(src/avs_perception) by extensions ['ignore', 'ignore_ament_install']
[0.109s] Level 1:colcon.colcon_core.package_identification:_identify(src/avs_perception) by extension 'ignore'
[0.109s] Level 1:colcon.colcon_core.package_identification:_identify(src/avs_perception) by extension 'ignore_ament_install'
[0.109s] Level 1:colcon.colcon_core.package_identification:_identify(src/avs_perception) by extensions ['colcon_pkg']
[0.110s] Level 1:colcon.colcon_core.package_identification:_identify(src/avs_perception) by extension 'colcon_pkg'
[0.110s] Level 1:colcon.colcon_core.package_identification:_identify(src/avs_perception) by extensions ['colcon_meta']
[0.110s] Level 1:colcon.colcon_core.package_identification:_identify(src/avs_perception) by extension 'colcon_meta'
[0.110s] Level 1:colcon.colcon_core.package_identification:_identify(src/avs_perception) by extensions ['ros']
[0.110s] Level 1:colcon.colcon_core.package_identification:_identify(src/avs_perception) by extension 'ros'
[0.111s] DEBUG:colcon.colcon_core.package_identification:Package 'src/avs_perception' with type 'ros.ament_cmake' and name 'avs_perception'
[0.111s] Level 1:colcon.colcon_core.package_discovery:discover_packages(recursive) using defaults
[0.111s] Level 1:colcon.colcon_core.package_discovery:discover_packages(ignore) discover
[0.111s] Level 1:colcon.colcon_core.package_discovery:discover_packages(ignore) using defaults
[0.111s] Level 1:colcon.colcon_core.package_discovery:discover_packages(path) discover
[0.111s] Level 1:colcon.colcon_core.package_discovery:discover_packages(path) using defaults
[0.126s] Level 1:colcon.colcon_core.package_discovery:discover_packages(prefix_path) check parameters
[0.126s] Level 1:colcon.colcon_core.package_discovery:discover_packages(prefix_path) discover
[0.128s] DEBUG:colcon.colcon_installed_package_information.package_discovery:Found 3 installed packages in /home/goln/microros_ws/install
[0.128s] DEBUG:colcon.colcon_installed_package_information.package_discovery:Found 6 installed packages in /home/goln/JetbotRos2_ws/install
[0.129s] DEBUG:colcon.colcon_installed_package_information.package_discovery:Found 479 installed packages in /opt/ros/humble
[0.131s] Level 1:colcon.colcon_core.package_discovery:discover_packages(prefix_path) using defaults
[0.175s] Level 5:colcon.colcon_core.verb:set package 'avs_perception' build argument 'cmake_args' from command line to 'None'
[0.176s] Level 5:colcon.colcon_core.verb:set package 'avs_perception' build argument 'cmake_target' from command line to 'None'
[0.176s] Level 5:colcon.colcon_core.verb:set package 'avs_perception' build argument 'cmake_target_skip_unavailable' from command line to 'False'
[0.176s] Level 5:colcon.colcon_core.verb:set package 'avs_perception' build argument 'cmake_clean_cache' from command line to 'False'
[0.176s] Level 5:colcon.colcon_core.verb:set package 'avs_perception' build argument 'cmake_clean_first' from command line to 'False'
[0.176s] Level 5:colcon.colcon_core.verb:set package 'avs_perception' build argument 'cmake_force_configure' from command line to 'False'
[0.176s] Level 5:colcon.colcon_core.verb:set package 'avs_perception' build argument 'ament_cmake_args' from command line to 'None'
[0.176s] Level 5:colcon.colcon_core.verb:set package 'avs_perception' build argument 'catkin_cmake_args' from command line to 'None'
[0.176s] Level 5:colcon.colcon_core.verb:set package 'avs_perception' build argument 'catkin_skip_building_tests' from command line to 'False'
[0.176s] DEBUG:colcon.colcon_core.verb:Building package 'avs_perception' with the following arguments: {'ament_cmake_args': None, 'build_base': '/home/goln/SimpleSysIDV/ros2_ws/build/avs_perception', 'catkin_cmake_args': None, 'catkin_skip_building_tests': False, 'cmake_args': None, 'cmake_clean_cache': False, 'cmake_clean_first': False, 'cmake_force_configure': False, 'cmake_target': None, 'cmake_target_skip_unavailable': False, 'install_base': '/home/goln/SimpleSysIDV/ros2_ws/install/avs_perception', 'merge_install': False, 'path': '/home/goln/SimpleSysIDV/ros2_ws/src/avs_perception', 'symlink_install': True, 'test_result_base': None}
[0.176s] INFO:colcon.colcon_core.executor:Executing jobs using 'parallel' executor
[0.177s] DEBUG:colcon.colcon_parallel_executor.executor.parallel:run_until_complete
[0.177s] INFO:colcon.colcon_ros.task.ament_cmake.build:Building ROS package in '/home/goln/SimpleSysIDV/ros2_ws/src/avs_perception' with build type 'ament_cmake'
[0.177s] INFO:colcon.colcon_cmake.task.cmake.build:Building CMake package in '/home/goln/SimpleSysIDV/ros2_ws/src/avs_perception'
[0.178s] INFO:colcon.colcon_core.plugin_system:Skipping extension 'colcon_core.shell.bat': Not used on non-Windows systems
[0.178s] INFO:colcon.colcon_core.shell:Skip shell extension 'powershell' for command environment: Not usable outside of PowerShell
[0.178s] DEBUG:colcon.colcon_core.shell:Skip shell extension 'dsv' for command environment
[0.186s] DEBUG:colcon.colcon_core.event_handler.log_command:Invoking command in '/home/goln/SimpleSysIDV/ros2_ws/build/avs_perception': CMAKE_PREFIX_PATH=${CMAKE_PREFIX_PATH}:/home/goln/JetbotRos2_ws/install/yolo_demo:/home/goln/JetbotRos2_ws/install/pkg_param:/home/goln/JetbotRos2_ws/install/pkg_action:/home/goln/JetbotRos2_ws/install/learn_launch:/opt/ros/humble /usr/bin/cmake --build /home/goln/SimpleSysIDV/ros2_ws/build/avs_perception -- -j12 -l12
[7.659s] DEBUG:colcon.colcon_core.event_handler.log_command:Invoked command in '/home/goln/SimpleSysIDV/ros2_ws/build/avs_perception' returned '0': CMAKE_PREFIX_PATH=${CMAKE_PREFIX_PATH}:/home/goln/JetbotRos2_ws/install/yolo_demo:/home/goln/JetbotRos2_ws/install/pkg_param:/home/goln/JetbotRos2_ws/install/pkg_action:/home/goln/JetbotRos2_ws/install/learn_launch:/opt/ros/humble /usr/bin/cmake --build /home/goln/SimpleSysIDV/ros2_ws/build/avs_perception -- -j12 -l12
[7.667s] DEBUG:colcon.colcon_core.event_handler.log_command:Invoking command in '/home/goln/SimpleSysIDV/ros2_ws/build/avs_perception': CMAKE_PREFIX_PATH=${CMAKE_PREFIX_PATH}:/home/goln/JetbotRos2_ws/install/yolo_demo:/home/goln/JetbotRos2_ws/install/pkg_param:/home/goln/JetbotRos2_ws/install/pkg_action:/home/goln/JetbotRos2_ws/install/learn_launch:/opt/ros/humble /usr/bin/cmake --install /home/goln/SimpleSysIDV/ros2_ws/build/avs_perception
[7.682s] Level 1:colcon.colcon_core.environment:create_environment_scripts_only(avs_perception)
[7.682s] DEBUG:colcon.colcon_core.event_handler.log_command:Invoked command in '/home/goln/SimpleSysIDV/ros2_ws/build/avs_perception' returned '0': CMAKE_PREFIX_PATH=${CMAKE_PREFIX_PATH}:/home/goln/JetbotRos2_ws/install/yolo_demo:/home/goln/JetbotRos2_ws/install/pkg_param:/home/goln/JetbotRos2_ws/install/pkg_action:/home/goln/JetbotRos2_ws/install/learn_launch:/opt/ros/humble /usr/bin/cmake --install /home/goln/SimpleSysIDV/ros2_ws/build/avs_perception
[7.684s] Level 1:colcon.colcon_core.environment:checking '/home/goln/SimpleSysIDV/ros2_ws/install/avs_perception' for CMake module files
[7.684s] Level 1:colcon.colcon_core.environment:checking '/home/goln/SimpleSysIDV/ros2_ws/install/avs_perception' for CMake config files
[7.684s] Level 1:colcon.colcon_core.shell:create_environment_hook('avs_perception', 'cmake_prefix_path')
[7.685s] INFO:colcon.colcon_core.shell:Creating environment hook '/home/goln/SimpleSysIDV/ros2_ws/install/avs_perception/share/avs_perception/hook/cmake_prefix_path.ps1'
[7.685s] INFO:colcon.colcon_core.shell:Creating environment descriptor '/home/goln/SimpleSysIDV/ros2_ws/install/avs_perception/share/avs_perception/hook/cmake_prefix_path.dsv'
[7.685s] INFO:colcon.colcon_core.shell:Creating environment hook '/home/goln/SimpleSysIDV/ros2_ws/install/avs_perception/share/avs_perception/hook/cmake_prefix_path.sh'
[7.686s] Level 1:colcon.colcon_core.environment:checking '/home/goln/SimpleSysIDV/ros2_ws/install/avs_perception/lib'
[7.686s] Level 1:colcon.colcon_core.environment:checking '/home/goln/SimpleSysIDV/ros2_ws/install/avs_perception/bin'
[7.686s] Level 1:colcon.colcon_core.environment:checking '/home/goln/SimpleSysIDV/ros2_ws/install/avs_perception/lib/pkgconfig/avs_perception.pc'
[7.686s] Level 1:colcon.colcon_core.environment:checking '/home/goln/SimpleSysIDV/ros2_ws/install/avs_perception/lib/python3.10/site-packages'
[7.686s] Level 1:colcon.colcon_core.environment:checking '/home/goln/SimpleSysIDV/ros2_ws/install/avs_perception/bin'
[7.687s] INFO:colcon.colcon_core.shell:Creating package script '/home/goln/SimpleSysIDV/ros2_ws/install/avs_perception/share/avs_perception/package.ps1'
[7.687s] INFO:colcon.colcon_core.shell:Creating package descriptor '/home/goln/SimpleSysIDV/ros2_ws/install/avs_perception/share/avs_perception/package.dsv'
[7.688s] INFO:colcon.colcon_core.shell:Creating package script '/home/goln/SimpleSysIDV/ros2_ws/install/avs_perception/share/avs_perception/package.sh'
[7.688s] INFO:colcon.colcon_core.shell:Creating package script '/home/goln/SimpleSysIDV/ros2_ws/install/avs_perception/share/avs_perception/package.bash'
[7.689s] INFO:colcon.colcon_core.shell:Creating package script '/home/goln/SimpleSysIDV/ros2_ws/install/avs_perception/share/avs_perception/package.zsh'
[7.689s] Level 1:colcon.colcon_core.environment:create_file_with_runtime_dependencies(/home/goln/SimpleSysIDV/ros2_ws/install/avs_perception/share/colcon-core/packages/avs_perception)
[7.690s] Level 1:colcon.colcon_core.environment:create_environment_scripts_only(avs_perception)
[7.690s] Level 1:colcon.colcon_core.environment:checking '/home/goln/SimpleSysIDV/ros2_ws/install/avs_perception' for CMake module files
[7.690s] Level 1:colcon.colcon_core.environment:checking '/home/goln/SimpleSysIDV/ros2_ws/install/avs_perception' for CMake config files
[7.690s] Level 1:colcon.colcon_core.shell:create_environment_hook('avs_perception', 'cmake_prefix_path')
[7.691s] INFO:colcon.colcon_core.shell:Creating environment hook '/home/goln/SimpleSysIDV/ros2_ws/install/avs_perception/share/avs_perception/hook/cmake_prefix_path.ps1'
[7.691s] INFO:colcon.colcon_core.shell:Creating environment descriptor '/home/goln/SimpleSysIDV/ros2_ws/install/avs_perception/share/avs_perception/hook/cmake_prefix_path.dsv'
[7.691s] INFO:colcon.colcon_core.shell:Creating environment hook '/home/goln/SimpleSysIDV/ros2_ws/install/avs_perception/share/avs_perception/hook/cmake_prefix_path.sh'
[7.692s] Level 1:colcon.colcon_core.environment:checking '/home/goln/SimpleSysIDV/ros2_ws/install/avs_perception/lib'
[7.692s] Level 1:colcon.colcon_core.environment:checking '/home/goln/SimpleSysIDV/ros2_ws/install/avs_perception/bin'
[7.692s] Level 1:colcon.colcon_core.environment:checking '/home/goln/SimpleSysIDV/ros2_ws/install/avs_perception/lib/pkgconfig/avs_perception.pc'
[7.692s] Level 1:colcon.colcon_core.environment:checking '/home/goln/SimpleSysIDV/ros2_ws/install/avs_perception/lib/python3.10/site-packages'
[7.692s] Level 1:colcon.colcon_core.environment:checking '/home/goln/SimpleSysIDV/ros2_ws/install/avs_perception/bin'
[7.693s] INFO:colcon.colcon_core.shell:Creating package script '/home/goln/SimpleSysIDV/ros2_ws/install/avs_perception/share/avs_perception/package.ps1'
[7.693s] INFO:colcon.colcon_core.shell:Creating package descriptor '/home/goln/SimpleSysIDV/ros2_ws/install/avs_perception/share/avs_perception/package.dsv'
[7.693s] INFO:colcon.colcon_core.shell:Creating package script '/home/goln/SimpleSysIDV/ros2_ws/install/avs_perception/share/avs_perception/package.sh'
[7.694s] INFO:colcon.colcon_core.shell:Creating package script '/home/goln/SimpleSysIDV/ros2_ws/install/avs_perception/share/avs_perception/package.bash'
[7.694s] INFO:colcon.colcon_core.shell:Creating package script '/home/goln/SimpleSysIDV/ros2_ws/install/avs_perception/share/avs_perception/package.zsh'
[7.694s] Level 1:colcon.colcon_core.environment:create_file_with_runtime_dependencies(/home/goln/SimpleSysIDV/ros2_ws/install/avs_perception/share/colcon-core/packages/avs_perception)
[7.694s] DEBUG:colcon.colcon_parallel_executor.executor.parallel:closing loop
[7.695s] DEBUG:colcon.colcon_parallel_executor.executor.parallel:loop closed
[7.695s] DEBUG:colcon.colcon_parallel_executor.executor.parallel:run_until_complete finished with '0'
[7.695s] DEBUG:colcon.colcon_core.event_reactor:joining thread
[7.698s] INFO:colcon.colcon_core.plugin_system:Skipping extension 'colcon_notification.desktop_notification.terminal_notifier': Not used on non-Darwin systems
[7.698s] INFO:colcon.colcon_core.plugin_system:Skipping extension 'colcon_notification.desktop_notification.win32': Not used on non-Windows systems
[7.698s] INFO:colcon.colcon_notification.desktop_notification:Sending desktop notification using 'notify2'
[7.706s] DEBUG:colcon.colcon_core.event_reactor:joined thread
[7.706s] INFO:colcon.colcon_core.shell:Creating prefix script '/home/goln/SimpleSysIDV/ros2_ws/install/local_setup.ps1'
[7.707s] INFO:colcon.colcon_core.shell:Creating prefix util module '/home/goln/SimpleSysIDV/ros2_ws/install/_local_setup_util_ps1.py'
[7.708s] INFO:colcon.colcon_core.shell:Creating prefix chain script '/home/goln/SimpleSysIDV/ros2_ws/install/setup.ps1'
[7.710s] INFO:colcon.colcon_core.shell:Creating prefix script '/home/goln/SimpleSysIDV/ros2_ws/install/local_setup.sh'
[7.710s] INFO:colcon.colcon_core.shell:Creating prefix util module '/home/goln/SimpleSysIDV/ros2_ws/install/_local_setup_util_sh.py'
[7.710s] INFO:colcon.colcon_core.shell:Creating prefix chain script '/home/goln/SimpleSysIDV/ros2_ws/install/setup.sh'
[7.711s] INFO:colcon.colcon_core.shell:Creating prefix script '/home/goln/SimpleSysIDV/ros2_ws/install/local_setup.bash'
[7.711s] INFO:colcon.colcon_core.shell:Creating prefix chain script '/home/goln/SimpleSysIDV/ros2_ws/install/setup.bash'
[7.712s] INFO:colcon.colcon_core.shell:Creating prefix script '/home/goln/SimpleSysIDV/ros2_ws/install/local_setup.zsh'
[7.712s] INFO:colcon.colcon_core.shell:Creating prefix chain script '/home/goln/SimpleSysIDV/ros2_ws/install/setup.zsh'
