[0.032s] Invoking command in '/workspace/ros2_ws/build/avs_perception': CMAKE_PREFIX_PATH=/opt/ros/humble /usr/bin/cmake /workspace/ros2_ws/src/avs_perception -DAMENT_CMAKE_SYMLINK_INSTALL=1 -DCMAKE_INSTALL_PREFIX=/workspace/ros2_ws/install/avs_perception
[0.433s] -- The C compiler identification is GNU 11.4.0
[0.581s] -- The CXX compiler identification is GNU 11.4.0
[0.593s] -- Detecting C compiler ABI info
[0.656s] -- Detecting C compiler ABI info - done
[0.660s] -- Check for working C compiler: /usr/bin/cc - skipped
[0.661s] -- Detecting C compile features
[0.661s] -- Detecting C compile features - done
[0.664s] -- Detecting CXX compiler ABI info
[0.719s] -- Detecting CXX compiler ABI info - done
[0.724s] -- Check for working CXX compiler: /usr/bin/c++ - skipped
[0.725s] -- Detecting CXX compile features
[0.725s] -- Detecting CXX compile features - done
[0.727s] -- Found ament_cmake: 1.3.14 (/opt/ros/humble/share/ament_cmake/cmake)
[0.814s] -- Found Python3: /usr/bin/python3 (found version "3.10.12") found components: Interpreter 
[0.864s] -- Override CMake install command with custom implementation using symlinks instead of copying resources
[0.912s] -- Found rclcpp: 16.0.19 (/opt/ros/humble/share/rclcpp/cmake)
[0.966s] -- Found rosidl_generator_c: 3.1.8 (/opt/ros/humble/share/rosidl_generator_c/cmake)
[0.971s] -- Found rosidl_adapter: 3.1.8 (/opt/ros/humble/share/rosidl_adapter/cmake)
[0.982s] -- Found rosidl_generator_cpp: 3.1.8 (/opt/ros/humble/share/rosidl_generator_cpp/cmake)
[0.995s] -- Using all available rosidl_typesupport_c: rosidl_typesupport_fastrtps_c;rosidl_typesupport_introspection_c
[1.013s] -- Using all available rosidl_typesupport_cpp: rosidl_typesupport_fastrtps_cpp;rosidl_typesupport_introspection_cpp
[1.055s] -- Found rmw_implementation_cmake: 6.1.2 (/opt/ros/humble/share/rmw_implementation_cmake/cmake)
[1.057s] -- Found rmw_fastrtps_cpp: 6.2.10 (/opt/ros/humble/share/rmw_fastrtps_cpp/cmake)
[1.128s] -- Found OpenSSL: /usr/lib/x86_64-linux-gnu/libcrypto.so (found version "3.0.2")  
[1.142s] -- Found FastRTPS: /opt/ros/humble/include  
[1.166s] -- Using RMW implementation 'rmw_fastrtps_cpp' as default
[1.177s] -- Looking for pthread.h
[1.250s] -- Looking for pthread.h - found
[1.250s] -- Performing Test CMAKE_HAVE_LIBC_PTHREAD
[1.299s] -- Performing Test CMAKE_HAVE_LIBC_PTHREAD - Success
[1.300s] -- Found Threads: TRUE  
[1.350s] -- Found sensor_msgs: 4.9.1 (/opt/ros/humble/share/sensor_msgs/cmake)
[1.379s] -- Found cv_bridge: 3.2.1 (/opt/ros/humble/share/cv_bridge/cmake)
[1.399s] -- Found image_transport: 3.1.12 (/opt/ros/humble/share/image_transport/cmake)
[1.443s] -- Found OpenCV: /usr (found version "4.5.4") 
[1.617s] -- Found OpenMP_C: -fopenmp (found version "4.5") 
[1.671s] -- Found OpenMP_CXX: -fopenmp (found version "4.5") 
[1.671s] -- Found OpenMP: TRUE (found version "4.5")  
[1.720s] -- Configuring done
[1.737s] -- Generating done
[1.742s] -- Build files have been written to: /workspace/ros2_ws/build/avs_perception
[1.748s] Invoked command in '/workspace/ros2_ws/build/avs_perception' returned '0': CMAKE_PREFIX_PATH=/opt/ros/humble /usr/bin/cmake /workspace/ros2_ws/src/avs_perception -DAMENT_CMAKE_SYMLINK_INSTALL=1 -DCMAKE_INSTALL_PREFIX=/workspace/ros2_ws/install/avs_perception
[1.750s] Invoking command in '/workspace/ros2_ws/build/avs_perception': CMAKE_PREFIX_PATH=/opt/ros/humble /usr/bin/cmake --build /workspace/ros2_ws/build/avs_perception -- -j12 -l12
[1.780s] [ 25%] Building CXX object CMakeFiles/yolo26_seg_lib.dir/src/yolo26_seg.cpp.o
[1.780s] [ 25%] Building CXX object CMakeFiles/video_publisher_node.dir/src/video_publisher_node.cpp.o
[3.113s] [ 37%] Linking CXX static library libyolo26_seg_lib.a
[3.137s] [ 37%] Built target yolo26_seg_lib
[3.150s] [ 62%] Building CXX object CMakeFiles/ncnn_inference_node.dir/src/ncnn_inference_node.cpp.o
[3.150s] [ 62%] Building CXX object CMakeFiles/video_test_node.dir/src/video_test_node.cpp.o
[5.983s] [ 75%] Linking CXX executable video_test_node
[6.349s] [ 87%] Linking CXX executable video_publisher_node
[6.372s] [ 87%] Built target video_test_node
[6.710s] [ 87%] Built target video_publisher_node
[9.597s] [100%] Linking CXX executable ncnn_inference_node
[10.057s] [100%] Built target ncnn_inference_node
[10.063s] Invoked command in '/workspace/ros2_ws/build/avs_perception' returned '0': CMAKE_PREFIX_PATH=/opt/ros/humble /usr/bin/cmake --build /workspace/ros2_ws/build/avs_perception -- -j12 -l12
[10.070s] Invoking command in '/workspace/ros2_ws/build/avs_perception': CMAKE_PREFIX_PATH=/opt/ros/humble /usr/bin/cmake --install /workspace/ros2_ws/build/avs_perception
[10.074s] -- Install configuration: ""
[10.074s] -- Execute custom install script
[10.074s] -- Symlinking: /workspace/ros2_ws/install/avs_perception/lib/avs_perception/libyolo26_seg_lib.a
[10.080s] -- Symlinking: /workspace/ros2_ws/install/avs_perception/lib/avs_perception/ncnn_inference_node
[10.084s] -- Symlinking: /workspace/ros2_ws/install/avs_perception/lib/avs_perception/video_test_node
[10.089s] -- Symlinking: /workspace/ros2_ws/install/avs_perception/lib/avs_perception/video_publisher_node
[10.094s] -- Symlinking: /workspace/ros2_ws/install/avs_perception/share/avs_perception/launch/perception.launch.py
[10.099s] -- Symlinking: /workspace/ros2_ws/install/avs_perception/share/ament_index/resource_index/package_run_dependencies/avs_perception
[10.105s] -- Symlinking: /workspace/ros2_ws/install/avs_perception/share/ament_index/resource_index/parent_prefix_path/avs_perception
[10.109s] -- Symlinking: /workspace/ros2_ws/install/avs_perception/share/avs_perception/environment/ament_prefix_path.sh
[10.114s] -- Symlinking: /workspace/ros2_ws/install/avs_perception/share/avs_perception/environment/ament_prefix_path.dsv
[10.119s] -- Symlinking: /workspace/ros2_ws/install/avs_perception/share/avs_perception/environment/path.sh
[10.123s] -- Symlinking: /workspace/ros2_ws/install/avs_perception/share/avs_perception/environment/path.dsv
[10.128s] -- Symlinking: /workspace/ros2_ws/install/avs_perception/share/avs_perception/local_setup.bash
[10.133s] -- Symlinking: /workspace/ros2_ws/install/avs_perception/share/avs_perception/local_setup.sh
[10.138s] -- Symlinking: /workspace/ros2_ws/install/avs_perception/share/avs_perception/local_setup.zsh
[10.142s] -- Symlinking: /workspace/ros2_ws/install/avs_perception/share/avs_perception/local_setup.dsv
[10.147s] -- Symlinking: /workspace/ros2_ws/install/avs_perception/share/avs_perception/package.dsv
[10.152s] -- Symlinking: /workspace/ros2_ws/install/avs_perception/share/ament_index/resource_index/packages/avs_perception
[10.157s] -- Symlinking: /workspace/ros2_ws/install/avs_perception/share/avs_perception/cmake/avs_perceptionConfig.cmake
[10.162s] -- Symlinking: /workspace/ros2_ws/install/avs_perception/share/avs_perception/cmake/avs_perceptionConfig-version.cmake
[10.168s] -- Symlinking: /workspace/ros2_ws/install/avs_perception/share/avs_perception/package.xml
[10.175s] Invoked command in '/workspace/ros2_ws/build/avs_perception' returned '0': CMAKE_PREFIX_PATH=/opt/ros/humble /usr/bin/cmake --install /workspace/ros2_ws/build/avs_perception
