[35m[1mConsolidate compiler generated dependencies of target yolo26_seg_lib[0m
[ 16%] [32mBuilding CXX object CMakeFiles/yolo26_seg_lib.dir/src/yolo26_seg.cpp.o[0m
[ 33%] [32m[1mLinking CXX static library libyolo26_seg_lib.a[0m
[ 33%] Built target yolo26_seg_lib
[ 66%] [32mBuilding CXX object CMakeFiles/video_test_node.dir/src/video_test_node.cpp.o[0m
[ 66%] [32mBuilding CXX object CMakeFiles/ncnn_inference_node.dir/src/ncnn_inference_node.cpp.o[0m
[ 83%] [32m[1mLinking CXX executable video_test_node[0m
[ 83%] Built target video_test_node
[100%] [32m[1mLinking CXX executable ncnn_inference_node[0m
[100%] Built target ncnn_inference_node
-- Install configuration: ""
-- Execute custom install script
-- Symlinking: /home/goln/SimpleSysIDV/ros2_ws/install/avs_perception/lib/avs_perception/libyolo26_seg_lib.a
-- Symlinking: /home/goln/SimpleSysIDV/ros2_ws/install/avs_perception/lib/avs_perception/ncnn_inference_node
-- Symlinking: /home/goln/SimpleSysIDV/ros2_ws/install/avs_perception/lib/avs_perception/video_test_node
-- Symlinking: /home/goln/SimpleSysIDV/ros2_ws/install/avs_perception/share/avs_perception/launch/perception.launch.py
-- Symlinking: /home/goln/SimpleSysIDV/ros2_ws/install/avs_perception/share/ament_index/resource_index/package_run_dependencies/avs_perception
-- Symlinking: /home/goln/SimpleSysIDV/ros2_ws/install/avs_perception/share/ament_index/resource_index/parent_prefix_path/avs_perception
-- Symlinking: /home/goln/SimpleSysIDV/ros2_ws/install/avs_perception/share/avs_perception/environment/ament_prefix_path.sh
-- Symlinking: /home/goln/SimpleSysIDV/ros2_ws/install/avs_perception/share/avs_perception/environment/ament_prefix_path.dsv
-- Symlinking: /home/goln/SimpleSysIDV/ros2_ws/install/avs_perception/share/avs_perception/environment/path.sh
-- Symlinking: /home/goln/SimpleSysIDV/ros2_ws/install/avs_perception/share/avs_perception/environment/path.dsv
-- Symlinking: /home/goln/SimpleSysIDV/ros2_ws/install/avs_perception/share/avs_perception/local_setup.bash
-- Symlinking: /home/goln/SimpleSysIDV/ros2_ws/install/avs_perception/share/avs_perception/local_setup.sh
-- Symlinking: /home/goln/SimpleSysIDV/ros2_ws/install/avs_perception/share/avs_perception/local_setup.zsh
-- Symlinking: /home/goln/SimpleSysIDV/ros2_ws/install/avs_perception/share/avs_perception/local_setup.dsv
-- Symlinking: /home/goln/SimpleSysIDV/ros2_ws/install/avs_perception/share/avs_perception/package.dsv
-- Symlinking: /home/goln/SimpleSysIDV/ros2_ws/install/avs_perception/share/ament_index/resource_index/packages/avs_perception
-- Symlinking: /home/goln/SimpleSysIDV/ros2_ws/install/avs_perception/share/avs_perception/cmake/avs_perceptionConfig.cmake
-- Symlinking: /home/goln/SimpleSysIDV/ros2_ws/install/avs_perception/share/avs_perception/cmake/avs_perceptionConfig-version.cmake
-- Symlinking: /home/goln/SimpleSysIDV/ros2_ws/install/avs_perception/share/avs_perception/package.xml
