[0.000000] (-) TimerEvent: {}
[0.000230] (avs_perception) JobQueued: {'identifier': 'avs_perception', 'dependencies': OrderedDict()}
[0.000572] (avs_perception) JobStarted: {'identifier': 'avs_perception'}
[0.006612] (avs_perception) JobProgress: {'identifier': 'avs_perception', 'progress': 'cmake'}
[0.007017] (avs_perception) JobProgress: {'identifier': 'avs_perception', 'progress': 'build'}
[0.007474] (avs_perception) Command: {'cmd': ['/usr/bin/cmake', '--build', '/home/goln/SimpleSysIDV/ros2_ws/build_user/avs_perception', '--', '-j12', '-l12'], 'cwd': '/home/goln/SimpleSysIDV/ros2_ws/build_user/avs_perception', 'env': OrderedDict([('GJS_DEBUG_TOPICS', 'JS ERROR;JS LOG'), ('LESSOPEN', '| /usr/bin/lesspipe %s'), ('VSCODE_CWD', '/home/goln'), ('USER', 'goln'), ('LC_TIME', 'vi_VN'), ('VSCODE_NLS_CONFIG', '{"userLocale":"en-us","osLocale":"en-us","resolvedLanguage":"en","defaultMessagesFile":"/usr/share/antigravity/resources/app/out/nls.messages.json","locale":"en-us","availableLanguages":{}}'), ('XDG_SESSION_TYPE', 'x11'), ('SHLVL', '0'), ('LD_LIBRARY_PATH', '/home/goln/microros_ws/install/micro_ros_agent/lib:/home/goln/microros_ws/install/micro_ros_msgs/lib:/home/goln/JetbotRos2_ws/install/pkg_interfaces/lib:/usr/lib/x86_64-linux-gnu/gazebo-11/plugins:/opt/ros/humble/opt/rviz_ogre_vendor/lib:/opt/ros/humble/lib/x86_64-linux-gnu:/opt/ros/humble/lib'), ('HOME', '/home/goln'), ('CHROME_DESKTOP', 'antigravity.desktop'), ('DESKTOP_SESSION', 'ubuntu-xorg'), ('VSCODE_IPC_HOOK', '/run/user/1000/vscode-fd0059ab-1.10-main.sock'), ('GIO_LAUNCHED_DESKTOP_FILE', '/usr/share/applications/antigravity.desktop'), ('ROS_PYTHON_VERSION', '3'), ('GNOME_SHELL_SESSION_MODE', 'ubuntu'), ('GTK_MODULES', 'gail:atk-bridge'), ('PAGER', 'cat'), ('LC_MONETARY', 'vi_VN'), ('MANAGERPID', '1210'), ('SYSTEMD_EXEC_PID', '1770'), ('DBUS_SESSION_BUS_ADDRESS', 'unix:path=/run/user/1000/bus'), ('ANTIGRAVITY_AGENT', '1'), ('GIO_LAUNCHED_DESKTOP_FILE_PID', '2552'), ('IM_CONFIG_PHASE', '1'), ('COLCON_PREFIX_PATH', '/home/goln/microros_ws/install:/home/goln/JetbotRos2_ws/install'), ('ROS_DISTRO', 'humble'), ('GTK_IM_MODULE', 'fcitx'), ('LOGNAME', 'goln'), ('_', '/usr/bin/colcon'), ('JOURNAL_STREAM', '8:17530'), ('ROS_VERSION', '2'), ('XDG_SESSION_CLASS', 'user'), ('USERNAME', 'goln'), ('TERM', 'dumb'), ('GNOME_DESKTOP_SESSION_ID', 'this-is-deprecated'), ('FC_FONTATIONS', '1'), ('ROS_LOCALHOST_ONLY', '0'), ('WINDOWPATH', '2'), ('ANTIGRAVITY_EDITOR_APP_ROOT', '/usr/share/antigravity/resources/app'), ('PATH', '/home/goln/.local/bin:/opt/ros/humble/bin:/home/goln/.local/bin:/usr/local/sbin:/usr/local/bin:/usr/sbin:/usr/bin:/sbin:/bin:/usr/games:/usr/local/games:/snap/bin:/snap/bin'), ('SESSION_MANAGER', 'local/goln-Nitro-AN515-57:@/tmp/.ICE-unix/1688,unix/goln-Nitro-AN515-57:/tmp/.ICE-unix/1688'), ('INVOCATION_ID', 'eda6d092f97149f5a001ec23590f37b4'), ('XDG_MENU_PREFIX', 'gnome-'), ('LC_ADDRESS', 'vi_VN'), ('XDG_RUNTIME_DIR', '/run/user/1000'), ('GDK_BACKEND', 'x11'), ('DISPLAY', ':0'), ('LANG', 'en_US.UTF-8'), ('XDG_CURRENT_DESKTOP', 'ubuntu:GNOME'), ('LC_TELEPHONE', 'vi_VN'), ('XMODIFIERS', '@im=fcitx'), ('XDG_SESSION_DESKTOP', 'ubuntu-xorg'), ('XAUTHORITY', '/run/user/1000/gdm/Xauthority'), ('LS_COLORS', ''), ('SSH_AGENT_LAUNCHER', 'gnome-keyring'), ('SSH_AUTH_SOCK', '/run/user/1000/keyring/ssh'), ('AMENT_PREFIX_PATH', '/home/goln/microros_ws/install/micro_ros_setup:/home/goln/microros_ws/install/micro_ros_agent:/home/goln/microros_ws/install/micro_ros_msgs:/home/goln/JetbotRos2_ws/install/yolo_demo:/home/goln/JetbotRos2_ws/install/pkg_param:/home/goln/JetbotRos2_ws/install/pkg_action:/home/goln/JetbotRos2_ws/install/pkg_interfaces:/home/goln/JetbotRos2_ws/install/myrobot:/home/goln/JetbotRos2_ws/install/learn_launch:/opt/ros/humble'), ('SHELL', '/bin/bash'), ('LC_NAME', 'vi_VN'), ('QT_ACCESSIBILITY', '1'), ('GDMSESSION', 'ubuntu-xorg'), ('LESSCLOSE', '/usr/bin/lesspipe %s %s'), ('LC_MEASUREMENT', 'vi_VN'), ('GPG_AGENT_INFO', '/run/user/1000/gnupg/S.gpg-agent:0:1'), ('GJS_DEBUG_OUTPUT', 'stderr'), ('LC_IDENTIFICATION', 'vi_VN'), ('QT_IM_MODULE', 'fcitx'), ('ANTIGRAVITY_TRAJECTORY_ID', '82b21ade-9a5d-420a-b27f-f447ab846653'), ('PWD', '/home/goln/SimpleSysIDV/ros2_ws/build_user/avs_perception'), ('XDG_CONFIG_DIRS', '/etc/xdg/xdg-ubuntu-xorg:/etc/xdg'), ('VSCODE_CODE_CACHE_PATH', '/home/goln/.config/Antigravity/CachedData/15487b3041e65228cae24980a3f796c905ef582c'), ('CLUTTER_IM_MODULE', 'fcitx'), ('XDG_DATA_DIRS', '/usr/share/ubuntu-xorg:/usr/share/gnome:/usr/local/share/:/usr/share/:/var/lib/snapd/desktop'), ('PYTHONPATH', '/home/goln/microros_ws/install/micro_ros_msgs/local/lib/python3.10/dist-packages:/home/goln/JetbotRos2_ws/install/yolo_demo/lib/python3.10/site-packages:/home/goln/JetbotRos2_ws/install/pkg_param/lib/python3.10/site-packages:/home/goln/JetbotRos2_ws/install/pkg_action/lib/python3.10/site-packages:/home/goln/JetbotRos2_ws/install/pkg_interfaces/local/lib/python3.10/dist-packages:/home/goln/JetbotRos2_ws/install/learn_launch/lib/python3.10/site-packages:/opt/ros/humble/lib/python3.10/site-packages:/opt/ros/humble/local/lib/python3.10/dist-packages'), ('LC_NUMERIC', 'vi_VN'), ('LC_PAPER', 'vi_VN'), ('COLCON', '1'), ('CMAKE_PREFIX_PATH', '/home/goln/microros_ws/install/micro_ros_setup:/home/goln/microros_ws/install/micro_ros_agent:/home/goln/microros_ws/install/micro_ros_msgs:/home/goln/JetbotRos2_ws/install/pkg_interfaces:/home/goln/JetbotRos2_ws/install/myrobot:/home/goln/JetbotRos2_ws/install/yolo_demo:/home/goln/JetbotRos2_ws/install/pkg_param:/home/goln/JetbotRos2_ws/install/pkg_action:/home/goln/JetbotRos2_ws/install/learn_launch:/opt/ros/humble'), ('VSCODE_PID', '2552')]), 'shell': False}
[0.039210] (avs_perception) StdoutLine: {'line': b'\x1b[35m\x1b[1mConsolidate compiler generated dependencies of target control_node\x1b[0m\n'}
[0.046232] (avs_perception) StdoutLine: {'line': b'[ 16%] Built target yolo26_seg_lib\n'}
[0.048956] (avs_perception) StdoutLine: {'line': b'[ 50%] Built target video_publisher_node\n'}
[0.049136] (avs_perception) StdoutLine: {'line': b'[ 50%] Built target ipm_transform_node\n'}
[0.051107] (avs_perception) StdoutLine: {'line': b'[ 58%] \x1b[32mBuilding CXX object CMakeFiles/control_node.dir/src/control_node.cpp.o\x1b[0m\n'}
[0.066634] (avs_perception) StdoutLine: {'line': b'[ 91%] Built target ncnn_inference_node\n'}
[0.066771] (avs_perception) StdoutLine: {'line': b'[ 91%] Built target video_test_node\n'}
[0.099901] (-) TimerEvent: {}
[0.200181] (-) TimerEvent: {}
[0.300448] (-) TimerEvent: {}
[0.400777] (-) TimerEvent: {}
[0.501059] (-) TimerEvent: {}
[0.601332] (-) TimerEvent: {}
[0.701613] (-) TimerEvent: {}
[0.801917] (-) TimerEvent: {}
[0.902184] (-) TimerEvent: {}
[1.002495] (-) TimerEvent: {}
[1.102777] (-) TimerEvent: {}
[1.203047] (-) TimerEvent: {}
[1.303324] (-) TimerEvent: {}
[1.403587] (-) TimerEvent: {}
[1.503865] (-) TimerEvent: {}
[1.604133] (-) TimerEvent: {}
[1.704411] (-) TimerEvent: {}
[1.804699] (-) TimerEvent: {}
[1.904973] (-) TimerEvent: {}
[2.005250] (-) TimerEvent: {}
[2.105667] (-) TimerEvent: {}
[2.205985] (-) TimerEvent: {}
[2.306259] (-) TimerEvent: {}
[2.406548] (-) TimerEvent: {}
[2.506847] (-) TimerEvent: {}
[2.607139] (-) TimerEvent: {}
[2.707397] (-) TimerEvent: {}
[2.807673] (-) TimerEvent: {}
[2.907938] (-) TimerEvent: {}
[3.008208] (-) TimerEvent: {}
[3.108475] (-) TimerEvent: {}
[3.208754] (-) TimerEvent: {}
[3.309022] (-) TimerEvent: {}
[3.409299] (-) TimerEvent: {}
[3.509603] (-) TimerEvent: {}
[3.609878] (-) TimerEvent: {}
[3.710151] (-) TimerEvent: {}
[3.810423] (-) TimerEvent: {}
[3.910703] (-) TimerEvent: {}
[4.010977] (-) TimerEvent: {}
[4.111233] (-) TimerEvent: {}
[4.211510] (-) TimerEvent: {}
[4.311787] (-) TimerEvent: {}
[4.412051] (-) TimerEvent: {}
[4.512342] (-) TimerEvent: {}
[4.612601] (-) TimerEvent: {}
[4.712881] (-) TimerEvent: {}
[4.813160] (-) TimerEvent: {}
[4.913452] (-) TimerEvent: {}
[5.013799] (-) TimerEvent: {}
[5.114067] (-) TimerEvent: {}
[5.214341] (-) TimerEvent: {}
[5.314602] (-) TimerEvent: {}
[5.414861] (-) TimerEvent: {}
[5.515161] (-) TimerEvent: {}
[5.615405] (-) TimerEvent: {}
[5.715672] (-) TimerEvent: {}
[5.815936] (-) TimerEvent: {}
[5.916201] (-) TimerEvent: {}
[6.016519] (-) TimerEvent: {}
[6.116899] (-) TimerEvent: {}
[6.217182] (-) TimerEvent: {}
[6.317453] (-) TimerEvent: {}
[6.417734] (-) TimerEvent: {}
[6.518106] (-) TimerEvent: {}
[6.618389] (-) TimerEvent: {}
[6.718648] (-) TimerEvent: {}
[6.818970] (-) TimerEvent: {}
[6.919326] (-) TimerEvent: {}
[7.019596] (-) TimerEvent: {}
[7.119939] (-) TimerEvent: {}
[7.220347] (-) TimerEvent: {}
[7.320688] (-) TimerEvent: {}
[7.421033] (-) TimerEvent: {}
[7.521357] (-) TimerEvent: {}
[7.621736] (-) TimerEvent: {}
[7.722035] (-) TimerEvent: {}
[7.822328] (-) TimerEvent: {}
[7.922594] (-) TimerEvent: {}
[8.022871] (-) TimerEvent: {}
[8.123143] (-) TimerEvent: {}
[8.223487] (-) TimerEvent: {}
[8.323744] (-) TimerEvent: {}
[8.424068] (-) TimerEvent: {}
[8.524339] (-) TimerEvent: {}
[8.624600] (-) TimerEvent: {}
[8.724882] (-) TimerEvent: {}
[8.825173] (-) TimerEvent: {}
[8.925434] (-) TimerEvent: {}
[9.025683] (-) TimerEvent: {}
[9.125966] (-) TimerEvent: {}
[9.226265] (-) TimerEvent: {}
[9.326606] (-) TimerEvent: {}
[9.426899] (-) TimerEvent: {}
[9.527166] (-) TimerEvent: {}
[9.627475] (-) TimerEvent: {}
[9.727805] (-) TimerEvent: {}
[9.828158] (-) TimerEvent: {}
[9.928440] (-) TimerEvent: {}
[10.028846] (-) TimerEvent: {}
[10.129175] (-) TimerEvent: {}
[10.229460] (-) TimerEvent: {}
[10.329730] (-) TimerEvent: {}
[10.430027] (-) TimerEvent: {}
[10.530368] (-) TimerEvent: {}
[10.630720] (-) TimerEvent: {}
[10.730990] (-) TimerEvent: {}
[10.831254] (-) TimerEvent: {}
[10.931535] (-) TimerEvent: {}
[11.031834] (-) TimerEvent: {}
[11.132185] (-) TimerEvent: {}
[11.232806] (-) TimerEvent: {}
[11.333099] (-) TimerEvent: {}
[11.433453] (-) TimerEvent: {}
[11.533703] (-) TimerEvent: {}
[11.633961] (-) TimerEvent: {}
[11.734291] (-) TimerEvent: {}
[11.834571] (-) TimerEvent: {}
[11.934861] (-) TimerEvent: {}
[12.035150] (-) TimerEvent: {}
[12.135516] (-) TimerEvent: {}
[12.235827] (-) TimerEvent: {}
[12.336132] (-) TimerEvent: {}
[12.436476] (-) TimerEvent: {}
[12.536799] (-) TimerEvent: {}
[12.637100] (-) TimerEvent: {}
[12.737395] (-) TimerEvent: {}
[12.837700] (-) TimerEvent: {}
[12.938005] (-) TimerEvent: {}
[13.038308] (-) TimerEvent: {}
[13.138660] (-) TimerEvent: {}
[13.238951] (-) TimerEvent: {}
[13.339238] (-) TimerEvent: {}
[13.439522] (-) TimerEvent: {}
[13.486755] (avs_perception) StdoutLine: {'line': b'[100%] \x1b[32m\x1b[1mLinking CXX executable control_node\x1b[0m\n'}
[13.539623] (-) TimerEvent: {}
[13.599810] (avs_perception) StdoutLine: {'line': b'[100%] Built target control_node\n'}
[13.607856] (avs_perception) CommandEnded: {'returncode': 0}
[13.608319] (avs_perception) JobProgress: {'identifier': 'avs_perception', 'progress': 'install'}
[13.614889] (avs_perception) Command: {'cmd': ['/usr/bin/cmake', '--install', '/home/goln/SimpleSysIDV/ros2_ws/build_user/avs_perception'], 'cwd': '/home/goln/SimpleSysIDV/ros2_ws/build_user/avs_perception', 'env': OrderedDict([('GJS_DEBUG_TOPICS', 'JS ERROR;JS LOG'), ('LESSOPEN', '| /usr/bin/lesspipe %s'), ('VSCODE_CWD', '/home/goln'), ('USER', 'goln'), ('LC_TIME', 'vi_VN'), ('VSCODE_NLS_CONFIG', '{"userLocale":"en-us","osLocale":"en-us","resolvedLanguage":"en","defaultMessagesFile":"/usr/share/antigravity/resources/app/out/nls.messages.json","locale":"en-us","availableLanguages":{}}'), ('XDG_SESSION_TYPE', 'x11'), ('SHLVL', '0'), ('LD_LIBRARY_PATH', '/home/goln/microros_ws/install/micro_ros_agent/lib:/home/goln/microros_ws/install/micro_ros_msgs/lib:/home/goln/JetbotRos2_ws/install/pkg_interfaces/lib:/usr/lib/x86_64-linux-gnu/gazebo-11/plugins:/opt/ros/humble/opt/rviz_ogre_vendor/lib:/opt/ros/humble/lib/x86_64-linux-gnu:/opt/ros/humble/lib'), ('HOME', '/home/goln'), ('CHROME_DESKTOP', 'antigravity.desktop'), ('DESKTOP_SESSION', 'ubuntu-xorg'), ('VSCODE_IPC_HOOK', '/run/user/1000/vscode-fd0059ab-1.10-main.sock'), ('GIO_LAUNCHED_DESKTOP_FILE', '/usr/share/applications/antigravity.desktop'), ('ROS_PYTHON_VERSION', '3'), ('GNOME_SHELL_SESSION_MODE', 'ubuntu'), ('GTK_MODULES', 'gail:atk-bridge'), ('PAGER', 'cat'), ('LC_MONETARY', 'vi_VN'), ('MANAGERPID', '1210'), ('SYSTEMD_EXEC_PID', '1770'), ('DBUS_SESSION_BUS_ADDRESS', 'unix:path=/run/user/1000/bus'), ('ANTIGRAVITY_AGENT', '1'), ('GIO_LAUNCHED_DESKTOP_FILE_PID', '2552'), ('IM_CONFIG_PHASE', '1'), ('COLCON_PREFIX_PATH', '/home/goln/microros_ws/install:/home/goln/JetbotRos2_ws/install'), ('ROS_DISTRO', 'humble'), ('GTK_IM_MODULE', 'fcitx'), ('LOGNAME', 'goln'), ('_', '/usr/bin/colcon'), ('JOURNAL_STREAM', '8:17530'), ('ROS_VERSION', '2'), ('XDG_SESSION_CLASS', 'user'), ('USERNAME', 'goln'), ('TERM', 'dumb'), ('GNOME_DESKTOP_SESSION_ID', 'this-is-deprecated'), ('FC_FONTATIONS', '1'), ('ROS_LOCALHOST_ONLY', '0'), ('WINDOWPATH', '2'), ('ANTIGRAVITY_EDITOR_APP_ROOT', '/usr/share/antigravity/resources/app'), ('PATH', '/home/goln/.local/bin:/opt/ros/humble/bin:/home/goln/.local/bin:/usr/local/sbin:/usr/local/bin:/usr/sbin:/usr/bin:/sbin:/bin:/usr/games:/usr/local/games:/snap/bin:/snap/bin'), ('SESSION_MANAGER', 'local/goln-Nitro-AN515-57:@/tmp/.ICE-unix/1688,unix/goln-Nitro-AN515-57:/tmp/.ICE-unix/1688'), ('INVOCATION_ID', 'eda6d092f97149f5a001ec23590f37b4'), ('XDG_MENU_PREFIX', 'gnome-'), ('LC_ADDRESS', 'vi_VN'), ('XDG_RUNTIME_DIR', '/run/user/1000'), ('GDK_BACKEND', 'x11'), ('DISPLAY', ':0'), ('LANG', 'en_US.UTF-8'), ('XDG_CURRENT_DESKTOP', 'ubuntu:GNOME'), ('LC_TELEPHONE', 'vi_VN'), ('XMODIFIERS', '@im=fcitx'), ('XDG_SESSION_DESKTOP', 'ubuntu-xorg'), ('XAUTHORITY', '/run/user/1000/gdm/Xauthority'), ('LS_COLORS', ''), ('SSH_AGENT_LAUNCHER', 'gnome-keyring'), ('SSH_AUTH_SOCK', '/run/user/1000/keyring/ssh'), ('AMENT_PREFIX_PATH', '/home/goln/microros_ws/install/micro_ros_setup:/home/goln/microros_ws/install/micro_ros_agent:/home/goln/microros_ws/install/micro_ros_msgs:/home/goln/JetbotRos2_ws/install/yolo_demo:/home/goln/JetbotRos2_ws/install/pkg_param:/home/goln/JetbotRos2_ws/install/pkg_action:/home/goln/JetbotRos2_ws/install/pkg_interfaces:/home/goln/JetbotRos2_ws/install/myrobot:/home/goln/JetbotRos2_ws/install/learn_launch:/opt/ros/humble'), ('SHELL', '/bin/bash'), ('LC_NAME', 'vi_VN'), ('QT_ACCESSIBILITY', '1'), ('GDMSESSION', 'ubuntu-xorg'), ('LESSCLOSE', '/usr/bin/lesspipe %s %s'), ('LC_MEASUREMENT', 'vi_VN'), ('GPG_AGENT_INFO', '/run/user/1000/gnupg/S.gpg-agent:0:1'), ('GJS_DEBUG_OUTPUT', 'stderr'), ('LC_IDENTIFICATION', 'vi_VN'), ('QT_IM_MODULE', 'fcitx'), ('ANTIGRAVITY_TRAJECTORY_ID', '82b21ade-9a5d-420a-b27f-f447ab846653'), ('PWD', '/home/goln/SimpleSysIDV/ros2_ws/build_user/avs_perception'), ('XDG_CONFIG_DIRS', '/etc/xdg/xdg-ubuntu-xorg:/etc/xdg'), ('VSCODE_CODE_CACHE_PATH', '/home/goln/.config/Antigravity/CachedData/15487b3041e65228cae24980a3f796c905ef582c'), ('CLUTTER_IM_MODULE', 'fcitx'), ('XDG_DATA_DIRS', '/usr/share/ubuntu-xorg:/usr/share/gnome:/usr/local/share/:/usr/share/:/var/lib/snapd/desktop'), ('PYTHONPATH', '/home/goln/microros_ws/install/micro_ros_msgs/local/lib/python3.10/dist-packages:/home/goln/JetbotRos2_ws/install/yolo_demo/lib/python3.10/site-packages:/home/goln/JetbotRos2_ws/install/pkg_param/lib/python3.10/site-packages:/home/goln/JetbotRos2_ws/install/pkg_action/lib/python3.10/site-packages:/home/goln/JetbotRos2_ws/install/pkg_interfaces/local/lib/python3.10/dist-packages:/home/goln/JetbotRos2_ws/install/learn_launch/lib/python3.10/site-packages:/opt/ros/humble/lib/python3.10/site-packages:/opt/ros/humble/local/lib/python3.10/dist-packages'), ('LC_NUMERIC', 'vi_VN'), ('LC_PAPER', 'vi_VN'), ('COLCON', '1'), ('CMAKE_PREFIX_PATH', '/home/goln/microros_ws/install/micro_ros_setup:/home/goln/microros_ws/install/micro_ros_agent:/home/goln/microros_ws/install/micro_ros_msgs:/home/goln/JetbotRos2_ws/install/pkg_interfaces:/home/goln/JetbotRos2_ws/install/myrobot:/home/goln/JetbotRos2_ws/install/yolo_demo:/home/goln/JetbotRos2_ws/install/pkg_param:/home/goln/JetbotRos2_ws/install/pkg_action:/home/goln/JetbotRos2_ws/install/learn_launch:/opt/ros/humble'), ('VSCODE_PID', '2552')]), 'shell': False}
[13.620571] (avs_perception) StdoutLine: {'line': b'-- Install configuration: "Release"\n'}
[13.620901] (avs_perception) StdoutLine: {'line': b'-- Execute custom install script\n'}
[13.621082] (avs_perception) StdoutLine: {'line': b'-- Up-to-date symlink: /home/goln/SimpleSysIDV/ros2_ws/install_user/avs_perception/lib/avs_perception/libyolo26_seg_lib.a\n'}
[13.621175] (avs_perception) StdoutLine: {'line': b'-- Up-to-date symlink: /home/goln/SimpleSysIDV/ros2_ws/install_user/avs_perception/lib/avs_perception/ncnn_inference_node\n'}
[13.621258] (avs_perception) StdoutLine: {'line': b'-- Up-to-date symlink: /home/goln/SimpleSysIDV/ros2_ws/install_user/avs_perception/lib/avs_perception/video_test_node\n'}
[13.621340] (avs_perception) StdoutLine: {'line': b'-- Up-to-date symlink: /home/goln/SimpleSysIDV/ros2_ws/install_user/avs_perception/lib/avs_perception/video_publisher_node\n'}
[13.621445] (avs_perception) StdoutLine: {'line': b'-- Up-to-date symlink: /home/goln/SimpleSysIDV/ros2_ws/install_user/avs_perception/lib/avs_perception/ipm_transform_node\n'}
[13.621523] (avs_perception) StdoutLine: {'line': b'-- Up-to-date symlink: /home/goln/SimpleSysIDV/ros2_ws/install_user/avs_perception/lib/avs_perception/control_node\n'}
[13.621743] (avs_perception) StdoutLine: {'line': b'-- Up-to-date symlink: /home/goln/SimpleSysIDV/ros2_ws/install_user/avs_perception/share/avs_perception/launch/perception.launch.py\n'}
[13.621834] (avs_perception) StdoutLine: {'line': b'-- Up-to-date symlink: /home/goln/SimpleSysIDV/ros2_ws/install_user/avs_perception/share/ament_index/resource_index/package_run_dependencies/avs_perception\n'}
[13.621930] (avs_perception) StdoutLine: {'line': b'-- Up-to-date symlink: /home/goln/SimpleSysIDV/ros2_ws/install_user/avs_perception/share/ament_index/resource_index/parent_prefix_path/avs_perception\n'}
[13.622022] (avs_perception) StdoutLine: {'line': b'-- Up-to-date symlink: /home/goln/SimpleSysIDV/ros2_ws/install_user/avs_perception/share/avs_perception/environment/ament_prefix_path.sh\n'}
[13.622108] (avs_perception) StdoutLine: {'line': b'-- Up-to-date symlink: /home/goln/SimpleSysIDV/ros2_ws/install_user/avs_perception/share/avs_perception/environment/ament_prefix_path.dsv\n'}
[13.622191] (avs_perception) StdoutLine: {'line': b'-- Up-to-date symlink: /home/goln/SimpleSysIDV/ros2_ws/install_user/avs_perception/share/avs_perception/environment/path.sh\n'}
[13.622272] (avs_perception) StdoutLine: {'line': b'-- Up-to-date symlink: /home/goln/SimpleSysIDV/ros2_ws/install_user/avs_perception/share/avs_perception/environment/path.dsv\n'}
[13.622358] (avs_perception) StdoutLine: {'line': b'-- Up-to-date symlink: /home/goln/SimpleSysIDV/ros2_ws/install_user/avs_perception/share/avs_perception/local_setup.bash\n'}
[13.622443] (avs_perception) StdoutLine: {'line': b'-- Up-to-date symlink: /home/goln/SimpleSysIDV/ros2_ws/install_user/avs_perception/share/avs_perception/local_setup.sh\n'}
[13.622521] (avs_perception) StdoutLine: {'line': b'-- Up-to-date symlink: /home/goln/SimpleSysIDV/ros2_ws/install_user/avs_perception/share/avs_perception/local_setup.zsh\n'}
[13.622598] (avs_perception) StdoutLine: {'line': b'-- Up-to-date symlink: /home/goln/SimpleSysIDV/ros2_ws/install_user/avs_perception/share/avs_perception/local_setup.dsv\n'}
[13.622655] (avs_perception) StdoutLine: {'line': b'-- Symlinking: /home/goln/SimpleSysIDV/ros2_ws/install_user/avs_perception/share/avs_perception/package.dsv\n'}
[13.628903] (avs_perception) StdoutLine: {'line': b'-- Up-to-date symlink: /home/goln/SimpleSysIDV/ros2_ws/install_user/avs_perception/share/ament_index/resource_index/packages/avs_perception\n'}
[13.628985] (avs_perception) StdoutLine: {'line': b'-- Up-to-date symlink: /home/goln/SimpleSysIDV/ros2_ws/install_user/avs_perception/share/avs_perception/cmake/avs_perceptionConfig.cmake\n'}
[13.629033] (avs_perception) StdoutLine: {'line': b'-- Up-to-date symlink: /home/goln/SimpleSysIDV/ros2_ws/install_user/avs_perception/share/avs_perception/cmake/avs_perceptionConfig-version.cmake\n'}
[13.629083] (avs_perception) StdoutLine: {'line': b'-- Up-to-date symlink: /home/goln/SimpleSysIDV/ros2_ws/install_user/avs_perception/share/avs_perception/package.xml\n'}
[13.630644] (avs_perception) CommandEnded: {'returncode': 0}
[13.639695] (-) TimerEvent: {}
[13.642574] (avs_perception) JobEnded: {'identifier': 'avs_perception', 'rc': 0}
[13.643024] (-) EventReactorShutdown: {}
