[0.000000] (-) TimerEvent: {}
[0.000193] (avs_perception) JobQueued: {'identifier': 'avs_perception', 'dependencies': OrderedDict()}
[0.000398] (avs_perception) JobStarted: {'identifier': 'avs_perception'}
[0.006996] (avs_perception) JobProgress: {'identifier': 'avs_perception', 'progress': 'cmake'}
[0.007370] (avs_perception) JobProgress: {'identifier': 'avs_perception', 'progress': 'build'}
[0.007826] (avs_perception) Command: {'cmd': ['/usr/bin/cmake', '--build', '/home/goln/SimpleSysIDV/ros2_ws/build_user/avs_perception', '--', '-j12', '-l12'], 'cwd': '/home/goln/SimpleSysIDV/ros2_ws/build_user/avs_perception', 'env': OrderedDict([('GJS_DEBUG_TOPICS', 'JS ERROR;JS LOG'), ('LESSOPEN', '| /usr/bin/lesspipe %s'), ('VSCODE_CWD', '/home/goln'), ('USER', 'goln'), ('LC_TIME', 'vi_VN'), ('VSCODE_NLS_CONFIG', '{"userLocale":"en-us","osLocale":"en-us","resolvedLanguage":"en","defaultMessagesFile":"/usr/share/antigravity/resources/app/out/nls.messages.json","locale":"en-us","availableLanguages":{}}'), ('XDG_SESSION_TYPE', 'x11'), ('SHLVL', '0'), ('LD_LIBRARY_PATH', '/home/goln/microros_ws/install/micro_ros_agent/lib:/home/goln/microros_ws/install/micro_ros_msgs/lib:/home/goln/JetbotRos2_ws/install/pkg_interfaces/lib:/usr/lib/x86_64-linux-gnu/gazebo-11/plugins:/opt/ros/humble/opt/rviz_ogre_vendor/lib:/opt/ros/humble/lib/x86_64-linux-gnu:/opt/ros/humble/lib'), ('HOME', '/home/goln'), ('CHROME_DESKTOP', 'antigravity.desktop'), ('DESKTOP_SESSION', 'ubuntu-xorg'), ('VSCODE_IPC_HOOK', '/run/user/1000/vscode-fd0059ab-1.10-main.sock'), ('GIO_LAUNCHED_DESKTOP_FILE', '/usr/share/applications/antigravity.desktop'), ('ROS_PYTHON_VERSION', '3'), ('GNOME_SHELL_SESSION_MODE', 'ubuntu'), ('GTK_MODULES', 'gail:atk-bridge'), ('PAGER', 'cat'), ('LC_MONETARY', 'vi_VN'), ('MANAGERPID', '1210'), ('SYSTEMD_EXEC_PID', '1770'), ('DBUS_SESSION_BUS_ADDRESS', 'unix:path=/run/user/1000/bus'), ('ANTIGRAVITY_AGENT', '1'), ('GIO_LAUNCHED_DESKTOP_FILE_PID', '2552'), ('IM_CONFIG_PHASE', '1'), ('COLCON_PREFIX_PATH', '/home/goln/microros_ws/install:/home/goln/JetbotRos2_ws/install'), ('ROS_DISTRO', 'humble'), ('GTK_IM_MODULE', 'fcitx'), ('LOGNAME', 'goln'), ('_', '/usr/bin/colcon'), ('JOURNAL_STREAM', '8:17530'), ('ROS_VERSION', '2'), ('XDG_SESSION_CLASS', 'user'), ('USERNAME', 'goln'), ('TERM', 'dumb'), ('GNOME_DESKTOP_SESSION_ID', 'this-is-deprecated'), ('FC_FONTATIONS', '1'), ('ROS_LOCALHOST_ONLY', '0'), ('WINDOWPATH', '2'), ('ANTIGRAVITY_EDITOR_APP_ROOT', '/usr/share/antigravity/resources/app'), ('PATH', '/home/goln/.local/bin:/opt/ros/humble/bin:/home/goln/.local/bin:/usr/local/sbin:/usr/local/bin:/usr/sbin:/usr/bin:/sbin:/bin:/usr/games:/usr/local/games:/snap/bin:/snap/bin'), ('SESSION_MANAGER', 'local/goln-Nitro-AN515-57:@/tmp/.ICE-unix/1688,unix/goln-Nitro-AN515-57:/tmp/.ICE-unix/1688'), ('INVOCATION_ID', 'eda6d092f97149f5a001ec23590f37b4'), ('XDG_MENU_PREFIX', 'gnome-'), ('LC_ADDRESS', 'vi_VN'), ('XDG_RUNTIME_DIR', '/run/user/1000'), ('GDK_BACKEND', 'x11'), ('DISPLAY', ':0'), ('LANG', 'en_US.UTF-8'), ('XDG_CURRENT_DESKTOP', 'ubuntu:GNOME'), ('LC_TELEPHONE', 'vi_VN'), ('XMODIFIERS', '@im=fcitx'), ('XDG_SESSION_DESKTOP', 'ubuntu-xorg'), ('XAUTHORITY', '/run/user/1000/gdm/Xauthority'), ('LS_COLORS', ''), ('SSH_AGENT_LAUNCHER', 'gnome-keyring'), ('SSH_AUTH_SOCK', '/run/user/1000/keyring/ssh'), ('AMENT_PREFIX_PATH', '/home/goln/microros_ws/install/micro_ros_setup:/home/goln/microros_ws/install/micro_ros_agent:/home/goln/microros_ws/install/micro_ros_msgs:/home/goln/JetbotRos2_ws/install/yolo_demo:/home/goln/JetbotRos2_ws/install/pkg_param:/home/goln/JetbotRos2_ws/install/pkg_action:/home/goln/JetbotRos2_ws/install/pkg_interfaces:/home/goln/JetbotRos2_ws/install/myrobot:/home/goln/JetbotRos2_ws/install/learn_launch:/opt/ros/humble'), ('SHELL', '/bin/bash'), ('LC_NAME', 'vi_VN'), ('QT_ACCESSIBILITY', '1'), ('GDMSESSION', 'ubuntu-xorg'), ('LESSCLOSE', '/usr/bin/lesspipe %s %s'), ('LC_MEASUREMENT', 'vi_VN'), ('GPG_AGENT_INFO', '/run/user/1000/gnupg/S.gpg-agent:0:1'), ('GJS_DEBUG_OUTPUT', 'stderr'), ('LC_IDENTIFICATION', 'vi_VN'), ('QT_IM_MODULE', 'fcitx'), ('ANTIGRAVITY_TRAJECTORY_ID', '82b21ade-9a5d-420a-b27f-f447ab846653'), ('PWD', '/home/goln/SimpleSysIDV/ros2_ws/build_user/avs_perception'), ('XDG_CONFIG_DIRS', '/etc/xdg/xdg-ubuntu-xorg:/etc/xdg'), ('VSCODE_CODE_CACHE_PATH', '/home/goln/.config/Antigravity/CachedData/15487b3041e65228cae24980a3f796c905ef582c'), ('CLUTTER_IM_MODULE', 'fcitx'), ('XDG_DATA_DIRS', '/usr/share/ubuntu-xorg:/usr/share/gnome:/usr/local/share/:/usr/share/:/var/lib/snapd/desktop'), ('PYTHONPATH', '/home/goln/microros_ws/install/micro_ros_msgs/local/lib/python3.10/dist-packages:/home/goln/JetbotRos2_ws/install/yolo_demo/lib/python3.10/site-packages:/home/goln/JetbotRos2_ws/install/pkg_param/lib/python3.10/site-packages:/home/goln/JetbotRos2_ws/install/pkg_action/lib/python3.10/site-packages:/home/goln/JetbotRos2_ws/install/pkg_interfaces/local/lib/python3.10/dist-packages:/home/goln/JetbotRos2_ws/install/learn_launch/lib/python3.10/site-packages:/opt/ros/humble/lib/python3.10/site-packages:/opt/ros/humble/local/lib/python3.10/dist-packages'), ('LC_NUMERIC', 'vi_VN'), ('LC_PAPER', 'vi_VN'), ('COLCON', '1'), ('CMAKE_PREFIX_PATH', '/home/goln/microros_ws/install/micro_ros_setup:/home/goln/microros_ws/install/micro_ros_agent:/home/goln/microros_ws/install/micro_ros_msgs:/home/goln/JetbotRos2_ws/install/pkg_interfaces:/home/goln/JetbotRos2_ws/install/myrobot:/home/goln/JetbotRos2_ws/install/yolo_demo:/home/goln/JetbotRos2_ws/install/pkg_param:/home/goln/JetbotRos2_ws/install/pkg_action:/home/goln/JetbotRos2_ws/install/learn_launch:/opt/ros/humble'), ('VSCODE_PID', '2552')]), 'shell': False}
[0.040773] (avs_perception) StdoutLine: {'line': b'\x1b[35m\x1b[1mConsolidate compiler generated dependencies of target control_node\x1b[0m\n'}
[0.048119] (avs_perception) StdoutLine: {'line': b'[ 16%] Built target yolo26_seg_lib\n'}
[0.050819] (avs_perception) StdoutLine: {'line': b'[ 50%] Built target ipm_transform_node\n'}
[0.051054] (avs_perception) StdoutLine: {'line': b'[ 50%] Built target video_publisher_node\n'}
[0.054622] (avs_perception) StdoutLine: {'line': b'[ 58%] \x1b[32mBuilding CXX object CMakeFiles/control_node.dir/src/control_node.cpp.o\x1b[0m\n'}
[0.069319] (avs_perception) StdoutLine: {'line': b'[ 83%] Built target video_test_node\n'}
[0.069476] (avs_perception) StdoutLine: {'line': b'[ 91%] Built target ncnn_inference_node\n'}
[0.099885] (-) TimerEvent: {}
[0.200139] (-) TimerEvent: {}
[0.300384] (-) TimerEvent: {}
[0.400665] (-) TimerEvent: {}
[0.500948] (-) TimerEvent: {}
[0.601253] (-) TimerEvent: {}
[0.701611] (-) TimerEvent: {}
[0.801895] (-) TimerEvent: {}
[0.902249] (-) TimerEvent: {}
[1.002545] (-) TimerEvent: {}
[1.102821] (-) TimerEvent: {}
[1.203167] (-) TimerEvent: {}
[1.303513] (-) TimerEvent: {}
[1.403799] (-) TimerEvent: {}
[1.504106] (-) TimerEvent: {}
[1.604499] (-) TimerEvent: {}
[1.704790] (-) TimerEvent: {}
[1.805085] (-) TimerEvent: {}
[1.905379] (-) TimerEvent: {}
[2.005637] (-) TimerEvent: {}
[2.105911] (-) TimerEvent: {}
[2.206179] (-) TimerEvent: {}
[2.306451] (-) TimerEvent: {}
[2.406734] (-) TimerEvent: {}
[2.507068] (-) TimerEvent: {}
[2.607384] (-) TimerEvent: {}
[2.707724] (-) TimerEvent: {}
[2.808001] (-) TimerEvent: {}
[2.908287] (-) TimerEvent: {}
[3.008554] (-) TimerEvent: {}
[3.108822] (-) TimerEvent: {}
[3.209127] (-) TimerEvent: {}
[3.309414] (-) TimerEvent: {}
[3.409741] (-) TimerEvent: {}
[3.510031] (-) TimerEvent: {}
[3.610343] (-) TimerEvent: {}
[3.710615] (-) TimerEvent: {}
[3.810888] (-) TimerEvent: {}
[3.911155] (-) TimerEvent: {}
[4.011500] (-) TimerEvent: {}
[4.111817] (-) TimerEvent: {}
[4.212092] (-) TimerEvent: {}
[4.312369] (-) TimerEvent: {}
[4.412658] (-) TimerEvent: {}
[4.512950] (-) TimerEvent: {}
[4.613320] (-) TimerEvent: {}
[4.713623] (-) TimerEvent: {}
[4.813911] (-) TimerEvent: {}
[4.914175] (-) TimerEvent: {}
[5.014456] (-) TimerEvent: {}
[5.114730] (-) TimerEvent: {}
[5.214997] (-) TimerEvent: {}
[5.315273] (-) TimerEvent: {}
[5.415558] (-) TimerEvent: {}
[5.515851] (-) TimerEvent: {}
[5.616113] (-) TimerEvent: {}
[5.716394] (-) TimerEvent: {}
[5.816744] (-) TimerEvent: {}
[5.917035] (-) TimerEvent: {}
[6.017417] (-) TimerEvent: {}
[6.117719] (-) TimerEvent: {}
[6.218069] (-) TimerEvent: {}
[6.318440] (-) TimerEvent: {}
[6.418823] (-) TimerEvent: {}
[6.519109] (-) TimerEvent: {}
[6.619387] (-) TimerEvent: {}
[6.719750] (-) TimerEvent: {}
[6.820041] (-) TimerEvent: {}
[6.920346] (-) TimerEvent: {}
[7.020652] (-) TimerEvent: {}
[7.120946] (-) TimerEvent: {}
[7.221248] (-) TimerEvent: {}
[7.321588] (-) TimerEvent: {}
[7.421890] (-) TimerEvent: {}
[7.522167] (-) TimerEvent: {}
[7.622399] (-) TimerEvent: {}
[7.722673] (-) TimerEvent: {}
[7.822951] (-) TimerEvent: {}
[7.923259] (-) TimerEvent: {}
[8.023525] (-) TimerEvent: {}
[8.123798] (-) TimerEvent: {}
[8.224108] (-) TimerEvent: {}
[8.324414] (-) TimerEvent: {}
[8.424764] (-) TimerEvent: {}
[8.525124] (-) TimerEvent: {}
[8.625479] (-) TimerEvent: {}
[8.725819] (-) TimerEvent: {}
[8.826137] (-) TimerEvent: {}
[8.926402] (-) TimerEvent: {}
[9.026661] (-) TimerEvent: {}
[9.127001] (-) TimerEvent: {}
[9.227308] (-) TimerEvent: {}
[9.327594] (-) TimerEvent: {}
[9.427865] (-) TimerEvent: {}
[9.528151] (-) TimerEvent: {}
[9.628512] (-) TimerEvent: {}
[9.728814] (-) TimerEvent: {}
[9.829111] (-) TimerEvent: {}
[9.929434] (-) TimerEvent: {}
[10.029724] (-) TimerEvent: {}
[10.129989] (-) TimerEvent: {}
[10.230254] (-) TimerEvent: {}
[10.330608] (-) TimerEvent: {}
[10.431000] (-) TimerEvent: {}
[10.531301] (-) TimerEvent: {}
[10.631600] (-) TimerEvent: {}
[10.731865] (-) TimerEvent: {}
[10.832124] (-) TimerEvent: {}
[10.932393] (-) TimerEvent: {}
[11.032655] (-) TimerEvent: {}
[11.132925] (-) TimerEvent: {}
[11.233242] (-) TimerEvent: {}
[11.333542] (-) TimerEvent: {}
[11.433852] (-) TimerEvent: {}
[11.534199] (-) TimerEvent: {}
[11.634503] (-) TimerEvent: {}
[11.734772] (-) TimerEvent: {}
[11.835052] (-) TimerEvent: {}
[11.935377] (-) TimerEvent: {}
[12.035654] (-) TimerEvent: {}
[12.135974] (-) TimerEvent: {}
[12.236302] (-) TimerEvent: {}
[12.336625] (-) TimerEvent: {}
[12.436936] (-) TimerEvent: {}
[12.537233] (-) TimerEvent: {}
[12.637524] (-) TimerEvent: {}
[12.737827] (-) TimerEvent: {}
[12.838190] (-) TimerEvent: {}
[12.938488] (-) TimerEvent: {}
[13.038768] (-) TimerEvent: {}
[13.139051] (-) TimerEvent: {}
[13.239337] (-) TimerEvent: {}
[13.339637] (-) TimerEvent: {}
[13.439898] (-) TimerEvent: {}
[13.540172] (-) TimerEvent: {}
[13.640455] (-) TimerEvent: {}
[13.740726] (-) TimerEvent: {}
[13.798686] (avs_perception) StdoutLine: {'line': b'[100%] \x1b[32m\x1b[1mLinking CXX executable control_node\x1b[0m\n'}
[13.840832] (-) TimerEvent: {}
[13.924206] (avs_perception) StdoutLine: {'line': b'[100%] Built target control_node\n'}
[13.932173] (avs_perception) CommandEnded: {'returncode': 0}
[13.932716] (avs_perception) JobProgress: {'identifier': 'avs_perception', 'progress': 'install'}
[13.939323] (avs_perception) Command: {'cmd': ['/usr/bin/cmake', '--install', '/home/goln/SimpleSysIDV/ros2_ws/build_user/avs_perception'], 'cwd': '/home/goln/SimpleSysIDV/ros2_ws/build_user/avs_perception', 'env': OrderedDict([('GJS_DEBUG_TOPICS', 'JS ERROR;JS LOG'), ('LESSOPEN', '| /usr/bin/lesspipe %s'), ('VSCODE_CWD', '/home/goln'), ('USER', 'goln'), ('LC_TIME', 'vi_VN'), ('VSCODE_NLS_CONFIG', '{"userLocale":"en-us","osLocale":"en-us","resolvedLanguage":"en","defaultMessagesFile":"/usr/share/antigravity/resources/app/out/nls.messages.json","locale":"en-us","availableLanguages":{}}'), ('XDG_SESSION_TYPE', 'x11'), ('SHLVL', '0'), ('LD_LIBRARY_PATH', '/home/goln/microros_ws/install/micro_ros_agent/lib:/home/goln/microros_ws/install/micro_ros_msgs/lib:/home/goln/JetbotRos2_ws/install/pkg_interfaces/lib:/usr/lib/x86_64-linux-gnu/gazebo-11/plugins:/opt/ros/humble/opt/rviz_ogre_vendor/lib:/opt/ros/humble/lib/x86_64-linux-gnu:/opt/ros/humble/lib'), ('HOME', '/home/goln'), ('CHROME_DESKTOP', 'antigravity.desktop'), ('DESKTOP_SESSION', 'ubuntu-xorg'), ('VSCODE_IPC_HOOK', '/run/user/1000/vscode-fd0059ab-1.10-main.sock'), ('GIO_LAUNCHED_DESKTOP_FILE', '/usr/share/applications/antigravity.desktop'), ('ROS_PYTHON_VERSION', '3'), ('GNOME_SHELL_SESSION_MODE', 'ubuntu'), ('GTK_MODULES', 'gail:atk-bridge'), ('PAGER', 'cat'), ('LC_MONETARY', 'vi_VN'), ('MANAGERPID', '1210'), ('SYSTEMD_EXEC_PID', '1770'), ('DBUS_SESSION_BUS_ADDRESS', 'unix:path=/run/user/1000/bus'), ('ANTIGRAVITY_AGENT', '1'), ('GIO_LAUNCHED_DESKTOP_FILE_PID', '2552'), ('IM_CONFIG_PHASE', '1'), ('COLCON_PREFIX_PATH', '/home/goln/microros_ws/install:/home/goln/JetbotRos2_ws/install'), ('ROS_DISTRO', 'humble'), ('GTK_IM_MODULE', 'fcitx'), ('LOGNAME', 'goln'), ('_', '/usr/bin/colcon'), ('JOURNAL_STREAM', '8:17530'), ('ROS_VERSION', '2'), ('XDG_SESSION_CLASS', 'user'), ('USERNAME', 'goln'), ('TERM', 'dumb'), ('GNOME_DESKTOP_SESSION_ID', 'this-is-deprecated'), ('FC_FONTATIONS', '1'), ('ROS_LOCALHOST_ONLY', '0'), ('WINDOWPATH', '2'), ('ANTIGRAVITY_EDITOR_APP_ROOT', '/usr/share/antigravity/resources/app'), ('PATH', '/home/goln/.local/bin:/opt/ros/humble/bin:/home/goln/.local/bin:/usr/local/sbin:/usr/local/bin:/usr/sbin:/usr/bin:/sbin:/bin:/usr/games:/usr/local/games:/snap/bin:/snap/bin'), ('SESSION_MANAGER', 'local/goln-Nitro-AN515-57:@/tmp/.ICE-unix/1688,unix/goln-Nitro-AN515-57:/tmp/.ICE-unix/1688'), ('INVOCATION_ID', 'eda6d092f97149f5a001ec23590f37b4'), ('XDG_MENU_PREFIX', 'gnome-'), ('LC_ADDRESS', 'vi_VN'), ('XDG_RUNTIME_DIR', '/run/user/1000'), ('GDK_BACKEND', 'x11'), ('DISPLAY', ':0'), ('LANG', 'en_US.UTF-8'), ('XDG_CURRENT_DESKTOP', 'ubuntu:GNOME'), ('LC_TELEPHONE', 'vi_VN'), ('XMODIFIERS', '@im=fcitx'), ('XDG_SESSION_DESKTOP', 'ubuntu-xorg'), ('XAUTHORITY', '/run/user/1000/gdm/Xauthority'), ('LS_COLORS', ''), ('SSH_AGENT_LAUNCHER', 'gnome-keyring'), ('SSH_AUTH_SOCK', '/run/user/1000/keyring/ssh'), ('AMENT_PREFIX_PATH', '/home/goln/microros_ws/install/micro_ros_setup:/home/goln/microros_ws/install/micro_ros_agent:/home/goln/microros_ws/install/micro_ros_msgs:/home/goln/JetbotRos2_ws/install/yolo_demo:/home/goln/JetbotRos2_ws/install/pkg_param:/home/goln/JetbotRos2_ws/install/pkg_action:/home/goln/JetbotRos2_ws/install/pkg_interfaces:/home/goln/JetbotRos2_ws/install/myrobot:/home/goln/JetbotRos2_ws/install/learn_launch:/opt/ros/humble'), ('SHELL', '/bin/bash'), ('LC_NAME', 'vi_VN'), ('QT_ACCESSIBILITY', '1'), ('GDMSESSION', 'ubuntu-xorg'), ('LESSCLOSE', '/usr/bin/lesspipe %s %s'), ('LC_MEASUREMENT', 'vi_VN'), ('GPG_AGENT_INFO', '/run/user/1000/gnupg/S.gpg-agent:0:1'), ('GJS_DEBUG_OUTPUT', 'stderr'), ('LC_IDENTIFICATION', 'vi_VN'), ('QT_IM_MODULE', 'fcitx'), ('ANTIGRAVITY_TRAJECTORY_ID', '82b21ade-9a5d-420a-b27f-f447ab846653'), ('PWD', '/home/goln/SimpleSysIDV/ros2_ws/build_user/avs_perception'), ('XDG_CONFIG_DIRS', '/etc/xdg/xdg-ubuntu-xorg:/etc/xdg'), ('VSCODE_CODE_CACHE_PATH', '/home/goln/.config/Antigravity/CachedData/15487b3041e65228cae24980a3f796c905ef582c'), ('CLUTTER_IM_MODULE', 'fcitx'), ('XDG_DATA_DIRS', '/usr/share/ubuntu-xorg:/usr/share/gnome:/usr/local/share/:/usr/share/:/var/lib/snapd/desktop'), ('PYTHONPATH', '/home/goln/microros_ws/install/micro_ros_msgs/local/lib/python3.10/dist-packages:/home/goln/JetbotRos2_ws/install/yolo_demo/lib/python3.10/site-packages:/home/goln/JetbotRos2_ws/install/pkg_param/lib/python3.10/site-packages:/home/goln/JetbotRos2_ws/install/pkg_action/lib/python3.10/site-packages:/home/goln/JetbotRos2_ws/install/pkg_interfaces/local/lib/python3.10/dist-packages:/home/goln/JetbotRos2_ws/install/learn_launch/lib/python3.10/site-packages:/opt/ros/humble/lib/python3.10/site-packages:/opt/ros/humble/local/lib/python3.10/dist-packages'), ('LC_NUMERIC', 'vi_VN'), ('LC_PAPER', 'vi_VN'), ('COLCON', '1'), ('CMAKE_PREFIX_PATH', '/home/goln/microros_ws/install/micro_ros_setup:/home/goln/microros_ws/install/micro_ros_agent:/home/goln/microros_ws/install/micro_ros_msgs:/home/goln/JetbotRos2_ws/install/pkg_interfaces:/home/goln/JetbotRos2_ws/install/myrobot:/home/goln/JetbotRos2_ws/install/yolo_demo:/home/goln/JetbotRos2_ws/install/pkg_param:/home/goln/JetbotRos2_ws/install/pkg_action:/home/goln/JetbotRos2_ws/install/learn_launch:/opt/ros/humble'), ('VSCODE_PID', '2552')]), 'shell': False}
[13.940896] (-) TimerEvent: {}
[13.945395] (avs_perception) StdoutLine: {'line': b'-- Install configuration: "Release"\n'}
[13.945656] (avs_perception) StdoutLine: {'line': b'-- Execute custom install script\n'}
[13.945843] (avs_perception) StdoutLine: {'line': b'-- Up-to-date symlink: /home/goln/SimpleSysIDV/ros2_ws/install_user/avs_perception/lib/avs_perception/libyolo26_seg_lib.a\n'}
[13.945967] (avs_perception) StdoutLine: {'line': b'-- Up-to-date symlink: /home/goln/SimpleSysIDV/ros2_ws/install_user/avs_perception/lib/avs_perception/ncnn_inference_node\n'}
[13.946028] (avs_perception) StdoutLine: {'line': b'-- Up-to-date symlink: /home/goln/SimpleSysIDV/ros2_ws/install_user/avs_perception/lib/avs_perception/video_test_node\n'}
[13.946094] (avs_perception) StdoutLine: {'line': b'-- Up-to-date symlink: /home/goln/SimpleSysIDV/ros2_ws/install_user/avs_perception/lib/avs_perception/video_publisher_node\n'}
[13.946169] (avs_perception) StdoutLine: {'line': b'-- Up-to-date symlink: /home/goln/SimpleSysIDV/ros2_ws/install_user/avs_perception/lib/avs_perception/ipm_transform_node\n'}
[13.946248] (avs_perception) StdoutLine: {'line': b'-- Up-to-date symlink: /home/goln/SimpleSysIDV/ros2_ws/install_user/avs_perception/lib/avs_perception/control_node\n'}
[13.946468] (avs_perception) StdoutLine: {'line': b'-- Up-to-date symlink: /home/goln/SimpleSysIDV/ros2_ws/install_user/avs_perception/share/avs_perception/launch/perception.launch.py\n'}
[13.946556] (avs_perception) StdoutLine: {'line': b'-- Up-to-date symlink: /home/goln/SimpleSysIDV/ros2_ws/install_user/avs_perception/share/ament_index/resource_index/package_run_dependencies/avs_perception\n'}
[13.946652] (avs_perception) StdoutLine: {'line': b'-- Up-to-date symlink: /home/goln/SimpleSysIDV/ros2_ws/install_user/avs_perception/share/ament_index/resource_index/parent_prefix_path/avs_perception\n'}
[13.946788] (avs_perception) StdoutLine: {'line': b'-- Up-to-date symlink: /home/goln/SimpleSysIDV/ros2_ws/install_user/avs_perception/share/avs_perception/environment/ament_prefix_path.sh\n'}
[13.946929] (avs_perception) StdoutLine: {'line': b'-- Up-to-date symlink: /home/goln/SimpleSysIDV/ros2_ws/install_user/avs_perception/share/avs_perception/environment/ament_prefix_path.dsv\n'}
[13.947083] (avs_perception) StdoutLine: {'line': b'-- Up-to-date symlink: /home/goln/SimpleSysIDV/ros2_ws/install_user/avs_perception/share/avs_perception/environment/path.sh\n'}
[13.947257] (avs_perception) StdoutLine: {'line': b'-- Up-to-date symlink: /home/goln/SimpleSysIDV/ros2_ws/install_user/avs_perception/share/avs_perception/environment/path.dsv\n'}
[13.947393] (avs_perception) StdoutLine: {'line': b'-- Up-to-date symlink: /home/goln/SimpleSysIDV/ros2_ws/install_user/avs_perception/share/avs_perception/local_setup.bash\n'}
[13.947513] (avs_perception) StdoutLine: {'line': b'-- Up-to-date symlink: /home/goln/SimpleSysIDV/ros2_ws/install_user/avs_perception/share/avs_perception/local_setup.sh\n'}
[13.947637] (avs_perception) StdoutLine: {'line': b'-- Up-to-date symlink: /home/goln/SimpleSysIDV/ros2_ws/install_user/avs_perception/share/avs_perception/local_setup.zsh\n'}
[13.947777] (avs_perception) StdoutLine: {'line': b'-- Up-to-date symlink: /home/goln/SimpleSysIDV/ros2_ws/install_user/avs_perception/share/avs_perception/local_setup.dsv\n'}
[13.947878] (avs_perception) StdoutLine: {'line': b'-- Symlinking: /home/goln/SimpleSysIDV/ros2_ws/install_user/avs_perception/share/avs_perception/package.dsv\n'}
[13.955419] (avs_perception) StdoutLine: {'line': b'-- Up-to-date symlink: /home/goln/SimpleSysIDV/ros2_ws/install_user/avs_perception/share/ament_index/resource_index/packages/avs_perception\n'}
[13.955596] (avs_perception) StdoutLine: {'line': b'-- Up-to-date symlink: /home/goln/SimpleSysIDV/ros2_ws/install_user/avs_perception/share/avs_perception/cmake/avs_perceptionConfig.cmake\n'}
[13.955636] (avs_perception) StdoutLine: {'line': b'-- Up-to-date symlink: /home/goln/SimpleSysIDV/ros2_ws/install_user/avs_perception/share/avs_perception/cmake/avs_perceptionConfig-version.cmake\n'}
[13.955670] (avs_perception) StdoutLine: {'line': b'-- Up-to-date symlink: /home/goln/SimpleSysIDV/ros2_ws/install_user/avs_perception/share/avs_perception/package.xml\n'}
[13.957020] (avs_perception) CommandEnded: {'returncode': 0}
[13.969695] (avs_perception) JobEnded: {'identifier': 'avs_perception', 'rc': 0}
[13.970163] (-) EventReactorShutdown: {}
