[0.009s] Invoking command in '/home/goln/SimpleSysIDV/ros2_ws/build/avs_perception': CMAKE_PREFIX_PATH=${CMAKE_PREFIX_PATH}:/home/goln/JetbotRos2_ws/install/yolo_demo:/home/goln/JetbotRos2_ws/install/pkg_param:/home/goln/JetbotRos2_ws/install/pkg_action:/home/goln/JetbotRos2_ws/install/learn_launch:/opt/ros/humble /usr/bin/cmake --build /home/goln/SimpleSysIDV/ros2_ws/build/avs_perception -- -j12 -l12
[0.039s] [35m[1mConsolidate compiler generated dependencies of target yolo26_seg_lib[0m
[0.049s] [ 33%] Built target yolo26_seg_lib
[0.057s] [35m[1mConsolidate compiler generated dependencies of target video_test_node[0m
[0.057s] [35m[1mConsolidate compiler generated dependencies of target ncnn_inference_node[0m
[0.070s] [ 50%] [32mBuilding CXX object CMakeFiles/ncnn_inference_node.dir/src/ncnn_inference_node.cpp.o[0m
[0.071s] [ 66%] [32mBuilding CXX object CMakeFiles/video_test_node.dir/src/video_test_node.cpp.o[0m
[3.011s] [ 83%] [32m[1mLinking CXX executable video_test_node[0m
[3.363s] [ 83%] Built target video_test_node
[6.939s] [100%] [32m[1mLinking CXX executable ncnn_inference_node[0m
[7.474s] [100%] Built target ncnn_inference_node
[7.482s] Invoked command in '/home/goln/SimpleSysIDV/ros2_ws/build/avs_perception' returned '0': CMAKE_PREFIX_PATH=${CMAKE_PREFIX_PATH}:/home/goln/JetbotRos2_ws/install/yolo_demo:/home/goln/JetbotRos2_ws/install/pkg_param:/home/goln/JetbotRos2_ws/install/pkg_action:/home/goln/JetbotRos2_ws/install/learn_launch:/opt/ros/humble /usr/bin/cmake --build /home/goln/SimpleSysIDV/ros2_ws/build/avs_perception -- -j12 -l12
[7.490s] Invoking command in '/home/goln/SimpleSysIDV/ros2_ws/build/avs_perception': CMAKE_PREFIX_PATH=${CMAKE_PREFIX_PATH}:/home/goln/JetbotRos2_ws/install/yolo_demo:/home/goln/JetbotRos2_ws/install/pkg_param:/home/goln/JetbotRos2_ws/install/pkg_action:/home/goln/JetbotRos2_ws/install/learn_launch:/opt/ros/humble /usr/bin/cmake --install /home/goln/SimpleSysIDV/ros2_ws/build/avs_perception
[7.495s] -- Install configuration: ""
[7.495s] -- Execute custom install script
[7.496s] -- Up-to-date symlink: /home/goln/SimpleSysIDV/ros2_ws/install/avs_perception/lib/avs_perception/libyolo26_seg_lib.a
[7.496s] -- Up-to-date symlink: /home/goln/SimpleSysIDV/ros2_ws/install/avs_perception/lib/avs_perception/ncnn_inference_node
[7.496s] -- Up-to-date symlink: /home/goln/SimpleSysIDV/ros2_ws/install/avs_perception/lib/avs_perception/video_test_node
[7.496s] -- Up-to-date symlink: /home/goln/SimpleSysIDV/ros2_ws/install/avs_perception/share/avs_perception/launch/perception.launch.py
[7.496s] -- Up-to-date symlink: /home/goln/SimpleSysIDV/ros2_ws/install/avs_perception/share/ament_index/resource_index/package_run_dependencies/avs_perception
[7.496s] -- Up-to-date symlink: /home/goln/SimpleSysIDV/ros2_ws/install/avs_perception/share/ament_index/resource_index/parent_prefix_path/avs_perception
[7.496s] -- Up-to-date symlink: /home/goln/SimpleSysIDV/ros2_ws/install/avs_perception/share/avs_perception/environment/ament_prefix_path.sh
[7.496s] -- Up-to-date symlink: /home/goln/SimpleSysIDV/ros2_ws/install/avs_perception/share/avs_perception/environment/ament_prefix_path.dsv
[7.496s] -- Up-to-date symlink: /home/goln/SimpleSysIDV/ros2_ws/install/avs_perception/share/avs_perception/environment/path.sh
[7.496s] -- Up-to-date symlink: /home/goln/SimpleSysIDV/ros2_ws/install/avs_perception/share/avs_perception/environment/path.dsv
[7.497s] -- Up-to-date symlink: /home/goln/SimpleSysIDV/ros2_ws/install/avs_perception/share/avs_perception/local_setup.bash
[7.497s] -- Up-to-date symlink: /home/goln/SimpleSysIDV/ros2_ws/install/avs_perception/share/avs_perception/local_setup.sh
[7.497s] -- Up-to-date symlink: /home/goln/SimpleSysIDV/ros2_ws/install/avs_perception/share/avs_perception/local_setup.zsh
[7.497s] -- Up-to-date symlink: /home/goln/SimpleSysIDV/ros2_ws/install/avs_perception/share/avs_perception/local_setup.dsv
[7.497s] -- Symlinking: /home/goln/SimpleSysIDV/ros2_ws/install/avs_perception/share/avs_perception/package.dsv
[7.504s] -- Up-to-date symlink: /home/goln/SimpleSysIDV/ros2_ws/install/avs_perception/share/ament_index/resource_index/packages/avs_perception
[7.504s] -- Up-to-date symlink: /home/goln/SimpleSysIDV/ros2_ws/install/avs_perception/share/avs_perception/cmake/avs_perceptionConfig.cmake
[7.504s] -- Up-to-date symlink: /home/goln/SimpleSysIDV/ros2_ws/install/avs_perception/share/avs_perception/cmake/avs_perceptionConfig-version.cmake
[7.504s] -- Up-to-date symlink: /home/goln/SimpleSysIDV/ros2_ws/install/avs_perception/share/avs_perception/package.xml
[7.505s] Invoked command in '/home/goln/SimpleSysIDV/ros2_ws/build/avs_perception' returned '0': CMAKE_PREFIX_PATH=${CMAKE_PREFIX_PATH}:/home/goln/JetbotRos2_ws/install/yolo_demo:/home/goln/JetbotRos2_ws/install/pkg_param:/home/goln/JetbotRos2_ws/install/pkg_action:/home/goln/JetbotRos2_ws/install/learn_launch:/opt/ros/humble /usr/bin/cmake --install /home/goln/SimpleSysIDV/ros2_ws/build/avs_perception
