[0.010s] Invoking command in '/home/goln/SimpleSysIDV/ros2_ws/build/avs_perception': CMAKE_PREFIX_PATH=${CMAKE_PREFIX_PATH}:/home/goln/JetbotRos2_ws/install/yolo_demo:/home/goln/JetbotRos2_ws/install/pkg_param:/home/goln/JetbotRos2_ws/install/pkg_action:/home/goln/JetbotRos2_ws/install/learn_launch:/opt/ros/humble /usr/bin/cmake --build /home/goln/SimpleSysIDV/ros2_ws/build/avs_perception -- -j12 -l12
[0.027s] -- Found ament_cmake: 1.3.14 (/opt/ros/humble/share/ament_cmake/cmake)
[0.115s] -- Override CMake install command with custom implementation using symlinks instead of copying resources
[0.119s] -- Found rclcpp: 16.0.19 (/opt/ros/humble/share/rclcpp/cmake)
[0.138s] -- Found rosidl_generator_c: 3.1.8 (/opt/ros/humble/share/rosidl_generator_c/cmake)
[0.139s] -- Found rosidl_adapter: 3.1.8 (/opt/ros/humble/share/rosidl_adapter/cmake)
[0.143s] -- Found rosidl_generator_cpp: 3.1.8 (/opt/ros/humble/share/rosidl_generator_cpp/cmake)
[0.150s] -- Using all available rosidl_typesupport_c: rosidl_typesupport_fastrtps_c;rosidl_typesupport_introspection_c
[0.158s] -- Using all available rosidl_typesupport_cpp: rosidl_typesupport_fastrtps_cpp;rosidl_typesupport_introspection_cpp
[0.178s] -- Found rmw_implementation_cmake: 6.1.2 (/opt/ros/humble/share/rmw_implementation_cmake/cmake)
[0.179s] -- Found rmw_fastrtps_cpp: 6.2.10 (/opt/ros/humble/share/rmw_fastrtps_cpp/cmake)
[0.254s] -- Using RMW implementation 'rmw_fastrtps_cpp' as default
[0.285s] -- Found sensor_msgs: 4.9.1 (/opt/ros/humble/share/sensor_msgs/cmake)
[0.304s] -- Found cv_bridge: 3.2.1 (/opt/ros/humble/share/cv_bridge/cmake)
[0.310s] -- Found image_transport: 3.1.12 (/opt/ros/humble/share/image_transport/cmake)
[0.331s] -- Found ncnn: 20260605
[0.380s] -- Configuring done
[0.393s] -- Generating done
[0.398s] -- Build files have been written to: /home/goln/SimpleSysIDV/ros2_ws/build/avs_perception
[0.427s] [ 16%] [32mBuilding CXX object CMakeFiles/yolo26_seg_lib.dir/src/yolo26_seg.cpp.o[0m
[1.222s] /home/goln/SimpleSysIDV/ros2_ws/src/avs_perception/src/yolo26_seg.cpp: In constructor ‘YOLO26Seg::YOLO26Seg()’:
[1.222s] /home/goln/SimpleSysIDV/ros2_ws/src/avs_perception/src/yolo26_seg.cpp:13:13: error: ‘class ncnn::Option’ has no member named ‘use_shader_pack8’
[1.222s]    13 |     net.opt.use_shader_pack8 = false;
[1.222s]       |             ^~~~~~~~~~~~~~~~
[1.223s] /home/goln/SimpleSysIDV/ros2_ws/src/avs_perception/src/yolo26_seg.cpp: In member function ‘int YOLO26Seg::detect(const cv::Mat&, std::vector<Object>&, float, float)’:
[1.223s] /home/goln/SimpleSysIDV/ros2_ws/src/avs_perception/src/yolo26_seg.cpp:45:8: error: ‘class ncnn::Extractor’ has no member named ‘set_num_threads’
[1.223s]    45 |     ex.set_num_threads(4);
[1.223s]       |        ^~~~~~~~~~~~~~~
[1.542s] gmake[2]: *** [CMakeFiles/yolo26_seg_lib.dir/build.make:76: CMakeFiles/yolo26_seg_lib.dir/src/yolo26_seg.cpp.o] Error 1
[1.542s] gmake[1]: *** [CMakeFiles/Makefile2:141: CMakeFiles/yolo26_seg_lib.dir/all] Error 2
[1.542s] gmake: *** [Makefile:146: all] Error 2
[1.544s] Invoked command in '/home/goln/SimpleSysIDV/ros2_ws/build/avs_perception' returned '2': CMAKE_PREFIX_PATH=${CMAKE_PREFIX_PATH}:/home/goln/JetbotRos2_ws/install/yolo_demo:/home/goln/JetbotRos2_ws/install/pkg_param:/home/goln/JetbotRos2_ws/install/pkg_action:/home/goln/JetbotRos2_ws/install/learn_launch:/opt/ros/humble /usr/bin/cmake --build /home/goln/SimpleSysIDV/ros2_ws/build/avs_perception -- -j12 -l12
