[0.000000] (-) TimerEvent: {}
[0.000213] (avs_perception) JobQueued: {'identifier': 'avs_perception', 'dependencies': OrderedDict()}
[0.000397] (avs_perception) JobStarted: {'identifier': 'avs_perception'}
[0.008816] (avs_perception) JobProgress: {'identifier': 'avs_perception', 'progress': 'cmake'}
[0.010049] (avs_perception) JobProgress: {'identifier': 'avs_perception', 'progress': 'build'}
[0.010543] (avs_perception) Command: {'cmd': ['/usr/bin/cmake', '--build', '/home/goln/SimpleSysIDV/ros2_ws/build_user/avs_perception', '--', '-j12', '-l12'], 'cwd': '/home/goln/SimpleSysIDV/ros2_ws/build_user/avs_perception', 'env': OrderedDict([('GJS_DEBUG_TOPICS', 'JS ERROR;JS LOG'), ('LESSOPEN', '| /usr/bin/lesspipe %s'), ('VSCODE_CWD', '/home/goln'), ('USER', 'goln'), ('LC_TIME', 'vi_VN'), ('VSCODE_NLS_CONFIG', '{"userLocale":"en-us","osLocale":"en-us","resolvedLanguage":"en","defaultMessagesFile":"/usr/share/antigravity/resources/app/out/nls.messages.json","locale":"en-us","availableLanguages":{}}'), ('XDG_SESSION_TYPE', 'x11'), ('SHLVL', '0'), ('LD_LIBRARY_PATH', '/home/goln/microros_ws/install/micro_ros_agent/lib:/home/goln/microros_ws/install/micro_ros_msgs/lib:/home/goln/JetbotRos2_ws/install/pkg_interfaces/lib:/usr/lib/x86_64-linux-gnu/gazebo-11/plugins:/opt/ros/humble/opt/rviz_ogre_vendor/lib:/opt/ros/humble/lib/x86_64-linux-gnu:/opt/ros/humble/lib'), ('HOME', '/home/goln'), ('CHROME_DESKTOP', 'antigravity.desktop'), ('DESKTOP_SESSION', 'ubuntu-xorg'), ('VSCODE_IPC_HOOK', '/run/user/1000/vscode-fd0059ab-1.10-main.sock'), ('GIO_LAUNCHED_DESKTOP_FILE', '/usr/share/applications/antigravity.desktop'), ('ROS_PYTHON_VERSION', '3'), ('GNOME_SHELL_SESSION_MODE', 'ubuntu'), ('GTK_MODULES', 'gail:atk-bridge'), ('PAGER', 'cat'), ('LC_MONETARY', 'vi_VN'), ('MANAGERPID', '1186'), ('SYSTEMD_EXEC_PID', '1614'), ('DBUS_SESSION_BUS_ADDRESS', 'unix:path=/run/user/1000/bus'), ('ANTIGRAVITY_AGENT', '1'), ('GIO_LAUNCHED_DESKTOP_FILE_PID', '3280'), ('IM_CONFIG_PHASE', '1'), ('COLCON_PREFIX_PATH', '/home/goln/microros_ws/install:/home/goln/JetbotRos2_ws/install'), ('ROS_DISTRO', 'humble'), ('GTK_IM_MODULE', 'fcitx'), ('LOGNAME', 'goln'), ('_', '/usr/bin/colcon'), ('JOURNAL_STREAM', '8:6129'), ('ROS_VERSION', '2'), ('XDG_SESSION_CLASS', 'user'), ('USERNAME', 'goln'), ('TERM', 'dumb'), ('GNOME_DESKTOP_SESSION_ID', 'this-is-deprecated'), ('FC_FONTATIONS', '1'), ('ROS_LOCALHOST_ONLY', '0'), ('WINDOWPATH', '2'), ('ANTIGRAVITY_EDITOR_APP_ROOT', '/usr/share/antigravity/resources/app'), ('PATH', '/home/goln/.local/bin:/opt/ros/humble/bin:/home/goln/.local/bin:/usr/local/sbin:/usr/local/bin:/usr/sbin:/usr/bin:/sbin:/bin:/usr/games:/usr/local/games:/snap/bin:/snap/bin'), ('SESSION_MANAGER', 'local/goln-Nitro-AN515-57:@/tmp/.ICE-unix/1579,unix/goln-Nitro-AN515-57:/tmp/.ICE-unix/1579'), ('INVOCATION_ID', '6392b5cff2f144cb8eceb29f01c334aa'), ('XDG_MENU_PREFIX', 'gnome-'), ('LC_ADDRESS', 'vi_VN'), ('XDG_RUNTIME_DIR', '/run/user/1000'), ('GDK_BACKEND', 'x11'), ('DISPLAY', ':0'), ('LANG', 'en_US.UTF-8'), ('XDG_CURRENT_DESKTOP', 'ubuntu:GNOME'), ('LC_TELEPHONE', 'vi_VN'), ('XMODIFIERS', '@im=fcitx'), ('XDG_SESSION_DESKTOP', 'ubuntu-xorg'), ('XAUTHORITY', '/run/user/1000/gdm/Xauthority'), ('LS_COLORS', ''), ('SSH_AGENT_LAUNCHER', 'gnome-keyring'), ('SSH_AUTH_SOCK', '/run/user/1000/keyring/ssh'), ('AMENT_PREFIX_PATH', '/home/goln/microros_ws/install/micro_ros_setup:/home/goln/microros_ws/install/micro_ros_agent:/home/goln/microros_ws/install/micro_ros_msgs:/home/goln/JetbotRos2_ws/install/yolo_demo:/home/goln/JetbotRos2_ws/install/pkg_param:/home/goln/JetbotRos2_ws/install/pkg_action:/home/goln/JetbotRos2_ws/install/pkg_interfaces:/home/goln/JetbotRos2_ws/install/myrobot:/home/goln/JetbotRos2_ws/install/learn_launch:/opt/ros/humble'), ('SHELL', '/bin/bash'), ('LC_NAME', 'vi_VN'), ('QT_ACCESSIBILITY', '1'), ('GDMSESSION', 'ubuntu-xorg'), ('LESSCLOSE', '/usr/bin/lesspipe %s %s'), ('LC_MEASUREMENT', 'vi_VN'), ('GPG_AGENT_INFO', '/run/user/1000/gnupg/S.gpg-agent:0:1'), ('GJS_DEBUG_OUTPUT', 'stderr'), ('LC_IDENTIFICATION', 'vi_VN'), ('QT_IM_MODULE', 'fcitx'), ('ANTIGRAVITY_TRAJECTORY_ID', '22b3ce62-c61e-457e-9ffc-a0bf14bce327'), ('PWD', '/home/goln/SimpleSysIDV/ros2_ws/build_user/avs_perception'), ('XDG_CONFIG_DIRS', '/etc/xdg/xdg-ubuntu-xorg:/etc/xdg'), ('VSCODE_CODE_CACHE_PATH', '/home/goln/.config/Antigravity/CachedData/15487b3041e65228cae24980a3f796c905ef582c'), ('CLUTTER_IM_MODULE', 'fcitx'), ('XDG_DATA_DIRS', '/usr/share/ubuntu-xorg:/usr/share/gnome:/usr/local/share/:/usr/share/:/var/lib/snapd/desktop'), ('PYTHONPATH', '/home/goln/microros_ws/install/micro_ros_msgs/local/lib/python3.10/dist-packages:/home/goln/JetbotRos2_ws/install/yolo_demo/lib/python3.10/site-packages:/home/goln/JetbotRos2_ws/install/pkg_param/lib/python3.10/site-packages:/home/goln/JetbotRos2_ws/install/pkg_action/lib/python3.10/site-packages:/home/goln/JetbotRos2_ws/install/pkg_interfaces/local/lib/python3.10/dist-packages:/home/goln/JetbotRos2_ws/install/learn_launch/lib/python3.10/site-packages:/opt/ros/humble/lib/python3.10/site-packages:/opt/ros/humble/local/lib/python3.10/dist-packages'), ('LC_NUMERIC', 'vi_VN'), ('LC_PAPER', 'vi_VN'), ('COLCON', '1'), ('CMAKE_PREFIX_PATH', '/home/goln/microros_ws/install/micro_ros_setup:/home/goln/microros_ws/install/micro_ros_agent:/home/goln/microros_ws/install/micro_ros_msgs:/home/goln/JetbotRos2_ws/install/pkg_interfaces:/home/goln/JetbotRos2_ws/install/myrobot:/home/goln/JetbotRos2_ws/install/yolo_demo:/home/goln/JetbotRos2_ws/install/pkg_param:/home/goln/JetbotRos2_ws/install/pkg_action:/home/goln/JetbotRos2_ws/install/learn_launch:/opt/ros/humble'), ('VSCODE_PID', '3280')]), 'shell': False}
[0.058011] (avs_perception) StdoutLine: {'line': b'\x1b[35m\x1b[1mConsolidate compiler generated dependencies of target control_node\x1b[0m\n'}
[0.066359] (avs_perception) StdoutLine: {'line': b'[ 16%] Built target yolo26_seg_lib\n'}
[0.067894] (avs_perception) StdoutLine: {'line': b'[ 33%] Built target video_publisher_node\n'}
[0.068577] (avs_perception) StdoutLine: {'line': b'[ 50%] Built target ipm_transform_node\n'}
[0.070093] (avs_perception) StdoutLine: {'line': b'[ 58%] \x1b[32mBuilding CXX object CMakeFiles/control_node.dir/src/control_node.cpp.o\x1b[0m\n'}
[0.090301] (avs_perception) StdoutLine: {'line': b'[ 83%] Built target ncnn_inference_node\n'}
[0.090493] (avs_perception) StdoutLine: {'line': b'[ 91%] Built target video_test_node\n'}
[0.099867] (-) TimerEvent: {}
[0.200123] (-) TimerEvent: {}
[0.300408] (-) TimerEvent: {}
[0.400712] (-) TimerEvent: {}
[0.500997] (-) TimerEvent: {}
[0.601275] (-) TimerEvent: {}
[0.701537] (-) TimerEvent: {}
[0.801813] (-) TimerEvent: {}
[0.902156] (-) TimerEvent: {}
[1.002446] (-) TimerEvent: {}
[1.102749] (-) TimerEvent: {}
[1.203051] (-) TimerEvent: {}
[1.303339] (-) TimerEvent: {}
[1.403648] (-) TimerEvent: {}
[1.503966] (-) TimerEvent: {}
[1.604343] (-) TimerEvent: {}
[1.704688] (-) TimerEvent: {}
[1.805025] (-) TimerEvent: {}
[1.905354] (-) TimerEvent: {}
[2.005666] (-) TimerEvent: {}
[2.106000] (-) TimerEvent: {}
[2.206376] (-) TimerEvent: {}
[2.306678] (-) TimerEvent: {}
[2.406976] (-) TimerEvent: {}
[2.507306] (-) TimerEvent: {}
[2.608214] (-) TimerEvent: {}
[2.708541] (-) TimerEvent: {}
[2.808847] (-) TimerEvent: {}
[2.909180] (-) TimerEvent: {}
[3.009569] (-) TimerEvent: {}
[3.109884] (-) TimerEvent: {}
[3.210205] (-) TimerEvent: {}
[3.310543] (-) TimerEvent: {}
[3.410834] (-) TimerEvent: {}
[3.511118] (-) TimerEvent: {}
[3.611397] (-) TimerEvent: {}
[3.711749] (-) TimerEvent: {}
[3.812104] (-) TimerEvent: {}
[3.912377] (-) TimerEvent: {}
[4.012692] (-) TimerEvent: {}
[4.112984] (-) TimerEvent: {}
[4.213286] (-) TimerEvent: {}
[4.313552] (-) TimerEvent: {}
[4.413850] (-) TimerEvent: {}
[4.514109] (-) TimerEvent: {}
[4.614390] (-) TimerEvent: {}
[4.714682] (-) TimerEvent: {}
[4.815018] (-) TimerEvent: {}
[4.915305] (-) TimerEvent: {}
[5.015617] (-) TimerEvent: {}
[5.115909] (-) TimerEvent: {}
[5.216190] (-) TimerEvent: {}
[5.316922] (-) TimerEvent: {}
[5.419505] (-) TimerEvent: {}
[5.519998] (-) TimerEvent: {}
[5.620354] (-) TimerEvent: {}
[5.720647] (-) TimerEvent: {}
[5.820939] (-) TimerEvent: {}
[5.921231] (-) TimerEvent: {}
[6.021540] (-) TimerEvent: {}
[6.121841] (-) TimerEvent: {}
[6.222117] (-) TimerEvent: {}
[6.322431] (-) TimerEvent: {}
[6.422754] (-) TimerEvent: {}
[6.523028] (-) TimerEvent: {}
[6.623321] (-) TimerEvent: {}
[6.723633] (-) TimerEvent: {}
[6.823909] (-) TimerEvent: {}
[6.924195] (-) TimerEvent: {}
[7.024508] (-) TimerEvent: {}
[7.124844] (-) TimerEvent: {}
[7.225143] (-) TimerEvent: {}
[7.325431] (-) TimerEvent: {}
[7.425830] (-) TimerEvent: {}
[7.526130] (-) TimerEvent: {}
[7.626421] (-) TimerEvent: {}
[7.726761] (-) TimerEvent: {}
[7.827211] (-) TimerEvent: {}
[7.927509] (-) TimerEvent: {}
[8.027804] (-) TimerEvent: {}
[8.128215] (-) TimerEvent: {}
[8.228612] (-) TimerEvent: {}
[8.329086] (-) TimerEvent: {}
[8.429413] (-) TimerEvent: {}
[8.529725] (-) TimerEvent: {}
[8.630055] (-) TimerEvent: {}
[8.730310] (-) TimerEvent: {}
[8.830641] (-) TimerEvent: {}
[8.930947] (-) TimerEvent: {}
[9.031258] (-) TimerEvent: {}
[9.131594] (-) TimerEvent: {}
[9.231923] (-) TimerEvent: {}
[9.332221] (-) TimerEvent: {}
[9.432492] (-) TimerEvent: {}
[9.532770] (-) TimerEvent: {}
[9.633126] (-) TimerEvent: {}
[9.733453] (-) TimerEvent: {}
[9.833722] (-) TimerEvent: {}
[9.934025] (-) TimerEvent: {}
[10.034358] (-) TimerEvent: {}
[10.134765] (-) TimerEvent: {}
[10.235114] (-) TimerEvent: {}
[10.335457] (-) TimerEvent: {}
[10.435771] (-) TimerEvent: {}
[10.536059] (-) TimerEvent: {}
[10.636333] (-) TimerEvent: {}
[10.736581] (-) TimerEvent: {}
[10.836890] (-) TimerEvent: {}
[10.937168] (-) TimerEvent: {}
[11.037450] (-) TimerEvent: {}
[11.137758] (-) TimerEvent: {}
[11.238069] (-) TimerEvent: {}
[11.338385] (-) TimerEvent: {}
[11.438685] (-) TimerEvent: {}
[11.538977] (-) TimerEvent: {}
[11.639277] (-) TimerEvent: {}
[11.739579] (-) TimerEvent: {}
[11.839927] (-) TimerEvent: {}
[11.940311] (-) TimerEvent: {}
[12.040667] (-) TimerEvent: {}
[12.141041] (-) TimerEvent: {}
[12.241421] (-) TimerEvent: {}
[12.341808] (-) TimerEvent: {}
[12.442130] (-) TimerEvent: {}
[12.542450] (-) TimerEvent: {}
[12.642728] (-) TimerEvent: {}
[12.743024] (-) TimerEvent: {}
[12.843359] (-) TimerEvent: {}
[12.943646] (-) TimerEvent: {}
[13.043953] (-) TimerEvent: {}
[13.144286] (-) TimerEvent: {}
[13.244638] (-) TimerEvent: {}
[13.344960] (-) TimerEvent: {}
[13.445262] (-) TimerEvent: {}
[13.545540] (-) TimerEvent: {}
[13.645805] (-) TimerEvent: {}
[13.746085] (-) TimerEvent: {}
[13.846457] (-) TimerEvent: {}
[13.946806] (-) TimerEvent: {}
[14.047098] (-) TimerEvent: {}
[14.147393] (-) TimerEvent: {}
[14.247707] (-) TimerEvent: {}
[14.338731] (avs_perception) StdoutLine: {'line': b'[100%] \x1b[32m\x1b[1mLinking CXX executable control_node\x1b[0m\n'}
[14.347812] (-) TimerEvent: {}
[14.448093] (-) TimerEvent: {}
[14.535906] (avs_perception) StdoutLine: {'line': b'[100%] Built target control_node\n'}
[14.545944] (avs_perception) CommandEnded: {'returncode': 0}
[14.546765] (avs_perception) JobProgress: {'identifier': 'avs_perception', 'progress': 'install'}
[14.548146] (-) TimerEvent: {}
[14.554506] (avs_perception) Command: {'cmd': ['/usr/bin/cmake', '--install', '/home/goln/SimpleSysIDV/ros2_ws/build_user/avs_perception'], 'cwd': '/home/goln/SimpleSysIDV/ros2_ws/build_user/avs_perception', 'env': OrderedDict([('GJS_DEBUG_TOPICS', 'JS ERROR;JS LOG'), ('LESSOPEN', '| /usr/bin/lesspipe %s'), ('VSCODE_CWD', '/home/goln'), ('USER', 'goln'), ('LC_TIME', 'vi_VN'), ('VSCODE_NLS_CONFIG', '{"userLocale":"en-us","osLocale":"en-us","resolvedLanguage":"en","defaultMessagesFile":"/usr/share/antigravity/resources/app/out/nls.messages.json","locale":"en-us","availableLanguages":{}}'), ('XDG_SESSION_TYPE', 'x11'), ('SHLVL', '0'), ('LD_LIBRARY_PATH', '/home/goln/microros_ws/install/micro_ros_agent/lib:/home/goln/microros_ws/install/micro_ros_msgs/lib:/home/goln/JetbotRos2_ws/install/pkg_interfaces/lib:/usr/lib/x86_64-linux-gnu/gazebo-11/plugins:/opt/ros/humble/opt/rviz_ogre_vendor/lib:/opt/ros/humble/lib/x86_64-linux-gnu:/opt/ros/humble/lib'), ('HOME', '/home/goln'), ('CHROME_DESKTOP', 'antigravity.desktop'), ('DESKTOP_SESSION', 'ubuntu-xorg'), ('VSCODE_IPC_HOOK', '/run/user/1000/vscode-fd0059ab-1.10-main.sock'), ('GIO_LAUNCHED_DESKTOP_FILE', '/usr/share/applications/antigravity.desktop'), ('ROS_PYTHON_VERSION', '3'), ('GNOME_SHELL_SESSION_MODE', 'ubuntu'), ('GTK_MODULES', 'gail:atk-bridge'), ('PAGER', 'cat'), ('LC_MONETARY', 'vi_VN'), ('MANAGERPID', '1186'), ('SYSTEMD_EXEC_PID', '1614'), ('DBUS_SESSION_BUS_ADDRESS', 'unix:path=/run/user/1000/bus'), ('ANTIGRAVITY_AGENT', '1'), ('GIO_LAUNCHED_DESKTOP_FILE_PID', '3280'), ('IM_CONFIG_PHASE', '1'), ('COLCON_PREFIX_PATH', '/home/goln/microros_ws/install:/home/goln/JetbotRos2_ws/install'), ('ROS_DISTRO', 'humble'), ('GTK_IM_MODULE', 'fcitx'), ('LOGNAME', 'goln'), ('_', '/usr/bin/colcon'), ('JOURNAL_STREAM', '8:6129'), ('ROS_VERSION', '2'), ('XDG_SESSION_CLASS', 'user'), ('USERNAME', 'goln'), ('TERM', 'dumb'), ('GNOME_DESKTOP_SESSION_ID', 'this-is-deprecated'), ('FC_FONTATIONS', '1'), ('ROS_LOCALHOST_ONLY', '0'), ('WINDOWPATH', '2'), ('ANTIGRAVITY_EDITOR_APP_ROOT', '/usr/share/antigravity/resources/app'), ('PATH', '/home/goln/.local/bin:/opt/ros/humble/bin:/home/goln/.local/bin:/usr/local/sbin:/usr/local/bin:/usr/sbin:/usr/bin:/sbin:/bin:/usr/games:/usr/local/games:/snap/bin:/snap/bin'), ('SESSION_MANAGER', 'local/goln-Nitro-AN515-57:@/tmp/.ICE-unix/1579,unix/goln-Nitro-AN515-57:/tmp/.ICE-unix/1579'), ('INVOCATION_ID', '6392b5cff2f144cb8eceb29f01c334aa'), ('XDG_MENU_PREFIX', 'gnome-'), ('LC_ADDRESS', 'vi_VN'), ('XDG_RUNTIME_DIR', '/run/user/1000'), ('GDK_BACKEND', 'x11'), ('DISPLAY', ':0'), ('LANG', 'en_US.UTF-8'), ('XDG_CURRENT_DESKTOP', 'ubuntu:GNOME'), ('LC_TELEPHONE', 'vi_VN'), ('XMODIFIERS', '@im=fcitx'), ('XDG_SESSION_DESKTOP', 'ubuntu-xorg'), ('XAUTHORITY', '/run/user/1000/gdm/Xauthority'), ('LS_COLORS', ''), ('SSH_AGENT_LAUNCHER', 'gnome-keyring'), ('SSH_AUTH_SOCK', '/run/user/1000/keyring/ssh'), ('AMENT_PREFIX_PATH', '/home/goln/microros_ws/install/micro_ros_setup:/home/goln/microros_ws/install/micro_ros_agent:/home/goln/microros_ws/install/micro_ros_msgs:/home/goln/JetbotRos2_ws/install/yolo_demo:/home/goln/JetbotRos2_ws/install/pkg_param:/home/goln/JetbotRos2_ws/install/pkg_action:/home/goln/JetbotRos2_ws/install/pkg_interfaces:/home/goln/JetbotRos2_ws/install/myrobot:/home/goln/JetbotRos2_ws/install/learn_launch:/opt/ros/humble'), ('SHELL', '/bin/bash'), ('LC_NAME', 'vi_VN'), ('QT_ACCESSIBILITY', '1'), ('GDMSESSION', 'ubuntu-xorg'), ('LESSCLOSE', '/usr/bin/lesspipe %s %s'), ('LC_MEASUREMENT', 'vi_VN'), ('GPG_AGENT_INFO', '/run/user/1000/gnupg/S.gpg-agent:0:1'), ('GJS_DEBUG_OUTPUT', 'stderr'), ('LC_IDENTIFICATION', 'vi_VN'), ('QT_IM_MODULE', 'fcitx'), ('ANTIGRAVITY_TRAJECTORY_ID', '22b3ce62-c61e-457e-9ffc-a0bf14bce327'), ('PWD', '/home/goln/SimpleSysIDV/ros2_ws/build_user/avs_perception'), ('XDG_CONFIG_DIRS', '/etc/xdg/xdg-ubuntu-xorg:/etc/xdg'), ('VSCODE_CODE_CACHE_PATH', '/home/goln/.config/Antigravity/CachedData/15487b3041e65228cae24980a3f796c905ef582c'), ('CLUTTER_IM_MODULE', 'fcitx'), ('XDG_DATA_DIRS', '/usr/share/ubuntu-xorg:/usr/share/gnome:/usr/local/share/:/usr/share/:/var/lib/snapd/desktop'), ('PYTHONPATH', '/home/goln/microros_ws/install/micro_ros_msgs/local/lib/python3.10/dist-packages:/home/goln/JetbotRos2_ws/install/yolo_demo/lib/python3.10/site-packages:/home/goln/JetbotRos2_ws/install/pkg_param/lib/python3.10/site-packages:/home/goln/JetbotRos2_ws/install/pkg_action/lib/python3.10/site-packages:/home/goln/JetbotRos2_ws/install/pkg_interfaces/local/lib/python3.10/dist-packages:/home/goln/JetbotRos2_ws/install/learn_launch/lib/python3.10/site-packages:/opt/ros/humble/lib/python3.10/site-packages:/opt/ros/humble/local/lib/python3.10/dist-packages'), ('LC_NUMERIC', 'vi_VN'), ('LC_PAPER', 'vi_VN'), ('COLCON', '1'), ('CMAKE_PREFIX_PATH', '/home/goln/microros_ws/install/micro_ros_setup:/home/goln/microros_ws/install/micro_ros_agent:/home/goln/microros_ws/install/micro_ros_msgs:/home/goln/JetbotRos2_ws/install/pkg_interfaces:/home/goln/JetbotRos2_ws/install/myrobot:/home/goln/JetbotRos2_ws/install/yolo_demo:/home/goln/JetbotRos2_ws/install/pkg_param:/home/goln/JetbotRos2_ws/install/pkg_action:/home/goln/JetbotRos2_ws/install/learn_launch:/opt/ros/humble'), ('VSCODE_PID', '3280')]), 'shell': False}
[14.560405] (avs_perception) StdoutLine: {'line': b'-- Install configuration: "Release"\n'}
[14.560965] (avs_perception) StdoutLine: {'line': b'-- Execute custom install script\n'}
[14.561529] (avs_perception) StdoutLine: {'line': b'-- Up-to-date symlink: /home/goln/SimpleSysIDV/ros2_ws/install_user/avs_perception/lib/avs_perception/libyolo26_seg_lib.a\n'}
[14.561752] (avs_perception) StdoutLine: {'line': b'-- Up-to-date symlink: /home/goln/SimpleSysIDV/ros2_ws/install_user/avs_perception/lib/avs_perception/ncnn_inference_node\n'}
[14.561977] (avs_perception) StdoutLine: {'line': b'-- Up-to-date symlink: /home/goln/SimpleSysIDV/ros2_ws/install_user/avs_perception/lib/avs_perception/video_test_node\n'}
[14.562188] (avs_perception) StdoutLine: {'line': b'-- Up-to-date symlink: /home/goln/SimpleSysIDV/ros2_ws/install_user/avs_perception/lib/avs_perception/video_publisher_node\n'}
[14.562428] (avs_perception) StdoutLine: {'line': b'-- Up-to-date symlink: /home/goln/SimpleSysIDV/ros2_ws/install_user/avs_perception/lib/avs_perception/ipm_transform_node\n'}
[14.562652] (avs_perception) StdoutLine: {'line': b'-- Up-to-date symlink: /home/goln/SimpleSysIDV/ros2_ws/install_user/avs_perception/lib/avs_perception/control_node\n'}
[14.563062] (avs_perception) StdoutLine: {'line': b'-- Up-to-date symlink: /home/goln/SimpleSysIDV/ros2_ws/install_user/avs_perception/share/avs_perception/launch/perception.launch.py\n'}
[14.563284] (avs_perception) StdoutLine: {'line': b'-- Up-to-date symlink: /home/goln/SimpleSysIDV/ros2_ws/install_user/avs_perception/share/ament_index/resource_index/package_run_dependencies/avs_perception\n'}
[14.563517] (avs_perception) StdoutLine: {'line': b'-- Up-to-date symlink: /home/goln/SimpleSysIDV/ros2_ws/install_user/avs_perception/share/ament_index/resource_index/parent_prefix_path/avs_perception\n'}
[14.563744] (avs_perception) StdoutLine: {'line': b'-- Up-to-date symlink: /home/goln/SimpleSysIDV/ros2_ws/install_user/avs_perception/share/avs_perception/environment/ament_prefix_path.sh\n'}
[14.563958] (avs_perception) StdoutLine: {'line': b'-- Up-to-date symlink: /home/goln/SimpleSysIDV/ros2_ws/install_user/avs_perception/share/avs_perception/environment/ament_prefix_path.dsv\n'}
[14.564175] (avs_perception) StdoutLine: {'line': b'-- Up-to-date symlink: /home/goln/SimpleSysIDV/ros2_ws/install_user/avs_perception/share/avs_perception/environment/path.sh\n'}
[14.564395] (avs_perception) StdoutLine: {'line': b'-- Up-to-date symlink: /home/goln/SimpleSysIDV/ros2_ws/install_user/avs_perception/share/avs_perception/environment/path.dsv\n'}
[14.564606] (avs_perception) StdoutLine: {'line': b'-- Up-to-date symlink: /home/goln/SimpleSysIDV/ros2_ws/install_user/avs_perception/share/avs_perception/local_setup.bash\n'}
[14.564814] (avs_perception) StdoutLine: {'line': b'-- Up-to-date symlink: /home/goln/SimpleSysIDV/ros2_ws/install_user/avs_perception/share/avs_perception/local_setup.sh\n'}
[14.565016] (avs_perception) StdoutLine: {'line': b'-- Up-to-date symlink: /home/goln/SimpleSysIDV/ros2_ws/install_user/avs_perception/share/avs_perception/local_setup.zsh\n'}
[14.565221] (avs_perception) StdoutLine: {'line': b'-- Up-to-date symlink: /home/goln/SimpleSysIDV/ros2_ws/install_user/avs_perception/share/avs_perception/local_setup.dsv\n'}
[14.565278] (avs_perception) StdoutLine: {'line': b'-- Symlinking: /home/goln/SimpleSysIDV/ros2_ws/install_user/avs_perception/share/avs_perception/package.dsv\n'}
[14.573096] (avs_perception) StdoutLine: {'line': b'-- Up-to-date symlink: /home/goln/SimpleSysIDV/ros2_ws/install_user/avs_perception/share/ament_index/resource_index/packages/avs_perception\n'}
[14.573287] (avs_perception) StdoutLine: {'line': b'-- Up-to-date symlink: /home/goln/SimpleSysIDV/ros2_ws/install_user/avs_perception/share/avs_perception/cmake/avs_perceptionConfig.cmake\n'}
[14.573519] (avs_perception) StdoutLine: {'line': b'-- Up-to-date symlink: /home/goln/SimpleSysIDV/ros2_ws/install_user/avs_perception/share/avs_perception/cmake/avs_perceptionConfig-version.cmake\n'}
[14.573837] (avs_perception) StdoutLine: {'line': b'-- Up-to-date symlink: /home/goln/SimpleSysIDV/ros2_ws/install_user/avs_perception/share/avs_perception/package.xml\n'}
[14.575551] (avs_perception) CommandEnded: {'returncode': 0}
[14.593471] (avs_perception) JobEnded: {'identifier': 'avs_perception', 'rc': 0}
[14.594124] (-) EventReactorShutdown: {}
